[0.940s] Invoking command in '/home/user/ros2_ws/src/wall_follower': PYTHONPATH=/home/user/ros2_ws/install/wall_follower/lib/python3.8/site-packages:${PYTHONPATH} _=/usr/bin/env /usr/bin/python3 setup.py egg_info --egg-base ../../build/wall_follower build --build-base /home/user/ros2_ws/build/wall_follower/build install --prefix /home/user/ros2_ws/install/wall_follower --record /home/user/ros2_ws/build/wall_follower/install.log --single-version-externally-managed
[1.594s] running egg_info
[1.633s] writing ../../build/wall_follower/wall_follower.egg-info/PKG-INFO
[1.633s] writing dependency_links to ../../build/wall_follower/wall_follower.egg-info/dependency_links.txt
[1.633s] writing entry points to ../../build/wall_follower/wall_follower.egg-info/entry_points.txt
[1.634s] writing requirements to ../../build/wall_follower/wall_follower.egg-info/requires.txt
[1.634s] writing top-level names to ../../build/wall_follower/wall_follower.egg-info/top_level.txt
[1.733s] reading manifest file '../../build/wall_follower/wall_follower.egg-info/SOURCES.txt'
[1.735s] writing manifest file '../../build/wall_follower/wall_follower.egg-info/SOURCES.txt'
[1.735s] running build
[1.735s] running build_py
[1.735s] copying wall_follower/wall_following.py -> /home/user/ros2_ws/build/wall_follower/build/lib/wall_follower
[1.736s] running install
[1.737s] running install_lib
[1.738s] copying /home/user/ros2_ws/build/wall_follower/build/lib/wall_follower/wall_following.py -> /home/user/ros2_ws/install/wall_follower/lib/python3.8/site-packages/wall_follower
[1.738s] byte-compiling /home/user/ros2_ws/install/wall_follower/lib/python3.8/site-packages/wall_follower/wall_following.py to wall_following.cpython-38.pyc
[1.740s] running install_data
[1.741s] running install_egg_info
[1.743s] removing '/home/user/ros2_ws/install/wall_follower/lib/python3.8/site-packages/wall_follower-0.0.0-py3.8.egg-info' (and everything under it)
[1.743s] Copying ../../build/wall_follower/wall_follower.egg-info to /home/user/ros2_ws/install/wall_follower/lib/python3.8/site-packages/wall_follower-0.0.0-py3.8.egg-info
[1.744s] running install_scripts
[1.764s] Installing odom_recorder script to /home/user/ros2_ws/install/wall_follower/lib/wall_follower
[1.764s] Installing wall_finder script to /home/user/ros2_ws/install/wall_follower/lib/wall_follower
[1.764s] Installing wall_following script to /home/user/ros2_ws/install/wall_follower/lib/wall_follower
[1.765s] writing list of installed files to '/home/user/ros2_ws/build/wall_follower/install.log'
[1.787s] Invoked command in '/home/user/ros2_ws/src/wall_follower' returned '0': PYTHONPATH=/home/user/ros2_ws/install/wall_follower/lib/python3.8/site-packages:${PYTHONPATH} _=/usr/bin/env /usr/bin/python3 setup.py egg_info --egg-base ../../build/wall_follower build --build-base /home/user/ros2_ws/build/wall_follower/build install --prefix /home/user/ros2_ws/install/wall_follower --record /home/user/ros2_ws/build/wall_follower/install.log --single-version-externally-managed
