[0.081s] Invoking command in '/home/user/simulation_ws/build/turtlebot3_description': CMAKE_PREFIX_PATH=${CMAKE_PREFIX_PATH}:/home/user/simulation_ws/install/turtlebot3_teleop:/home/user/simulation_ws/install/turtlebot3_example:/opt/ros/foxy _=/usr/bin/env /usr/bin/cmake --build /home/user/simulation_ws/build/turtlebot3_description -- -j8 -l8
[0.812s] Invoked command in '/home/user/simulation_ws/build/turtlebot3_description' returned '0': CMAKE_PREFIX_PATH=${CMAKE_PREFIX_PATH}:/home/user/simulation_ws/install/turtlebot3_teleop:/home/user/simulation_ws/install/turtlebot3_example:/opt/ros/foxy _=/usr/bin/env /usr/bin/cmake --build /home/user/simulation_ws/build/turtlebot3_description -- -j8 -l8
[1.029s] Invoking command in '/home/user/simulation_ws/build/turtlebot3_description': CMAKE_PREFIX_PATH=${CMAKE_PREFIX_PATH}:/home/user/simulation_ws/install/turtlebot3_teleop:/home/user/simulation_ws/install/turtlebot3_example:/opt/ros/foxy _=/usr/bin/env /usr/bin/cmake --install /home/user/simulation_ws/build/turtlebot3_description
[1.084s] -- Install configuration: ""
[1.084s] -- Up-to-date: /home/user/simulation_ws/install/turtlebot3_description/share/turtlebot3_description/meshes
[1.085s] -- Up-to-date: /home/user/simulation_ws/install/turtlebot3_description/share/turtlebot3_description/meshes/sensors
[1.085s] -- Up-to-date: /home/user/simulation_ws/install/turtlebot3_description/share/turtlebot3_description/meshes/sensors/r200.jpg
[1.086s] -- Up-to-date: /home/user/simulation_ws/install/turtlebot3_description/share/turtlebot3_description/meshes/sensors/r200.dae
[1.086s] -- Up-to-date: /home/user/simulation_ws/install/turtlebot3_description/share/turtlebot3_description/meshes/sensors/astra.jpg
[1.087s] -- Up-to-date: /home/user/simulation_ws/install/turtlebot3_description/share/turtlebot3_description/meshes/sensors/astra.dae
[1.087s] -- Up-to-date: /home/user/simulation_ws/install/turtlebot3_description/share/turtlebot3_description/meshes/sensors/lds.stl
[1.088s] -- Up-to-date: /home/user/simulation_ws/install/turtlebot3_description/share/turtlebot3_description/meshes/wheels
[1.088s] -- Up-to-date: /home/user/simulation_ws/install/turtlebot3_description/share/turtlebot3_description/meshes/wheels/right_tire.stl
[1.088s] -- Up-to-date: /home/user/simulation_ws/install/turtlebot3_description/share/turtlebot3_description/meshes/wheels/left_tire.stl
[1.088s] -- Up-to-date: /home/user/simulation_ws/install/turtlebot3_description/share/turtlebot3_description/meshes/bases
[1.089s] -- Up-to-date: /home/user/simulation_ws/install/turtlebot3_description/share/turtlebot3_description/meshes/bases/waffle_base.stl
[1.089s] -- Up-to-date: /home/user/simulation_ws/install/turtlebot3_description/share/turtlebot3_description/meshes/bases/burger_base.stl
[1.089s] -- Up-to-date: /home/user/simulation_ws/install/turtlebot3_description/share/turtlebot3_description/meshes/bases/waffle_pi_base.stl
[1.089s] -- Up-to-date: /home/user/simulation_ws/install/turtlebot3_description/share/turtlebot3_description/rviz
[1.089s] -- Up-to-date: /home/user/simulation_ws/install/turtlebot3_description/share/turtlebot3_description/rviz/model.rviz
[1.090s] -- Up-to-date: /home/user/simulation_ws/install/turtlebot3_description/share/turtlebot3_description/urdf
[1.090s] -- Up-to-date: /home/user/simulation_ws/install/turtlebot3_description/share/turtlebot3_description/urdf/turtlebot3_waffle.urdf
[1.090s] -- Up-to-date: /home/user/simulation_ws/install/turtlebot3_description/share/turtlebot3_description/urdf/turtlebot3_waffle_pi.urdf
[1.090s] -- Up-to-date: /home/user/simulation_ws/install/turtlebot3_description/share/turtlebot3_description/urdf/common_properties.urdf
[1.090s] -- Up-to-date: /home/user/simulation_ws/install/turtlebot3_description/share/turtlebot3_description/urdf/turtlebot3_burger.urdf
[1.090s] -- Up-to-date: /home/user/simulation_ws/install/turtlebot3_description/share/ament_index/resource_index/package_run_dependencies/turtlebot3_description
[1.091s] -- Up-to-date: /home/user/simulation_ws/install/turtlebot3_description/share/ament_index/resource_index/parent_prefix_path/turtlebot3_description
[1.091s] -- Up-to-date: /home/user/simulation_ws/install/turtlebot3_description/share/turtlebot3_description/environment/ament_prefix_path.sh
[1.091s] -- Up-to-date: /home/user/simulation_ws/install/turtlebot3_description/share/turtlebot3_description/environment/ament_prefix_path.dsv
[1.091s] -- Up-to-date: /home/user/simulation_ws/install/turtlebot3_description/share/turtlebot3_description/environment/path.sh
[1.091s] -- Up-to-date: /home/user/simulation_ws/install/turtlebot3_description/share/turtlebot3_description/environment/path.dsv
[1.091s] -- Up-to-date: /home/user/simulation_ws/install/turtlebot3_description/share/turtlebot3_description/local_setup.bash
[1.092s] -- Up-to-date: /home/user/simulation_ws/install/turtlebot3_description/share/turtlebot3_description/local_setup.sh
[1.093s] -- Up-to-date: /home/user/simulation_ws/install/turtlebot3_description/share/turtlebot3_description/local_setup.zsh
[1.093s] -- Up-to-date: /home/user/simulation_ws/install/turtlebot3_description/share/turtlebot3_description/local_setup.dsv
[1.093s] -- Installing: /home/user/simulation_ws/install/turtlebot3_description/share/turtlebot3_description/package.dsv
[1.093s] -- Up-to-date: /home/user/simulation_ws/install/turtlebot3_description/share/ament_index/resource_index/packages/turtlebot3_description
[1.093s] -- Up-to-date: /home/user/simulation_ws/install/turtlebot3_description/share/turtlebot3_description/cmake/turtlebot3_descriptionConfig.cmake
[1.093s] -- Up-to-date: /home/user/simulation_ws/install/turtlebot3_description/share/turtlebot3_description/cmake/turtlebot3_descriptionConfig-version.cmake
[1.094s] -- Up-to-date: /home/user/simulation_ws/install/turtlebot3_description/share/turtlebot3_description/package.xml
[1.190s] Invoked command in '/home/user/simulation_ws/build/turtlebot3_description' returned '0': CMAKE_PREFIX_PATH=${CMAKE_PREFIX_PATH}:/home/user/simulation_ws/install/turtlebot3_teleop:/home/user/simulation_ws/install/turtlebot3_example:/opt/ros/foxy _=/usr/bin/env /usr/bin/cmake --install /home/user/simulation_ws/build/turtlebot3_description
