[0.508s] Invoking command in '/home/user/ros2_ws/src/wall_follower': PYTHONPATH=/home/user/ros2_ws/install/wall_follower/lib/python3.8/site-packages:${PYTHONPATH} _=/usr/bin/env /usr/bin/python3 setup.py egg_info --egg-base ../../build/wall_follower build --build-base /home/user/ros2_ws/build/wall_follower/build install --prefix /home/user/ros2_ws/install/wall_follower --record /home/user/ros2_ws/build/wall_follower/install.log --single-version-externally-managed
[0.844s] running egg_info
[0.844s] writing ../../build/wall_follower/wall_follower.egg-info/PKG-INFO
[0.844s] writing dependency_links to ../../build/wall_follower/wall_follower.egg-info/dependency_links.txt
[0.844s] writing entry points to ../../build/wall_follower/wall_follower.egg-info/entry_points.txt
[0.844s] writing requirements to ../../build/wall_follower/wall_follower.egg-info/requires.txt
[0.845s] writing top-level names to ../../build/wall_follower/wall_follower.egg-info/top_level.txt
[0.885s] reading manifest file '../../build/wall_follower/wall_follower.egg-info/SOURCES.txt'
[0.888s] writing manifest file '../../build/wall_follower/wall_follower.egg-info/SOURCES.txt'
[0.888s] running build
[0.888s] running build_py
[0.888s] copying wall_follower/wall_following.py -> /home/user/ros2_ws/build/wall_follower/build/lib/wall_follower
[0.888s] running install
[0.889s] running install_lib
[0.890s] copying /home/user/ros2_ws/build/wall_follower/build/lib/wall_follower/wall_following.py -> /home/user/ros2_ws/install/wall_follower/lib/python3.8/site-packages/wall_follower
[0.890s] byte-compiling /home/user/ros2_ws/install/wall_follower/lib/python3.8/site-packages/wall_follower/wall_following.py to wall_following.cpython-38.pyc
[0.891s] running install_data
[0.892s] running install_egg_info
[0.894s] removing '/home/user/ros2_ws/install/wall_follower/lib/python3.8/site-packages/wall_follower-0.0.0-py3.8.egg-info' (and everything under it)
[0.894s] Copying ../../build/wall_follower/wall_follower.egg-info to /home/user/ros2_ws/install/wall_follower/lib/python3.8/site-packages/wall_follower-0.0.0-py3.8.egg-info
[0.895s] running install_scripts
[0.914s] Installing odom_recorder script to /home/user/ros2_ws/install/wall_follower/lib/wall_follower
[0.915s] Installing wall_finder script to /home/user/ros2_ws/install/wall_follower/lib/wall_follower
[0.916s] Installing wall_following script to /home/user/ros2_ws/install/wall_follower/lib/wall_follower
[0.916s] writing list of installed files to '/home/user/ros2_ws/build/wall_follower/install.log'
[0.942s] Invoked command in '/home/user/ros2_ws/src/wall_follower' returned '0': PYTHONPATH=/home/user/ros2_ws/install/wall_follower/lib/python3.8/site-packages:${PYTHONPATH} _=/usr/bin/env /usr/bin/python3 setup.py egg_info --egg-base ../../build/wall_follower build --build-base /home/user/ros2_ws/build/wall_follower/build install --prefix /home/user/ros2_ws/install/wall_follower --record /home/user/ros2_ws/build/wall_follower/install.log --single-version-externally-managed
