[0.553s] Invoking command in '/home/user/simulation_ws/src/turtlebot3/turtlebot3_teleop': PYTHONPATH=/home/user/install/turtlebot3_teleop/lib/python3.8/site-packages:${PYTHONPATH} _=/usr/bin/env /usr/bin/python3 setup.py egg_info --egg-base ../../../../build/turtlebot3_teleop build --build-base /home/user/build/turtlebot3_teleop/build install --prefix /home/user/install/turtlebot3_teleop --record /home/user/build/turtlebot3_teleop/install.log --single-version-externally-managed
[5.249s] running egg_info
[5.249s] creating ../../../../build/turtlebot3_teleop/turtlebot3_teleop.egg-info
[5.249s] writing ../../../../build/turtlebot3_teleop/turtlebot3_teleop.egg-info/PKG-INFO
[5.249s] writing dependency_links to ../../../../build/turtlebot3_teleop/turtlebot3_teleop.egg-info/dependency_links.txt
[5.249s] writing entry points to ../../../../build/turtlebot3_teleop/turtlebot3_teleop.egg-info/entry_points.txt
[5.249s] writing requirements to ../../../../build/turtlebot3_teleop/turtlebot3_teleop.egg-info/requires.txt
[5.250s] writing top-level names to ../../../../build/turtlebot3_teleop/turtlebot3_teleop.egg-info/top_level.txt
[5.250s] writing manifest file '../../../../build/turtlebot3_teleop/turtlebot3_teleop.egg-info/SOURCES.txt'
[5.250s] reading manifest file '../../../../build/turtlebot3_teleop/turtlebot3_teleop.egg-info/SOURCES.txt'
[5.250s] writing manifest file '../../../../build/turtlebot3_teleop/turtlebot3_teleop.egg-info/SOURCES.txt'
[5.250s] running build
[5.250s] running build_py
[5.250s] creating /home/user/build/turtlebot3_teleop/build
[5.250s] creating /home/user/build/turtlebot3_teleop/build/lib
[5.250s] creating /home/user/build/turtlebot3_teleop/build/lib/turtlebot3_teleop
[5.250s] copying turtlebot3_teleop/__init__.py -> /home/user/build/turtlebot3_teleop/build/lib/turtlebot3_teleop
[5.250s] creating /home/user/build/turtlebot3_teleop/build/lib/turtlebot3_teleop/script
[5.250s] copying turtlebot3_teleop/script/teleop_keyboard.py -> /home/user/build/turtlebot3_teleop/build/lib/turtlebot3_teleop/script
[5.250s] copying turtlebot3_teleop/script/__init__.py -> /home/user/build/turtlebot3_teleop/build/lib/turtlebot3_teleop/script
[5.250s] running install
[5.251s] running install_lib
[5.251s] creating /home/user/install/turtlebot3_teleop/lib/python3.8/site-packages/turtlebot3_teleop
[5.251s] creating /home/user/install/turtlebot3_teleop/lib/python3.8/site-packages/turtlebot3_teleop/script
[5.251s] copying /home/user/build/turtlebot3_teleop/build/lib/turtlebot3_teleop/script/teleop_keyboard.py -> /home/user/install/turtlebot3_teleop/lib/python3.8/site-packages/turtlebot3_teleop/script
[5.251s] copying /home/user/build/turtlebot3_teleop/build/lib/turtlebot3_teleop/script/__init__.py -> /home/user/install/turtlebot3_teleop/lib/python3.8/site-packages/turtlebot3_teleop/script
[5.251s] copying /home/user/build/turtlebot3_teleop/build/lib/turtlebot3_teleop/__init__.py -> /home/user/install/turtlebot3_teleop/lib/python3.8/site-packages/turtlebot3_teleop
[5.251s] byte-compiling /home/user/install/turtlebot3_teleop/lib/python3.8/site-packages/turtlebot3_teleop/script/teleop_keyboard.py to teleop_keyboard.cpython-38.pyc
[5.251s] byte-compiling /home/user/install/turtlebot3_teleop/lib/python3.8/site-packages/turtlebot3_teleop/script/__init__.py to __init__.cpython-38.pyc
[5.251s] byte-compiling /home/user/install/turtlebot3_teleop/lib/python3.8/site-packages/turtlebot3_teleop/__init__.py to __init__.cpython-38.pyc
[5.251s] running install_data
[5.251s] creating /home/user/install/turtlebot3_teleop/share/ament_index
[5.252s] creating /home/user/install/turtlebot3_teleop/share/ament_index/resource_index
[5.252s] creating /home/user/install/turtlebot3_teleop/share/ament_index/resource_index/packages
[5.252s] copying resource/turtlebot3_teleop -> /home/user/install/turtlebot3_teleop/share/ament_index/resource_index/packages
[5.252s] copying package.xml -> /home/user/install/turtlebot3_teleop/share/turtlebot3_teleop
[5.252s] running install_egg_info
[5.252s] Copying ../../../../build/turtlebot3_teleop/turtlebot3_teleop.egg-info to /home/user/install/turtlebot3_teleop/lib/python3.8/site-packages/turtlebot3_teleop-2.1.4-py3.8.egg-info
[5.252s] running install_scripts
[5.253s] Installing teleop_keyboard script to /home/user/install/turtlebot3_teleop/lib/turtlebot3_teleop
[5.253s] writing list of installed files to '/home/user/build/turtlebot3_teleop/install.log'
