[0.533s] Invoking command in '/home/user/ros2_ws/src/wall_follower': PYTHONPATH=/home/user/ros2_ws/install/wall_follower/lib/python3.8/site-packages:${PYTHONPATH} _=/usr/bin/env /usr/bin/python3 setup.py egg_info --egg-base ../../build/wall_follower build --build-base /home/user/ros2_ws/build/wall_follower/build install --prefix /home/user/ros2_ws/install/wall_follower --record /home/user/ros2_ws/build/wall_follower/install.log --single-version-externally-managed
[1.001s] running egg_info
[1.001s] writing ../../build/wall_follower/wall_follower.egg-info/PKG-INFO
[1.002s] writing dependency_links to ../../build/wall_follower/wall_follower.egg-info/dependency_links.txt
[1.002s] writing entry points to ../../build/wall_follower/wall_follower.egg-info/entry_points.txt
[1.003s] writing requirements to ../../build/wall_follower/wall_follower.egg-info/requires.txt
[1.003s] writing top-level names to ../../build/wall_follower/wall_follower.egg-info/top_level.txt
[1.073s] reading manifest file '../../build/wall_follower/wall_follower.egg-info/SOURCES.txt'
[1.073s] writing manifest file '../../build/wall_follower/wall_follower.egg-info/SOURCES.txt'
[1.073s] running build
[1.074s] running build_py
[1.074s] copying wall_follower/wall_following.py -> /home/user/ros2_ws/build/wall_follower/build/lib/wall_follower
[1.074s] running install
[1.074s] running install_lib
[1.075s] copying /home/user/ros2_ws/build/wall_follower/build/lib/wall_follower/wall_following.py -> /home/user/ros2_ws/install/wall_follower/lib/python3.8/site-packages/wall_follower
[1.076s] byte-compiling /home/user/ros2_ws/install/wall_follower/lib/python3.8/site-packages/wall_follower/wall_following.py to wall_following.cpython-38.pyc
[1.077s] running install_data
[1.078s] running install_egg_info
[1.081s] removing '/home/user/ros2_ws/install/wall_follower/lib/python3.8/site-packages/wall_follower-0.0.0-py3.8.egg-info' (and everything under it)
[1.081s] Copying ../../build/wall_follower/wall_follower.egg-info to /home/user/ros2_ws/install/wall_follower/lib/python3.8/site-packages/wall_follower-0.0.0-py3.8.egg-info
[1.082s] running install_scripts
[1.110s] Installing odom_recorder script to /home/user/ros2_ws/install/wall_follower/lib/wall_follower
[1.110s] Installing wall_finder script to /home/user/ros2_ws/install/wall_follower/lib/wall_follower
[1.110s] Installing wall_following script to /home/user/ros2_ws/install/wall_follower/lib/wall_follower
[1.110s] writing list of installed files to '/home/user/ros2_ws/build/wall_follower/install.log'
[1.144s] Invoked command in '/home/user/ros2_ws/src/wall_follower' returned '0': PYTHONPATH=/home/user/ros2_ws/install/wall_follower/lib/python3.8/site-packages:${PYTHONPATH} _=/usr/bin/env /usr/bin/python3 setup.py egg_info --egg-base ../../build/wall_follower build --build-base /home/user/ros2_ws/build/wall_follower/build install --prefix /home/user/ros2_ws/install/wall_follower --record /home/user/ros2_ws/build/wall_follower/install.log --single-version-externally-managed
