[0.848s] Invoking command in '/home/user/ros2_ws/src/wall_follower': PYTHONPATH=/home/user/ros2_ws/install/wall_follower/lib/python3.8/site-packages:${PYTHONPATH} _=/usr/bin/env /usr/bin/python3 setup.py egg_info --egg-base ../../build/wall_follower build --build-base /home/user/ros2_ws/build/wall_follower/build install --prefix /home/user/ros2_ws/install/wall_follower --record /home/user/ros2_ws/build/wall_follower/install.log --single-version-externally-managed
[1.437s] running egg_info
[1.437s] writing ../../build/wall_follower/wall_follower.egg-info/PKG-INFO
[1.438s] writing dependency_links to ../../build/wall_follower/wall_follower.egg-info/dependency_links.txt
[1.438s] writing entry points to ../../build/wall_follower/wall_follower.egg-info/entry_points.txt
[1.438s] writing requirements to ../../build/wall_follower/wall_follower.egg-info/requires.txt
[1.438s] writing top-level names to ../../build/wall_follower/wall_follower.egg-info/top_level.txt
[1.528s] reading manifest file '../../build/wall_follower/wall_follower.egg-info/SOURCES.txt'
[1.530s] writing manifest file '../../build/wall_follower/wall_follower.egg-info/SOURCES.txt'
[1.530s] running build
[1.530s] running build_py
[1.530s] copying wall_follower/odom_recorder.py -> /home/user/ros2_ws/build/wall_follower/build/lib/wall_follower
[1.530s] copying wall_follower/wall_following.py -> /home/user/ros2_ws/build/wall_follower/build/lib/wall_follower
[1.532s] running install
[1.533s] running install_lib
[1.534s] copying /home/user/ros2_ws/build/wall_follower/build/lib/wall_follower/odom_recorder.py -> /home/user/ros2_ws/install/wall_follower/lib/python3.8/site-packages/wall_follower
[1.535s] copying /home/user/ros2_ws/build/wall_follower/build/lib/wall_follower/wall_following.py -> /home/user/ros2_ws/install/wall_follower/lib/python3.8/site-packages/wall_follower
[1.535s] byte-compiling /home/user/ros2_ws/install/wall_follower/lib/python3.8/site-packages/wall_follower/odom_recorder.py to odom_recorder.cpython-38.pyc
[1.537s] byte-compiling /home/user/ros2_ws/install/wall_follower/lib/python3.8/site-packages/wall_follower/wall_following.py to wall_following.cpython-38.pyc
[1.539s] running install_data
[1.540s] running install_egg_info
[1.542s] removing '/home/user/ros2_ws/install/wall_follower/lib/python3.8/site-packages/wall_follower-0.0.0-py3.8.egg-info' (and everything under it)
[1.543s] Copying ../../build/wall_follower/wall_follower.egg-info to /home/user/ros2_ws/install/wall_follower/lib/python3.8/site-packages/wall_follower-0.0.0-py3.8.egg-info
[1.544s] running install_scripts
[1.619s] Installing odom_recorder script to /home/user/ros2_ws/install/wall_follower/lib/wall_follower
[1.619s] Installing wall_finder script to /home/user/ros2_ws/install/wall_follower/lib/wall_follower
[1.619s] Installing wall_following script to /home/user/ros2_ws/install/wall_follower/lib/wall_follower
[1.619s] writing list of installed files to '/home/user/ros2_ws/build/wall_follower/install.log'
[1.646s] Invoked command in '/home/user/ros2_ws/src/wall_follower' returned '0': PYTHONPATH=/home/user/ros2_ws/install/wall_follower/lib/python3.8/site-packages:${PYTHONPATH} _=/usr/bin/env /usr/bin/python3 setup.py egg_info --egg-base ../../build/wall_follower build --build-base /home/user/ros2_ws/build/wall_follower/build install --prefix /home/user/ros2_ws/install/wall_follower --record /home/user/ros2_ws/build/wall_follower/install.log --single-version-externally-managed
