[1.152s] Invoking command in '/home/user/ros2_ws/src/wall_follower': PYTHONPATH=/home/user/ros2_ws/install/wall_follower/lib/python3.8/site-packages:${PYTHONPATH} _=/usr/bin/env /usr/bin/python3 setup.py egg_info --egg-base ../../build/wall_follower build --build-base /home/user/ros2_ws/build/wall_follower/build install --prefix /home/user/ros2_ws/install/wall_follower --record /home/user/ros2_ws/build/wall_follower/install.log --single-version-externally-managed
[2.086s] running egg_info
[2.087s] writing ../../build/wall_follower/wall_follower.egg-info/PKG-INFO
[2.087s] writing dependency_links to ../../build/wall_follower/wall_follower.egg-info/dependency_links.txt
[2.089s] writing entry points to ../../build/wall_follower/wall_follower.egg-info/entry_points.txt
[2.089s] writing requirements to ../../build/wall_follower/wall_follower.egg-info/requires.txt
[2.090s] writing top-level names to ../../build/wall_follower/wall_follower.egg-info/top_level.txt
[2.246s] reading manifest file '../../build/wall_follower/wall_follower.egg-info/SOURCES.txt'
[2.248s] writing manifest file '../../build/wall_follower/wall_follower.egg-info/SOURCES.txt'
[2.248s] running build
[2.248s] running build_py
[2.248s] copying wall_follower/odom_recorder.py -> /home/user/ros2_ws/build/wall_follower/build/lib/wall_follower
[2.248s] copying wall_follower/wall_following.py -> /home/user/ros2_ws/build/wall_follower/build/lib/wall_follower
[2.249s] copying wall_follower/wall_finder.py -> /home/user/ros2_ws/build/wall_follower/build/lib/wall_follower
[2.249s] running install
[2.250s] running install_lib
[2.251s] copying /home/user/ros2_ws/build/wall_follower/build/lib/wall_follower/odom_recorder.py -> /home/user/ros2_ws/install/wall_follower/lib/python3.8/site-packages/wall_follower
[2.251s] copying /home/user/ros2_ws/build/wall_follower/build/lib/wall_follower/wall_following.py -> /home/user/ros2_ws/install/wall_follower/lib/python3.8/site-packages/wall_follower
[2.252s] copying /home/user/ros2_ws/build/wall_follower/build/lib/wall_follower/wall_finder.py -> /home/user/ros2_ws/install/wall_follower/lib/python3.8/site-packages/wall_follower
[2.252s] byte-compiling /home/user/ros2_ws/install/wall_follower/lib/python3.8/site-packages/wall_follower/odom_recorder.py to odom_recorder.cpython-38.pyc
[2.254s] byte-compiling /home/user/ros2_ws/install/wall_follower/lib/python3.8/site-packages/wall_follower/wall_following.py to wall_following.cpython-38.pyc
[2.255s] byte-compiling /home/user/ros2_ws/install/wall_follower/lib/python3.8/site-packages/wall_follower/wall_finder.py to wall_finder.cpython-38.pyc
[2.257s] running install_data
[2.258s] copying launch/main.launch.py -> /home/user/ros2_ws/install/wall_follower/share/wall_follower
[2.258s] running install_egg_info
[2.260s] removing '/home/user/ros2_ws/install/wall_follower/lib/python3.8/site-packages/wall_follower-0.0.0-py3.8.egg-info' (and everything under it)
[2.260s] Copying ../../build/wall_follower/wall_follower.egg-info to /home/user/ros2_ws/install/wall_follower/lib/python3.8/site-packages/wall_follower-0.0.0-py3.8.egg-info
[2.263s] running install_scripts
[2.306s] Installing odom_recorder script to /home/user/ros2_ws/install/wall_follower/lib/wall_follower
[2.335s] Installing wall_finder script to /home/user/ros2_ws/install/wall_follower/lib/wall_follower
[2.335s] Installing wall_following script to /home/user/ros2_ws/install/wall_follower/lib/wall_follower
[2.335s] writing list of installed files to '/home/user/ros2_ws/build/wall_follower/install.log'
[2.380s] Invoked command in '/home/user/ros2_ws/src/wall_follower' returned '0': PYTHONPATH=/home/user/ros2_ws/install/wall_follower/lib/python3.8/site-packages:${PYTHONPATH} _=/usr/bin/env /usr/bin/python3 setup.py egg_info --egg-base ../../build/wall_follower build --build-base /home/user/ros2_ws/build/wall_follower/build install --prefix /home/user/ros2_ws/install/wall_follower --record /home/user/ros2_ws/build/wall_follower/install.log --single-version-externally-managed
