[0.106s] Invoking command in '/home/user/build/turtlebot3_msgs': CMAKE_PREFIX_PATH=${CMAKE_PREFIX_PATH}:/home/user/ros2_ws/install/wall_follower:/opt/ros/foxy _=/usr/bin/env /usr/bin/cmake /home/user/simulation_ws/src/turtlebot3_msgs -DCMAKE_INSTALL_PREFIX=/home/user/install/turtlebot3_msgs
[0.980s] -- The C compiler identification is GNU 9.3.0
[1.309s] -- The CXX compiler identification is GNU 9.3.0
[1.377s] -- Check for working C compiler: /usr/bin/cc
[1.808s] -- Check for working C compiler: /usr/bin/cc -- works
[1.809s] -- Detecting C compiler ABI info
[2.197s] -- Detecting C compiler ABI info - done
[2.264s] -- Detecting C compile features
[2.265s] -- Detecting C compile features - done
[2.278s] -- Check for working CXX compiler: /usr/bin/c++
[2.714s] -- Check for working CXX compiler: /usr/bin/c++ -- works
[2.715s] -- Detecting CXX compiler ABI info
[3.173s] -- Detecting CXX compiler ABI info - done
[3.220s] -- Detecting CXX compile features
[3.222s] -- Detecting CXX compile features - done
[3.265s] -- Found action_msgs: 1.0.0 (/opt/ros/foxy/share/action_msgs/cmake)
[3.473s] -- Found PythonInterp: /usr/bin/python3 (found suitable version "3.8.10", minimum required is "3") 
[3.474s] -- Using PYTHON_EXECUTABLE: /usr/bin/python3
[5.293s] -- Using all available rosidl_typesupport_c: rosidl_typesupport_fastrtps_c;rosidl_typesupport_introspection_c
[5.328s] -- Found rosidl_adapter: 1.2.1 (/opt/ros/foxy/share/rosidl_adapter/cmake)
[5.879s] -- Found OpenSSL: /usr/lib/x86_64-linux-gnu/libcrypto.so (found version "1.1.1f")  
[6.002s] -- Found FastRTPS: /opt/ros/foxy/include  
[6.240s] -- Using all available rosidl_typesupport_cpp: rosidl_typesupport_fastrtps_cpp;rosidl_typesupport_introspection_cpp
[6.468s] -- Found rosidl_default_generators: 1.0.1 (/opt/ros/foxy/share/rosidl_default_generators/cmake)
[6.502s] -- Found std_msgs: 2.0.4 (/opt/ros/foxy/share/std_msgs/cmake)
[6.580s] -- Found PythonInterp: /usr/bin/python3 (found version "3.8.10") 
[7.016s] -- Found ament_cmake_cppcheck: 0.9.6 (/opt/ros/foxy/share/ament_cmake_cppcheck/cmake)
[7.024s] -- Found ament_cmake_cpplint: 0.9.6 (/opt/ros/foxy/share/ament_cmake_cpplint/cmake)
[7.031s] -- Found ament_cmake_uncrustify: 0.9.6 (/opt/ros/foxy/share/ament_cmake_uncrustify/cmake)
[7.040s] -- Found ament_cmake_ros: 0.9.2 (/opt/ros/foxy/share/ament_cmake_ros/cmake)
[7.610s] -- Using all available rosidl_typesupport_c: rosidl_typesupport_fastrtps_c;rosidl_typesupport_introspection_c
[7.730s] -- Using all available rosidl_typesupport_cpp: rosidl_typesupport_fastrtps_cpp;rosidl_typesupport_introspection_cpp
[7.768s] -- Found PythonInterp: /usr/bin/python3 (found suitable version "3.8.10", minimum required is "3.5") 
[7.776s] -- Found python_cmake_module: 0.8.1 (/opt/ros/foxy/share/python_cmake_module/cmake)
[7.830s] -- Found PythonLibs: /usr/lib/x86_64-linux-gnu/libpython3.8.so (found suitable version "3.8.10", minimum required is "3.5") 
[7.831s] -- Using PYTHON_EXECUTABLE: /usr/bin/python3
[7.831s] -- Using PYTHON_INCLUDE_DIRS: /usr/include/python3.8
[7.831s] -- Using PYTHON_LIBRARIES: /usr/lib/x86_64-linux-gnu/libpython3.8.so
[7.858s] -- Found PythonExtra: .so  
[8.140s] -- Found ament_cmake_flake8: 0.9.6 (/opt/ros/foxy/share/ament_cmake_flake8/cmake)
[8.144s] -- Found ament_cmake_pep257: 0.9.6 (/opt/ros/foxy/share/ament_cmake_pep257/cmake)
[8.171s] -- Configuring done
[9.103s] -- Generating done
[9.108s] -- Build files have been written to: /home/user/build/turtlebot3_msgs
