[1.088s] Invoking command in '/home/user/ros2_ws/src/wall_follower': PYTHONPATH=/home/user/ros2_ws/install/wall_follower/lib/python3.8/site-packages:${PYTHONPATH} _=/usr/bin/env /usr/bin/python3 setup.py egg_info --egg-base ../../build/wall_follower build --build-base /home/user/ros2_ws/build/wall_follower/build install --prefix /home/user/ros2_ws/install/wall_follower --record /home/user/ros2_ws/build/wall_follower/install.log --single-version-externally-managed
[2.082s] running egg_info
[2.082s] writing ../../build/wall_follower/wall_follower.egg-info/PKG-INFO
[2.083s] writing dependency_links to ../../build/wall_follower/wall_follower.egg-info/dependency_links.txt
[2.083s] writing entry points to ../../build/wall_follower/wall_follower.egg-info/entry_points.txt
[2.083s] writing requirements to ../../build/wall_follower/wall_follower.egg-info/requires.txt
[2.083s] writing top-level names to ../../build/wall_follower/wall_follower.egg-info/top_level.txt
[2.200s] reading manifest file '../../build/wall_follower/wall_follower.egg-info/SOURCES.txt'
[2.205s] writing manifest file '../../build/wall_follower/wall_follower.egg-info/SOURCES.txt'
[2.206s] running build
[2.206s] running build_py
[2.206s] copying wall_follower/wall_following.py -> /home/user/ros2_ws/build/wall_follower/build/lib/wall_follower
[2.206s] running install
[2.206s] running install_lib
[2.206s] copying /home/user/ros2_ws/build/wall_follower/build/lib/wall_follower/wall_following.py -> /home/user/ros2_ws/install/wall_follower/lib/python3.8/site-packages/wall_follower
[2.210s] byte-compiling /home/user/ros2_ws/install/wall_follower/lib/python3.8/site-packages/wall_follower/wall_following.py to wall_following.cpython-38.pyc
[2.210s] running install_data
[2.210s] running install_egg_info
[2.213s] removing '/home/user/ros2_ws/install/wall_follower/lib/python3.8/site-packages/wall_follower-0.0.0-py3.8.egg-info' (and everything under it)
[2.213s] Copying ../../build/wall_follower/wall_follower.egg-info to /home/user/ros2_ws/install/wall_follower/lib/python3.8/site-packages/wall_follower-0.0.0-py3.8.egg-info
[2.215s] running install_scripts
[2.296s] Installing odom_recorder script to /home/user/ros2_ws/install/wall_follower/lib/wall_follower
[2.296s] Installing wall_finder script to /home/user/ros2_ws/install/wall_follower/lib/wall_follower
[2.297s] Installing wall_following script to /home/user/ros2_ws/install/wall_follower/lib/wall_follower
[2.298s] writing list of installed files to '/home/user/ros2_ws/build/wall_follower/install.log'
[2.328s] Invoked command in '/home/user/ros2_ws/src/wall_follower' returned '0': PYTHONPATH=/home/user/ros2_ws/install/wall_follower/lib/python3.8/site-packages:${PYTHONPATH} _=/usr/bin/env /usr/bin/python3 setup.py egg_info --egg-base ../../build/wall_follower build --build-base /home/user/ros2_ws/build/wall_follower/build install --prefix /home/user/ros2_ws/install/wall_follower --record /home/user/ros2_ws/build/wall_follower/install.log --single-version-externally-managed
