[0.469s] Invoking command in '/home/user/ros2_ws/src/wall_follower': PYTHONPATH=/home/user/ros2_ws/install/wall_follower/lib/python3.8/site-packages:${PYTHONPATH} _=/usr/bin/env /usr/bin/python3 setup.py egg_info --egg-base ../../build/wall_follower build --build-base /home/user/ros2_ws/build/wall_follower/build install --prefix /home/user/ros2_ws/install/wall_follower --record /home/user/ros2_ws/build/wall_follower/install.log --single-version-externally-managed
[0.774s] running egg_info
[0.774s] writing ../../build/wall_follower/wall_follower.egg-info/PKG-INFO
[0.774s] writing dependency_links to ../../build/wall_follower/wall_follower.egg-info/dependency_links.txt
[0.774s] writing entry points to ../../build/wall_follower/wall_follower.egg-info/entry_points.txt
[0.774s] writing requirements to ../../build/wall_follower/wall_follower.egg-info/requires.txt
[0.774s] writing top-level names to ../../build/wall_follower/wall_follower.egg-info/top_level.txt
[0.814s] reading manifest file '../../build/wall_follower/wall_follower.egg-info/SOURCES.txt'
[0.815s] writing manifest file '../../build/wall_follower/wall_follower.egg-info/SOURCES.txt'
[0.816s] running build
[0.816s] running build_py
[0.816s] copying wall_follower/wall_following.py -> /home/user/ros2_ws/build/wall_follower/build/lib/wall_follower
[0.816s] running install
[0.817s] running install_lib
[0.818s] copying /home/user/ros2_ws/build/wall_follower/build/lib/wall_follower/wall_following.py -> /home/user/ros2_ws/install/wall_follower/lib/python3.8/site-packages/wall_follower
[0.818s] byte-compiling /home/user/ros2_ws/install/wall_follower/lib/python3.8/site-packages/wall_follower/wall_following.py to wall_following.cpython-38.pyc
[0.820s] running install_data
[0.821s] running install_egg_info
[0.822s] removing '/home/user/ros2_ws/install/wall_follower/lib/python3.8/site-packages/wall_follower-0.0.0-py3.8.egg-info' (and everything under it)
[0.822s] Copying ../../build/wall_follower/wall_follower.egg-info to /home/user/ros2_ws/install/wall_follower/lib/python3.8/site-packages/wall_follower-0.0.0-py3.8.egg-info
[0.823s] running install_scripts
[0.841s] Installing odom_recorder script to /home/user/ros2_ws/install/wall_follower/lib/wall_follower
[0.842s] Installing wall_finder script to /home/user/ros2_ws/install/wall_follower/lib/wall_follower
[0.842s] Installing wall_following script to /home/user/ros2_ws/install/wall_follower/lib/wall_follower
[0.842s] writing list of installed files to '/home/user/ros2_ws/build/wall_follower/install.log'
[0.863s] Invoked command in '/home/user/ros2_ws/src/wall_follower' returned '0': PYTHONPATH=/home/user/ros2_ws/install/wall_follower/lib/python3.8/site-packages:${PYTHONPATH} _=/usr/bin/env /usr/bin/python3 setup.py egg_info --egg-base ../../build/wall_follower build --build-base /home/user/ros2_ws/build/wall_follower/build install --prefix /home/user/ros2_ws/install/wall_follower --record /home/user/ros2_ws/build/wall_follower/install.log --single-version-externally-managed
