[0.075s] Invoking command in '/home/user/ros2_ws/build/custom_interfaces': CMAKE_PREFIX_PATH=${CMAKE_PREFIX_PATH}:/home/user/ros2_ws/install/wall_follower:/opt/ros/foxy _=/usr/bin/env /usr/bin/cmake --build /home/user/ros2_ws/build/custom_interfaces -- -j8 -l8
[0.403s] [  2%] Built target custom_interfaces__cpp
[0.491s] [ 12%] Built target custom_interfaces__rosidl_generator_c
[0.618s] [ 23%] Built target custom_interfaces__rosidl_typesupport_fastrtps_cpp
[0.815s] [ 33%] Built target custom_interfaces__rosidl_typesupport_introspection_c
[0.985s] [ 43%] Built target custom_interfaces__rosidl_typesupport_fastrtps_c
[1.185s] [ 53%] Built target custom_interfaces__rosidl_typesupport_c
[1.272s] [ 64%] Built target custom_interfaces__rosidl_typesupport_introspection_cpp
[1.373s] [ 74%] Built target custom_interfaces__rosidl_typesupport_cpp
[1.408s] [ 74%] Built target custom_interfaces
[1.477s] [ 76%] Built target custom_interfaces__py
[1.531s] [ 84%] Built target custom_interfaces__python
[1.604s] [ 89%] Built target custom_interfaces__rosidl_typesupport_introspection_c__pyext
[1.649s] [ 94%] Built target custom_interfaces__rosidl_typesupport_c__pyext
[1.698s] [100%] Built target custom_interfaces__rosidl_typesupport_fastrtps_c__pyext
[1.718s] Invoked command in '/home/user/ros2_ws/build/custom_interfaces' returned '0': CMAKE_PREFIX_PATH=${CMAKE_PREFIX_PATH}:/home/user/ros2_ws/install/wall_follower:/opt/ros/foxy _=/usr/bin/env /usr/bin/cmake --build /home/user/ros2_ws/build/custom_interfaces -- -j8 -l8
[1.896s] Invoking command in '/home/user/ros2_ws/build/custom_interfaces': CMAKE_PREFIX_PATH=${CMAKE_PREFIX_PATH}:/home/user/ros2_ws/install/wall_follower:/opt/ros/foxy _=/usr/bin/env /usr/bin/cmake --install /home/user/ros2_ws/build/custom_interfaces
[1.907s] -- Install configuration: ""
[1.908s] -- Up-to-date: /home/user/ros2_ws/install/custom_interfaces/share/ament_index/resource_index/rosidl_interfaces/custom_interfaces
[1.908s] -- Up-to-date: /home/user/ros2_ws/install/custom_interfaces/include/custom_interfaces
[1.908s] -- Up-to-date: /home/user/ros2_ws/install/custom_interfaces/include/custom_interfaces/srv
[1.908s] -- Up-to-date: /home/user/ros2_ws/install/custom_interfaces/include/custom_interfaces/srv/detail
[1.908s] -- Up-to-date: /home/user/ros2_ws/install/custom_interfaces/include/custom_interfaces/srv/detail/find_wall__functions.h
[1.908s] -- Up-to-date: /home/user/ros2_ws/install/custom_interfaces/include/custom_interfaces/srv/detail/find_wall__functions.c
[1.909s] -- Up-to-date: /home/user/ros2_ws/install/custom_interfaces/include/custom_interfaces/srv/detail/find_wall__struct.h
[1.909s] -- Up-to-date: /home/user/ros2_ws/install/custom_interfaces/include/custom_interfaces/srv/detail/find_wall__type_support.h
[1.909s] -- Up-to-date: /home/user/ros2_ws/install/custom_interfaces/include/custom_interfaces/srv/find_wall.h
[1.909s] -- Up-to-date: /home/user/ros2_ws/install/custom_interfaces/include/custom_interfaces/msg
[1.909s] -- Up-to-date: /home/user/ros2_ws/install/custom_interfaces/include/custom_interfaces/msg/rosidl_generator_c__visibility_control.h
[1.909s] -- Up-to-date: /home/user/ros2_ws/install/custom_interfaces/include/custom_interfaces/action
[1.909s] -- Up-to-date: /home/user/ros2_ws/install/custom_interfaces/include/custom_interfaces/action/detail
[1.910s] -- Up-to-date: /home/user/ros2_ws/install/custom_interfaces/include/custom_interfaces/action/detail/odom_record__functions.c
[1.910s] -- Up-to-date: /home/user/ros2_ws/install/custom_interfaces/include/custom_interfaces/action/detail/odom_record__functions.h
[1.910s] -- Up-to-date: /home/user/ros2_ws/install/custom_interfaces/include/custom_interfaces/action/detail/odom_record__type_support.h
[1.910s] -- Up-to-date: /home/user/ros2_ws/install/custom_interfaces/include/custom_interfaces/action/detail/odom_record__struct.h
[1.910s] -- Up-to-date: /home/user/ros2_ws/install/custom_interfaces/include/custom_interfaces/action/odom_record.h
[1.910s] -- Up-to-date: /home/user/ros2_ws/install/custom_interfaces/share/custom_interfaces/environment/library_path.sh
[1.910s] -- Up-to-date: /home/user/ros2_ws/install/custom_interfaces/share/custom_interfaces/environment/library_path.dsv
[1.910s] -- Up-to-date: /home/user/ros2_ws/install/custom_interfaces/lib/libcustom_interfaces__rosidl_generator_c.so
[1.911s] -- Up-to-date: /home/user/ros2_ws/install/custom_interfaces/include/custom_interfaces
[1.911s] -- Up-to-date: /home/user/ros2_ws/install/custom_interfaces/include/custom_interfaces/srv
[1.912s] -- Up-to-date: /home/user/ros2_ws/install/custom_interfaces/include/custom_interfaces/srv/detail
[1.912s] -- Up-to-date: /home/user/ros2_ws/install/custom_interfaces/include/custom_interfaces/srv/detail/find_wall__rosidl_typesupport_fastrtps_c.h
[1.912s] -- Up-to-date: /home/user/ros2_ws/install/custom_interfaces/include/custom_interfaces/msg
[1.912s] -- Up-to-date: /home/user/ros2_ws/install/custom_interfaces/include/custom_interfaces/msg/rosidl_typesupport_fastrtps_c__visibility_control.h
[1.913s] -- Up-to-date: /home/user/ros2_ws/install/custom_interfaces/include/custom_interfaces/action
[1.913s] -- Up-to-date: /home/user/ros2_ws/install/custom_interfaces/include/custom_interfaces/action/detail
[1.913s] -- Up-to-date: /home/user/ros2_ws/install/custom_interfaces/include/custom_interfaces/action/detail/odom_record__rosidl_typesupport_fastrtps_c.h
[1.913s] -- Up-to-date: /home/user/ros2_ws/install/custom_interfaces/lib/libcustom_interfaces__rosidl_typesupport_fastrtps_c.so
[1.914s] -- Up-to-date: /home/user/ros2_ws/install/custom_interfaces/include/custom_interfaces
[1.914s] -- Up-to-date: /home/user/ros2_ws/install/custom_interfaces/include/custom_interfaces/srv
[1.914s] -- Up-to-date: /home/user/ros2_ws/install/custom_interfaces/include/custom_interfaces/srv/detail
[1.914s] -- Up-to-date: /home/user/ros2_ws/install/custom_interfaces/include/custom_interfaces/srv/detail/dds_fastrtps
[1.914s] -- Up-to-date: /home/user/ros2_ws/install/custom_interfaces/include/custom_interfaces/srv/detail/find_wall__rosidl_typesupport_fastrtps_cpp.hpp
[1.915s] -- Up-to-date: /home/user/ros2_ws/install/custom_interfaces/include/custom_interfaces/msg
[1.915s] -- Up-to-date: /home/user/ros2_ws/install/custom_interfaces/include/custom_interfaces/msg/rosidl_typesupport_fastrtps_cpp__visibility_control.h
[1.915s] -- Up-to-date: /home/user/ros2_ws/install/custom_interfaces/include/custom_interfaces/action
[1.915s] -- Up-to-date: /home/user/ros2_ws/install/custom_interfaces/include/custom_interfaces/action/detail
[1.915s] -- Up-to-date: /home/user/ros2_ws/install/custom_interfaces/include/custom_interfaces/action/detail/odom_record__rosidl_typesupport_fastrtps_cpp.hpp
[1.915s] -- Up-to-date: /home/user/ros2_ws/install/custom_interfaces/include/custom_interfaces/action/detail/dds_fastrtps
[1.915s] -- Up-to-date: /home/user/ros2_ws/install/custom_interfaces/lib/libcustom_interfaces__rosidl_typesupport_fastrtps_cpp.so
[1.915s] -- Up-to-date: /home/user/ros2_ws/install/custom_interfaces/include/custom_interfaces
[1.915s] -- Up-to-date: /home/user/ros2_ws/install/custom_interfaces/include/custom_interfaces/srv
[1.915s] -- Up-to-date: /home/user/ros2_ws/install/custom_interfaces/include/custom_interfaces/srv/detail
[1.915s] -- Up-to-date: /home/user/ros2_ws/install/custom_interfaces/include/custom_interfaces/srv/detail/find_wall__type_support.c
[1.916s] -- Up-to-date: /home/user/ros2_ws/install/custom_interfaces/include/custom_interfaces/srv/detail/find_wall__rosidl_typesupport_introspection_c.h
[1.916s] -- Up-to-date: /home/user/ros2_ws/install/custom_interfaces/include/custom_interfaces/msg
[1.916s] -- Up-to-date: /home/user/ros2_ws/install/custom_interfaces/include/custom_interfaces/msg/rosidl_typesupport_introspection_c__visibility_control.h
[1.916s] -- Up-to-date: /home/user/ros2_ws/install/custom_interfaces/include/custom_interfaces/action
[1.916s] -- Up-to-date: /home/user/ros2_ws/install/custom_interfaces/include/custom_interfaces/action/detail
[1.916s] -- Up-to-date: /home/user/ros2_ws/install/custom_interfaces/include/custom_interfaces/action/detail/odom_record__type_support.c
[1.916s] -- Up-to-date: /home/user/ros2_ws/install/custom_interfaces/include/custom_interfaces/action/detail/odom_record__rosidl_typesupport_introspection_c.h
[1.916s] -- Up-to-date: /home/user/ros2_ws/install/custom_interfaces/lib/libcustom_interfaces__rosidl_typesupport_introspection_c.so
[1.916s] -- Up-to-date: /home/user/ros2_ws/install/custom_interfaces/lib/libcustom_interfaces__rosidl_typesupport_c.so
[1.916s] -- Up-to-date: /home/user/ros2_ws/install/custom_interfaces/include/custom_interfaces
[1.916s] -- Up-to-date: /home/user/ros2_ws/install/custom_interfaces/include/custom_interfaces/srv
[1.918s] -- Up-to-date: /home/user/ros2_ws/install/custom_interfaces/include/custom_interfaces/srv/detail
[1.918s] -- Up-to-date: /home/user/ros2_ws/install/custom_interfaces/include/custom_interfaces/srv/detail/find_wall__struct.hpp
[1.918s] -- Up-to-date: /home/user/ros2_ws/install/custom_interfaces/include/custom_interfaces/srv/detail/find_wall__builder.hpp
[1.918s] -- Up-to-date: /home/user/ros2_ws/install/custom_interfaces/include/custom_interfaces/srv/detail/find_wall__traits.hpp
[1.918s] -- Up-to-date: /home/user/ros2_ws/install/custom_interfaces/include/custom_interfaces/srv/find_wall.hpp
[1.918s] -- Up-to-date: /home/user/ros2_ws/install/custom_interfaces/include/custom_interfaces/action
[1.918s] -- Up-to-date: /home/user/ros2_ws/install/custom_interfaces/include/custom_interfaces/action/detail
[1.918s] -- Up-to-date: /home/user/ros2_ws/install/custom_interfaces/include/custom_interfaces/action/detail/odom_record__traits.hpp
[1.918s] -- Up-to-date: /home/user/ros2_ws/install/custom_interfaces/include/custom_interfaces/action/detail/odom_record__struct.hpp
[1.918s] -- Up-to-date: /home/user/ros2_ws/install/custom_interfaces/include/custom_interfaces/action/detail/odom_record__builder.hpp
[1.919s] -- Up-to-date: /home/user/ros2_ws/install/custom_interfaces/include/custom_interfaces/action/odom_record.hpp
[1.919s] -- Up-to-date: /home/user/ros2_ws/install/custom_interfaces/include/custom_interfaces
[1.919s] -- Up-to-date: /home/user/ros2_ws/install/custom_interfaces/include/custom_interfaces/srv
[1.919s] -- Up-to-date: /home/user/ros2_ws/install/custom_interfaces/include/custom_interfaces/srv/detail
[1.919s] -- Up-to-date: /home/user/ros2_ws/install/custom_interfaces/include/custom_interfaces/srv/detail/find_wall__type_support.cpp
[1.919s] -- Up-to-date: /home/user/ros2_ws/install/custom_interfaces/include/custom_interfaces/srv/detail/find_wall__rosidl_typesupport_introspection_cpp.hpp
[1.919s] -- Up-to-date: /home/user/ros2_ws/install/custom_interfaces/include/custom_interfaces/action
[1.919s] -- Up-to-date: /home/user/ros2_ws/install/custom_interfaces/include/custom_interfaces/action/detail
[1.919s] -- Up-to-date: /home/user/ros2_ws/install/custom_interfaces/include/custom_interfaces/action/detail/odom_record__rosidl_typesupport_introspection_cpp.hpp
[1.919s] -- Up-to-date: /home/user/ros2_ws/install/custom_interfaces/include/custom_interfaces/action/detail/odom_record__type_support.cpp
[1.919s] -- Up-to-date: /home/user/ros2_ws/install/custom_interfaces/lib/libcustom_interfaces__rosidl_typesupport_introspection_cpp.so
[1.919s] -- Up-to-date: /home/user/ros2_ws/install/custom_interfaces/lib/libcustom_interfaces__rosidl_typesupport_cpp.so
[1.920s] -- Up-to-date: /home/user/ros2_ws/install/custom_interfaces/share/custom_interfaces/environment/pythonpath.sh
[1.920s] -- Up-to-date: /home/user/ros2_ws/install/custom_interfaces/share/custom_interfaces/environment/pythonpath.dsv
[1.920s] -- Up-to-date: /home/user/ros2_ws/install/custom_interfaces/lib/python3.8/site-packages/custom_interfaces/__init__.py
[1.966s] -- Up-to-date: /home/user/ros2_ws/install/custom_interfaces/lib/python3.8/site-packages/custom_interfaces/srv
[1.966s] -- Up-to-date: /home/user/ros2_ws/install/custom_interfaces/lib/python3.8/site-packages/custom_interfaces/srv/_find_wall.py
[1.966s] -- Up-to-date: /home/user/ros2_ws/install/custom_interfaces/lib/python3.8/site-packages/custom_interfaces/srv/__init__.py
[1.967s] -- Up-to-date: /home/user/ros2_ws/install/custom_interfaces/lib/python3.8/site-packages/custom_interfaces/srv/_find_wall_s.c
[1.967s] -- Up-to-date: /home/user/ros2_ws/install/custom_interfaces/lib/python3.8/site-packages/custom_interfaces/action
[1.967s] -- Up-to-date: /home/user/ros2_ws/install/custom_interfaces/lib/python3.8/site-packages/custom_interfaces/action/__init__.py
[1.967s] -- Up-to-date: /home/user/ros2_ws/install/custom_interfaces/lib/python3.8/site-packages/custom_interfaces/action/_odom_record_s.c
[1.967s] -- Up-to-date: /home/user/ros2_ws/install/custom_interfaces/lib/python3.8/site-packages/custom_interfaces/action/_odom_record.py
[1.967s] -- Up-to-date: /home/user/ros2_ws/install/custom_interfaces/lib/python3.8/site-packages/custom_interfaces/custom_interfaces_s__rosidl_typesupport_fastrtps_c.cpython-38-x86_64-linux-gnu.so
[1.968s] -- Up-to-date: /home/user/ros2_ws/install/custom_interfaces/lib/python3.8/site-packages/custom_interfaces/custom_interfaces_s__rosidl_typesupport_introspection_c.cpython-38-x86_64-linux-gnu.so
[1.968s] -- Up-to-date: /home/user/ros2_ws/install/custom_interfaces/lib/python3.8/site-packages/custom_interfaces/custom_interfaces_s__rosidl_typesupport_c.cpython-38-x86_64-linux-gnu.so
[1.968s] -- Up-to-date: /home/user/ros2_ws/install/custom_interfaces/lib/libcustom_interfaces__python.so
[1.968s] -- Up-to-date: /home/user/ros2_ws/install/custom_interfaces/share/custom_interfaces/srv/FindWall.idl
[1.968s] -- Up-to-date: /home/user/ros2_ws/install/custom_interfaces/share/custom_interfaces/action/OdomRecord.idl
[1.968s] -- Up-to-date: /home/user/ros2_ws/install/custom_interfaces/share/custom_interfaces/srv/FindWall.srv
[1.968s] -- Up-to-date: /home/user/ros2_ws/install/custom_interfaces/share/custom_interfaces/srv/FindWall_Request.msg
[1.969s] -- Up-to-date: /home/user/ros2_ws/install/custom_interfaces/share/custom_interfaces/srv/FindWall_Response.msg
[1.969s] -- Up-to-date: /home/user/ros2_ws/install/custom_interfaces/share/custom_interfaces/action/OdomRecord.action
[1.969s] -- Up-to-date: /home/user/ros2_ws/install/custom_interfaces/share/ament_index/resource_index/package_run_dependencies/custom_interfaces
[1.969s] -- Up-to-date: /home/user/ros2_ws/install/custom_interfaces/share/ament_index/resource_index/parent_prefix_path/custom_interfaces
[1.969s] -- Up-to-date: /home/user/ros2_ws/install/custom_interfaces/share/custom_interfaces/environment/ament_prefix_path.sh
[1.970s] -- Up-to-date: /home/user/ros2_ws/install/custom_interfaces/share/custom_interfaces/environment/ament_prefix_path.dsv
[1.970s] -- Up-to-date: /home/user/ros2_ws/install/custom_interfaces/share/custom_interfaces/environment/path.sh
[1.970s] -- Up-to-date: /home/user/ros2_ws/install/custom_interfaces/share/custom_interfaces/environment/path.dsv
[1.970s] -- Up-to-date: /home/user/ros2_ws/install/custom_interfaces/share/custom_interfaces/local_setup.bash
[1.970s] -- Up-to-date: /home/user/ros2_ws/install/custom_interfaces/share/custom_interfaces/local_setup.sh
[1.970s] -- Up-to-date: /home/user/ros2_ws/install/custom_interfaces/share/custom_interfaces/local_setup.zsh
[1.970s] -- Up-to-date: /home/user/ros2_ws/install/custom_interfaces/share/custom_interfaces/local_setup.dsv
[1.970s] -- Installing: /home/user/ros2_ws/install/custom_interfaces/share/custom_interfaces/package.dsv
[1.970s] -- Up-to-date: /home/user/ros2_ws/install/custom_interfaces/share/ament_index/resource_index/packages/custom_interfaces
[1.970s] -- Up-to-date: /home/user/ros2_ws/install/custom_interfaces/share/custom_interfaces/cmake/custom_interfaces__rosidl_generator_cExport.cmake
[1.971s] -- Up-to-date: /home/user/ros2_ws/install/custom_interfaces/share/custom_interfaces/cmake/custom_interfaces__rosidl_generator_cExport-noconfig.cmake
[1.971s] -- Up-to-date: /home/user/ros2_ws/install/custom_interfaces/share/custom_interfaces/cmake/custom_interfaces__rosidl_typesupport_introspection_cExport.cmake
[1.974s] -- Up-to-date: /home/user/ros2_ws/install/custom_interfaces/share/custom_interfaces/cmake/custom_interfaces__rosidl_typesupport_introspection_cExport-noconfig.cmake
[1.974s] -- Up-to-date: /home/user/ros2_ws/install/custom_interfaces/share/custom_interfaces/cmake/custom_interfaces__rosidl_typesupport_cExport.cmake
[1.974s] -- Up-to-date: /home/user/ros2_ws/install/custom_interfaces/share/custom_interfaces/cmake/custom_interfaces__rosidl_typesupport_cExport-noconfig.cmake
[1.974s] -- Up-to-date: /home/user/ros2_ws/install/custom_interfaces/share/custom_interfaces/cmake/custom_interfaces__rosidl_generator_cppExport.cmake
[1.974s] -- Up-to-date: /home/user/ros2_ws/install/custom_interfaces/share/custom_interfaces/cmake/custom_interfaces__rosidl_typesupport_introspection_cppExport.cmake
[1.974s] -- Up-to-date: /home/user/ros2_ws/install/custom_interfaces/share/custom_interfaces/cmake/custom_interfaces__rosidl_typesupport_introspection_cppExport-noconfig.cmake
[1.975s] -- Up-to-date: /home/user/ros2_ws/install/custom_interfaces/share/custom_interfaces/cmake/custom_interfaces__rosidl_typesupport_cppExport.cmake
[1.979s] -- Up-to-date: /home/user/ros2_ws/install/custom_interfaces/share/custom_interfaces/cmake/custom_interfaces__rosidl_typesupport_cppExport-noconfig.cmake
[1.979s] -- Up-to-date: /home/user/ros2_ws/install/custom_interfaces/share/custom_interfaces/cmake/rosidl_cmake-extras.cmake
[1.980s] -- Up-to-date: /home/user/ros2_ws/install/custom_interfaces/share/custom_interfaces/cmake/ament_cmake_export_dependencies-extras.cmake
[1.980s] -- Up-to-date: /home/user/ros2_ws/install/custom_interfaces/share/custom_interfaces/cmake/ament_cmake_export_libraries-extras.cmake
[1.980s] -- Up-to-date: /home/user/ros2_ws/install/custom_interfaces/share/custom_interfaces/cmake/ament_cmake_export_targets-extras.cmake
[1.981s] -- Up-to-date: /home/user/ros2_ws/install/custom_interfaces/share/custom_interfaces/cmake/ament_cmake_export_include_directories-extras.cmake
[1.981s] -- Up-to-date: /home/user/ros2_ws/install/custom_interfaces/share/custom_interfaces/cmake/rosidl_cmake_export_typesupport_libraries-extras.cmake
[1.985s] -- Up-to-date: /home/user/ros2_ws/install/custom_interfaces/share/custom_interfaces/cmake/rosidl_cmake_export_typesupport_targets-extras.cmake
[1.990s] -- Up-to-date: /home/user/ros2_ws/install/custom_interfaces/share/custom_interfaces/cmake/custom_interfacesConfig.cmake
[1.991s] -- Up-to-date: /home/user/ros2_ws/install/custom_interfaces/share/custom_interfaces/cmake/custom_interfacesConfig-version.cmake
[1.991s] -- Up-to-date: /home/user/ros2_ws/install/custom_interfaces/share/custom_interfaces/package.xml
[1.992s] Invoked command in '/home/user/ros2_ws/build/custom_interfaces' returned '0': CMAKE_PREFIX_PATH=${CMAKE_PREFIX_PATH}:/home/user/ros2_ws/install/wall_follower:/opt/ros/foxy _=/usr/bin/env /usr/bin/cmake --install /home/user/ros2_ws/build/custom_interfaces
