[0.828s] Invoking command in '/home/user/simulation_ws/src/turtlebot3/turtlebot3_teleop': PYTHONPATH=/home/user/simulation_ws/install/turtlebot3_teleop/lib/python3.8/site-packages:${PYTHONPATH} _=/usr/bin/env /usr/bin/python3 setup.py egg_info --egg-base ../../../build/turtlebot3_teleop build --build-base /home/user/simulation_ws/build/turtlebot3_teleop/build install --prefix /home/user/simulation_ws/install/turtlebot3_teleop --record /home/user/simulation_ws/build/turtlebot3_teleop/install.log --single-version-externally-managed
[1.699s] running egg_info
[1.699s] writing ../../../build/turtlebot3_teleop/turtlebot3_teleop.egg-info/PKG-INFO
[1.699s] writing dependency_links to ../../../build/turtlebot3_teleop/turtlebot3_teleop.egg-info/dependency_links.txt
[1.700s] writing entry points to ../../../build/turtlebot3_teleop/turtlebot3_teleop.egg-info/entry_points.txt
[1.700s] writing requirements to ../../../build/turtlebot3_teleop/turtlebot3_teleop.egg-info/requires.txt
[1.700s] writing top-level names to ../../../build/turtlebot3_teleop/turtlebot3_teleop.egg-info/top_level.txt
[1.835s] reading manifest file '../../../build/turtlebot3_teleop/turtlebot3_teleop.egg-info/SOURCES.txt'
[1.844s] writing manifest file '../../../build/turtlebot3_teleop/turtlebot3_teleop.egg-info/SOURCES.txt'
[1.844s] running build
[1.845s] running build_py
[1.845s] running install
[1.846s] running install_lib
[1.858s] running install_data
[1.860s] running install_egg_info
[1.872s] removing '/home/user/simulation_ws/install/turtlebot3_teleop/lib/python3.8/site-packages/turtlebot3_teleop-2.1.4-py3.8.egg-info' (and everything under it)
[1.872s] Copying ../../../build/turtlebot3_teleop/turtlebot3_teleop.egg-info to /home/user/simulation_ws/install/turtlebot3_teleop/lib/python3.8/site-packages/turtlebot3_teleop-2.1.4-py3.8.egg-info
[1.877s] running install_scripts
[1.920s] Installing teleop_keyboard script to /home/user/simulation_ws/install/turtlebot3_teleop/lib/turtlebot3_teleop
[1.921s] writing list of installed files to '/home/user/simulation_ws/build/turtlebot3_teleop/install.log'
[1.966s] Invoked command in '/home/user/simulation_ws/src/turtlebot3/turtlebot3_teleop' returned '0': PYTHONPATH=/home/user/simulation_ws/install/turtlebot3_teleop/lib/python3.8/site-packages:${PYTHONPATH} _=/usr/bin/env /usr/bin/python3 setup.py egg_info --egg-base ../../../build/turtlebot3_teleop build --build-base /home/user/simulation_ws/build/turtlebot3_teleop/build install --prefix /home/user/simulation_ws/install/turtlebot3_teleop --record /home/user/simulation_ws/build/turtlebot3_teleop/install.log --single-version-externally-managed
