[0.543s] Invoking command in '/home/user/ros2_ws/src/wall_follower': PYTHONPATH=/home/user/ros2_ws/install/wall_follower/lib/python3.8/site-packages:${PYTHONPATH} _=/usr/bin/env /usr/bin/python3 setup.py egg_info --egg-base ../../build/wall_follower build --build-base /home/user/ros2_ws/build/wall_follower/build install --prefix /home/user/ros2_ws/install/wall_follower --record /home/user/ros2_ws/build/wall_follower/install.log --single-version-externally-managed
[0.973s] running egg_info
[0.975s] writing ../../build/wall_follower/wall_follower.egg-info/PKG-INFO
[0.975s] writing dependency_links to ../../build/wall_follower/wall_follower.egg-info/dependency_links.txt
[0.975s] writing entry points to ../../build/wall_follower/wall_follower.egg-info/entry_points.txt
[0.976s] writing requirements to ../../build/wall_follower/wall_follower.egg-info/requires.txt
[0.976s] writing top-level names to ../../build/wall_follower/wall_follower.egg-info/top_level.txt
[1.014s] reading manifest file '../../build/wall_follower/wall_follower.egg-info/SOURCES.txt'
[1.015s] writing manifest file '../../build/wall_follower/wall_follower.egg-info/SOURCES.txt'
[1.015s] running build
[1.016s] running build_py
[1.016s] copying wall_follower/odom_recorder.py -> /home/user/ros2_ws/build/wall_follower/build/lib/wall_follower
[1.016s] running install
[1.017s] running install_lib
[1.018s] copying /home/user/ros2_ws/build/wall_follower/build/lib/wall_follower/odom_recorder.py -> /home/user/ros2_ws/install/wall_follower/lib/python3.8/site-packages/wall_follower
[1.019s] byte-compiling /home/user/ros2_ws/install/wall_follower/lib/python3.8/site-packages/wall_follower/odom_recorder.py to odom_recorder.cpython-38.pyc
[1.020s] running install_data
[1.021s] running install_egg_info
[1.022s] removing '/home/user/ros2_ws/install/wall_follower/lib/python3.8/site-packages/wall_follower-0.0.0-py3.8.egg-info' (and everything under it)
[1.023s] Copying ../../build/wall_follower/wall_follower.egg-info to /home/user/ros2_ws/install/wall_follower/lib/python3.8/site-packages/wall_follower-0.0.0-py3.8.egg-info
[1.024s] running install_scripts
[1.047s] Installing odom_recorder script to /home/user/ros2_ws/install/wall_follower/lib/wall_follower
[1.049s] Installing wall_finder script to /home/user/ros2_ws/install/wall_follower/lib/wall_follower
[1.049s] Installing wall_following script to /home/user/ros2_ws/install/wall_follower/lib/wall_follower
[1.049s] writing list of installed files to '/home/user/ros2_ws/build/wall_follower/install.log'
[1.081s] Invoked command in '/home/user/ros2_ws/src/wall_follower' returned '0': PYTHONPATH=/home/user/ros2_ws/install/wall_follower/lib/python3.8/site-packages:${PYTHONPATH} _=/usr/bin/env /usr/bin/python3 setup.py egg_info --egg-base ../../build/wall_follower build --build-base /home/user/ros2_ws/build/wall_follower/build install --prefix /home/user/ros2_ws/install/wall_follower --record /home/user/ros2_ws/build/wall_follower/install.log --single-version-externally-managed
