[1.014s] Invoking command in '/home/user/ros2_ws/src/wall_follower': PYTHONPATH=/home/user/ros2_ws/install/wall_follower/lib/python3.8/site-packages:${PYTHONPATH} _=/usr/bin/env /usr/bin/python3 setup.py egg_info --egg-base ../../build/wall_follower build --build-base /home/user/ros2_ws/build/wall_follower/build install --prefix /home/user/ros2_ws/install/wall_follower --record /home/user/ros2_ws/build/wall_follower/install.log --single-version-externally-managed
[1.888s] running egg_info
[1.888s] writing ../../build/wall_follower/wall_follower.egg-info/PKG-INFO
[1.888s] writing dependency_links to ../../build/wall_follower/wall_follower.egg-info/dependency_links.txt
[1.888s] writing entry points to ../../build/wall_follower/wall_follower.egg-info/entry_points.txt
[1.888s] writing requirements to ../../build/wall_follower/wall_follower.egg-info/requires.txt
[1.888s] writing top-level names to ../../build/wall_follower/wall_follower.egg-info/top_level.txt
[2.059s] reading manifest file '../../build/wall_follower/wall_follower.egg-info/SOURCES.txt'
[2.063s] writing manifest file '../../build/wall_follower/wall_follower.egg-info/SOURCES.txt'
[2.063s] running build
[2.063s] running build_py
[2.063s] copying wall_follower/wall_following.py -> /home/user/ros2_ws/build/wall_follower/build/lib/wall_follower
[2.063s] running install
[2.063s] running install_lib
[2.066s] copying /home/user/ros2_ws/build/wall_follower/build/lib/wall_follower/wall_following.py -> /home/user/ros2_ws/install/wall_follower/lib/python3.8/site-packages/wall_follower
[2.066s] byte-compiling /home/user/ros2_ws/install/wall_follower/lib/python3.8/site-packages/wall_follower/wall_following.py to wall_following.cpython-38.pyc
[2.067s] running install_data
[2.070s] running install_egg_info
[2.071s] removing '/home/user/ros2_ws/install/wall_follower/lib/python3.8/site-packages/wall_follower-0.0.0-py3.8.egg-info' (and everything under it)
[2.071s] Copying ../../build/wall_follower/wall_follower.egg-info to /home/user/ros2_ws/install/wall_follower/lib/python3.8/site-packages/wall_follower-0.0.0-py3.8.egg-info
[2.072s] running install_scripts
[2.100s] Installing odom_recorder script to /home/user/ros2_ws/install/wall_follower/lib/wall_follower
[2.100s] Installing wall_finder script to /home/user/ros2_ws/install/wall_follower/lib/wall_follower
[2.100s] Installing wall_following script to /home/user/ros2_ws/install/wall_follower/lib/wall_follower
[2.101s] writing list of installed files to '/home/user/ros2_ws/build/wall_follower/install.log'
[2.191s] Invoked command in '/home/user/ros2_ws/src/wall_follower' returned '0': PYTHONPATH=/home/user/ros2_ws/install/wall_follower/lib/python3.8/site-packages:${PYTHONPATH} _=/usr/bin/env /usr/bin/python3 setup.py egg_info --egg-base ../../build/wall_follower build --build-base /home/user/ros2_ws/build/wall_follower/build install --prefix /home/user/ros2_ws/install/wall_follower --record /home/user/ros2_ws/build/wall_follower/install.log --single-version-externally-managed
