[0.099s] Invoking command in '/home/user/ros2_ws/build/custom_interfaces': CMAKE_PREFIX_PATH=${CMAKE_PREFIX_PATH}:/home/user/simulation_ws/install/turtlebot3_teleop:/home/user/simulation_ws/install/turtlebot3_example:/home/user/ros2_ws/install/wall_follower:/opt/ros/foxy _=/usr/bin/env /usr/bin/cmake --build /home/user/ros2_ws/build/custom_interfaces -- -j8 -l8
[0.397s] [ 10%] Built target custom_interfaces__rosidl_generator_c
[0.401s] [ 12%] Built target custom_interfaces__cpp
[0.582s] [ 23%] Built target custom_interfaces__rosidl_typesupport_cpp
[0.595s] [ 33%] Built target custom_interfaces__rosidl_typesupport_introspection_c
[0.597s] [ 43%] Built target custom_interfaces__rosidl_typesupport_c
[0.598s] [ 53%] Built target custom_interfaces__rosidl_typesupport_introspection_cpp
[0.606s] [ 64%] Built target custom_interfaces__rosidl_typesupport_fastrtps_cpp
[0.818s] [ 74%] Built target custom_interfaces__rosidl_typesupport_fastrtps_c
[0.908s] [ 74%] Built target custom_interfaces
[0.999s] [ 76%] Built target custom_interfaces__py
[1.203s] [ 84%] Built target custom_interfaces__python
[1.311s] [ 89%] Built target custom_interfaces__rosidl_typesupport_fastrtps_c__pyext
[1.314s] [ 94%] Built target custom_interfaces__rosidl_typesupport_introspection_c__pyext
[1.387s] [100%] Built target custom_interfaces__rosidl_typesupport_c__pyext
[1.482s] Invoked command in '/home/user/ros2_ws/build/custom_interfaces' returned '0': CMAKE_PREFIX_PATH=${CMAKE_PREFIX_PATH}:/home/user/simulation_ws/install/turtlebot3_teleop:/home/user/simulation_ws/install/turtlebot3_example:/home/user/ros2_ws/install/wall_follower:/opt/ros/foxy _=/usr/bin/env /usr/bin/cmake --build /home/user/ros2_ws/build/custom_interfaces -- -j8 -l8
[2.209s] Invoking command in '/home/user/ros2_ws/build/custom_interfaces': CMAKE_PREFIX_PATH=${CMAKE_PREFIX_PATH}:/home/user/simulation_ws/install/turtlebot3_teleop:/home/user/simulation_ws/install/turtlebot3_example:/home/user/ros2_ws/install/wall_follower:/opt/ros/foxy _=/usr/bin/env /usr/bin/cmake --install /home/user/ros2_ws/build/custom_interfaces
[2.280s] -- Install configuration: ""
[2.281s] -- Up-to-date: /home/user/ros2_ws/install/custom_interfaces/share/ament_index/resource_index/rosidl_interfaces/custom_interfaces
[2.281s] -- Up-to-date: /home/user/ros2_ws/install/custom_interfaces/include/custom_interfaces
[2.281s] -- Up-to-date: /home/user/ros2_ws/install/custom_interfaces/include/custom_interfaces/srv
[2.281s] -- Up-to-date: /home/user/ros2_ws/install/custom_interfaces/include/custom_interfaces/srv/detail
[2.281s] -- Up-to-date: /home/user/ros2_ws/install/custom_interfaces/include/custom_interfaces/srv/detail/find_wall__functions.h
[2.281s] -- Up-to-date: /home/user/ros2_ws/install/custom_interfaces/include/custom_interfaces/srv/detail/find_wall__functions.c
[2.281s] -- Up-to-date: /home/user/ros2_ws/install/custom_interfaces/include/custom_interfaces/srv/detail/find_wall__struct.h
[2.281s] -- Up-to-date: /home/user/ros2_ws/install/custom_interfaces/include/custom_interfaces/srv/detail/find_wall__type_support.h
[2.282s] -- Up-to-date: /home/user/ros2_ws/install/custom_interfaces/include/custom_interfaces/srv/find_wall.h
[2.282s] -- Up-to-date: /home/user/ros2_ws/install/custom_interfaces/include/custom_interfaces/msg
[2.282s] -- Up-to-date: /home/user/ros2_ws/install/custom_interfaces/include/custom_interfaces/msg/rosidl_generator_c__visibility_control.h
[2.282s] -- Up-to-date: /home/user/ros2_ws/install/custom_interfaces/include/custom_interfaces/action
[2.282s] -- Up-to-date: /home/user/ros2_ws/install/custom_interfaces/include/custom_interfaces/action/detail
[2.282s] -- Up-to-date: /home/user/ros2_ws/install/custom_interfaces/include/custom_interfaces/action/detail/odom_record__functions.c
[2.282s] -- Up-to-date: /home/user/ros2_ws/install/custom_interfaces/include/custom_interfaces/action/detail/odom_record__functions.h
[2.283s] -- Up-to-date: /home/user/ros2_ws/install/custom_interfaces/include/custom_interfaces/action/detail/odom_record__type_support.h
[2.284s] -- Up-to-date: /home/user/ros2_ws/install/custom_interfaces/include/custom_interfaces/action/detail/odom_record__struct.h
[2.284s] -- Up-to-date: /home/user/ros2_ws/install/custom_interfaces/include/custom_interfaces/action/odom_record.h
[2.284s] -- Up-to-date: /home/user/ros2_ws/install/custom_interfaces/share/custom_interfaces/environment/library_path.sh
[2.284s] -- Up-to-date: /home/user/ros2_ws/install/custom_interfaces/share/custom_interfaces/environment/library_path.dsv
[2.285s] -- Up-to-date: /home/user/ros2_ws/install/custom_interfaces/lib/libcustom_interfaces__rosidl_generator_c.so
[2.285s] -- Up-to-date: /home/user/ros2_ws/install/custom_interfaces/include/custom_interfaces
[2.285s] -- Up-to-date: /home/user/ros2_ws/install/custom_interfaces/include/custom_interfaces/srv
[2.285s] -- Up-to-date: /home/user/ros2_ws/install/custom_interfaces/include/custom_interfaces/srv/detail
[2.285s] -- Up-to-date: /home/user/ros2_ws/install/custom_interfaces/include/custom_interfaces/srv/detail/find_wall__rosidl_typesupport_fastrtps_c.h
[2.285s] -- Up-to-date: /home/user/ros2_ws/install/custom_interfaces/include/custom_interfaces/msg
[2.285s] -- Up-to-date: /home/user/ros2_ws/install/custom_interfaces/include/custom_interfaces/msg/rosidl_typesupport_fastrtps_c__visibility_control.h
[2.286s] -- Up-to-date: /home/user/ros2_ws/install/custom_interfaces/include/custom_interfaces/action
[2.286s] -- Up-to-date: /home/user/ros2_ws/install/custom_interfaces/include/custom_interfaces/action/detail
[2.286s] -- Up-to-date: /home/user/ros2_ws/install/custom_interfaces/include/custom_interfaces/action/detail/odom_record__rosidl_typesupport_fastrtps_c.h
[2.286s] -- Up-to-date: /home/user/ros2_ws/install/custom_interfaces/lib/libcustom_interfaces__rosidl_typesupport_fastrtps_c.so
[2.286s] -- Up-to-date: /home/user/ros2_ws/install/custom_interfaces/include/custom_interfaces
[2.286s] -- Up-to-date: /home/user/ros2_ws/install/custom_interfaces/include/custom_interfaces/srv
[2.286s] -- Up-to-date: /home/user/ros2_ws/install/custom_interfaces/include/custom_interfaces/srv/detail
[2.286s] -- Up-to-date: /home/user/ros2_ws/install/custom_interfaces/include/custom_interfaces/srv/detail/dds_fastrtps
[2.287s] -- Up-to-date: /home/user/ros2_ws/install/custom_interfaces/include/custom_interfaces/srv/detail/find_wall__rosidl_typesupport_fastrtps_cpp.hpp
[2.287s] -- Up-to-date: /home/user/ros2_ws/install/custom_interfaces/include/custom_interfaces/msg
[2.287s] -- Up-to-date: /home/user/ros2_ws/install/custom_interfaces/include/custom_interfaces/msg/rosidl_typesupport_fastrtps_cpp__visibility_control.h
[2.287s] -- Up-to-date: /home/user/ros2_ws/install/custom_interfaces/include/custom_interfaces/action
[2.287s] -- Up-to-date: /home/user/ros2_ws/install/custom_interfaces/include/custom_interfaces/action/detail
[2.287s] -- Up-to-date: /home/user/ros2_ws/install/custom_interfaces/include/custom_interfaces/action/detail/odom_record__rosidl_typesupport_fastrtps_cpp.hpp
[2.287s] -- Up-to-date: /home/user/ros2_ws/install/custom_interfaces/include/custom_interfaces/action/detail/dds_fastrtps
[2.287s] -- Up-to-date: /home/user/ros2_ws/install/custom_interfaces/lib/libcustom_interfaces__rosidl_typesupport_fastrtps_cpp.so
[2.287s] -- Up-to-date: /home/user/ros2_ws/install/custom_interfaces/include/custom_interfaces
[2.287s] -- Up-to-date: /home/user/ros2_ws/install/custom_interfaces/include/custom_interfaces/srv
[2.288s] -- Up-to-date: /home/user/ros2_ws/install/custom_interfaces/include/custom_interfaces/srv/detail
[2.288s] -- Up-to-date: /home/user/ros2_ws/install/custom_interfaces/include/custom_interfaces/srv/detail/find_wall__type_support.c
[2.288s] -- Up-to-date: /home/user/ros2_ws/install/custom_interfaces/include/custom_interfaces/srv/detail/find_wall__rosidl_typesupport_introspection_c.h
[2.288s] -- Up-to-date: /home/user/ros2_ws/install/custom_interfaces/include/custom_interfaces/msg
[2.288s] -- Up-to-date: /home/user/ros2_ws/install/custom_interfaces/include/custom_interfaces/msg/rosidl_typesupport_introspection_c__visibility_control.h
[2.288s] -- Up-to-date: /home/user/ros2_ws/install/custom_interfaces/include/custom_interfaces/action
[2.288s] -- Up-to-date: /home/user/ros2_ws/install/custom_interfaces/include/custom_interfaces/action/detail
[2.288s] -- Up-to-date: /home/user/ros2_ws/install/custom_interfaces/include/custom_interfaces/action/detail/odom_record__type_support.c
[2.288s] -- Up-to-date: /home/user/ros2_ws/install/custom_interfaces/include/custom_interfaces/action/detail/odom_record__rosidl_typesupport_introspection_c.h
[2.288s] -- Up-to-date: /home/user/ros2_ws/install/custom_interfaces/lib/libcustom_interfaces__rosidl_typesupport_introspection_c.so
[2.289s] -- Up-to-date: /home/user/ros2_ws/install/custom_interfaces/lib/libcustom_interfaces__rosidl_typesupport_c.so
[2.289s] -- Up-to-date: /home/user/ros2_ws/install/custom_interfaces/include/custom_interfaces
[2.289s] -- Up-to-date: /home/user/ros2_ws/install/custom_interfaces/include/custom_interfaces/srv
[2.289s] -- Up-to-date: /home/user/ros2_ws/install/custom_interfaces/include/custom_interfaces/srv/detail
[2.289s] -- Up-to-date: /home/user/ros2_ws/install/custom_interfaces/include/custom_interfaces/srv/detail/find_wall__struct.hpp
[2.289s] -- Up-to-date: /home/user/ros2_ws/install/custom_interfaces/include/custom_interfaces/srv/detail/find_wall__builder.hpp
[2.289s] -- Up-to-date: /home/user/ros2_ws/install/custom_interfaces/include/custom_interfaces/srv/detail/find_wall__traits.hpp
[2.289s] -- Up-to-date: /home/user/ros2_ws/install/custom_interfaces/include/custom_interfaces/srv/find_wall.hpp
[2.289s] -- Up-to-date: /home/user/ros2_ws/install/custom_interfaces/include/custom_interfaces/action
[2.289s] -- Up-to-date: /home/user/ros2_ws/install/custom_interfaces/include/custom_interfaces/action/detail
[2.289s] -- Up-to-date: /home/user/ros2_ws/install/custom_interfaces/include/custom_interfaces/action/detail/odom_record__traits.hpp
[2.289s] -- Up-to-date: /home/user/ros2_ws/install/custom_interfaces/include/custom_interfaces/action/detail/odom_record__struct.hpp
[2.290s] -- Up-to-date: /home/user/ros2_ws/install/custom_interfaces/include/custom_interfaces/action/detail/odom_record__builder.hpp
[2.290s] -- Up-to-date: /home/user/ros2_ws/install/custom_interfaces/include/custom_interfaces/action/odom_record.hpp
[2.290s] -- Up-to-date: /home/user/ros2_ws/install/custom_interfaces/include/custom_interfaces
[2.290s] -- Up-to-date: /home/user/ros2_ws/install/custom_interfaces/include/custom_interfaces/srv
[2.290s] -- Up-to-date: /home/user/ros2_ws/install/custom_interfaces/include/custom_interfaces/srv/detail
[2.290s] -- Up-to-date: /home/user/ros2_ws/install/custom_interfaces/include/custom_interfaces/srv/detail/find_wall__type_support.cpp
[2.290s] -- Up-to-date: /home/user/ros2_ws/install/custom_interfaces/include/custom_interfaces/srv/detail/find_wall__rosidl_typesupport_introspection_cpp.hpp
[2.290s] -- Up-to-date: /home/user/ros2_ws/install/custom_interfaces/include/custom_interfaces/action
[2.290s] -- Up-to-date: /home/user/ros2_ws/install/custom_interfaces/include/custom_interfaces/action/detail
[2.290s] -- Up-to-date: /home/user/ros2_ws/install/custom_interfaces/include/custom_interfaces/action/detail/odom_record__rosidl_typesupport_introspection_cpp.hpp
[2.290s] -- Up-to-date: /home/user/ros2_ws/install/custom_interfaces/include/custom_interfaces/action/detail/odom_record__type_support.cpp
[2.290s] -- Up-to-date: /home/user/ros2_ws/install/custom_interfaces/lib/libcustom_interfaces__rosidl_typesupport_introspection_cpp.so
[2.291s] -- Up-to-date: /home/user/ros2_ws/install/custom_interfaces/lib/libcustom_interfaces__rosidl_typesupport_cpp.so
[2.291s] -- Up-to-date: /home/user/ros2_ws/install/custom_interfaces/share/custom_interfaces/environment/pythonpath.sh
[2.291s] -- Up-to-date: /home/user/ros2_ws/install/custom_interfaces/share/custom_interfaces/environment/pythonpath.dsv
[2.291s] -- Up-to-date: /home/user/ros2_ws/install/custom_interfaces/lib/python3.8/site-packages/custom_interfaces/__init__.py
[2.394s] -- Up-to-date: /home/user/ros2_ws/install/custom_interfaces/lib/python3.8/site-packages/custom_interfaces/srv
[2.394s] -- Up-to-date: /home/user/ros2_ws/install/custom_interfaces/lib/python3.8/site-packages/custom_interfaces/srv/_find_wall.py
[2.394s] -- Up-to-date: /home/user/ros2_ws/install/custom_interfaces/lib/python3.8/site-packages/custom_interfaces/srv/__init__.py
[2.394s] -- Up-to-date: /home/user/ros2_ws/install/custom_interfaces/lib/python3.8/site-packages/custom_interfaces/srv/_find_wall_s.c
[2.394s] -- Up-to-date: /home/user/ros2_ws/install/custom_interfaces/lib/python3.8/site-packages/custom_interfaces/action
[2.395s] -- Up-to-date: /home/user/ros2_ws/install/custom_interfaces/lib/python3.8/site-packages/custom_interfaces/action/__init__.py
[2.395s] -- Up-to-date: /home/user/ros2_ws/install/custom_interfaces/lib/python3.8/site-packages/custom_interfaces/action/_odom_record_s.c
[2.395s] -- Up-to-date: /home/user/ros2_ws/install/custom_interfaces/lib/python3.8/site-packages/custom_interfaces/action/_odom_record.py
[2.396s] -- Up-to-date: /home/user/ros2_ws/install/custom_interfaces/lib/python3.8/site-packages/custom_interfaces/custom_interfaces_s__rosidl_typesupport_fastrtps_c.cpython-38-x86_64-linux-gnu.so
[2.397s] -- Up-to-date: /home/user/ros2_ws/install/custom_interfaces/lib/python3.8/site-packages/custom_interfaces/custom_interfaces_s__rosidl_typesupport_introspection_c.cpython-38-x86_64-linux-gnu.so
[2.398s] -- Up-to-date: /home/user/ros2_ws/install/custom_interfaces/lib/python3.8/site-packages/custom_interfaces/custom_interfaces_s__rosidl_typesupport_c.cpython-38-x86_64-linux-gnu.so
[2.399s] -- Up-to-date: /home/user/ros2_ws/install/custom_interfaces/lib/libcustom_interfaces__python.so
[2.400s] -- Up-to-date: /home/user/ros2_ws/install/custom_interfaces/share/custom_interfaces/srv/FindWall.idl
[2.400s] -- Up-to-date: /home/user/ros2_ws/install/custom_interfaces/share/custom_interfaces/action/OdomRecord.idl
[2.400s] -- Up-to-date: /home/user/ros2_ws/install/custom_interfaces/share/custom_interfaces/srv/FindWall.srv
[2.401s] -- Up-to-date: /home/user/ros2_ws/install/custom_interfaces/share/custom_interfaces/srv/FindWall_Request.msg
[2.401s] -- Up-to-date: /home/user/ros2_ws/install/custom_interfaces/share/custom_interfaces/srv/FindWall_Response.msg
[2.401s] -- Up-to-date: /home/user/ros2_ws/install/custom_interfaces/share/custom_interfaces/action/OdomRecord.action
[2.401s] -- Up-to-date: /home/user/ros2_ws/install/custom_interfaces/share/ament_index/resource_index/package_run_dependencies/custom_interfaces
[2.402s] -- Up-to-date: /home/user/ros2_ws/install/custom_interfaces/share/ament_index/resource_index/parent_prefix_path/custom_interfaces
[2.402s] -- Up-to-date: /home/user/ros2_ws/install/custom_interfaces/share/custom_interfaces/environment/ament_prefix_path.sh
[2.403s] -- Up-to-date: /home/user/ros2_ws/install/custom_interfaces/share/custom_interfaces/environment/ament_prefix_path.dsv
[2.403s] -- Up-to-date: /home/user/ros2_ws/install/custom_interfaces/share/custom_interfaces/environment/path.sh
[2.404s] -- Up-to-date: /home/user/ros2_ws/install/custom_interfaces/share/custom_interfaces/environment/path.dsv
[2.404s] -- Up-to-date: /home/user/ros2_ws/install/custom_interfaces/share/custom_interfaces/local_setup.bash
[2.405s] -- Up-to-date: /home/user/ros2_ws/install/custom_interfaces/share/custom_interfaces/local_setup.sh
[2.405s] -- Up-to-date: /home/user/ros2_ws/install/custom_interfaces/share/custom_interfaces/local_setup.zsh
[2.406s] -- Up-to-date: /home/user/ros2_ws/install/custom_interfaces/share/custom_interfaces/local_setup.dsv
[2.406s] -- Installing: /home/user/ros2_ws/install/custom_interfaces/share/custom_interfaces/package.dsv
[2.406s] -- Up-to-date: /home/user/ros2_ws/install/custom_interfaces/share/ament_index/resource_index/packages/custom_interfaces
[2.407s] -- Up-to-date: /home/user/ros2_ws/install/custom_interfaces/share/custom_interfaces/cmake/custom_interfaces__rosidl_generator_cExport.cmake
[2.407s] -- Up-to-date: /home/user/ros2_ws/install/custom_interfaces/share/custom_interfaces/cmake/custom_interfaces__rosidl_generator_cExport-noconfig.cmake
[2.408s] -- Up-to-date: /home/user/ros2_ws/install/custom_interfaces/share/custom_interfaces/cmake/custom_interfaces__rosidl_typesupport_introspection_cExport.cmake
[2.408s] -- Up-to-date: /home/user/ros2_ws/install/custom_interfaces/share/custom_interfaces/cmake/custom_interfaces__rosidl_typesupport_introspection_cExport-noconfig.cmake
[2.481s] -- Up-to-date: /home/user/ros2_ws/install/custom_interfaces/share/custom_interfaces/cmake/custom_interfaces__rosidl_typesupport_cExport.cmake
[2.481s] -- Up-to-date: /home/user/ros2_ws/install/custom_interfaces/share/custom_interfaces/cmake/custom_interfaces__rosidl_typesupport_cExport-noconfig.cmake
[2.481s] -- Up-to-date: /home/user/ros2_ws/install/custom_interfaces/share/custom_interfaces/cmake/custom_interfaces__rosidl_generator_cppExport.cmake
[2.482s] -- Up-to-date: /home/user/ros2_ws/install/custom_interfaces/share/custom_interfaces/cmake/custom_interfaces__rosidl_typesupport_introspection_cppExport.cmake
[2.482s] -- Up-to-date: /home/user/ros2_ws/install/custom_interfaces/share/custom_interfaces/cmake/custom_interfaces__rosidl_typesupport_introspection_cppExport-noconfig.cmake
[2.482s] -- Up-to-date: /home/user/ros2_ws/install/custom_interfaces/share/custom_interfaces/cmake/custom_interfaces__rosidl_typesupport_cppExport.cmake
[2.482s] -- Up-to-date: /home/user/ros2_ws/install/custom_interfaces/share/custom_interfaces/cmake/custom_interfaces__rosidl_typesupport_cppExport-noconfig.cmake
[2.482s] -- Up-to-date: /home/user/ros2_ws/install/custom_interfaces/share/custom_interfaces/cmake/rosidl_cmake-extras.cmake
[2.483s] -- Up-to-date: /home/user/ros2_ws/install/custom_interfaces/share/custom_interfaces/cmake/ament_cmake_export_dependencies-extras.cmake
[2.483s] -- Up-to-date: /home/user/ros2_ws/install/custom_interfaces/share/custom_interfaces/cmake/ament_cmake_export_libraries-extras.cmake
[2.483s] -- Up-to-date: /home/user/ros2_ws/install/custom_interfaces/share/custom_interfaces/cmake/ament_cmake_export_targets-extras.cmake
[2.483s] -- Up-to-date: /home/user/ros2_ws/install/custom_interfaces/share/custom_interfaces/cmake/ament_cmake_export_include_directories-extras.cmake
[2.484s] -- Up-to-date: /home/user/ros2_ws/install/custom_interfaces/share/custom_interfaces/cmake/rosidl_cmake_export_typesupport_libraries-extras.cmake
[2.484s] -- Up-to-date: /home/user/ros2_ws/install/custom_interfaces/share/custom_interfaces/cmake/rosidl_cmake_export_typesupport_targets-extras.cmake
[2.484s] -- Up-to-date: /home/user/ros2_ws/install/custom_interfaces/share/custom_interfaces/cmake/custom_interfacesConfig.cmake
[2.484s] -- Up-to-date: /home/user/ros2_ws/install/custom_interfaces/share/custom_interfaces/cmake/custom_interfacesConfig-version.cmake
[2.486s] -- Up-to-date: /home/user/ros2_ws/install/custom_interfaces/share/custom_interfaces/package.xml
[2.493s] Invoked command in '/home/user/ros2_ws/build/custom_interfaces' returned '0': CMAKE_PREFIX_PATH=${CMAKE_PREFIX_PATH}:/home/user/simulation_ws/install/turtlebot3_teleop:/home/user/simulation_ws/install/turtlebot3_example:/home/user/ros2_ws/install/wall_follower:/opt/ros/foxy _=/usr/bin/env /usr/bin/cmake --install /home/user/ros2_ws/build/custom_interfaces
