[6.167s] DEBUG:colcon:Command line arguments: ['/usr/bin/colcon', 'build']
[6.167s] DEBUG:colcon:Parsed command line arguments: Namespace(ament_cmake_args=None, base_paths=['.'], build_base='build', catkin_cmake_args=None, catkin_skip_building_tests=False, cmake_args=None, cmake_clean_cache=False, cmake_clean_first=False, cmake_force_configure=False, cmake_target=None, cmake_target_skip_unavailable=False, continue_on_error=False, event_handlers=None, executor='parallel', ignore_user_meta=False, install_base='install', log_base=None, log_level=None, main=<bound method BuildVerb.main of <colcon_core.verb.build.BuildVerb object at 0x7f24064e4790>>, merge_install=False, metas=['./colcon.meta'], packages_above=None, packages_above_and_dependencies=None, packages_above_depth=None, packages_end=None, packages_ignore=None, packages_ignore_regex=None, packages_select=None, packages_select_build_failed=False, packages_select_by_dep=None, packages_select_regex=None, packages_select_test_failures=False, packages_skip=None, packages_skip_build_finished=False, packages_skip_by_dep=None, packages_skip_regex=None, packages_skip_test_passed=False, packages_skip_up_to=None, packages_start=None, packages_up_to=None, packages_up_to_regex=None, parallel_workers=8, paths=None, symlink_install=False, test_result_base=None, verb_extension=<colcon_core.verb.build.BuildVerb object at 0x7f24064e4790>, verb_name='build', verb_parser=<colcon_defaults.argument_parser.defaults.DefaultArgumentsDecorator object at 0x7f24064e4d00>)
[6.188s] Level 1:colcon.colcon_core.package_discovery:discover_packages(colcon_meta) check parameters
[6.189s] Level 1:colcon.colcon_core.package_discovery:discover_packages(recursive) check parameters
[6.189s] Level 1:colcon.colcon_core.package_discovery:discover_packages(ignore) check parameters
[6.189s] Level 1:colcon.colcon_core.package_discovery:discover_packages(path) check parameters
[6.189s] Level 1:colcon.colcon_core.package_discovery:discover_packages(colcon_meta) discover
[6.189s] Level 1:colcon.colcon_core.package_discovery:discover_packages(recursive) discover
[6.189s] INFO:colcon.colcon_core.package_discovery:Crawling recursively for packages in '/home/user'
[6.190s] Level 1:colcon.colcon_core.package_identification:_identify(.) by extensions ['ignore', 'ignore_ament_install']
[6.190s] Level 1:colcon.colcon_core.package_identification:_identify(.) by extension 'ignore'
[6.190s] Level 1:colcon.colcon_core.package_identification:_identify(.) by extension 'ignore_ament_install'
[6.190s] Level 1:colcon.colcon_core.package_identification:_identify(.) by extensions ['colcon_pkg']
[6.190s] Level 1:colcon.colcon_core.package_identification:_identify(.) by extension 'colcon_pkg'
[6.190s] Level 1:colcon.colcon_core.package_identification:_identify(.) by extensions ['colcon_meta']
[6.190s] Level 1:colcon.colcon_core.package_identification:_identify(.) by extension 'colcon_meta'
[6.190s] Level 1:colcon.colcon_core.package_identification:_identify(.) by extensions ['ros']
[6.191s] Level 1:colcon.colcon_core.package_identification:_identify(.) by extension 'ros'
[6.203s] Level 1:colcon.colcon_core.package_identification:_identify(.) by extensions ['cmake', 'python']
[6.204s] Level 1:colcon.colcon_core.package_identification:_identify(.) by extension 'cmake'
[6.204s] Level 1:colcon.colcon_core.package_identification:_identify(.) by extension 'python'
[6.204s] Level 1:colcon.colcon_core.package_identification:_identify(.) by extensions ['python_setup_py']
[6.204s] Level 1:colcon.colcon_core.package_identification:_identify(.) by extension 'python_setup_py'
[6.204s] Level 1:colcon.colcon_core.package_identification:_identify(build) by extensions ['ignore', 'ignore_ament_install']
[6.204s] Level 1:colcon.colcon_core.package_identification:_identify(build) by extension 'ignore'
[6.204s] Level 1:colcon.colcon_core.package_identification:_identify(build) ignored
[6.204s] Level 1:colcon.colcon_core.package_identification:_identify(catkin_ws) by extensions ['ignore', 'ignore_ament_install']
[6.204s] Level 1:colcon.colcon_core.package_identification:_identify(catkin_ws) by extension 'ignore'
[6.204s] Level 1:colcon.colcon_core.package_identification:_identify(catkin_ws) by extension 'ignore_ament_install'
[6.204s] Level 1:colcon.colcon_core.package_identification:_identify(catkin_ws) by extensions ['colcon_pkg']
[6.204s] Level 1:colcon.colcon_core.package_identification:_identify(catkin_ws) by extension 'colcon_pkg'
[6.204s] Level 1:colcon.colcon_core.package_identification:_identify(catkin_ws) by extensions ['colcon_meta']
[6.204s] Level 1:colcon.colcon_core.package_identification:_identify(catkin_ws) by extension 'colcon_meta'
[6.204s] Level 1:colcon.colcon_core.package_identification:_identify(catkin_ws) by extensions ['ros']
[6.204s] Level 1:colcon.colcon_core.package_identification:_identify(catkin_ws) by extension 'ros'
[6.205s] Level 1:colcon.colcon_core.package_identification:_identify(catkin_ws) by extensions ['cmake', 'python']
[6.205s] Level 1:colcon.colcon_core.package_identification:_identify(catkin_ws) by extension 'cmake'
[6.205s] Level 1:colcon.colcon_core.package_identification:_identify(catkin_ws) by extension 'python'
[6.205s] Level 1:colcon.colcon_core.package_identification:_identify(catkin_ws) by extensions ['python_setup_py']
[6.205s] Level 1:colcon.colcon_core.package_identification:_identify(catkin_ws) by extension 'python_setup_py'
[6.205s] Level 1:colcon.colcon_core.package_identification:_identify(catkin_ws/build) by extensions ['ignore', 'ignore_ament_install']
[6.205s] Level 1:colcon.colcon_core.package_identification:_identify(catkin_ws/build) by extension 'ignore'
[6.205s] Level 1:colcon.colcon_core.package_identification:_identify(catkin_ws/build) by extension 'ignore_ament_install'
[6.205s] Level 1:colcon.colcon_core.package_identification:_identify(catkin_ws/build) by extensions ['colcon_pkg']
[6.205s] Level 1:colcon.colcon_core.package_identification:_identify(catkin_ws/build) by extension 'colcon_pkg'
[6.205s] Level 1:colcon.colcon_core.package_identification:_identify(catkin_ws/build) by extensions ['colcon_meta']
[6.205s] Level 1:colcon.colcon_core.package_identification:_identify(catkin_ws/build) by extension 'colcon_meta'
[6.205s] Level 1:colcon.colcon_core.package_identification:_identify(catkin_ws/build) by extensions ['ros']
[6.205s] Level 1:colcon.colcon_core.package_identification:_identify(catkin_ws/build) by extension 'ros'
[6.205s] Level 1:colcon.colcon_core.package_identification:_identify(catkin_ws/build) ignored
[6.205s] Level 1:colcon.colcon_core.package_identification:_identify(catkin_ws/devel) by extensions ['ignore', 'ignore_ament_install']
[6.206s] Level 1:colcon.colcon_core.package_identification:_identify(catkin_ws/devel) by extension 'ignore'
[6.206s] Level 1:colcon.colcon_core.package_identification:_identify(catkin_ws/devel) by extension 'ignore_ament_install'
[6.206s] Level 1:colcon.colcon_core.package_identification:_identify(catkin_ws/devel) ignored
[6.206s] Level 1:colcon.colcon_core.package_identification:_identify(catkin_ws/src) by extensions ['ignore', 'ignore_ament_install']
[6.206s] Level 1:colcon.colcon_core.package_identification:_identify(catkin_ws/src) by extension 'ignore'
[6.206s] Level 1:colcon.colcon_core.package_identification:_identify(catkin_ws/src) by extension 'ignore_ament_install'
[6.206s] Level 1:colcon.colcon_core.package_identification:_identify(catkin_ws/src) by extensions ['colcon_pkg']
[6.206s] Level 1:colcon.colcon_core.package_identification:_identify(catkin_ws/src) by extension 'colcon_pkg'
[6.206s] Level 1:colcon.colcon_core.package_identification:_identify(catkin_ws/src) by extensions ['colcon_meta']
[6.206s] Level 1:colcon.colcon_core.package_identification:_identify(catkin_ws/src) by extension 'colcon_meta'
[6.206s] Level 1:colcon.colcon_core.package_identification:_identify(catkin_ws/src) by extensions ['ros']
[6.206s] Level 1:colcon.colcon_core.package_identification:_identify(catkin_ws/src) by extension 'ros'
[6.206s] Level 1:colcon.colcon_core.package_identification:_identify(catkin_ws/src) by extensions ['cmake', 'python']
[6.206s] Level 1:colcon.colcon_core.package_identification:_identify(catkin_ws/src) by extension 'cmake'
[6.209s] Level 1:colcon.colcon_core.package_identification:_identify(catkin_ws/src) by extension 'python'
[6.209s] DEBUG:colcon.colcon_core.package_identification:Package 'catkin_ws/src' with type 'cmake' and name 'Project'
[6.210s] Level 1:colcon.colcon_core.package_identification:_identify(install) by extensions ['ignore', 'ignore_ament_install']
[6.210s] Level 1:colcon.colcon_core.package_identification:_identify(install) by extension 'ignore'
[6.210s] Level 1:colcon.colcon_core.package_identification:_identify(install) ignored
[6.210s] Level 1:colcon.colcon_core.package_identification:_identify(log) by extensions ['ignore', 'ignore_ament_install']
[6.210s] Level 1:colcon.colcon_core.package_identification:_identify(log) by extension 'ignore'
[6.210s] Level 1:colcon.colcon_core.package_identification:_identify(log) ignored
[6.210s] Level 1:colcon.colcon_core.package_identification:_identify(notebook_ws) by extensions ['ignore', 'ignore_ament_install']
[6.210s] Level 1:colcon.colcon_core.package_identification:_identify(notebook_ws) by extension 'ignore'
[6.210s] Level 1:colcon.colcon_core.package_identification:_identify(notebook_ws) by extension 'ignore_ament_install'
[6.210s] Level 1:colcon.colcon_core.package_identification:_identify(notebook_ws) by extensions ['colcon_pkg']
[6.210s] Level 1:colcon.colcon_core.package_identification:_identify(notebook_ws) by extension 'colcon_pkg'
[6.210s] Level 1:colcon.colcon_core.package_identification:_identify(notebook_ws) by extensions ['colcon_meta']
[6.210s] Level 1:colcon.colcon_core.package_identification:_identify(notebook_ws) by extension 'colcon_meta'
[6.210s] Level 1:colcon.colcon_core.package_identification:_identify(notebook_ws) by extensions ['ros']
[6.210s] Level 1:colcon.colcon_core.package_identification:_identify(notebook_ws) by extension 'ros'
[6.211s] Level 1:colcon.colcon_core.package_identification:_identify(notebook_ws) by extensions ['cmake', 'python']
[6.211s] Level 1:colcon.colcon_core.package_identification:_identify(notebook_ws) by extension 'cmake'
[6.211s] Level 1:colcon.colcon_core.package_identification:_identify(notebook_ws) by extension 'python'
[6.211s] Level 1:colcon.colcon_core.package_identification:_identify(notebook_ws) by extensions ['python_setup_py']
[6.211s] Level 1:colcon.colcon_core.package_identification:_identify(notebook_ws) by extension 'python_setup_py'
[6.211s] Level 1:colcon.colcon_core.package_identification:_identify(notebook_ws/images) by extensions ['ignore', 'ignore_ament_install']
[6.211s] Level 1:colcon.colcon_core.package_identification:_identify(notebook_ws/images) by extension 'ignore'
[6.211s] Level 1:colcon.colcon_core.package_identification:_identify(notebook_ws/images) by extension 'ignore_ament_install'
[6.211s] Level 1:colcon.colcon_core.package_identification:_identify(notebook_ws/images) by extensions ['colcon_pkg']
[6.211s] Level 1:colcon.colcon_core.package_identification:_identify(notebook_ws/images) by extension 'colcon_pkg'
[6.211s] Level 1:colcon.colcon_core.package_identification:_identify(notebook_ws/images) by extensions ['colcon_meta']
[6.211s] Level 1:colcon.colcon_core.package_identification:_identify(notebook_ws/images) by extension 'colcon_meta'
[6.211s] Level 1:colcon.colcon_core.package_identification:_identify(notebook_ws/images) by extensions ['ros']
[6.211s] Level 1:colcon.colcon_core.package_identification:_identify(notebook_ws/images) by extension 'ros'
[6.211s] Level 1:colcon.colcon_core.package_identification:_identify(notebook_ws/images) by extensions ['cmake', 'python']
[6.211s] Level 1:colcon.colcon_core.package_identification:_identify(notebook_ws/images) by extension 'cmake'
[6.211s] Level 1:colcon.colcon_core.package_identification:_identify(notebook_ws/images) by extension 'python'
[6.211s] Level 1:colcon.colcon_core.package_identification:_identify(notebook_ws/images) by extensions ['python_setup_py']
[6.211s] Level 1:colcon.colcon_core.package_identification:_identify(notebook_ws/images) by extension 'python_setup_py'
[6.212s] Level 1:colcon.colcon_core.package_identification:_identify(notebook_ws/realrobotlab_notebooks) by extensions ['ignore', 'ignore_ament_install']
[6.212s] Level 1:colcon.colcon_core.package_identification:_identify(notebook_ws/realrobotlab_notebooks) by extension 'ignore'
[6.212s] Level 1:colcon.colcon_core.package_identification:_identify(notebook_ws/realrobotlab_notebooks) by extension 'ignore_ament_install'
[6.212s] Level 1:colcon.colcon_core.package_identification:_identify(notebook_ws/realrobotlab_notebooks) by extensions ['colcon_pkg']
[6.212s] Level 1:colcon.colcon_core.package_identification:_identify(notebook_ws/realrobotlab_notebooks) by extension 'colcon_pkg'
[6.212s] Level 1:colcon.colcon_core.package_identification:_identify(notebook_ws/realrobotlab_notebooks) by extensions ['colcon_meta']
[6.212s] Level 1:colcon.colcon_core.package_identification:_identify(notebook_ws/realrobotlab_notebooks) by extension 'colcon_meta'
[6.212s] Level 1:colcon.colcon_core.package_identification:_identify(notebook_ws/realrobotlab_notebooks) by extensions ['ros']
[6.212s] Level 1:colcon.colcon_core.package_identification:_identify(notebook_ws/realrobotlab_notebooks) by extension 'ros'
[6.212s] Level 1:colcon.colcon_core.package_identification:_identify(notebook_ws/realrobotlab_notebooks) by extensions ['cmake', 'python']
[6.212s] Level 1:colcon.colcon_core.package_identification:_identify(notebook_ws/realrobotlab_notebooks) by extension 'cmake'
[6.212s] Level 1:colcon.colcon_core.package_identification:_identify(notebook_ws/realrobotlab_notebooks) by extension 'python'
[6.212s] Level 1:colcon.colcon_core.package_identification:_identify(notebook_ws/realrobotlab_notebooks) by extensions ['python_setup_py']
[6.212s] Level 1:colcon.colcon_core.package_identification:_identify(notebook_ws/realrobotlab_notebooks) by extension 'python_setup_py'
[6.212s] Level 1:colcon.colcon_core.package_identification:_identify(notebook_ws/realrobotlab_notebooks/turtlebot3) by extensions ['ignore', 'ignore_ament_install']
[6.212s] Level 1:colcon.colcon_core.package_identification:_identify(notebook_ws/realrobotlab_notebooks/turtlebot3) by extension 'ignore'
[6.213s] Level 1:colcon.colcon_core.package_identification:_identify(notebook_ws/realrobotlab_notebooks/turtlebot3) by extension 'ignore_ament_install'
[6.213s] Level 1:colcon.colcon_core.package_identification:_identify(notebook_ws/realrobotlab_notebooks/turtlebot3) by extensions ['colcon_pkg']
[6.213s] Level 1:colcon.colcon_core.package_identification:_identify(notebook_ws/realrobotlab_notebooks/turtlebot3) by extension 'colcon_pkg'
[6.213s] Level 1:colcon.colcon_core.package_identification:_identify(notebook_ws/realrobotlab_notebooks/turtlebot3) by extensions ['colcon_meta']
[6.213s] Level 1:colcon.colcon_core.package_identification:_identify(notebook_ws/realrobotlab_notebooks/turtlebot3) by extension 'colcon_meta'
[6.213s] Level 1:colcon.colcon_core.package_identification:_identify(notebook_ws/realrobotlab_notebooks/turtlebot3) by extensions ['ros']
[6.213s] Level 1:colcon.colcon_core.package_identification:_identify(notebook_ws/realrobotlab_notebooks/turtlebot3) by extension 'ros'
[6.213s] Level 1:colcon.colcon_core.package_identification:_identify(notebook_ws/realrobotlab_notebooks/turtlebot3) by extensions ['cmake', 'python']
[6.213s] Level 1:colcon.colcon_core.package_identification:_identify(notebook_ws/realrobotlab_notebooks/turtlebot3) by extension 'cmake'
[6.213s] Level 1:colcon.colcon_core.package_identification:_identify(notebook_ws/realrobotlab_notebooks/turtlebot3) by extension 'python'
[6.213s] Level 1:colcon.colcon_core.package_identification:_identify(notebook_ws/realrobotlab_notebooks/turtlebot3) by extensions ['python_setup_py']
[6.213s] Level 1:colcon.colcon_core.package_identification:_identify(notebook_ws/realrobotlab_notebooks/turtlebot3) by extension 'python_setup_py'
[6.213s] Level 1:colcon.colcon_core.package_identification:_identify(notebook_ws/realrobotlab_notebooks/turtlebot3/navigation) by extensions ['ignore', 'ignore_ament_install']
[6.213s] Level 1:colcon.colcon_core.package_identification:_identify(notebook_ws/realrobotlab_notebooks/turtlebot3/navigation) by extension 'ignore'
[6.213s] Level 1:colcon.colcon_core.package_identification:_identify(notebook_ws/realrobotlab_notebooks/turtlebot3/navigation) by extension 'ignore_ament_install'
[6.213s] Level 1:colcon.colcon_core.package_identification:_identify(notebook_ws/realrobotlab_notebooks/turtlebot3/navigation) by extensions ['colcon_pkg']
[6.213s] Level 1:colcon.colcon_core.package_identification:_identify(notebook_ws/realrobotlab_notebooks/turtlebot3/navigation) by extension 'colcon_pkg'
[6.213s] Level 1:colcon.colcon_core.package_identification:_identify(notebook_ws/realrobotlab_notebooks/turtlebot3/navigation) by extensions ['colcon_meta']
[6.214s] Level 1:colcon.colcon_core.package_identification:_identify(notebook_ws/realrobotlab_notebooks/turtlebot3/navigation) by extension 'colcon_meta'
[6.214s] Level 1:colcon.colcon_core.package_identification:_identify(notebook_ws/realrobotlab_notebooks/turtlebot3/navigation) by extensions ['ros']
[6.214s] Level 1:colcon.colcon_core.package_identification:_identify(notebook_ws/realrobotlab_notebooks/turtlebot3/navigation) by extension 'ros'
[6.214s] Level 1:colcon.colcon_core.package_identification:_identify(notebook_ws/realrobotlab_notebooks/turtlebot3/navigation) by extensions ['cmake', 'python']
[6.214s] Level 1:colcon.colcon_core.package_identification:_identify(notebook_ws/realrobotlab_notebooks/turtlebot3/navigation) by extension 'cmake'
[6.214s] Level 1:colcon.colcon_core.package_identification:_identify(notebook_ws/realrobotlab_notebooks/turtlebot3/navigation) by extension 'python'
[6.214s] Level 1:colcon.colcon_core.package_identification:_identify(notebook_ws/realrobotlab_notebooks/turtlebot3/navigation) by extensions ['python_setup_py']
[6.214s] Level 1:colcon.colcon_core.package_identification:_identify(notebook_ws/realrobotlab_notebooks/turtlebot3/navigation) by extension 'python_setup_py'
[6.214s] Level 1:colcon.colcon_core.package_identification:_identify(notebook_ws/realrobotlab_notebooks/turtlebot3/navigation/images) by extensions ['ignore', 'ignore_ament_install']
[6.214s] Level 1:colcon.colcon_core.package_identification:_identify(notebook_ws/realrobotlab_notebooks/turtlebot3/navigation/images) by extension 'ignore'
[6.214s] Level 1:colcon.colcon_core.package_identification:_identify(notebook_ws/realrobotlab_notebooks/turtlebot3/navigation/images) by extension 'ignore_ament_install'
[6.214s] Level 1:colcon.colcon_core.package_identification:_identify(notebook_ws/realrobotlab_notebooks/turtlebot3/navigation/images) by extensions ['colcon_pkg']
[6.214s] Level 1:colcon.colcon_core.package_identification:_identify(notebook_ws/realrobotlab_notebooks/turtlebot3/navigation/images) by extension 'colcon_pkg'
[6.214s] Level 1:colcon.colcon_core.package_identification:_identify(notebook_ws/realrobotlab_notebooks/turtlebot3/navigation/images) by extensions ['colcon_meta']
[6.214s] Level 1:colcon.colcon_core.package_identification:_identify(notebook_ws/realrobotlab_notebooks/turtlebot3/navigation/images) by extension 'colcon_meta'
[6.214s] Level 1:colcon.colcon_core.package_identification:_identify(notebook_ws/realrobotlab_notebooks/turtlebot3/navigation/images) by extensions ['ros']
[6.214s] Level 1:colcon.colcon_core.package_identification:_identify(notebook_ws/realrobotlab_notebooks/turtlebot3/navigation/images) by extension 'ros'
[6.214s] Level 1:colcon.colcon_core.package_identification:_identify(notebook_ws/realrobotlab_notebooks/turtlebot3/navigation/images) by extensions ['cmake', 'python']
[6.215s] Level 1:colcon.colcon_core.package_identification:_identify(notebook_ws/realrobotlab_notebooks/turtlebot3/navigation/images) by extension 'cmake'
[6.215s] Level 1:colcon.colcon_core.package_identification:_identify(notebook_ws/realrobotlab_notebooks/turtlebot3/navigation/images) by extension 'python'
[6.215s] Level 1:colcon.colcon_core.package_identification:_identify(notebook_ws/realrobotlab_notebooks/turtlebot3/navigation/images) by extensions ['python_setup_py']
[6.215s] Level 1:colcon.colcon_core.package_identification:_identify(notebook_ws/realrobotlab_notebooks/turtlebot3/navigation/images) by extension 'python_setup_py'
[6.215s] Level 1:colcon.colcon_core.package_identification:_identify(notebook_ws/realrobotlab_notebooks/turtlebot3/traffic_signs_recognition) by extensions ['ignore', 'ignore_ament_install']
[6.215s] Level 1:colcon.colcon_core.package_identification:_identify(notebook_ws/realrobotlab_notebooks/turtlebot3/traffic_signs_recognition) by extension 'ignore'
[6.215s] Level 1:colcon.colcon_core.package_identification:_identify(notebook_ws/realrobotlab_notebooks/turtlebot3/traffic_signs_recognition) by extension 'ignore_ament_install'
[6.215s] Level 1:colcon.colcon_core.package_identification:_identify(notebook_ws/realrobotlab_notebooks/turtlebot3/traffic_signs_recognition) by extensions ['colcon_pkg']
[6.215s] Level 1:colcon.colcon_core.package_identification:_identify(notebook_ws/realrobotlab_notebooks/turtlebot3/traffic_signs_recognition) by extension 'colcon_pkg'
[6.215s] Level 1:colcon.colcon_core.package_identification:_identify(notebook_ws/realrobotlab_notebooks/turtlebot3/traffic_signs_recognition) by extensions ['colcon_meta']
[6.215s] Level 1:colcon.colcon_core.package_identification:_identify(notebook_ws/realrobotlab_notebooks/turtlebot3/traffic_signs_recognition) by extension 'colcon_meta'
[6.215s] Level 1:colcon.colcon_core.package_identification:_identify(notebook_ws/realrobotlab_notebooks/turtlebot3/traffic_signs_recognition) by extensions ['ros']
[6.215s] Level 1:colcon.colcon_core.package_identification:_identify(notebook_ws/realrobotlab_notebooks/turtlebot3/traffic_signs_recognition) by extension 'ros'
[6.215s] Level 1:colcon.colcon_core.package_identification:_identify(notebook_ws/realrobotlab_notebooks/turtlebot3/traffic_signs_recognition) by extensions ['cmake', 'python']
[6.215s] Level 1:colcon.colcon_core.package_identification:_identify(notebook_ws/realrobotlab_notebooks/turtlebot3/traffic_signs_recognition) by extension 'cmake'
[6.215s] Level 1:colcon.colcon_core.package_identification:_identify(notebook_ws/realrobotlab_notebooks/turtlebot3/traffic_signs_recognition) by extension 'python'
[6.215s] Level 1:colcon.colcon_core.package_identification:_identify(notebook_ws/realrobotlab_notebooks/turtlebot3/traffic_signs_recognition) by extensions ['python_setup_py']
[6.215s] Level 1:colcon.colcon_core.package_identification:_identify(notebook_ws/realrobotlab_notebooks/turtlebot3/traffic_signs_recognition) by extension 'python_setup_py'
[6.216s] Level 1:colcon.colcon_core.package_identification:_identify(notebook_ws/realrobotlab_notebooks/turtlebot3/traffic_signs_recognition/images) by extensions ['ignore', 'ignore_ament_install']
[6.216s] Level 1:colcon.colcon_core.package_identification:_identify(notebook_ws/realrobotlab_notebooks/turtlebot3/traffic_signs_recognition/images) by extension 'ignore'
[6.216s] Level 1:colcon.colcon_core.package_identification:_identify(notebook_ws/realrobotlab_notebooks/turtlebot3/traffic_signs_recognition/images) by extension 'ignore_ament_install'
[6.216s] Level 1:colcon.colcon_core.package_identification:_identify(notebook_ws/realrobotlab_notebooks/turtlebot3/traffic_signs_recognition/images) by extensions ['colcon_pkg']
[6.216s] Level 1:colcon.colcon_core.package_identification:_identify(notebook_ws/realrobotlab_notebooks/turtlebot3/traffic_signs_recognition/images) by extension 'colcon_pkg'
[6.216s] Level 1:colcon.colcon_core.package_identification:_identify(notebook_ws/realrobotlab_notebooks/turtlebot3/traffic_signs_recognition/images) by extensions ['colcon_meta']
[6.216s] Level 1:colcon.colcon_core.package_identification:_identify(notebook_ws/realrobotlab_notebooks/turtlebot3/traffic_signs_recognition/images) by extension 'colcon_meta'
[6.216s] Level 1:colcon.colcon_core.package_identification:_identify(notebook_ws/realrobotlab_notebooks/turtlebot3/traffic_signs_recognition/images) by extensions ['ros']
[6.216s] Level 1:colcon.colcon_core.package_identification:_identify(notebook_ws/realrobotlab_notebooks/turtlebot3/traffic_signs_recognition/images) by extension 'ros'
[6.216s] Level 1:colcon.colcon_core.package_identification:_identify(notebook_ws/realrobotlab_notebooks/turtlebot3/traffic_signs_recognition/images) by extensions ['cmake', 'python']
[6.216s] Level 1:colcon.colcon_core.package_identification:_identify(notebook_ws/realrobotlab_notebooks/turtlebot3/traffic_signs_recognition/images) by extension 'cmake'
[6.216s] Level 1:colcon.colcon_core.package_identification:_identify(notebook_ws/realrobotlab_notebooks/turtlebot3/traffic_signs_recognition/images) by extension 'python'
[6.216s] Level 1:colcon.colcon_core.package_identification:_identify(notebook_ws/realrobotlab_notebooks/turtlebot3/traffic_signs_recognition/images) by extensions ['python_setup_py']
[6.216s] Level 1:colcon.colcon_core.package_identification:_identify(notebook_ws/realrobotlab_notebooks/turtlebot3/traffic_signs_recognition/images) by extension 'python_setup_py'
[6.216s] Level 1:colcon.colcon_core.package_identification:_identify(ros2_ws) by extensions ['ignore', 'ignore_ament_install']
[6.216s] Level 1:colcon.colcon_core.package_identification:_identify(ros2_ws) by extension 'ignore'
[6.217s] Level 1:colcon.colcon_core.package_identification:_identify(ros2_ws) by extension 'ignore_ament_install'
[6.217s] Level 1:colcon.colcon_core.package_identification:_identify(ros2_ws) by extensions ['colcon_pkg']
[6.217s] Level 1:colcon.colcon_core.package_identification:_identify(ros2_ws) by extension 'colcon_pkg'
[6.217s] Level 1:colcon.colcon_core.package_identification:_identify(ros2_ws) by extensions ['colcon_meta']
[6.217s] Level 1:colcon.colcon_core.package_identification:_identify(ros2_ws) by extension 'colcon_meta'
[6.217s] Level 1:colcon.colcon_core.package_identification:_identify(ros2_ws) by extensions ['ros']
[6.217s] Level 1:colcon.colcon_core.package_identification:_identify(ros2_ws) by extension 'ros'
[6.217s] Level 1:colcon.colcon_core.package_identification:_identify(ros2_ws) by extensions ['cmake', 'python']
[6.217s] Level 1:colcon.colcon_core.package_identification:_identify(ros2_ws) by extension 'cmake'
[6.217s] Level 1:colcon.colcon_core.package_identification:_identify(ros2_ws) by extension 'python'
[6.217s] Level 1:colcon.colcon_core.package_identification:_identify(ros2_ws) by extensions ['python_setup_py']
[6.217s] Level 1:colcon.colcon_core.package_identification:_identify(ros2_ws) by extension 'python_setup_py'
[6.217s] Level 1:colcon.colcon_core.package_identification:_identify(ros2_ws/build) by extensions ['ignore', 'ignore_ament_install']
[6.217s] Level 1:colcon.colcon_core.package_identification:_identify(ros2_ws/build) by extension 'ignore'
[6.217s] Level 1:colcon.colcon_core.package_identification:_identify(ros2_ws/build) ignored
[6.217s] Level 1:colcon.colcon_core.package_identification:_identify(ros2_ws/install) by extensions ['ignore', 'ignore_ament_install']
[6.219s] Level 1:colcon.colcon_core.package_identification:_identify(ros2_ws/install) by extension 'ignore'
[6.219s] Level 1:colcon.colcon_core.package_identification:_identify(ros2_ws/install) ignored
[6.219s] Level 1:colcon.colcon_core.package_identification:_identify(ros2_ws/log) by extensions ['ignore', 'ignore_ament_install']
[6.220s] Level 1:colcon.colcon_core.package_identification:_identify(ros2_ws/log) by extension 'ignore'
[6.220s] Level 1:colcon.colcon_core.package_identification:_identify(ros2_ws/log) ignored
[6.220s] Level 1:colcon.colcon_core.package_identification:_identify(ros2_ws/src) by extensions ['ignore', 'ignore_ament_install']
[6.220s] Level 1:colcon.colcon_core.package_identification:_identify(ros2_ws/src) by extension 'ignore'
[6.220s] Level 1:colcon.colcon_core.package_identification:_identify(ros2_ws/src) by extension 'ignore_ament_install'
[6.220s] Level 1:colcon.colcon_core.package_identification:_identify(ros2_ws/src) by extensions ['colcon_pkg']
[6.220s] Level 1:colcon.colcon_core.package_identification:_identify(ros2_ws/src) by extension 'colcon_pkg'
[6.220s] Level 1:colcon.colcon_core.package_identification:_identify(ros2_ws/src) by extensions ['colcon_meta']
[6.220s] Level 1:colcon.colcon_core.package_identification:_identify(ros2_ws/src) by extension 'colcon_meta'
[6.220s] Level 1:colcon.colcon_core.package_identification:_identify(ros2_ws/src) by extensions ['ros']
[6.220s] Level 1:colcon.colcon_core.package_identification:_identify(ros2_ws/src) by extension 'ros'
[6.221s] Level 1:colcon.colcon_core.package_identification:_identify(ros2_ws/src) by extensions ['cmake', 'python']
[6.221s] Level 1:colcon.colcon_core.package_identification:_identify(ros2_ws/src) by extension 'cmake'
[6.221s] Level 1:colcon.colcon_core.package_identification:_identify(ros2_ws/src) by extension 'python'
[6.221s] Level 1:colcon.colcon_core.package_identification:_identify(ros2_ws/src) by extensions ['python_setup_py']
[6.221s] Level 1:colcon.colcon_core.package_identification:_identify(ros2_ws/src) by extension 'python_setup_py'
[6.221s] Level 1:colcon.colcon_core.package_identification:_identify(ros2_ws/src/custom_interfaces) by extensions ['ignore', 'ignore_ament_install']
[6.221s] Level 1:colcon.colcon_core.package_identification:_identify(ros2_ws/src/custom_interfaces) by extension 'ignore'
[6.221s] Level 1:colcon.colcon_core.package_identification:_identify(ros2_ws/src/custom_interfaces) by extension 'ignore_ament_install'
[6.221s] Level 1:colcon.colcon_core.package_identification:_identify(ros2_ws/src/custom_interfaces) by extensions ['colcon_pkg']
[6.221s] Level 1:colcon.colcon_core.package_identification:_identify(ros2_ws/src/custom_interfaces) by extension 'colcon_pkg'
[6.221s] Level 1:colcon.colcon_core.package_identification:_identify(ros2_ws/src/custom_interfaces) by extensions ['colcon_meta']
[6.221s] Level 1:colcon.colcon_core.package_identification:_identify(ros2_ws/src/custom_interfaces) by extension 'colcon_meta'
[6.222s] Level 1:colcon.colcon_core.package_identification:_identify(ros2_ws/src/custom_interfaces) by extensions ['ros']
[6.222s] Level 1:colcon.colcon_core.package_identification:_identify(ros2_ws/src/custom_interfaces) by extension 'ros'
[6.226s] DEBUG:colcon.colcon_core.package_identification:Package 'ros2_ws/src/custom_interfaces' with type 'ros.ament_cmake' and name 'custom_interfaces'
[6.226s] Level 1:colcon.colcon_core.package_identification:_identify(ros2_ws/src/wall_follower) by extensions ['ignore', 'ignore_ament_install']
[6.226s] Level 1:colcon.colcon_core.package_identification:_identify(ros2_ws/src/wall_follower) by extension 'ignore'
[6.226s] Level 1:colcon.colcon_core.package_identification:_identify(ros2_ws/src/wall_follower) by extension 'ignore_ament_install'
[6.226s] Level 1:colcon.colcon_core.package_identification:_identify(ros2_ws/src/wall_follower) by extensions ['colcon_pkg']
[6.226s] Level 1:colcon.colcon_core.package_identification:_identify(ros2_ws/src/wall_follower) by extension 'colcon_pkg'
[6.227s] Level 1:colcon.colcon_core.package_identification:_identify(ros2_ws/src/wall_follower) by extensions ['colcon_meta']
[6.227s] Level 1:colcon.colcon_core.package_identification:_identify(ros2_ws/src/wall_follower) by extension 'colcon_meta'
[6.227s] Level 1:colcon.colcon_core.package_identification:_identify(ros2_ws/src/wall_follower) by extensions ['ros']
[6.227s] Level 1:colcon.colcon_core.package_identification:_identify(ros2_ws/src/wall_follower) by extension 'ros'
[6.228s] DEBUG:colcon.colcon_core.package_identification:Package 'ros2_ws/src/wall_follower' with type 'ros.ament_python' and name 'wall_follower'
[6.228s] Level 1:colcon.colcon_core.package_identification:_identify(simulation_ws) by extensions ['ignore', 'ignore_ament_install']
[6.228s] Level 1:colcon.colcon_core.package_identification:_identify(simulation_ws) by extension 'ignore'
[6.228s] Level 1:colcon.colcon_core.package_identification:_identify(simulation_ws) by extension 'ignore_ament_install'
[6.228s] Level 1:colcon.colcon_core.package_identification:_identify(simulation_ws) by extensions ['colcon_pkg']
[6.231s] Level 1:colcon.colcon_core.package_identification:_identify(simulation_ws) by extension 'colcon_pkg'
[6.231s] Level 1:colcon.colcon_core.package_identification:_identify(simulation_ws) by extensions ['colcon_meta']
[6.231s] Level 1:colcon.colcon_core.package_identification:_identify(simulation_ws) by extension 'colcon_meta'
[6.231s] Level 1:colcon.colcon_core.package_identification:_identify(simulation_ws) by extensions ['ros']
[6.231s] Level 1:colcon.colcon_core.package_identification:_identify(simulation_ws) by extension 'ros'
[6.231s] Level 1:colcon.colcon_core.package_identification:_identify(simulation_ws) by extensions ['cmake', 'python']
[6.231s] Level 1:colcon.colcon_core.package_identification:_identify(simulation_ws) by extension 'cmake'
[6.231s] Level 1:colcon.colcon_core.package_identification:_identify(simulation_ws) by extension 'python'
[6.232s] Level 1:colcon.colcon_core.package_identification:_identify(simulation_ws) by extensions ['python_setup_py']
[6.232s] Level 1:colcon.colcon_core.package_identification:_identify(simulation_ws) by extension 'python_setup_py'
[6.232s] Level 1:colcon.colcon_core.package_identification:_identify(simulation_ws/build) by extensions ['ignore', 'ignore_ament_install']
[6.232s] Level 1:colcon.colcon_core.package_identification:_identify(simulation_ws/build) by extension 'ignore'
[6.232s] Level 1:colcon.colcon_core.package_identification:_identify(simulation_ws/build) ignored
[6.232s] Level 1:colcon.colcon_core.package_identification:_identify(simulation_ws/install) by extensions ['ignore', 'ignore_ament_install']
[6.233s] Level 1:colcon.colcon_core.package_identification:_identify(simulation_ws/install) by extension 'ignore'
[6.233s] Level 1:colcon.colcon_core.package_identification:_identify(simulation_ws/install) ignored
[6.233s] Level 1:colcon.colcon_core.package_identification:_identify(simulation_ws/log) by extensions ['ignore', 'ignore_ament_install']
[6.233s] Level 1:colcon.colcon_core.package_identification:_identify(simulation_ws/log) by extension 'ignore'
[6.233s] Level 1:colcon.colcon_core.package_identification:_identify(simulation_ws/log) ignored
[6.233s] Level 1:colcon.colcon_core.package_identification:_identify(simulation_ws/src) by extensions ['ignore', 'ignore_ament_install']
[6.233s] Level 1:colcon.colcon_core.package_identification:_identify(simulation_ws/src) by extension 'ignore'
[6.233s] Level 1:colcon.colcon_core.package_identification:_identify(simulation_ws/src) by extension 'ignore_ament_install'
[6.233s] Level 1:colcon.colcon_core.package_identification:_identify(simulation_ws/src) by extensions ['colcon_pkg']
[6.234s] Level 1:colcon.colcon_core.package_identification:_identify(simulation_ws/src) by extension 'colcon_pkg'
[6.234s] Level 1:colcon.colcon_core.package_identification:_identify(simulation_ws/src) by extensions ['colcon_meta']
[6.234s] Level 1:colcon.colcon_core.package_identification:_identify(simulation_ws/src) by extension 'colcon_meta'
[6.234s] Level 1:colcon.colcon_core.package_identification:_identify(simulation_ws/src) by extensions ['ros']
[6.234s] Level 1:colcon.colcon_core.package_identification:_identify(simulation_ws/src) by extension 'ros'
[6.234s] Level 1:colcon.colcon_core.package_identification:_identify(simulation_ws/src) by extensions ['cmake', 'python']
[6.234s] Level 1:colcon.colcon_core.package_identification:_identify(simulation_ws/src) by extension 'cmake'
[6.234s] Level 1:colcon.colcon_core.package_identification:_identify(simulation_ws/src) by extension 'python'
[6.234s] Level 1:colcon.colcon_core.package_identification:_identify(simulation_ws/src) by extensions ['python_setup_py']
[6.234s] Level 1:colcon.colcon_core.package_identification:_identify(simulation_ws/src) by extension 'python_setup_py'
[6.234s] Level 1:colcon.colcon_core.package_identification:_identify(simulation_ws/src/turtlebot3) by extensions ['ignore', 'ignore_ament_install']
[6.235s] Level 1:colcon.colcon_core.package_identification:_identify(simulation_ws/src/turtlebot3) by extension 'ignore'
[6.235s] Level 1:colcon.colcon_core.package_identification:_identify(simulation_ws/src/turtlebot3) by extension 'ignore_ament_install'
[6.235s] Level 1:colcon.colcon_core.package_identification:_identify(simulation_ws/src/turtlebot3) by extensions ['colcon_pkg']
[6.235s] Level 1:colcon.colcon_core.package_identification:_identify(simulation_ws/src/turtlebot3) by extension 'colcon_pkg'
[6.235s] Level 1:colcon.colcon_core.package_identification:_identify(simulation_ws/src/turtlebot3) by extensions ['colcon_meta']
[6.235s] Level 1:colcon.colcon_core.package_identification:_identify(simulation_ws/src/turtlebot3) by extension 'colcon_meta'
[6.235s] Level 1:colcon.colcon_core.package_identification:_identify(simulation_ws/src/turtlebot3) by extensions ['ros']
[6.235s] Level 1:colcon.colcon_core.package_identification:_identify(simulation_ws/src/turtlebot3) by extension 'ros'
[6.235s] Level 1:colcon.colcon_core.package_identification:_identify(simulation_ws/src/turtlebot3) by extensions ['cmake', 'python']
[6.235s] Level 1:colcon.colcon_core.package_identification:_identify(simulation_ws/src/turtlebot3) by extension 'cmake'
[6.235s] Level 1:colcon.colcon_core.package_identification:_identify(simulation_ws/src/turtlebot3) by extension 'python'
[6.235s] Level 1:colcon.colcon_core.package_identification:_identify(simulation_ws/src/turtlebot3) by extensions ['python_setup_py']
[6.235s] Level 1:colcon.colcon_core.package_identification:_identify(simulation_ws/src/turtlebot3) by extension 'python_setup_py'
[6.236s] Level 1:colcon.colcon_core.package_identification:_identify(simulation_ws/src/turtlebot3/turtlebot3) by extensions ['ignore', 'ignore_ament_install']
[6.236s] Level 1:colcon.colcon_core.package_identification:_identify(simulation_ws/src/turtlebot3/turtlebot3) by extension 'ignore'
[6.236s] Level 1:colcon.colcon_core.package_identification:_identify(simulation_ws/src/turtlebot3/turtlebot3) by extension 'ignore_ament_install'
[6.236s] Level 1:colcon.colcon_core.package_identification:_identify(simulation_ws/src/turtlebot3/turtlebot3) by extensions ['colcon_pkg']
[6.236s] Level 1:colcon.colcon_core.package_identification:_identify(simulation_ws/src/turtlebot3/turtlebot3) by extension 'colcon_pkg'
[6.236s] Level 1:colcon.colcon_core.package_identification:_identify(simulation_ws/src/turtlebot3/turtlebot3) by extensions ['colcon_meta']
[6.236s] Level 1:colcon.colcon_core.package_identification:_identify(simulation_ws/src/turtlebot3/turtlebot3) by extension 'colcon_meta'
[6.236s] Level 1:colcon.colcon_core.package_identification:_identify(simulation_ws/src/turtlebot3/turtlebot3) by extensions ['ros']
[6.236s] Level 1:colcon.colcon_core.package_identification:_identify(simulation_ws/src/turtlebot3/turtlebot3) by extension 'ros'
[6.237s] DEBUG:colcon.colcon_core.package_identification:Package 'simulation_ws/src/turtlebot3/turtlebot3' with type 'ros.ament_cmake' and name 'turtlebot3'
[6.238s] Level 1:colcon.colcon_core.package_identification:_identify(simulation_ws/src/turtlebot3/turtlebot3_bringup) by extensions ['ignore', 'ignore_ament_install']
[6.238s] Level 1:colcon.colcon_core.package_identification:_identify(simulation_ws/src/turtlebot3/turtlebot3_bringup) by extension 'ignore'
[6.238s] Level 1:colcon.colcon_core.package_identification:_identify(simulation_ws/src/turtlebot3/turtlebot3_bringup) by extension 'ignore_ament_install'
[6.238s] Level 1:colcon.colcon_core.package_identification:_identify(simulation_ws/src/turtlebot3/turtlebot3_bringup) by extensions ['colcon_pkg']
[6.238s] Level 1:colcon.colcon_core.package_identification:_identify(simulation_ws/src/turtlebot3/turtlebot3_bringup) by extension 'colcon_pkg'
[6.238s] Level 1:colcon.colcon_core.package_identification:_identify(simulation_ws/src/turtlebot3/turtlebot3_bringup) by extensions ['colcon_meta']
[6.239s] Level 1:colcon.colcon_core.package_identification:_identify(simulation_ws/src/turtlebot3/turtlebot3_bringup) by extension 'colcon_meta'
[6.239s] Level 1:colcon.colcon_core.package_identification:_identify(simulation_ws/src/turtlebot3/turtlebot3_bringup) by extensions ['ros']
[6.239s] Level 1:colcon.colcon_core.package_identification:_identify(simulation_ws/src/turtlebot3/turtlebot3_bringup) by extension 'ros'
[6.239s] DEBUG:colcon.colcon_core.package_identification:Package 'simulation_ws/src/turtlebot3/turtlebot3_bringup' with type 'ros.ament_cmake' and name 'turtlebot3_bringup'
[6.240s] Level 1:colcon.colcon_core.package_identification:_identify(simulation_ws/src/turtlebot3/turtlebot3_cartographer) by extensions ['ignore', 'ignore_ament_install']
[6.240s] Level 1:colcon.colcon_core.package_identification:_identify(simulation_ws/src/turtlebot3/turtlebot3_cartographer) by extension 'ignore'
[6.240s] Level 1:colcon.colcon_core.package_identification:_identify(simulation_ws/src/turtlebot3/turtlebot3_cartographer) by extension 'ignore_ament_install'
[6.240s] Level 1:colcon.colcon_core.package_identification:_identify(simulation_ws/src/turtlebot3/turtlebot3_cartographer) by extensions ['colcon_pkg']
[6.240s] Level 1:colcon.colcon_core.package_identification:_identify(simulation_ws/src/turtlebot3/turtlebot3_cartographer) by extension 'colcon_pkg'
[6.240s] Level 1:colcon.colcon_core.package_identification:_identify(simulation_ws/src/turtlebot3/turtlebot3_cartographer) by extensions ['colcon_meta']
[6.240s] Level 1:colcon.colcon_core.package_identification:_identify(simulation_ws/src/turtlebot3/turtlebot3_cartographer) by extension 'colcon_meta'
[6.240s] Level 1:colcon.colcon_core.package_identification:_identify(simulation_ws/src/turtlebot3/turtlebot3_cartographer) by extensions ['ros']
[6.240s] Level 1:colcon.colcon_core.package_identification:_identify(simulation_ws/src/turtlebot3/turtlebot3_cartographer) by extension 'ros'
[6.241s] DEBUG:colcon.colcon_core.package_identification:Package 'simulation_ws/src/turtlebot3/turtlebot3_cartographer' with type 'ros.ament_cmake' and name 'turtlebot3_cartographer'
[6.241s] Level 1:colcon.colcon_core.package_identification:_identify(simulation_ws/src/turtlebot3/turtlebot3_description) by extensions ['ignore', 'ignore_ament_install']
[6.241s] Level 1:colcon.colcon_core.package_identification:_identify(simulation_ws/src/turtlebot3/turtlebot3_description) by extension 'ignore'
[6.241s] Level 1:colcon.colcon_core.package_identification:_identify(simulation_ws/src/turtlebot3/turtlebot3_description) by extension 'ignore_ament_install'
[6.241s] Level 1:colcon.colcon_core.package_identification:_identify(simulation_ws/src/turtlebot3/turtlebot3_description) by extensions ['colcon_pkg']
[6.242s] Level 1:colcon.colcon_core.package_identification:_identify(simulation_ws/src/turtlebot3/turtlebot3_description) by extension 'colcon_pkg'
[6.242s] Level 1:colcon.colcon_core.package_identification:_identify(simulation_ws/src/turtlebot3/turtlebot3_description) by extensions ['colcon_meta']
[6.242s] Level 1:colcon.colcon_core.package_identification:_identify(simulation_ws/src/turtlebot3/turtlebot3_description) by extension 'colcon_meta'
[6.242s] Level 1:colcon.colcon_core.package_identification:_identify(simulation_ws/src/turtlebot3/turtlebot3_description) by extensions ['ros']
[6.242s] Level 1:colcon.colcon_core.package_identification:_identify(simulation_ws/src/turtlebot3/turtlebot3_description) by extension 'ros'
[6.243s] DEBUG:colcon.colcon_core.package_identification:Package 'simulation_ws/src/turtlebot3/turtlebot3_description' with type 'ros.ament_cmake' and name 'turtlebot3_description'
[6.243s] Level 1:colcon.colcon_core.package_identification:_identify(simulation_ws/src/turtlebot3/turtlebot3_example) by extensions ['ignore', 'ignore_ament_install']
[6.243s] Level 1:colcon.colcon_core.package_identification:_identify(simulation_ws/src/turtlebot3/turtlebot3_example) by extension 'ignore'
[6.243s] Level 1:colcon.colcon_core.package_identification:_identify(simulation_ws/src/turtlebot3/turtlebot3_example) by extension 'ignore_ament_install'
[6.243s] Level 1:colcon.colcon_core.package_identification:_identify(simulation_ws/src/turtlebot3/turtlebot3_example) by extensions ['colcon_pkg']
[6.243s] Level 1:colcon.colcon_core.package_identification:_identify(simulation_ws/src/turtlebot3/turtlebot3_example) by extension 'colcon_pkg'
[6.243s] Level 1:colcon.colcon_core.package_identification:_identify(simulation_ws/src/turtlebot3/turtlebot3_example) by extensions ['colcon_meta']
[6.243s] Level 1:colcon.colcon_core.package_identification:_identify(simulation_ws/src/turtlebot3/turtlebot3_example) by extension 'colcon_meta'
[6.243s] Level 1:colcon.colcon_core.package_identification:_identify(simulation_ws/src/turtlebot3/turtlebot3_example) by extensions ['ros']
[6.243s] Level 1:colcon.colcon_core.package_identification:_identify(simulation_ws/src/turtlebot3/turtlebot3_example) by extension 'ros'
[6.244s] DEBUG:colcon.colcon_core.package_identification:Package 'simulation_ws/src/turtlebot3/turtlebot3_example' with type 'ros.ament_python' and name 'turtlebot3_example'
[6.245s] Level 1:colcon.colcon_core.package_identification:_identify(simulation_ws/src/turtlebot3/turtlebot3_navigation2) by extensions ['ignore', 'ignore_ament_install']
[6.245s] Level 1:colcon.colcon_core.package_identification:_identify(simulation_ws/src/turtlebot3/turtlebot3_navigation2) by extension 'ignore'
[6.245s] Level 1:colcon.colcon_core.package_identification:_identify(simulation_ws/src/turtlebot3/turtlebot3_navigation2) by extension 'ignore_ament_install'
[6.245s] Level 1:colcon.colcon_core.package_identification:_identify(simulation_ws/src/turtlebot3/turtlebot3_navigation2) by extensions ['colcon_pkg']
[6.245s] Level 1:colcon.colcon_core.package_identification:_identify(simulation_ws/src/turtlebot3/turtlebot3_navigation2) by extension 'colcon_pkg'
[6.245s] Level 1:colcon.colcon_core.package_identification:_identify(simulation_ws/src/turtlebot3/turtlebot3_navigation2) by extensions ['colcon_meta']
[6.245s] Level 1:colcon.colcon_core.package_identification:_identify(simulation_ws/src/turtlebot3/turtlebot3_navigation2) by extension 'colcon_meta'
[6.245s] Level 1:colcon.colcon_core.package_identification:_identify(simulation_ws/src/turtlebot3/turtlebot3_navigation2) by extensions ['ros']
[6.245s] Level 1:colcon.colcon_core.package_identification:_identify(simulation_ws/src/turtlebot3/turtlebot3_navigation2) by extension 'ros'
[6.246s] DEBUG:colcon.colcon_core.package_identification:Package 'simulation_ws/src/turtlebot3/turtlebot3_navigation2' with type 'ros.ament_cmake' and name 'turtlebot3_navigation2'
[6.246s] Level 1:colcon.colcon_core.package_identification:_identify(simulation_ws/src/turtlebot3/turtlebot3_node) by extensions ['ignore', 'ignore_ament_install']
[6.246s] Level 1:colcon.colcon_core.package_identification:_identify(simulation_ws/src/turtlebot3/turtlebot3_node) by extension 'ignore'
[6.246s] Level 1:colcon.colcon_core.package_identification:_identify(simulation_ws/src/turtlebot3/turtlebot3_node) by extension 'ignore_ament_install'
[6.246s] Level 1:colcon.colcon_core.package_identification:_identify(simulation_ws/src/turtlebot3/turtlebot3_node) by extensions ['colcon_pkg']
[6.246s] Level 1:colcon.colcon_core.package_identification:_identify(simulation_ws/src/turtlebot3/turtlebot3_node) by extension 'colcon_pkg'
[6.246s] Level 1:colcon.colcon_core.package_identification:_identify(simulation_ws/src/turtlebot3/turtlebot3_node) by extensions ['colcon_meta']
[6.246s] Level 1:colcon.colcon_core.package_identification:_identify(simulation_ws/src/turtlebot3/turtlebot3_node) by extension 'colcon_meta'
[6.247s] Level 1:colcon.colcon_core.package_identification:_identify(simulation_ws/src/turtlebot3/turtlebot3_node) by extensions ['ros']
[6.247s] Level 1:colcon.colcon_core.package_identification:_identify(simulation_ws/src/turtlebot3/turtlebot3_node) by extension 'ros'
[6.248s] DEBUG:colcon.colcon_core.package_identification:Package 'simulation_ws/src/turtlebot3/turtlebot3_node' with type 'ros.ament_cmake' and name 'turtlebot3_node'
[6.248s] Level 1:colcon.colcon_core.package_identification:_identify(simulation_ws/src/turtlebot3/turtlebot3_teleop) by extensions ['ignore', 'ignore_ament_install']
[6.249s] Level 1:colcon.colcon_core.package_identification:_identify(simulation_ws/src/turtlebot3/turtlebot3_teleop) by extension 'ignore'
[6.249s] Level 1:colcon.colcon_core.package_identification:_identify(simulation_ws/src/turtlebot3/turtlebot3_teleop) by extension 'ignore_ament_install'
[6.249s] Level 1:colcon.colcon_core.package_identification:_identify(simulation_ws/src/turtlebot3/turtlebot3_teleop) by extensions ['colcon_pkg']
[6.249s] Level 1:colcon.colcon_core.package_identification:_identify(simulation_ws/src/turtlebot3/turtlebot3_teleop) by extension 'colcon_pkg'
[6.249s] Level 1:colcon.colcon_core.package_identification:_identify(simulation_ws/src/turtlebot3/turtlebot3_teleop) by extensions ['colcon_meta']
[6.249s] Level 1:colcon.colcon_core.package_identification:_identify(simulation_ws/src/turtlebot3/turtlebot3_teleop) by extension 'colcon_meta'
[6.249s] Level 1:colcon.colcon_core.package_identification:_identify(simulation_ws/src/turtlebot3/turtlebot3_teleop) by extensions ['ros']
[6.249s] Level 1:colcon.colcon_core.package_identification:_identify(simulation_ws/src/turtlebot3/turtlebot3_teleop) by extension 'ros'
[6.250s] DEBUG:colcon.colcon_core.package_identification:Package 'simulation_ws/src/turtlebot3/turtlebot3_teleop' with type 'ros.ament_python' and name 'turtlebot3_teleop'
[6.250s] Level 1:colcon.colcon_core.package_identification:_identify(simulation_ws/src/turtlebot3_msgs) by extensions ['ignore', 'ignore_ament_install']
[6.250s] Level 1:colcon.colcon_core.package_identification:_identify(simulation_ws/src/turtlebot3_msgs) by extension 'ignore'
[6.250s] Level 1:colcon.colcon_core.package_identification:_identify(simulation_ws/src/turtlebot3_msgs) by extension 'ignore_ament_install'
[6.250s] Level 1:colcon.colcon_core.package_identification:_identify(simulation_ws/src/turtlebot3_msgs) by extensions ['colcon_pkg']
[6.250s] Level 1:colcon.colcon_core.package_identification:_identify(simulation_ws/src/turtlebot3_msgs) by extension 'colcon_pkg'
[6.250s] Level 1:colcon.colcon_core.package_identification:_identify(simulation_ws/src/turtlebot3_msgs) by extensions ['colcon_meta']
[6.250s] Level 1:colcon.colcon_core.package_identification:_identify(simulation_ws/src/turtlebot3_msgs) by extension 'colcon_meta'
[6.250s] Level 1:colcon.colcon_core.package_identification:_identify(simulation_ws/src/turtlebot3_msgs) by extensions ['ros']
[6.250s] Level 1:colcon.colcon_core.package_identification:_identify(simulation_ws/src/turtlebot3_msgs) by extension 'ros'
[6.251s] DEBUG:colcon.colcon_core.package_identification:Package 'simulation_ws/src/turtlebot3_msgs' with type 'ros.ament_cmake' and name 'turtlebot3_msgs'
[6.251s] Level 1:colcon.colcon_core.package_identification:_identify(simulation_ws/src/turtlebot3_ros2) by extensions ['ignore', 'ignore_ament_install']
[6.251s] Level 1:colcon.colcon_core.package_identification:_identify(simulation_ws/src/turtlebot3_ros2) by extension 'ignore'
[6.251s] Level 1:colcon.colcon_core.package_identification:_identify(simulation_ws/src/turtlebot3_ros2) by extension 'ignore_ament_install'
[6.252s] Level 1:colcon.colcon_core.package_identification:_identify(simulation_ws/src/turtlebot3_ros2) by extensions ['colcon_pkg']
[6.252s] Level 1:colcon.colcon_core.package_identification:_identify(simulation_ws/src/turtlebot3_ros2) by extension 'colcon_pkg'
[6.252s] Level 1:colcon.colcon_core.package_identification:_identify(simulation_ws/src/turtlebot3_ros2) by extensions ['colcon_meta']
[6.252s] Level 1:colcon.colcon_core.package_identification:_identify(simulation_ws/src/turtlebot3_ros2) by extension 'colcon_meta'
[6.252s] Level 1:colcon.colcon_core.package_identification:_identify(simulation_ws/src/turtlebot3_ros2) by extensions ['ros']
[6.252s] Level 1:colcon.colcon_core.package_identification:_identify(simulation_ws/src/turtlebot3_ros2) by extension 'ros'
[6.252s] Level 1:colcon.colcon_core.package_identification:_identify(simulation_ws/src/turtlebot3_ros2) by extensions ['cmake', 'python']
[6.252s] Level 1:colcon.colcon_core.package_identification:_identify(simulation_ws/src/turtlebot3_ros2) by extension 'cmake'
[6.252s] Level 1:colcon.colcon_core.package_identification:_identify(simulation_ws/src/turtlebot3_ros2) by extension 'python'
[6.252s] Level 1:colcon.colcon_core.package_identification:_identify(simulation_ws/src/turtlebot3_ros2) by extensions ['python_setup_py']
[6.252s] Level 1:colcon.colcon_core.package_identification:_identify(simulation_ws/src/turtlebot3_ros2) by extension 'python_setup_py'
[6.252s] Level 1:colcon.colcon_core.package_identification:_identify(simulation_ws/src/turtlebot3_ros2/turtlebot3_gazebo) by extensions ['ignore', 'ignore_ament_install']
[6.253s] Level 1:colcon.colcon_core.package_identification:_identify(simulation_ws/src/turtlebot3_ros2/turtlebot3_gazebo) by extension 'ignore'
[6.253s] Level 1:colcon.colcon_core.package_identification:_identify(simulation_ws/src/turtlebot3_ros2/turtlebot3_gazebo) by extension 'ignore_ament_install'
[6.253s] Level 1:colcon.colcon_core.package_identification:_identify(simulation_ws/src/turtlebot3_ros2/turtlebot3_gazebo) by extensions ['colcon_pkg']
[6.253s] Level 1:colcon.colcon_core.package_identification:_identify(simulation_ws/src/turtlebot3_ros2/turtlebot3_gazebo) by extension 'colcon_pkg'
[6.253s] Level 1:colcon.colcon_core.package_identification:_identify(simulation_ws/src/turtlebot3_ros2/turtlebot3_gazebo) by extensions ['colcon_meta']
[6.253s] Level 1:colcon.colcon_core.package_identification:_identify(simulation_ws/src/turtlebot3_ros2/turtlebot3_gazebo) by extension 'colcon_meta'
[6.253s] Level 1:colcon.colcon_core.package_identification:_identify(simulation_ws/src/turtlebot3_ros2/turtlebot3_gazebo) by extensions ['ros']
[6.253s] Level 1:colcon.colcon_core.package_identification:_identify(simulation_ws/src/turtlebot3_ros2/turtlebot3_gazebo) by extension 'ros'
[6.255s] DEBUG:colcon.colcon_core.package_identification:Package 'simulation_ws/src/turtlebot3_ros2/turtlebot3_gazebo' with type 'ros.ament_cmake' and name 'turtlebot3_gazebo'
[6.255s] Level 1:colcon.colcon_core.package_identification:_identify(simulation_ws/src/turtlebot3_ros2/turtlebot3_simulations) by extensions ['ignore', 'ignore_ament_install']
[6.255s] Level 1:colcon.colcon_core.package_identification:_identify(simulation_ws/src/turtlebot3_ros2/turtlebot3_simulations) by extension 'ignore'
[6.255s] Level 1:colcon.colcon_core.package_identification:_identify(simulation_ws/src/turtlebot3_ros2/turtlebot3_simulations) by extension 'ignore_ament_install'
[6.255s] Level 1:colcon.colcon_core.package_identification:_identify(simulation_ws/src/turtlebot3_ros2/turtlebot3_simulations) by extensions ['colcon_pkg']
[6.255s] Level 1:colcon.colcon_core.package_identification:_identify(simulation_ws/src/turtlebot3_ros2/turtlebot3_simulations) by extension 'colcon_pkg'
[6.255s] Level 1:colcon.colcon_core.package_identification:_identify(simulation_ws/src/turtlebot3_ros2/turtlebot3_simulations) by extensions ['colcon_meta']
[6.256s] Level 1:colcon.colcon_core.package_identification:_identify(simulation_ws/src/turtlebot3_ros2/turtlebot3_simulations) by extension 'colcon_meta'
[6.256s] Level 1:colcon.colcon_core.package_identification:_identify(simulation_ws/src/turtlebot3_ros2/turtlebot3_simulations) by extensions ['ros']
[6.256s] Level 1:colcon.colcon_core.package_identification:_identify(simulation_ws/src/turtlebot3_ros2/turtlebot3_simulations) by extension 'ros'
[6.257s] DEBUG:colcon.colcon_core.package_identification:Package 'simulation_ws/src/turtlebot3_ros2/turtlebot3_simulations' with type 'ros.ament_cmake' and name 'turtlebot3_simulations'
[6.257s] Level 1:colcon.colcon_core.package_identification:_identify(topics_quiz_pkg) by extensions ['ignore', 'ignore_ament_install']
[6.257s] Level 1:colcon.colcon_core.package_identification:_identify(topics_quiz_pkg) by extension 'ignore'
[6.257s] Level 1:colcon.colcon_core.package_identification:_identify(topics_quiz_pkg) by extension 'ignore_ament_install'
[6.257s] Level 1:colcon.colcon_core.package_identification:_identify(topics_quiz_pkg) by extensions ['colcon_pkg']
[6.257s] Level 1:colcon.colcon_core.package_identification:_identify(topics_quiz_pkg) by extension 'colcon_pkg'
[6.257s] Level 1:colcon.colcon_core.package_identification:_identify(topics_quiz_pkg) by extensions ['colcon_meta']
[6.257s] Level 1:colcon.colcon_core.package_identification:_identify(topics_quiz_pkg) by extension 'colcon_meta'
[6.257s] Level 1:colcon.colcon_core.package_identification:_identify(topics_quiz_pkg) by extensions ['ros']
[6.257s] Level 1:colcon.colcon_core.package_identification:_identify(topics_quiz_pkg) by extension 'ros'
[6.259s] DEBUG:colcon.colcon_core.package_identification:Package 'topics_quiz_pkg' with type 'ros.ament_python' and name 'topics_quiz_pkg'
[6.259s] Level 1:colcon.colcon_core.package_identification:_identify(webpage_ws) by extensions ['ignore', 'ignore_ament_install']
[6.259s] Level 1:colcon.colcon_core.package_identification:_identify(webpage_ws) by extension 'ignore'
[6.259s] Level 1:colcon.colcon_core.package_identification:_identify(webpage_ws) by extension 'ignore_ament_install'
[6.259s] Level 1:colcon.colcon_core.package_identification:_identify(webpage_ws) by extensions ['colcon_pkg']
[6.259s] Level 1:colcon.colcon_core.package_identification:_identify(webpage_ws) by extension 'colcon_pkg'
[6.259s] Level 1:colcon.colcon_core.package_identification:_identify(webpage_ws) by extensions ['colcon_meta']
[6.259s] Level 1:colcon.colcon_core.package_identification:_identify(webpage_ws) by extension 'colcon_meta'
[6.259s] Level 1:colcon.colcon_core.package_identification:_identify(webpage_ws) by extensions ['ros']
[6.259s] Level 1:colcon.colcon_core.package_identification:_identify(webpage_ws) by extension 'ros'
[6.259s] Level 1:colcon.colcon_core.package_identification:_identify(webpage_ws) by extensions ['cmake', 'python']
[6.260s] Level 1:colcon.colcon_core.package_identification:_identify(webpage_ws) by extension 'cmake'
[6.260s] Level 1:colcon.colcon_core.package_identification:_identify(webpage_ws) by extension 'python'
[6.260s] Level 1:colcon.colcon_core.package_identification:_identify(webpage_ws) by extensions ['python_setup_py']
[6.260s] Level 1:colcon.colcon_core.package_identification:_identify(webpage_ws) by extension 'python_setup_py'
[6.260s] Level 1:colcon.colcon_core.package_discovery:discover_packages(recursive) using defaults
[6.260s] Level 1:colcon.colcon_core.package_discovery:discover_packages(ignore) discover
[6.260s] Level 1:colcon.colcon_core.package_discovery:discover_packages(ignore) using defaults
[6.260s] Level 1:colcon.colcon_core.package_discovery:discover_packages(path) discover
[6.260s] Level 1:colcon.colcon_core.package_discovery:discover_packages(path) using defaults
[6.387s] Level 5:colcon.colcon_core.verb:set package 'Project' build argument 'cmake_args' from command line to 'None'
[6.387s] Level 5:colcon.colcon_core.verb:set package 'Project' build argument 'cmake_target' from command line to 'None'
[6.388s] Level 5:colcon.colcon_core.verb:set package 'Project' build argument 'cmake_target_skip_unavailable' from command line to 'False'
[6.388s] Level 5:colcon.colcon_core.verb:set package 'Project' build argument 'cmake_clean_cache' from command line to 'False'
[6.388s] Level 5:colcon.colcon_core.verb:set package 'Project' build argument 'cmake_clean_first' from command line to 'False'
[6.388s] Level 5:colcon.colcon_core.verb:set package 'Project' build argument 'cmake_force_configure' from command line to 'False'
[6.388s] Level 5:colcon.colcon_core.verb:set package 'Project' build argument 'ament_cmake_args' from command line to 'None'
[6.388s] Level 5:colcon.colcon_core.verb:set package 'Project' build argument 'catkin_cmake_args' from command line to 'None'
[6.388s] Level 5:colcon.colcon_core.verb:set package 'Project' build argument 'catkin_skip_building_tests' from command line to 'False'
[6.388s] DEBUG:colcon.colcon_core.verb:Building package 'Project' with the following arguments: {'ament_cmake_args': None, 'build_base': '/home/user/build/Project', 'catkin_cmake_args': None, 'catkin_skip_building_tests': False, 'cmake_args': None, 'cmake_clean_cache': False, 'cmake_clean_first': False, 'cmake_force_configure': False, 'cmake_target': None, 'cmake_target_skip_unavailable': False, 'install_base': '/home/user/install/Project', 'merge_install': False, 'path': '/home/user/catkin_ws/src', 'symlink_install': False, 'test_result_base': None}
[6.391s] Level 5:colcon.colcon_core.verb:set package 'custom_interfaces' build argument 'cmake_args' from command line to 'None'
[6.391s] Level 5:colcon.colcon_core.verb:set package 'custom_interfaces' build argument 'cmake_target' from command line to 'None'
[6.391s] Level 5:colcon.colcon_core.verb:set package 'custom_interfaces' build argument 'cmake_target_skip_unavailable' from command line to 'False'
[6.391s] Level 5:colcon.colcon_core.verb:set package 'custom_interfaces' build argument 'cmake_clean_cache' from command line to 'False'
[6.391s] Level 5:colcon.colcon_core.verb:set package 'custom_interfaces' build argument 'cmake_clean_first' from command line to 'False'
[6.391s] Level 5:colcon.colcon_core.verb:set package 'custom_interfaces' build argument 'cmake_force_configure' from command line to 'False'
[6.391s] Level 5:colcon.colcon_core.verb:set package 'custom_interfaces' build argument 'ament_cmake_args' from command line to 'None'
[6.391s] Level 5:colcon.colcon_core.verb:set package 'custom_interfaces' build argument 'catkin_cmake_args' from command line to 'None'
[6.391s] Level 5:colcon.colcon_core.verb:set package 'custom_interfaces' build argument 'catkin_skip_building_tests' from command line to 'False'
[6.391s] DEBUG:colcon.colcon_core.verb:Building package 'custom_interfaces' with the following arguments: {'ament_cmake_args': None, 'build_base': '/home/user/build/custom_interfaces', 'catkin_cmake_args': None, 'catkin_skip_building_tests': False, 'cmake_args': None, 'cmake_clean_cache': False, 'cmake_clean_first': False, 'cmake_force_configure': False, 'cmake_target': None, 'cmake_target_skip_unavailable': False, 'install_base': '/home/user/install/custom_interfaces', 'merge_install': False, 'path': '/home/user/ros2_ws/src/custom_interfaces', 'symlink_install': False, 'test_result_base': None}
[6.395s] Level 5:colcon.colcon_core.verb:set package 'topics_quiz_pkg' build argument 'cmake_args' from command line to 'None'
[6.395s] Level 5:colcon.colcon_core.verb:set package 'topics_quiz_pkg' build argument 'cmake_target' from command line to 'None'
[6.395s] Level 5:colcon.colcon_core.verb:set package 'topics_quiz_pkg' build argument 'cmake_target_skip_unavailable' from command line to 'False'
[6.395s] Level 5:colcon.colcon_core.verb:set package 'topics_quiz_pkg' build argument 'cmake_clean_cache' from command line to 'False'
[6.395s] Level 5:colcon.colcon_core.verb:set package 'topics_quiz_pkg' build argument 'cmake_clean_first' from command line to 'False'
[6.395s] Level 5:colcon.colcon_core.verb:set package 'topics_quiz_pkg' build argument 'cmake_force_configure' from command line to 'False'
[6.395s] Level 5:colcon.colcon_core.verb:set package 'topics_quiz_pkg' build argument 'ament_cmake_args' from command line to 'None'
[6.395s] Level 5:colcon.colcon_core.verb:set package 'topics_quiz_pkg' build argument 'catkin_cmake_args' from command line to 'None'
[6.395s] Level 5:colcon.colcon_core.verb:set package 'topics_quiz_pkg' build argument 'catkin_skip_building_tests' from command line to 'False'
[6.395s] DEBUG:colcon.colcon_core.verb:Building package 'topics_quiz_pkg' with the following arguments: {'ament_cmake_args': None, 'build_base': '/home/user/build/topics_quiz_pkg', 'catkin_cmake_args': None, 'catkin_skip_building_tests': False, 'cmake_args': None, 'cmake_clean_cache': False, 'cmake_clean_first': False, 'cmake_force_configure': False, 'cmake_target': None, 'cmake_target_skip_unavailable': False, 'install_base': '/home/user/install/topics_quiz_pkg', 'merge_install': False, 'path': '/home/user/topics_quiz_pkg', 'symlink_install': False, 'test_result_base': None}
[6.398s] Level 5:colcon.colcon_core.verb:set package 'turtlebot3_cartographer' build argument 'cmake_args' from command line to 'None'
[6.398s] Level 5:colcon.colcon_core.verb:set package 'turtlebot3_cartographer' build argument 'cmake_target' from command line to 'None'
[6.398s] Level 5:colcon.colcon_core.verb:set package 'turtlebot3_cartographer' build argument 'cmake_target_skip_unavailable' from command line to 'False'
[6.398s] Level 5:colcon.colcon_core.verb:set package 'turtlebot3_cartographer' build argument 'cmake_clean_cache' from command line to 'False'
[6.398s] Level 5:colcon.colcon_core.verb:set package 'turtlebot3_cartographer' build argument 'cmake_clean_first' from command line to 'False'
[6.398s] Level 5:colcon.colcon_core.verb:set package 'turtlebot3_cartographer' build argument 'cmake_force_configure' from command line to 'False'
[6.398s] Level 5:colcon.colcon_core.verb:set package 'turtlebot3_cartographer' build argument 'ament_cmake_args' from command line to 'None'
[6.398s] Level 5:colcon.colcon_core.verb:set package 'turtlebot3_cartographer' build argument 'catkin_cmake_args' from command line to 'None'
[6.398s] Level 5:colcon.colcon_core.verb:set package 'turtlebot3_cartographer' build argument 'catkin_skip_building_tests' from command line to 'False'
[6.398s] DEBUG:colcon.colcon_core.verb:Building package 'turtlebot3_cartographer' with the following arguments: {'ament_cmake_args': None, 'build_base': '/home/user/build/turtlebot3_cartographer', 'catkin_cmake_args': None, 'catkin_skip_building_tests': False, 'cmake_args': None, 'cmake_clean_cache': False, 'cmake_clean_first': False, 'cmake_force_configure': False, 'cmake_target': None, 'cmake_target_skip_unavailable': False, 'install_base': '/home/user/install/turtlebot3_cartographer', 'merge_install': False, 'path': '/home/user/simulation_ws/src/turtlebot3/turtlebot3_cartographer', 'symlink_install': False, 'test_result_base': None}
[6.401s] Level 5:colcon.colcon_core.verb:set package 'turtlebot3_description' build argument 'cmake_args' from command line to 'None'
[6.401s] Level 5:colcon.colcon_core.verb:set package 'turtlebot3_description' build argument 'cmake_target' from command line to 'None'
[6.401s] Level 5:colcon.colcon_core.verb:set package 'turtlebot3_description' build argument 'cmake_target_skip_unavailable' from command line to 'False'
[6.401s] Level 5:colcon.colcon_core.verb:set package 'turtlebot3_description' build argument 'cmake_clean_cache' from command line to 'False'
[6.401s] Level 5:colcon.colcon_core.verb:set package 'turtlebot3_description' build argument 'cmake_clean_first' from command line to 'False'
[6.401s] Level 5:colcon.colcon_core.verb:set package 'turtlebot3_description' build argument 'cmake_force_configure' from command line to 'False'
[6.401s] Level 5:colcon.colcon_core.verb:set package 'turtlebot3_description' build argument 'ament_cmake_args' from command line to 'None'
[6.401s] Level 5:colcon.colcon_core.verb:set package 'turtlebot3_description' build argument 'catkin_cmake_args' from command line to 'None'
[6.401s] Level 5:colcon.colcon_core.verb:set package 'turtlebot3_description' build argument 'catkin_skip_building_tests' from command line to 'False'
[6.401s] DEBUG:colcon.colcon_core.verb:Building package 'turtlebot3_description' with the following arguments: {'ament_cmake_args': None, 'build_base': '/home/user/build/turtlebot3_description', 'catkin_cmake_args': None, 'catkin_skip_building_tests': False, 'cmake_args': None, 'cmake_clean_cache': False, 'cmake_clean_first': False, 'cmake_force_configure': False, 'cmake_target': None, 'cmake_target_skip_unavailable': False, 'install_base': '/home/user/install/turtlebot3_description', 'merge_install': False, 'path': '/home/user/simulation_ws/src/turtlebot3/turtlebot3_description', 'symlink_install': False, 'test_result_base': None}
[6.404s] Level 5:colcon.colcon_core.verb:set package 'turtlebot3_gazebo' build argument 'cmake_args' from command line to 'None'
[6.404s] Level 5:colcon.colcon_core.verb:set package 'turtlebot3_gazebo' build argument 'cmake_target' from command line to 'None'
[6.404s] Level 5:colcon.colcon_core.verb:set package 'turtlebot3_gazebo' build argument 'cmake_target_skip_unavailable' from command line to 'False'
[6.404s] Level 5:colcon.colcon_core.verb:set package 'turtlebot3_gazebo' build argument 'cmake_clean_cache' from command line to 'False'
[6.404s] Level 5:colcon.colcon_core.verb:set package 'turtlebot3_gazebo' build argument 'cmake_clean_first' from command line to 'False'
[6.404s] Level 5:colcon.colcon_core.verb:set package 'turtlebot3_gazebo' build argument 'cmake_force_configure' from command line to 'False'
[6.404s] Level 5:colcon.colcon_core.verb:set package 'turtlebot3_gazebo' build argument 'ament_cmake_args' from command line to 'None'
[6.404s] Level 5:colcon.colcon_core.verb:set package 'turtlebot3_gazebo' build argument 'catkin_cmake_args' from command line to 'None'
[6.404s] Level 5:colcon.colcon_core.verb:set package 'turtlebot3_gazebo' build argument 'catkin_skip_building_tests' from command line to 'False'
[6.404s] DEBUG:colcon.colcon_core.verb:Building package 'turtlebot3_gazebo' with the following arguments: {'ament_cmake_args': None, 'build_base': '/home/user/build/turtlebot3_gazebo', 'catkin_cmake_args': None, 'catkin_skip_building_tests': False, 'cmake_args': None, 'cmake_clean_cache': False, 'cmake_clean_first': False, 'cmake_force_configure': False, 'cmake_target': None, 'cmake_target_skip_unavailable': False, 'install_base': '/home/user/install/turtlebot3_gazebo', 'merge_install': False, 'path': '/home/user/simulation_ws/src/turtlebot3_ros2/turtlebot3_gazebo', 'symlink_install': False, 'test_result_base': None}
[6.407s] Level 5:colcon.colcon_core.verb:set package 'turtlebot3_msgs' build argument 'cmake_args' from command line to 'None'
[6.407s] Level 5:colcon.colcon_core.verb:set package 'turtlebot3_msgs' build argument 'cmake_target' from command line to 'None'
[6.407s] Level 5:colcon.colcon_core.verb:set package 'turtlebot3_msgs' build argument 'cmake_target_skip_unavailable' from command line to 'False'
[6.407s] Level 5:colcon.colcon_core.verb:set package 'turtlebot3_msgs' build argument 'cmake_clean_cache' from command line to 'False'
[6.408s] Level 5:colcon.colcon_core.verb:set package 'turtlebot3_msgs' build argument 'cmake_clean_first' from command line to 'False'
[6.408s] Level 5:colcon.colcon_core.verb:set package 'turtlebot3_msgs' build argument 'cmake_force_configure' from command line to 'False'
[6.408s] Level 5:colcon.colcon_core.verb:set package 'turtlebot3_msgs' build argument 'ament_cmake_args' from command line to 'None'
[6.408s] Level 5:colcon.colcon_core.verb:set package 'turtlebot3_msgs' build argument 'catkin_cmake_args' from command line to 'None'
[6.408s] Level 5:colcon.colcon_core.verb:set package 'turtlebot3_msgs' build argument 'catkin_skip_building_tests' from command line to 'False'
[6.408s] DEBUG:colcon.colcon_core.verb:Building package 'turtlebot3_msgs' with the following arguments: {'ament_cmake_args': None, 'build_base': '/home/user/build/turtlebot3_msgs', 'catkin_cmake_args': None, 'catkin_skip_building_tests': False, 'cmake_args': None, 'cmake_clean_cache': False, 'cmake_clean_first': False, 'cmake_force_configure': False, 'cmake_target': None, 'cmake_target_skip_unavailable': False, 'install_base': '/home/user/install/turtlebot3_msgs', 'merge_install': False, 'path': '/home/user/simulation_ws/src/turtlebot3_msgs', 'symlink_install': False, 'test_result_base': None}
[6.410s] Level 5:colcon.colcon_core.verb:set package 'turtlebot3_navigation2' build argument 'cmake_args' from command line to 'None'
[6.410s] Level 5:colcon.colcon_core.verb:set package 'turtlebot3_navigation2' build argument 'cmake_target' from command line to 'None'
[6.410s] Level 5:colcon.colcon_core.verb:set package 'turtlebot3_navigation2' build argument 'cmake_target_skip_unavailable' from command line to 'False'
[6.411s] Level 5:colcon.colcon_core.verb:set package 'turtlebot3_navigation2' build argument 'cmake_clean_cache' from command line to 'False'
[6.411s] Level 5:colcon.colcon_core.verb:set package 'turtlebot3_navigation2' build argument 'cmake_clean_first' from command line to 'False'
[6.411s] Level 5:colcon.colcon_core.verb:set package 'turtlebot3_navigation2' build argument 'cmake_force_configure' from command line to 'False'
[6.411s] Level 5:colcon.colcon_core.verb:set package 'turtlebot3_navigation2' build argument 'ament_cmake_args' from command line to 'None'
[6.411s] Level 5:colcon.colcon_core.verb:set package 'turtlebot3_navigation2' build argument 'catkin_cmake_args' from command line to 'None'
[6.411s] Level 5:colcon.colcon_core.verb:set package 'turtlebot3_navigation2' build argument 'catkin_skip_building_tests' from command line to 'False'
[6.411s] DEBUG:colcon.colcon_core.verb:Building package 'turtlebot3_navigation2' with the following arguments: {'ament_cmake_args': None, 'build_base': '/home/user/build/turtlebot3_navigation2', 'catkin_cmake_args': None, 'catkin_skip_building_tests': False, 'cmake_args': None, 'cmake_clean_cache': False, 'cmake_clean_first': False, 'cmake_force_configure': False, 'cmake_target': None, 'cmake_target_skip_unavailable': False, 'install_base': '/home/user/install/turtlebot3_navigation2', 'merge_install': False, 'path': '/home/user/simulation_ws/src/turtlebot3/turtlebot3_navigation2', 'symlink_install': False, 'test_result_base': None}
[6.413s] Level 5:colcon.colcon_core.verb:set package 'turtlebot3_teleop' build argument 'cmake_args' from command line to 'None'
[6.413s] Level 5:colcon.colcon_core.verb:set package 'turtlebot3_teleop' build argument 'cmake_target' from command line to 'None'
[6.414s] Level 5:colcon.colcon_core.verb:set package 'turtlebot3_teleop' build argument 'cmake_target_skip_unavailable' from command line to 'False'
[6.414s] Level 5:colcon.colcon_core.verb:set package 'turtlebot3_teleop' build argument 'cmake_clean_cache' from command line to 'False'
[6.414s] Level 5:colcon.colcon_core.verb:set package 'turtlebot3_teleop' build argument 'cmake_clean_first' from command line to 'False'
[6.414s] Level 5:colcon.colcon_core.verb:set package 'turtlebot3_teleop' build argument 'cmake_force_configure' from command line to 'False'
[6.414s] Level 5:colcon.colcon_core.verb:set package 'turtlebot3_teleop' build argument 'ament_cmake_args' from command line to 'None'
[6.414s] Level 5:colcon.colcon_core.verb:set package 'turtlebot3_teleop' build argument 'catkin_cmake_args' from command line to 'None'
[6.414s] Level 5:colcon.colcon_core.verb:set package 'turtlebot3_teleop' build argument 'catkin_skip_building_tests' from command line to 'False'
[6.414s] DEBUG:colcon.colcon_core.verb:Building package 'turtlebot3_teleop' with the following arguments: {'ament_cmake_args': None, 'build_base': '/home/user/build/turtlebot3_teleop', 'catkin_cmake_args': None, 'catkin_skip_building_tests': False, 'cmake_args': None, 'cmake_clean_cache': False, 'cmake_clean_first': False, 'cmake_force_configure': False, 'cmake_target': None, 'cmake_target_skip_unavailable': False, 'install_base': '/home/user/install/turtlebot3_teleop', 'merge_install': False, 'path': '/home/user/simulation_ws/src/turtlebot3/turtlebot3_teleop', 'symlink_install': False, 'test_result_base': None}
[6.416s] Level 5:colcon.colcon_core.verb:set package 'wall_follower' build argument 'cmake_args' from command line to 'None'
[6.416s] Level 5:colcon.colcon_core.verb:set package 'wall_follower' build argument 'cmake_target' from command line to 'None'
[6.416s] Level 5:colcon.colcon_core.verb:set package 'wall_follower' build argument 'cmake_target_skip_unavailable' from command line to 'False'
[6.416s] Level 5:colcon.colcon_core.verb:set package 'wall_follower' build argument 'cmake_clean_cache' from command line to 'False'
[6.416s] Level 5:colcon.colcon_core.verb:set package 'wall_follower' build argument 'cmake_clean_first' from command line to 'False'
[6.416s] Level 5:colcon.colcon_core.verb:set package 'wall_follower' build argument 'cmake_force_configure' from command line to 'False'
[6.417s] Level 5:colcon.colcon_core.verb:set package 'wall_follower' build argument 'ament_cmake_args' from command line to 'None'
[6.417s] Level 5:colcon.colcon_core.verb:set package 'wall_follower' build argument 'catkin_cmake_args' from command line to 'None'
[6.417s] Level 5:colcon.colcon_core.verb:set package 'wall_follower' build argument 'catkin_skip_building_tests' from command line to 'False'
[6.417s] DEBUG:colcon.colcon_core.verb:Building package 'wall_follower' with the following arguments: {'ament_cmake_args': None, 'build_base': '/home/user/build/wall_follower', 'catkin_cmake_args': None, 'catkin_skip_building_tests': False, 'cmake_args': None, 'cmake_clean_cache': False, 'cmake_clean_first': False, 'cmake_force_configure': False, 'cmake_target': None, 'cmake_target_skip_unavailable': False, 'install_base': '/home/user/install/wall_follower', 'merge_install': False, 'path': '/home/user/ros2_ws/src/wall_follower', 'symlink_install': False, 'test_result_base': None}
[6.423s] Level 5:colcon.colcon_core.verb:set package 'turtlebot3_example' build argument 'cmake_args' from command line to 'None'
[6.423s] Level 5:colcon.colcon_core.verb:set package 'turtlebot3_example' build argument 'cmake_target' from command line to 'None'
[6.423s] Level 5:colcon.colcon_core.verb:set package 'turtlebot3_example' build argument 'cmake_target_skip_unavailable' from command line to 'False'
[6.423s] Level 5:colcon.colcon_core.verb:set package 'turtlebot3_example' build argument 'cmake_clean_cache' from command line to 'False'
[6.423s] Level 5:colcon.colcon_core.verb:set package 'turtlebot3_example' build argument 'cmake_clean_first' from command line to 'False'
[6.423s] Level 5:colcon.colcon_core.verb:set package 'turtlebot3_example' build argument 'cmake_force_configure' from command line to 'False'
[6.423s] Level 5:colcon.colcon_core.verb:set package 'turtlebot3_example' build argument 'ament_cmake_args' from command line to 'None'
[6.423s] Level 5:colcon.colcon_core.verb:set package 'turtlebot3_example' build argument 'catkin_cmake_args' from command line to 'None'
[6.423s] Level 5:colcon.colcon_core.verb:set package 'turtlebot3_example' build argument 'catkin_skip_building_tests' from command line to 'False'
[6.424s] DEBUG:colcon.colcon_core.verb:Building package 'turtlebot3_example' with the following arguments: {'ament_cmake_args': None, 'build_base': '/home/user/build/turtlebot3_example', 'catkin_cmake_args': None, 'catkin_skip_building_tests': False, 'cmake_args': None, 'cmake_clean_cache': False, 'cmake_clean_first': False, 'cmake_force_configure': False, 'cmake_target': None, 'cmake_target_skip_unavailable': False, 'install_base': '/home/user/install/turtlebot3_example', 'merge_install': False, 'path': '/home/user/simulation_ws/src/turtlebot3/turtlebot3_example', 'symlink_install': False, 'test_result_base': None}
[6.428s] Level 5:colcon.colcon_core.verb:set package 'turtlebot3_node' build argument 'cmake_args' from command line to 'None'
[6.428s] Level 5:colcon.colcon_core.verb:set package 'turtlebot3_node' build argument 'cmake_target' from command line to 'None'
[6.429s] Level 5:colcon.colcon_core.verb:set package 'turtlebot3_node' build argument 'cmake_target_skip_unavailable' from command line to 'False'
[6.429s] Level 5:colcon.colcon_core.verb:set package 'turtlebot3_node' build argument 'cmake_clean_cache' from command line to 'False'
[6.429s] Level 5:colcon.colcon_core.verb:set package 'turtlebot3_node' build argument 'cmake_clean_first' from command line to 'False'
[6.429s] Level 5:colcon.colcon_core.verb:set package 'turtlebot3_node' build argument 'cmake_force_configure' from command line to 'False'
[6.429s] Level 5:colcon.colcon_core.verb:set package 'turtlebot3_node' build argument 'ament_cmake_args' from command line to 'None'
[6.429s] Level 5:colcon.colcon_core.verb:set package 'turtlebot3_node' build argument 'catkin_cmake_args' from command line to 'None'
[6.429s] Level 5:colcon.colcon_core.verb:set package 'turtlebot3_node' build argument 'catkin_skip_building_tests' from command line to 'False'
[6.429s] DEBUG:colcon.colcon_core.verb:Building package 'turtlebot3_node' with the following arguments: {'ament_cmake_args': None, 'build_base': '/home/user/build/turtlebot3_node', 'catkin_cmake_args': None, 'catkin_skip_building_tests': False, 'cmake_args': None, 'cmake_clean_cache': False, 'cmake_clean_first': False, 'cmake_force_configure': False, 'cmake_target': None, 'cmake_target_skip_unavailable': False, 'install_base': '/home/user/install/turtlebot3_node', 'merge_install': False, 'path': '/home/user/simulation_ws/src/turtlebot3/turtlebot3_node', 'symlink_install': False, 'test_result_base': None}
[6.434s] Level 5:colcon.colcon_core.verb:set package 'turtlebot3_simulations' build argument 'cmake_args' from command line to 'None'
[6.434s] Level 5:colcon.colcon_core.verb:set package 'turtlebot3_simulations' build argument 'cmake_target' from command line to 'None'
[6.434s] Level 5:colcon.colcon_core.verb:set package 'turtlebot3_simulations' build argument 'cmake_target_skip_unavailable' from command line to 'False'
[6.434s] Level 5:colcon.colcon_core.verb:set package 'turtlebot3_simulations' build argument 'cmake_clean_cache' from command line to 'False'
[6.434s] Level 5:colcon.colcon_core.verb:set package 'turtlebot3_simulations' build argument 'cmake_clean_first' from command line to 'False'
[6.434s] Level 5:colcon.colcon_core.verb:set package 'turtlebot3_simulations' build argument 'cmake_force_configure' from command line to 'False'
[6.434s] Level 5:colcon.colcon_core.verb:set package 'turtlebot3_simulations' build argument 'ament_cmake_args' from command line to 'None'
[6.434s] Level 5:colcon.colcon_core.verb:set package 'turtlebot3_simulations' build argument 'catkin_cmake_args' from command line to 'None'
[6.434s] Level 5:colcon.colcon_core.verb:set package 'turtlebot3_simulations' build argument 'catkin_skip_building_tests' from command line to 'False'
[6.435s] DEBUG:colcon.colcon_core.verb:Building package 'turtlebot3_simulations' with the following arguments: {'ament_cmake_args': None, 'build_base': '/home/user/build/turtlebot3_simulations', 'catkin_cmake_args': None, 'catkin_skip_building_tests': False, 'cmake_args': None, 'cmake_clean_cache': False, 'cmake_clean_first': False, 'cmake_force_configure': False, 'cmake_target': None, 'cmake_target_skip_unavailable': False, 'install_base': '/home/user/install/turtlebot3_simulations', 'merge_install': False, 'path': '/home/user/simulation_ws/src/turtlebot3_ros2/turtlebot3_simulations', 'symlink_install': False, 'test_result_base': None}
[6.440s] Level 5:colcon.colcon_core.verb:set package 'turtlebot3_bringup' build argument 'cmake_args' from command line to 'None'
[6.440s] Level 5:colcon.colcon_core.verb:set package 'turtlebot3_bringup' build argument 'cmake_target' from command line to 'None'
[6.440s] Level 5:colcon.colcon_core.verb:set package 'turtlebot3_bringup' build argument 'cmake_target_skip_unavailable' from command line to 'False'
[6.440s] Level 5:colcon.colcon_core.verb:set package 'turtlebot3_bringup' build argument 'cmake_clean_cache' from command line to 'False'
[6.440s] Level 5:colcon.colcon_core.verb:set package 'turtlebot3_bringup' build argument 'cmake_clean_first' from command line to 'False'
[6.441s] Level 5:colcon.colcon_core.verb:set package 'turtlebot3_bringup' build argument 'cmake_force_configure' from command line to 'False'
[6.441s] Level 5:colcon.colcon_core.verb:set package 'turtlebot3_bringup' build argument 'ament_cmake_args' from command line to 'None'
[6.441s] Level 5:colcon.colcon_core.verb:set package 'turtlebot3_bringup' build argument 'catkin_cmake_args' from command line to 'None'
[6.441s] Level 5:colcon.colcon_core.verb:set package 'turtlebot3_bringup' build argument 'catkin_skip_building_tests' from command line to 'False'
[6.441s] DEBUG:colcon.colcon_core.verb:Building package 'turtlebot3_bringup' with the following arguments: {'ament_cmake_args': None, 'build_base': '/home/user/build/turtlebot3_bringup', 'catkin_cmake_args': None, 'catkin_skip_building_tests': False, 'cmake_args': None, 'cmake_clean_cache': False, 'cmake_clean_first': False, 'cmake_force_configure': False, 'cmake_target': None, 'cmake_target_skip_unavailable': False, 'install_base': '/home/user/install/turtlebot3_bringup', 'merge_install': False, 'path': '/home/user/simulation_ws/src/turtlebot3/turtlebot3_bringup', 'symlink_install': False, 'test_result_base': None}
[6.445s] Level 5:colcon.colcon_core.verb:set package 'turtlebot3' build argument 'cmake_args' from command line to 'None'
[6.445s] Level 5:colcon.colcon_core.verb:set package 'turtlebot3' build argument 'cmake_target' from command line to 'None'
[6.445s] Level 5:colcon.colcon_core.verb:set package 'turtlebot3' build argument 'cmake_target_skip_unavailable' from command line to 'False'
[6.445s] Level 5:colcon.colcon_core.verb:set package 'turtlebot3' build argument 'cmake_clean_cache' from command line to 'False'
[6.445s] Level 5:colcon.colcon_core.verb:set package 'turtlebot3' build argument 'cmake_clean_first' from command line to 'False'
[6.445s] Level 5:colcon.colcon_core.verb:set package 'turtlebot3' build argument 'cmake_force_configure' from command line to 'False'
[6.445s] Level 5:colcon.colcon_core.verb:set package 'turtlebot3' build argument 'ament_cmake_args' from command line to 'None'
[6.445s] Level 5:colcon.colcon_core.verb:set package 'turtlebot3' build argument 'catkin_cmake_args' from command line to 'None'
[6.445s] Level 5:colcon.colcon_core.verb:set package 'turtlebot3' build argument 'catkin_skip_building_tests' from command line to 'False'
[6.445s] DEBUG:colcon.colcon_core.verb:Building package 'turtlebot3' with the following arguments: {'ament_cmake_args': None, 'build_base': '/home/user/build/turtlebot3', 'catkin_cmake_args': None, 'catkin_skip_building_tests': False, 'cmake_args': None, 'cmake_clean_cache': False, 'cmake_clean_first': False, 'cmake_force_configure': False, 'cmake_target': None, 'cmake_target_skip_unavailable': False, 'install_base': '/home/user/install/turtlebot3', 'merge_install': False, 'path': '/home/user/simulation_ws/src/turtlebot3/turtlebot3', 'symlink_install': False, 'test_result_base': None}
[6.446s] INFO:colcon.colcon_core.executor:Executing jobs using 'parallel' executor
[6.451s] DEBUG:colcon.colcon_parallel_executor.executor.parallel:run_until_complete
[6.451s] INFO:colcon.colcon_ros.task.ament_cmake.build:Building ROS package in '/home/user/simulation_ws/src/turtlebot3_msgs' with build type 'ament_cmake'
[6.451s] INFO:colcon.colcon_cmake.task.cmake.build:Building CMake package in '/home/user/simulation_ws/src/turtlebot3_msgs'
[6.469s] INFO:colcon.colcon_core.plugin_system:Skipping extension 'colcon_core.shell.bat': Not used on non-Windows systems
[6.470s] INFO:colcon.colcon_core.shell:Skip shell extension 'powershell' for command environment: Not usable outside of PowerShell
[6.470s] DEBUG:colcon.colcon_core.shell:Skip shell extension 'dsv' for command environment
[6.477s] DEBUG:colcon.colcon_core.shell:Ignoring prefix path '/opt/ros/foxy'
[6.480s] INFO:colcon.colcon_ros.task.ament_cmake.build:Building ROS package in '/home/user/simulation_ws/src/turtlebot3/turtlebot3_description' with build type 'ament_cmake'
[6.481s] INFO:colcon.colcon_cmake.task.cmake.build:Building CMake package in '/home/user/simulation_ws/src/turtlebot3/turtlebot3_description'
[6.482s] INFO:colcon.colcon_core.shell:Skip shell extension 'powershell' for command environment: Not usable outside of PowerShell
[6.482s] DEBUG:colcon.colcon_core.shell:Skip shell extension 'dsv' for command environment
[6.485s] DEBUG:colcon.colcon_core.shell:Ignoring prefix path '/opt/ros/foxy'
[6.488s] INFO:colcon.colcon_ros.task.ament_cmake.build:Building ROS package in '/home/user/simulation_ws/src/turtlebot3/turtlebot3_cartographer' with build type 'ament_cmake'
[6.488s] INFO:colcon.colcon_cmake.task.cmake.build:Building CMake package in '/home/user/simulation_ws/src/turtlebot3/turtlebot3_cartographer'
[6.490s] INFO:colcon.colcon_core.shell:Skip shell extension 'powershell' for command environment: Not usable outside of PowerShell
[6.490s] DEBUG:colcon.colcon_core.shell:Skip shell extension 'dsv' for command environment
[6.493s] DEBUG:colcon.colcon_core.shell:Ignoring prefix path '/opt/ros/foxy'
[6.495s] INFO:colcon.colcon_ros.task.ament_cmake.build:Building ROS package in '/home/user/simulation_ws/src/turtlebot3_ros2/turtlebot3_gazebo' with build type 'ament_cmake'
[6.496s] INFO:colcon.colcon_cmake.task.cmake.build:Building CMake package in '/home/user/simulation_ws/src/turtlebot3_ros2/turtlebot3_gazebo'
[6.497s] INFO:colcon.colcon_core.shell:Skip shell extension 'powershell' for command environment: Not usable outside of PowerShell
[6.497s] DEBUG:colcon.colcon_core.shell:Skip shell extension 'dsv' for command environment
[6.500s] DEBUG:colcon.colcon_core.shell:Ignoring prefix path '/opt/ros/foxy'
[6.502s] INFO:colcon.colcon_ros.task.ament_cmake.build:Building ROS package in '/home/user/simulation_ws/src/turtlebot3/turtlebot3_navigation2' with build type 'ament_cmake'
[6.502s] INFO:colcon.colcon_cmake.task.cmake.build:Building CMake package in '/home/user/simulation_ws/src/turtlebot3/turtlebot3_navigation2'
[6.503s] INFO:colcon.colcon_core.shell:Skip shell extension 'powershell' for command environment: Not usable outside of PowerShell
[6.504s] DEBUG:colcon.colcon_core.shell:Skip shell extension 'dsv' for command environment
[6.507s] DEBUG:colcon.colcon_core.shell:Ignoring prefix path '/opt/ros/foxy'
[6.509s] INFO:colcon.colcon_ros.task.ament_python.build:Building ROS package in '/home/user/simulation_ws/src/turtlebot3/turtlebot3_teleop' with build type 'ament_python'
[6.510s] Level 1:colcon.colcon_core.shell:create_environment_hook('turtlebot3_teleop', 'ament_prefix_path')
[6.511s] INFO:colcon.colcon_core.shell:Creating environment hook '/home/user/install/turtlebot3_teleop/share/turtlebot3_teleop/hook/ament_prefix_path.ps1'
[6.513s] INFO:colcon.colcon_core.shell:Creating environment descriptor '/home/user/install/turtlebot3_teleop/share/turtlebot3_teleop/hook/ament_prefix_path.dsv'
[6.514s] INFO:colcon.colcon_core.shell:Creating environment hook '/home/user/install/turtlebot3_teleop/share/turtlebot3_teleop/hook/ament_prefix_path.sh'
[6.515s] INFO:colcon.colcon_core.shell:Skip shell extension 'powershell' for command environment: Not usable outside of PowerShell
[6.515s] DEBUG:colcon.colcon_core.shell:Skip shell extension 'dsv' for command environment
[6.517s] DEBUG:colcon.colcon_core.shell:Ignoring prefix path '/opt/ros/foxy'
[6.520s] INFO:colcon.colcon_cmake.task.cmake.build:Building CMake package in '/home/user/catkin_ws/src'
[6.522s] INFO:colcon.colcon_core.shell:Skip shell extension 'powershell' for command environment: Not usable outside of PowerShell
[6.522s] DEBUG:colcon.colcon_core.shell:Skip shell extension 'dsv' for command environment
[6.527s] DEBUG:colcon.colcon_core.shell:Ignoring prefix path '/opt/ros/foxy'
[6.532s] INFO:colcon.colcon_ros.task.ament_cmake.build:Building ROS package in '/home/user/ros2_ws/src/custom_interfaces' with build type 'ament_cmake'
[6.532s] INFO:colcon.colcon_cmake.task.cmake.build:Building CMake package in '/home/user/ros2_ws/src/custom_interfaces'
[6.534s] INFO:colcon.colcon_core.shell:Skip shell extension 'powershell' for command environment: Not usable outside of PowerShell
[6.534s] DEBUG:colcon.colcon_core.shell:Skip shell extension 'dsv' for command environment
[6.539s] DEBUG:colcon.colcon_core.shell:Ignoring prefix path '/opt/ros/foxy'
[6.560s] DEBUG:colcon.colcon_core.event_handler.log_command:Invoking command in '/home/user/build/turtlebot3_msgs': CMAKE_PREFIX_PATH=${CMAKE_PREFIX_PATH}:/home/user/ros2_ws/install/wall_follower:/opt/ros/foxy _=/usr/bin/env /usr/bin/cmake /home/user/simulation_ws/src/turtlebot3_msgs -DCMAKE_INSTALL_PREFIX=/home/user/install/turtlebot3_msgs
[6.570s] DEBUG:colcon.colcon_core.event_handler.log_command:Invoking command in '/home/user/build/turtlebot3_description': CMAKE_PREFIX_PATH=${CMAKE_PREFIX_PATH}:/home/user/ros2_ws/install/wall_follower:/opt/ros/foxy _=/usr/bin/env /usr/bin/cmake /home/user/simulation_ws/src/turtlebot3/turtlebot3_description -DCMAKE_INSTALL_PREFIX=/home/user/install/turtlebot3_description
[6.576s] DEBUG:colcon.colcon_core.event_handler.log_command:Invoking command in '/home/user/build/turtlebot3_cartographer': CMAKE_PREFIX_PATH=${CMAKE_PREFIX_PATH}:/home/user/ros2_ws/install/wall_follower:/opt/ros/foxy _=/usr/bin/env /usr/bin/cmake /home/user/simulation_ws/src/turtlebot3/turtlebot3_cartographer -DCMAKE_INSTALL_PREFIX=/home/user/install/turtlebot3_cartographer
[6.581s] DEBUG:colcon.colcon_core.event_handler.log_command:Invoking command in '/home/user/build/turtlebot3_gazebo': CMAKE_PREFIX_PATH=${CMAKE_PREFIX_PATH}:/home/user/ros2_ws/install/wall_follower:/opt/ros/foxy _=/usr/bin/env /usr/bin/cmake /home/user/simulation_ws/src/turtlebot3_ros2/turtlebot3_gazebo -DCMAKE_INSTALL_PREFIX=/home/user/install/turtlebot3_gazebo
[6.584s] DEBUG:colcon.colcon_core.event_handler.log_command:Invoking command in '/home/user/build/turtlebot3_navigation2': CMAKE_PREFIX_PATH=${CMAKE_PREFIX_PATH}:/home/user/ros2_ws/install/wall_follower:/opt/ros/foxy _=/usr/bin/env /usr/bin/cmake /home/user/simulation_ws/src/turtlebot3/turtlebot3_navigation2 -DCMAKE_INSTALL_PREFIX=/home/user/install/turtlebot3_navigation2
[6.990s] INFO:colcon.colcon_core.task.python.build:Building Python package in '/home/user/simulation_ws/src/turtlebot3/turtlebot3_teleop'
[6.991s] INFO:colcon.colcon_core.shell:Skip shell extension 'powershell' for command environment: Not usable outside of PowerShell
[6.991s] DEBUG:colcon.colcon_core.shell:Skip shell extension 'dsv' for command environment
[6.994s] DEBUG:colcon.colcon_core.shell:Ignoring prefix path '/opt/ros/foxy'
[7.029s] DEBUG:colcon.colcon_core.event_handler.log_command:Invoking command in '/home/user/build/Project': _=/usr/bin/env /usr/bin/cmake /home/user/catkin_ws/src -DCMAKE_INSTALL_PREFIX=/home/user/install/Project
[7.037s] DEBUG:colcon.colcon_core.event_handler.log_command:Invoking command in '/home/user/build/custom_interfaces': CMAKE_PREFIX_PATH=${CMAKE_PREFIX_PATH}:/home/user/ros2_ws/install/wall_follower:/opt/ros/foxy _=/usr/bin/env /usr/bin/cmake /home/user/ros2_ws/src/custom_interfaces -DCMAKE_INSTALL_PREFIX=/home/user/install/custom_interfaces
[7.063s] DEBUG:colcon.colcon_core.event_handler.log_command:Invoking command in '/home/user/simulation_ws/src/turtlebot3/turtlebot3_teleop': PYTHONPATH=/home/user/install/turtlebot3_teleop/lib/python3.8/site-packages:${PYTHONPATH} _=/usr/bin/env /usr/bin/python3 setup.py egg_info --egg-base ../../../../build/turtlebot3_teleop build --build-base /home/user/build/turtlebot3_teleop/build install --prefix /home/user/install/turtlebot3_teleop --record /home/user/build/turtlebot3_teleop/install.log --single-version-externally-managed
[11.369s] DEBUG:colcon.colcon_core.event_handler.log_command:Invoked command in '/home/user/build/Project' returned '1': _=/usr/bin/env /usr/bin/cmake /home/user/catkin_ws/src -DCMAKE_INSTALL_PREFIX=/home/user/install/Project
[18.629s] DEBUG:colcon.colcon_parallel_executor.executor.parallel:closing loop
[18.629s] DEBUG:colcon.colcon_parallel_executor.executor.parallel:loop closed
[18.630s] DEBUG:colcon.colcon_parallel_executor.executor.parallel:run_until_complete finished with '1'
[18.630s] DEBUG:colcon.colcon_core.event_reactor:joining thread
[18.657s] INFO:colcon.colcon_core.plugin_system:Skipping extension 'colcon_notification.desktop_notification.notify_send': Could not find 'notify-send'
[18.658s] INFO:colcon.colcon_core.plugin_system:Skipping extension 'colcon_notification.desktop_notification.terminal_notifier': Not used on non-Darwin systems
[18.658s] INFO:colcon.colcon_core.plugin_system:Skipping extension 'colcon_notification.desktop_notification.win32': Not used on non-Windows systems
[18.658s] INFO:colcon.colcon_notification.desktop_notification:Sending desktop notification using 'notify2'
[18.672s] DEBUG:colcon.colcon_notification.desktop_notification.notify2:Failed to initialize notify2: org.freedesktop.DBus.Error.ServiceUnknown: The name org.freedesktop.Notifications was not provided by any .service files
[18.672s] DEBUG:colcon.colcon_core.event_reactor:joined thread
[18.673s] INFO:colcon.colcon_core.shell:Creating prefix script '/home/user/install/local_setup.ps1'
[18.675s] INFO:colcon.colcon_core.shell:Creating prefix util module '/home/user/install/_local_setup_util_ps1.py'
[18.677s] INFO:colcon.colcon_core.shell:Creating prefix chain script '/home/user/install/setup.ps1'
[18.681s] INFO:colcon.colcon_core.shell:Creating prefix script '/home/user/install/local_setup.sh'
[18.682s] INFO:colcon.colcon_core.shell:Creating prefix util module '/home/user/install/_local_setup_util_sh.py'
[18.682s] INFO:colcon.colcon_core.shell:Creating prefix chain script '/home/user/install/setup.sh'
[18.685s] INFO:colcon.colcon_core.shell:Creating prefix script '/home/user/install/local_setup.bash'
[18.686s] INFO:colcon.colcon_core.shell:Creating prefix chain script '/home/user/install/setup.bash'
[18.690s] INFO:colcon.colcon_core.shell:Creating prefix script '/home/user/install/local_setup.zsh'
[18.692s] INFO:colcon.colcon_core.shell:Creating prefix chain script '/home/user/install/setup.zsh'
