[0.065s] Invoking command in '/home/user/simulation_ws/build/turtlebot3_description': CMAKE_PREFIX_PATH=${CMAKE_PREFIX_PATH}:/opt/ros/foxy _=/usr/bin/env /usr/bin/cmake /home/user/simulation_ws/src/turtlebot3/turtlebot3_description -DCMAKE_INSTALL_PREFIX=/home/user/simulation_ws/install/turtlebot3_description
[0.742s] -- The C compiler identification is GNU 9.3.0
[1.307s] -- The CXX compiler identification is GNU 9.3.0
[1.322s] -- Check for working C compiler: /usr/bin/cc
[1.744s] -- Check for working C compiler: /usr/bin/cc -- works
[1.747s] -- Detecting C compiler ABI info
[2.119s] -- Detecting C compiler ABI info - done
[2.190s] -- Detecting C compile features
[2.191s] -- Detecting C compile features - done
[2.199s] -- Check for working CXX compiler: /usr/bin/c++
[2.558s] -- Check for working CXX compiler: /usr/bin/c++ -- works
[2.561s] -- Detecting CXX compiler ABI info
[2.931s] -- Detecting CXX compiler ABI info - done
[2.965s] -- Detecting CXX compile features
[2.967s] -- Detecting CXX compile features - done
[3.005s] -- Found ament_cmake: 0.9.9 (/opt/ros/foxy/share/ament_cmake/cmake)
[3.203s] -- Found PythonInterp: /usr/bin/python3 (found suitable version "3.8.10", minimum required is "3") 
[3.206s] -- Using PYTHON_EXECUTABLE: /usr/bin/python3
[4.455s] -- Found urdf: 2.4.0 (/opt/ros/foxy/share/urdf/cmake)
[4.914s] -- Configuring done
[4.916s] -- Generating done
[4.918s] -- Build files have been written to: /home/user/simulation_ws/build/turtlebot3_description
[4.932s] Invoked command in '/home/user/simulation_ws/build/turtlebot3_description' returned '0': CMAKE_PREFIX_PATH=${CMAKE_PREFIX_PATH}:/opt/ros/foxy _=/usr/bin/env /usr/bin/cmake /home/user/simulation_ws/src/turtlebot3/turtlebot3_description -DCMAKE_INSTALL_PREFIX=/home/user/simulation_ws/install/turtlebot3_description
[4.985s] Invoking command in '/home/user/simulation_ws/build/turtlebot3_description': CMAKE_PREFIX_PATH=${CMAKE_PREFIX_PATH}:/opt/ros/foxy _=/usr/bin/env /usr/bin/cmake --build /home/user/simulation_ws/build/turtlebot3_description -- -j8 -l8
[5.140s] Invoked command in '/home/user/simulation_ws/build/turtlebot3_description' returned '0': CMAKE_PREFIX_PATH=${CMAKE_PREFIX_PATH}:/opt/ros/foxy _=/usr/bin/env /usr/bin/cmake --build /home/user/simulation_ws/build/turtlebot3_description -- -j8 -l8
[5.252s] Invoking command in '/home/user/simulation_ws/build/turtlebot3_description': CMAKE_PREFIX_PATH=${CMAKE_PREFIX_PATH}:/opt/ros/foxy _=/usr/bin/env /usr/bin/cmake --install /home/user/simulation_ws/build/turtlebot3_description
[5.291s] -- Install configuration: ""
[5.292s] -- Installing: /home/user/simulation_ws/install/turtlebot3_description/share/turtlebot3_description/meshes
[5.292s] -- Installing: /home/user/simulation_ws/install/turtlebot3_description/share/turtlebot3_description/meshes/sensors
[5.293s] -- Installing: /home/user/simulation_ws/install/turtlebot3_description/share/turtlebot3_description/meshes/sensors/r200.jpg
[5.293s] -- Installing: /home/user/simulation_ws/install/turtlebot3_description/share/turtlebot3_description/meshes/sensors/r200.dae
[5.293s] -- Installing: /home/user/simulation_ws/install/turtlebot3_description/share/turtlebot3_description/meshes/sensors/astra.jpg
[5.293s] -- Installing: /home/user/simulation_ws/install/turtlebot3_description/share/turtlebot3_description/meshes/sensors/astra.dae
[5.329s] -- Installing: /home/user/simulation_ws/install/turtlebot3_description/share/turtlebot3_description/meshes/sensors/lds.stl
[5.331s] -- Installing: /home/user/simulation_ws/install/turtlebot3_description/share/turtlebot3_description/meshes/wheels
[5.331s] -- Installing: /home/user/simulation_ws/install/turtlebot3_description/share/turtlebot3_description/meshes/wheels/right_tire.stl
[5.338s] -- Installing: /home/user/simulation_ws/install/turtlebot3_description/share/turtlebot3_description/meshes/wheels/left_tire.stl
[5.345s] -- Installing: /home/user/simulation_ws/install/turtlebot3_description/share/turtlebot3_description/meshes/bases
[5.346s] -- Installing: /home/user/simulation_ws/install/turtlebot3_description/share/turtlebot3_description/meshes/bases/waffle_base.stl
[5.427s] -- Installing: /home/user/simulation_ws/install/turtlebot3_description/share/turtlebot3_description/meshes/bases/burger_base.stl
[5.439s] -- Installing: /home/user/simulation_ws/install/turtlebot3_description/share/turtlebot3_description/meshes/bases/waffle_pi_base.stl
[5.459s] -- Installing: /home/user/simulation_ws/install/turtlebot3_description/share/turtlebot3_description/rviz
[5.459s] -- Installing: /home/user/simulation_ws/install/turtlebot3_description/share/turtlebot3_description/rviz/model.rviz
[5.459s] -- Installing: /home/user/simulation_ws/install/turtlebot3_description/share/turtlebot3_description/urdf
[5.460s] -- Installing: /home/user/simulation_ws/install/turtlebot3_description/share/turtlebot3_description/urdf/turtlebot3_waffle.urdf
[5.484s] -- Installing: /home/user/simulation_ws/install/turtlebot3_description/share/turtlebot3_description/urdf/turtlebot3_waffle_pi.urdf
[5.484s] -- Installing: /home/user/simulation_ws/install/turtlebot3_description/share/turtlebot3_description/urdf/common_properties.urdf
[5.484s] -- Installing: /home/user/simulation_ws/install/turtlebot3_description/share/turtlebot3_description/urdf/turtlebot3_burger.urdf
[5.484s] -- Installing: /home/user/simulation_ws/install/turtlebot3_description/share/ament_index/resource_index/package_run_dependencies/turtlebot3_description
[5.484s] -- Installing: /home/user/simulation_ws/install/turtlebot3_description/share/ament_index/resource_index/parent_prefix_path/turtlebot3_description
[5.485s] -- Installing: /home/user/simulation_ws/install/turtlebot3_description/share/turtlebot3_description/environment/ament_prefix_path.sh
[5.485s] -- Installing: /home/user/simulation_ws/install/turtlebot3_description/share/turtlebot3_description/environment/ament_prefix_path.dsv
[5.485s] -- Installing: /home/user/simulation_ws/install/turtlebot3_description/share/turtlebot3_description/environment/path.sh
[5.485s] -- Installing: /home/user/simulation_ws/install/turtlebot3_description/share/turtlebot3_description/environment/path.dsv
[5.485s] -- Installing: /home/user/simulation_ws/install/turtlebot3_description/share/turtlebot3_description/local_setup.bash
[5.485s] -- Installing: /home/user/simulation_ws/install/turtlebot3_description/share/turtlebot3_description/local_setup.sh
[5.485s] -- Installing: /home/user/simulation_ws/install/turtlebot3_description/share/turtlebot3_description/local_setup.zsh
[5.486s] -- Installing: /home/user/simulation_ws/install/turtlebot3_description/share/turtlebot3_description/local_setup.dsv
[5.486s] -- Installing: /home/user/simulation_ws/install/turtlebot3_description/share/turtlebot3_description/package.dsv
[5.486s] -- Installing: /home/user/simulation_ws/install/turtlebot3_description/share/ament_index/resource_index/packages/turtlebot3_description
[5.486s] -- Installing: /home/user/simulation_ws/install/turtlebot3_description/share/turtlebot3_description/cmake/turtlebot3_descriptionConfig.cmake
[5.491s] -- Installing: /home/user/simulation_ws/install/turtlebot3_description/share/turtlebot3_description/cmake/turtlebot3_descriptionConfig-version.cmake
[5.491s] -- Installing: /home/user/simulation_ws/install/turtlebot3_description/share/turtlebot3_description/package.xml
[5.491s] Invoked command in '/home/user/simulation_ws/build/turtlebot3_description' returned '0': CMAKE_PREFIX_PATH=${CMAKE_PREFIX_PATH}:/opt/ros/foxy _=/usr/bin/env /usr/bin/cmake --install /home/user/simulation_ws/build/turtlebot3_description
