[0.047s] Invoking command in '/home/user/simulation_ws/build/turtlebot3_bringup': CMAKE_PREFIX_PATH=/home/user/simulation_ws/install/turtlebot3_node:/home/user/simulation_ws/install/turtlebot3_msgs:/home/user/simulation_ws/install/turtlebot3_description:/home/user/simulation_ws/install/turtlebot3:/home/user/simulation_ws/install/turtlebot3_simulations:/home/user/simulation_ws/install/turtlebot3_bringup:/home/user/simulation_ws/install/turtlebot3_navigation2:/home/user/simulation_ws/install/turtlebot3_gazebo:/home/user/simulation_ws/install/turtlebot3_cartographer:/home/simulations/ros2_sims_ws/install/ros1_bridge:/home/user/simulation_ws/install/turtlebot3_teleop:/home/user/simulation_ws/install/turtlebot3_example:/opt/ros/foxy PYTHONPATH=/home/user/simulation_ws/install/turtlebot3_msgs/lib/python3.8/site-packages:/home/user/simulation_ws/install/turtlebot3_teleop/lib/python3.8/site-packages:/home/user/simulation_ws/install/turtlebot3_example/lib/python3.8/site-packages:/home/simulations/ros2_sims_ws/install/ros1_bridge/lib/python3.8/site-packages:/opt/ros/foxy/lib/python3.8/site-packages:/home/simulations/public_sim_ws/src/all/ros_basics_examples/python_course_class:/home/simulations/public_sim_ws/src/ros_basics_examples/python_course_class:/home/simulations/public_sim_ws/src/all/kinematics_course_utils/kinematics _=/usr/bin/env /usr/bin/cmake --build /home/user/simulation_ws/build/turtlebot3_bringup -- -j8 -l8
[0.149s] Invoked command in '/home/user/simulation_ws/build/turtlebot3_bringup' returned '0': CMAKE_PREFIX_PATH=/home/user/simulation_ws/install/turtlebot3_node:/home/user/simulation_ws/install/turtlebot3_msgs:/home/user/simulation_ws/install/turtlebot3_description:/home/user/simulation_ws/install/turtlebot3:/home/user/simulation_ws/install/turtlebot3_simulations:/home/user/simulation_ws/install/turtlebot3_bringup:/home/user/simulation_ws/install/turtlebot3_navigation2:/home/user/simulation_ws/install/turtlebot3_gazebo:/home/user/simulation_ws/install/turtlebot3_cartographer:/home/simulations/ros2_sims_ws/install/ros1_bridge:/home/user/simulation_ws/install/turtlebot3_teleop:/home/user/simulation_ws/install/turtlebot3_example:/opt/ros/foxy PYTHONPATH=/home/user/simulation_ws/install/turtlebot3_msgs/lib/python3.8/site-packages:/home/user/simulation_ws/install/turtlebot3_teleop/lib/python3.8/site-packages:/home/user/simulation_ws/install/turtlebot3_example/lib/python3.8/site-packages:/home/simulations/ros2_sims_ws/install/ros1_bridge/lib/python3.8/site-packages:/opt/ros/foxy/lib/python3.8/site-packages:/home/simulations/public_sim_ws/src/all/ros_basics_examples/python_course_class:/home/simulations/public_sim_ws/src/ros_basics_examples/python_course_class:/home/simulations/public_sim_ws/src/all/kinematics_course_utils/kinematics _=/usr/bin/env /usr/bin/cmake --build /home/user/simulation_ws/build/turtlebot3_bringup -- -j8 -l8
[0.237s] Invoking command in '/home/user/simulation_ws/build/turtlebot3_bringup': CMAKE_PREFIX_PATH=/home/user/simulation_ws/install/turtlebot3_node:/home/user/simulation_ws/install/turtlebot3_msgs:/home/user/simulation_ws/install/turtlebot3_description:/home/user/simulation_ws/install/turtlebot3:/home/user/simulation_ws/install/turtlebot3_simulations:/home/user/simulation_ws/install/turtlebot3_bringup:/home/user/simulation_ws/install/turtlebot3_navigation2:/home/user/simulation_ws/install/turtlebot3_gazebo:/home/user/simulation_ws/install/turtlebot3_cartographer:/home/simulations/ros2_sims_ws/install/ros1_bridge:/home/user/simulation_ws/install/turtlebot3_teleop:/home/user/simulation_ws/install/turtlebot3_example:/opt/ros/foxy PYTHONPATH=/home/user/simulation_ws/install/turtlebot3_msgs/lib/python3.8/site-packages:/home/user/simulation_ws/install/turtlebot3_teleop/lib/python3.8/site-packages:/home/user/simulation_ws/install/turtlebot3_example/lib/python3.8/site-packages:/home/simulations/ros2_sims_ws/install/ros1_bridge/lib/python3.8/site-packages:/opt/ros/foxy/lib/python3.8/site-packages:/home/simulations/public_sim_ws/src/all/ros_basics_examples/python_course_class:/home/simulations/public_sim_ws/src/ros_basics_examples/python_course_class:/home/simulations/public_sim_ws/src/all/kinematics_course_utils/kinematics _=/usr/bin/env /usr/bin/cmake --install /home/user/simulation_ws/build/turtlebot3_bringup
[0.255s] -- Install configuration: ""
[0.255s] -- Up-to-date: /home/user/simulation_ws/install/turtlebot3_bringup/share/turtlebot3_bringup/launch
[0.256s] -- Up-to-date: /home/user/simulation_ws/install/turtlebot3_bringup/share/turtlebot3_bringup/launch/rviz2.launch.py
[0.256s] -- Up-to-date: /home/user/simulation_ws/install/turtlebot3_bringup/share/turtlebot3_bringup/launch/turtlebot3_state_publisher.launch.py
[0.256s] -- Up-to-date: /home/user/simulation_ws/install/turtlebot3_bringup/share/turtlebot3_bringup/launch/robot.launch.py
[0.256s] -- Up-to-date: /home/user/simulation_ws/install/turtlebot3_bringup/share/turtlebot3_bringup/param
[0.256s] -- Up-to-date: /home/user/simulation_ws/install/turtlebot3_bringup/share/turtlebot3_bringup/param/burger.yaml
[0.257s] -- Up-to-date: /home/user/simulation_ws/install/turtlebot3_bringup/share/turtlebot3_bringup/param/waffle.yaml
[0.257s] -- Up-to-date: /home/user/simulation_ws/install/turtlebot3_bringup/share/turtlebot3_bringup/param/waffle_pi.yaml
[0.257s] -- Up-to-date: /home/user/simulation_ws/install/turtlebot3_bringup/share/turtlebot3_bringup/script
[0.257s] -- Up-to-date: /home/user/simulation_ws/install/turtlebot3_bringup/share/turtlebot3_bringup/script/create_udev_rules
[0.257s] -- Up-to-date: /home/user/simulation_ws/install/turtlebot3_bringup/share/turtlebot3_bringup/script/99-turtlebot3-cdc.rules
[0.257s] -- Up-to-date: /home/user/simulation_ws/install/turtlebot3_bringup/share/ament_index/resource_index/package_run_dependencies/turtlebot3_bringup
[0.257s] -- Up-to-date: /home/user/simulation_ws/install/turtlebot3_bringup/share/ament_index/resource_index/parent_prefix_path/turtlebot3_bringup
[0.257s] -- Up-to-date: /home/user/simulation_ws/install/turtlebot3_bringup/share/turtlebot3_bringup/environment/ament_prefix_path.sh
[0.257s] -- Up-to-date: /home/user/simulation_ws/install/turtlebot3_bringup/share/turtlebot3_bringup/environment/ament_prefix_path.dsv
[0.258s] -- Up-to-date: /home/user/simulation_ws/install/turtlebot3_bringup/share/turtlebot3_bringup/environment/path.sh
[0.258s] -- Up-to-date: /home/user/simulation_ws/install/turtlebot3_bringup/share/turtlebot3_bringup/environment/path.dsv
[0.258s] -- Up-to-date: /home/user/simulation_ws/install/turtlebot3_bringup/share/turtlebot3_bringup/local_setup.bash
[0.258s] -- Up-to-date: /home/user/simulation_ws/install/turtlebot3_bringup/share/turtlebot3_bringup/local_setup.sh
[0.258s] -- Up-to-date: /home/user/simulation_ws/install/turtlebot3_bringup/share/turtlebot3_bringup/local_setup.zsh
[0.258s] -- Up-to-date: /home/user/simulation_ws/install/turtlebot3_bringup/share/turtlebot3_bringup/local_setup.dsv
[0.258s] -- Up-to-date: /home/user/simulation_ws/install/turtlebot3_bringup/share/turtlebot3_bringup/package.dsv
[0.258s] -- Up-to-date: /home/user/simulation_ws/install/turtlebot3_bringup/share/ament_index/resource_index/packages/turtlebot3_bringup
[0.258s] -- Up-to-date: /home/user/simulation_ws/install/turtlebot3_bringup/share/turtlebot3_bringup/cmake/turtlebot3_bringupConfig.cmake
[0.259s] -- Up-to-date: /home/user/simulation_ws/install/turtlebot3_bringup/share/turtlebot3_bringup/cmake/turtlebot3_bringupConfig-version.cmake
[0.259s] -- Up-to-date: /home/user/simulation_ws/install/turtlebot3_bringup/share/turtlebot3_bringup/package.xml
[0.261s] Invoked command in '/home/user/simulation_ws/build/turtlebot3_bringup' returned '0': CMAKE_PREFIX_PATH=/home/user/simulation_ws/install/turtlebot3_node:/home/user/simulation_ws/install/turtlebot3_msgs:/home/user/simulation_ws/install/turtlebot3_description:/home/user/simulation_ws/install/turtlebot3:/home/user/simulation_ws/install/turtlebot3_simulations:/home/user/simulation_ws/install/turtlebot3_bringup:/home/user/simulation_ws/install/turtlebot3_navigation2:/home/user/simulation_ws/install/turtlebot3_gazebo:/home/user/simulation_ws/install/turtlebot3_cartographer:/home/simulations/ros2_sims_ws/install/ros1_bridge:/home/user/simulation_ws/install/turtlebot3_teleop:/home/user/simulation_ws/install/turtlebot3_example:/opt/ros/foxy PYTHONPATH=/home/user/simulation_ws/install/turtlebot3_msgs/lib/python3.8/site-packages:/home/user/simulation_ws/install/turtlebot3_teleop/lib/python3.8/site-packages:/home/user/simulation_ws/install/turtlebot3_example/lib/python3.8/site-packages:/home/simulations/ros2_sims_ws/install/ros1_bridge/lib/python3.8/site-packages:/opt/ros/foxy/lib/python3.8/site-packages:/home/simulations/public_sim_ws/src/all/ros_basics_examples/python_course_class:/home/simulations/public_sim_ws/src/ros_basics_examples/python_course_class:/home/simulations/public_sim_ws/src/all/kinematics_course_utils/kinematics _=/usr/bin/env /usr/bin/cmake --install /home/user/simulation_ws/build/turtlebot3_bringup
