[0.030s] Invoking command in '/home/user/simulation_ws/build/turtlebot3_bringup': AMENT_PREFIX_PATH=/home/user/simulation_ws/install/turtlebot3_node:/home/user/simulation_ws/install/turtlebot3_msgs:/home/user/simulation_ws/install/turtlebot3_description:${AMENT_PREFIX_PATH} CMAKE_PREFIX_PATH=/home/user/simulation_ws/install/turtlebot3_node:/home/user/simulation_ws/install/turtlebot3_msgs:/home/user/simulation_ws/install/turtlebot3_description:/home/simulations/ros2_sims_ws/install/ros1_bridge:/opt/ros/foxy LD_LIBRARY_PATH=/home/user/simulation_ws/install/turtlebot3_msgs/lib:${LD_LIBRARY_PATH} PYTHONPATH=/home/user/simulation_ws/install/turtlebot3_msgs/lib/python3.8/site-packages:${PYTHONPATH} _=/usr/bin/env /usr/bin/cmake /home/user/simulation_ws/src/turtlebot3/turtlebot3_bringup -DCMAKE_INSTALL_PREFIX=/home/user/simulation_ws/install/turtlebot3_bringup
[0.111s] -- The C compiler identification is GNU 9.3.0
[0.190s] -- The CXX compiler identification is GNU 9.3.0
[0.197s] -- Check for working C compiler: /usr/bin/cc
[0.283s] -- Check for working C compiler: /usr/bin/cc -- works
[0.284s] -- Detecting C compiler ABI info
[0.408s] -- Detecting C compiler ABI info - done
[0.421s] -- Detecting C compile features
[0.422s] -- Detecting C compile features - done
[0.425s] -- Check for working CXX compiler: /usr/bin/c++
[0.538s] -- Check for working CXX compiler: /usr/bin/c++ -- works
[0.539s] -- Detecting CXX compiler ABI info
[0.652s] -- Detecting CXX compiler ABI info - done
[0.679s] -- Detecting CXX compile features
[0.680s] -- Detecting CXX compile features - done
[0.689s] -- Found ament_cmake: 0.9.9 (/opt/ros/foxy/share/ament_cmake/cmake)
[0.728s] -- Found PythonInterp: /usr/bin/python3 (found suitable version "3.8.10", minimum required is "3") 
[0.728s] -- Using PYTHON_EXECUTABLE: /usr/bin/python3
[1.228s] -- Configuring done
[1.231s] -- Generating done
[1.236s] -- Build files have been written to: /home/user/simulation_ws/build/turtlebot3_bringup
[1.241s] Invoked command in '/home/user/simulation_ws/build/turtlebot3_bringup' returned '0': AMENT_PREFIX_PATH=/home/user/simulation_ws/install/turtlebot3_node:/home/user/simulation_ws/install/turtlebot3_msgs:/home/user/simulation_ws/install/turtlebot3_description:${AMENT_PREFIX_PATH} CMAKE_PREFIX_PATH=/home/user/simulation_ws/install/turtlebot3_node:/home/user/simulation_ws/install/turtlebot3_msgs:/home/user/simulation_ws/install/turtlebot3_description:/home/simulations/ros2_sims_ws/install/ros1_bridge:/opt/ros/foxy LD_LIBRARY_PATH=/home/user/simulation_ws/install/turtlebot3_msgs/lib:${LD_LIBRARY_PATH} PYTHONPATH=/home/user/simulation_ws/install/turtlebot3_msgs/lib/python3.8/site-packages:${PYTHONPATH} _=/usr/bin/env /usr/bin/cmake /home/user/simulation_ws/src/turtlebot3/turtlebot3_bringup -DCMAKE_INSTALL_PREFIX=/home/user/simulation_ws/install/turtlebot3_bringup
[1.244s] Invoking command in '/home/user/simulation_ws/build/turtlebot3_bringup': AMENT_PREFIX_PATH=/home/user/simulation_ws/install/turtlebot3_node:/home/user/simulation_ws/install/turtlebot3_msgs:/home/user/simulation_ws/install/turtlebot3_description:${AMENT_PREFIX_PATH} CMAKE_PREFIX_PATH=/home/user/simulation_ws/install/turtlebot3_node:/home/user/simulation_ws/install/turtlebot3_msgs:/home/user/simulation_ws/install/turtlebot3_description:/home/simulations/ros2_sims_ws/install/ros1_bridge:/opt/ros/foxy LD_LIBRARY_PATH=/home/user/simulation_ws/install/turtlebot3_msgs/lib:${LD_LIBRARY_PATH} PYTHONPATH=/home/user/simulation_ws/install/turtlebot3_msgs/lib/python3.8/site-packages:${PYTHONPATH} _=/usr/bin/env /usr/bin/cmake --build /home/user/simulation_ws/build/turtlebot3_bringup -- -j8 -l8
[1.303s] Invoked command in '/home/user/simulation_ws/build/turtlebot3_bringup' returned '0': AMENT_PREFIX_PATH=/home/user/simulation_ws/install/turtlebot3_node:/home/user/simulation_ws/install/turtlebot3_msgs:/home/user/simulation_ws/install/turtlebot3_description:${AMENT_PREFIX_PATH} CMAKE_PREFIX_PATH=/home/user/simulation_ws/install/turtlebot3_node:/home/user/simulation_ws/install/turtlebot3_msgs:/home/user/simulation_ws/install/turtlebot3_description:/home/simulations/ros2_sims_ws/install/ros1_bridge:/opt/ros/foxy LD_LIBRARY_PATH=/home/user/simulation_ws/install/turtlebot3_msgs/lib:${LD_LIBRARY_PATH} PYTHONPATH=/home/user/simulation_ws/install/turtlebot3_msgs/lib/python3.8/site-packages:${PYTHONPATH} _=/usr/bin/env /usr/bin/cmake --build /home/user/simulation_ws/build/turtlebot3_bringup -- -j8 -l8
[1.343s] Invoking command in '/home/user/simulation_ws/build/turtlebot3_bringup': AMENT_PREFIX_PATH=/home/user/simulation_ws/install/turtlebot3_node:/home/user/simulation_ws/install/turtlebot3_msgs:/home/user/simulation_ws/install/turtlebot3_description:${AMENT_PREFIX_PATH} CMAKE_PREFIX_PATH=/home/user/simulation_ws/install/turtlebot3_node:/home/user/simulation_ws/install/turtlebot3_msgs:/home/user/simulation_ws/install/turtlebot3_description:/home/simulations/ros2_sims_ws/install/ros1_bridge:/opt/ros/foxy LD_LIBRARY_PATH=/home/user/simulation_ws/install/turtlebot3_msgs/lib:${LD_LIBRARY_PATH} PYTHONPATH=/home/user/simulation_ws/install/turtlebot3_msgs/lib/python3.8/site-packages:${PYTHONPATH} _=/usr/bin/env /usr/bin/cmake --install /home/user/simulation_ws/build/turtlebot3_bringup
[1.353s] -- Install configuration: ""
[1.354s] -- Installing: /home/user/simulation_ws/install/turtlebot3_bringup/share/turtlebot3_bringup/launch
[1.354s] -- Installing: /home/user/simulation_ws/install/turtlebot3_bringup/share/turtlebot3_bringup/launch/rviz2.launch.py
[1.354s] -- Installing: /home/user/simulation_ws/install/turtlebot3_bringup/share/turtlebot3_bringup/launch/turtlebot3_state_publisher.launch.py
[1.354s] -- Installing: /home/user/simulation_ws/install/turtlebot3_bringup/share/turtlebot3_bringup/launch/robot.launch.py
[1.355s] -- Installing: /home/user/simulation_ws/install/turtlebot3_bringup/share/turtlebot3_bringup/param
[1.355s] -- Installing: /home/user/simulation_ws/install/turtlebot3_bringup/share/turtlebot3_bringup/param/burger.yaml
[1.355s] -- Installing: /home/user/simulation_ws/install/turtlebot3_bringup/share/turtlebot3_bringup/param/waffle.yaml
[1.355s] -- Installing: /home/user/simulation_ws/install/turtlebot3_bringup/share/turtlebot3_bringup/param/waffle_pi.yaml
[1.356s] -- Installing: /home/user/simulation_ws/install/turtlebot3_bringup/share/turtlebot3_bringup/script
[1.356s] -- Installing: /home/user/simulation_ws/install/turtlebot3_bringup/share/turtlebot3_bringup/script/create_udev_rules
[1.356s] -- Installing: /home/user/simulation_ws/install/turtlebot3_bringup/share/turtlebot3_bringup/script/99-turtlebot3-cdc.rules
[1.356s] -- Installing: /home/user/simulation_ws/install/turtlebot3_bringup/share/ament_index/resource_index/package_run_dependencies/turtlebot3_bringup
[1.356s] -- Installing: /home/user/simulation_ws/install/turtlebot3_bringup/share/ament_index/resource_index/parent_prefix_path/turtlebot3_bringup
[1.357s] -- Installing: /home/user/simulation_ws/install/turtlebot3_bringup/share/turtlebot3_bringup/environment/ament_prefix_path.sh
[1.357s] -- Installing: /home/user/simulation_ws/install/turtlebot3_bringup/share/turtlebot3_bringup/environment/ament_prefix_path.dsv
[1.357s] -- Installing: /home/user/simulation_ws/install/turtlebot3_bringup/share/turtlebot3_bringup/environment/path.sh
[1.358s] -- Installing: /home/user/simulation_ws/install/turtlebot3_bringup/share/turtlebot3_bringup/environment/path.dsv
[1.358s] -- Installing: /home/user/simulation_ws/install/turtlebot3_bringup/share/turtlebot3_bringup/local_setup.bash
[1.358s] -- Installing: /home/user/simulation_ws/install/turtlebot3_bringup/share/turtlebot3_bringup/local_setup.sh
[1.358s] -- Installing: /home/user/simulation_ws/install/turtlebot3_bringup/share/turtlebot3_bringup/local_setup.zsh
[1.359s] -- Installing: /home/user/simulation_ws/install/turtlebot3_bringup/share/turtlebot3_bringup/local_setup.dsv
[1.359s] -- Installing: /home/user/simulation_ws/install/turtlebot3_bringup/share/turtlebot3_bringup/package.dsv
[1.360s] -- Installing: /home/user/simulation_ws/install/turtlebot3_bringup/share/ament_index/resource_index/packages/turtlebot3_bringup
[1.360s] -- Installing: /home/user/simulation_ws/install/turtlebot3_bringup/share/turtlebot3_bringup/cmake/turtlebot3_bringupConfig.cmake
[1.360s] -- Installing: /home/user/simulation_ws/install/turtlebot3_bringup/share/turtlebot3_bringup/cmake/turtlebot3_bringupConfig-version.cmake
[1.361s] -- Installing: /home/user/simulation_ws/install/turtlebot3_bringup/share/turtlebot3_bringup/package.xml
[1.365s] Invoked command in '/home/user/simulation_ws/build/turtlebot3_bringup' returned '0': AMENT_PREFIX_PATH=/home/user/simulation_ws/install/turtlebot3_node:/home/user/simulation_ws/install/turtlebot3_msgs:/home/user/simulation_ws/install/turtlebot3_description:${AMENT_PREFIX_PATH} CMAKE_PREFIX_PATH=/home/user/simulation_ws/install/turtlebot3_node:/home/user/simulation_ws/install/turtlebot3_msgs:/home/user/simulation_ws/install/turtlebot3_description:/home/simulations/ros2_sims_ws/install/ros1_bridge:/opt/ros/foxy LD_LIBRARY_PATH=/home/user/simulation_ws/install/turtlebot3_msgs/lib:${LD_LIBRARY_PATH} PYTHONPATH=/home/user/simulation_ws/install/turtlebot3_msgs/lib/python3.8/site-packages:${PYTHONPATH} _=/usr/bin/env /usr/bin/cmake --install /home/user/simulation_ws/build/turtlebot3_bringup
