[0.014s] Invoking command in '/home/user/simulation_ws/build/turtlebot3_simulations': AMENT_PREFIX_PATH=/home/user/simulation_ws/install/turtlebot3_gazebo:${AMENT_PREFIX_PATH} CMAKE_PREFIX_PATH=/home/user/simulation_ws/install/turtlebot3_gazebo:/home/simulations/ros2_sims_ws/install/ros1_bridge:/opt/ros/foxy _=/usr/bin/env /usr/bin/cmake /home/user/simulation_ws/src/turtlebot3_ros2/turtlebot3_simulations -DCMAKE_INSTALL_PREFIX=/home/user/simulation_ws/install/turtlebot3_simulations
[0.115s] -- The C compiler identification is GNU 9.3.0
[0.206s] -- The CXX compiler identification is GNU 9.3.0
[0.212s] -- Check for working C compiler: /usr/bin/cc
[0.332s] -- Check for working C compiler: /usr/bin/cc -- works
[0.334s] -- Detecting C compiler ABI info
[0.456s] -- Detecting C compiler ABI info - done
[0.486s] -- Detecting C compile features
[0.486s] -- Detecting C compile features - done
[0.491s] -- Check for working CXX compiler: /usr/bin/c++
[0.637s] -- Check for working CXX compiler: /usr/bin/c++ -- works
[0.640s] -- Detecting CXX compiler ABI info
[0.801s] -- Detecting CXX compiler ABI info - done
[0.815s] -- Detecting CXX compile features
[0.816s] -- Detecting CXX compile features - done
[0.822s] -- Found ament_cmake: 0.9.9 (/opt/ros/foxy/share/ament_cmake/cmake)
[0.877s] -- Found PythonInterp: /usr/bin/python3 (found suitable version "3.8.10", minimum required is "3") 
[0.877s] -- Using PYTHON_EXECUTABLE: /usr/bin/python3
[1.406s] -- Configuring done
[1.409s] -- Generating done
[1.410s] -- Build files have been written to: /home/user/simulation_ws/build/turtlebot3_simulations
[1.415s] Invoked command in '/home/user/simulation_ws/build/turtlebot3_simulations' returned '0': AMENT_PREFIX_PATH=/home/user/simulation_ws/install/turtlebot3_gazebo:${AMENT_PREFIX_PATH} CMAKE_PREFIX_PATH=/home/user/simulation_ws/install/turtlebot3_gazebo:/home/simulations/ros2_sims_ws/install/ros1_bridge:/opt/ros/foxy _=/usr/bin/env /usr/bin/cmake /home/user/simulation_ws/src/turtlebot3_ros2/turtlebot3_simulations -DCMAKE_INSTALL_PREFIX=/home/user/simulation_ws/install/turtlebot3_simulations
[1.419s] Invoking command in '/home/user/simulation_ws/build/turtlebot3_simulations': AMENT_PREFIX_PATH=/home/user/simulation_ws/install/turtlebot3_gazebo:${AMENT_PREFIX_PATH} CMAKE_PREFIX_PATH=/home/user/simulation_ws/install/turtlebot3_gazebo:/home/simulations/ros2_sims_ws/install/ros1_bridge:/opt/ros/foxy _=/usr/bin/env /usr/bin/cmake --build /home/user/simulation_ws/build/turtlebot3_simulations -- -j8 -l8
[1.512s] Invoked command in '/home/user/simulation_ws/build/turtlebot3_simulations' returned '0': AMENT_PREFIX_PATH=/home/user/simulation_ws/install/turtlebot3_gazebo:${AMENT_PREFIX_PATH} CMAKE_PREFIX_PATH=/home/user/simulation_ws/install/turtlebot3_gazebo:/home/simulations/ros2_sims_ws/install/ros1_bridge:/opt/ros/foxy _=/usr/bin/env /usr/bin/cmake --build /home/user/simulation_ws/build/turtlebot3_simulations -- -j8 -l8
[1.576s] Invoking command in '/home/user/simulation_ws/build/turtlebot3_simulations': AMENT_PREFIX_PATH=/home/user/simulation_ws/install/turtlebot3_gazebo:${AMENT_PREFIX_PATH} CMAKE_PREFIX_PATH=/home/user/simulation_ws/install/turtlebot3_gazebo:/home/simulations/ros2_sims_ws/install/ros1_bridge:/opt/ros/foxy _=/usr/bin/env /usr/bin/cmake --install /home/user/simulation_ws/build/turtlebot3_simulations
[1.595s] -- Install configuration: ""
[1.595s] -- Installing: /home/user/simulation_ws/install/turtlebot3_simulations/share/ament_index/resource_index/package_run_dependencies/turtlebot3_simulations
[1.605s] -- Installing: /home/user/simulation_ws/install/turtlebot3_simulations/share/ament_index/resource_index/parent_prefix_path/turtlebot3_simulations
[1.606s] -- Installing: /home/user/simulation_ws/install/turtlebot3_simulations/share/turtlebot3_simulations/environment/ament_prefix_path.sh
[1.606s] -- Installing: /home/user/simulation_ws/install/turtlebot3_simulations/share/turtlebot3_simulations/environment/ament_prefix_path.dsv
[1.607s] -- Installing: /home/user/simulation_ws/install/turtlebot3_simulations/share/turtlebot3_simulations/environment/path.sh
[1.607s] -- Installing: /home/user/simulation_ws/install/turtlebot3_simulations/share/turtlebot3_simulations/environment/path.dsv
[1.607s] -- Installing: /home/user/simulation_ws/install/turtlebot3_simulations/share/turtlebot3_simulations/local_setup.bash
[1.608s] -- Installing: /home/user/simulation_ws/install/turtlebot3_simulations/share/turtlebot3_simulations/local_setup.sh
[1.608s] -- Installing: /home/user/simulation_ws/install/turtlebot3_simulations/share/turtlebot3_simulations/local_setup.zsh
[1.608s] -- Installing: /home/user/simulation_ws/install/turtlebot3_simulations/share/turtlebot3_simulations/local_setup.dsv
[1.610s] -- Installing: /home/user/simulation_ws/install/turtlebot3_simulations/share/turtlebot3_simulations/package.dsv
[1.610s] -- Installing: /home/user/simulation_ws/install/turtlebot3_simulations/share/ament_index/resource_index/packages/turtlebot3_simulations
[1.611s] -- Installing: /home/user/simulation_ws/install/turtlebot3_simulations/share/turtlebot3_simulations/cmake/turtlebot3_simulationsConfig.cmake
[1.611s] -- Installing: /home/user/simulation_ws/install/turtlebot3_simulations/share/turtlebot3_simulations/cmake/turtlebot3_simulationsConfig-version.cmake
[1.612s] -- Installing: /home/user/simulation_ws/install/turtlebot3_simulations/share/turtlebot3_simulations/package.xml
[1.612s] Invoked command in '/home/user/simulation_ws/build/turtlebot3_simulations' returned '0': AMENT_PREFIX_PATH=/home/user/simulation_ws/install/turtlebot3_gazebo:${AMENT_PREFIX_PATH} CMAKE_PREFIX_PATH=/home/user/simulation_ws/install/turtlebot3_gazebo:/home/simulations/ros2_sims_ws/install/ros1_bridge:/opt/ros/foxy _=/usr/bin/env /usr/bin/cmake --install /home/user/simulation_ws/build/turtlebot3_simulations
