[0.874s] Invoking command in '/home/user/ros2_ws/src/wall_follower': PYTHONPATH=/home/user/ros2_ws/install/wall_follower/lib/python3.8/site-packages:${PYTHONPATH} _=/usr/bin/env /usr/bin/python3 setup.py egg_info --egg-base ../../build/wall_follower build --build-base /home/user/ros2_ws/build/wall_follower/build install --prefix /home/user/ros2_ws/install/wall_follower --record /home/user/ros2_ws/build/wall_follower/install.log --single-version-externally-managed
[1.520s] running egg_info
[1.520s] writing ../../build/wall_follower/wall_follower.egg-info/PKG-INFO
[1.521s] writing dependency_links to ../../build/wall_follower/wall_follower.egg-info/dependency_links.txt
[1.571s] writing entry points to ../../build/wall_follower/wall_follower.egg-info/entry_points.txt
[1.571s] writing requirements to ../../build/wall_follower/wall_follower.egg-info/requires.txt
[1.571s] writing top-level names to ../../build/wall_follower/wall_follower.egg-info/top_level.txt
[1.606s] reading manifest file '../../build/wall_follower/wall_follower.egg-info/SOURCES.txt'
[1.608s] writing manifest file '../../build/wall_follower/wall_follower.egg-info/SOURCES.txt'
[1.608s] running build
[1.608s] running build_py
[1.608s] copying wall_follower/wall_following.py -> /home/user/ros2_ws/build/wall_follower/build/lib/wall_follower
[1.608s] running install
[1.609s] running install_lib
[1.610s] copying /home/user/ros2_ws/build/wall_follower/build/lib/wall_follower/wall_following.py -> /home/user/ros2_ws/install/wall_follower/lib/python3.8/site-packages/wall_follower
[1.611s] byte-compiling /home/user/ros2_ws/install/wall_follower/lib/python3.8/site-packages/wall_follower/wall_following.py to wall_following.cpython-38.pyc
[1.613s] running install_data
[1.614s] running install_egg_info
[1.615s] removing '/home/user/ros2_ws/install/wall_follower/lib/python3.8/site-packages/wall_follower-0.0.0-py3.8.egg-info' (and everything under it)
[1.616s] Copying ../../build/wall_follower/wall_follower.egg-info to /home/user/ros2_ws/install/wall_follower/lib/python3.8/site-packages/wall_follower-0.0.0-py3.8.egg-info
[1.617s] running install_scripts
[1.687s] Installing odom_recorder script to /home/user/ros2_ws/install/wall_follower/lib/wall_follower
[1.687s] Installing wall_finder script to /home/user/ros2_ws/install/wall_follower/lib/wall_follower
[1.687s] Installing wall_following script to /home/user/ros2_ws/install/wall_follower/lib/wall_follower
[1.688s] writing list of installed files to '/home/user/ros2_ws/build/wall_follower/install.log'
[1.771s] Invoked command in '/home/user/ros2_ws/src/wall_follower' returned '0': PYTHONPATH=/home/user/ros2_ws/install/wall_follower/lib/python3.8/site-packages:${PYTHONPATH} _=/usr/bin/env /usr/bin/python3 setup.py egg_info --egg-base ../../build/wall_follower build --build-base /home/user/ros2_ws/build/wall_follower/build install --prefix /home/user/ros2_ws/install/wall_follower --record /home/user/ros2_ws/build/wall_follower/install.log --single-version-externally-managed
