/home/user/ros2_ws/install/wall_follower/lib/python3.8/site-packages/wall_follower/odom_recorder.py
/home/user/ros2_ws/install/wall_follower/lib/python3.8/site-packages/wall_follower/wall_following.py
/home/user/ros2_ws/install/wall_follower/lib/python3.8/site-packages/wall_follower/__init__.py
/home/user/ros2_ws/install/wall_follower/lib/python3.8/site-packages/wall_follower/wall_finder.py
/home/user/ros2_ws/install/wall_follower/lib/python3.8/site-packages/wall_follower/__pycache__/odom_recorder.cpython-38.pyc
/home/user/ros2_ws/install/wall_follower/lib/python3.8/site-packages/wall_follower/__pycache__/wall_following.cpython-38.pyc
/home/user/ros2_ws/install/wall_follower/lib/python3.8/site-packages/wall_follower/__pycache__/__init__.cpython-38.pyc
/home/user/ros2_ws/install/wall_follower/lib/python3.8/site-packages/wall_follower/__pycache__/wall_finder.cpython-38.pyc
/home/user/ros2_ws/install/wall_follower/share/ament_index/resource_index/packages/wall_follower
/home/user/ros2_ws/install/wall_follower/share/wall_follower/package.xml
/home/user/ros2_ws/install/wall_follower/share/wall_follower/start_wall_finder.launch.py
/home/user/ros2_ws/install/wall_follower/share/wall_follower/main.launch.py
/home/user/ros2_ws/install/wall_follower/share/wall_follower/start_wall_following.launch.py
/home/user/ros2_ws/install/wall_follower/lib/python3.8/site-packages/wall_follower-0.0.0-py3.8.egg-info/PKG-INFO
/home/user/ros2_ws/install/wall_follower/lib/python3.8/site-packages/wall_follower-0.0.0-py3.8.egg-info/zip-safe
/home/user/ros2_ws/install/wall_follower/lib/python3.8/site-packages/wall_follower-0.0.0-py3.8.egg-info/top_level.txt
/home/user/ros2_ws/install/wall_follower/lib/python3.8/site-packages/wall_follower-0.0.0-py3.8.egg-info/requires.txt
/home/user/ros2_ws/install/wall_follower/lib/python3.8/site-packages/wall_follower-0.0.0-py3.8.egg-info/entry_points.txt
/home/user/ros2_ws/install/wall_follower/lib/python3.8/site-packages/wall_follower-0.0.0-py3.8.egg-info/SOURCES.txt
/home/user/ros2_ws/install/wall_follower/lib/python3.8/site-packages/wall_follower-0.0.0-py3.8.egg-info/dependency_links.txt
/home/user/ros2_ws/install/wall_follower/lib/wall_follower/odom_recorder
/home/user/ros2_ws/install/wall_follower/lib/wall_follower/wall_finder
/home/user/ros2_ws/install/wall_follower/lib/wall_follower/wall_following
