[1.127s] Invoking command in '/home/user/ros2_ws/src/wall_follower': PYTHONPATH=/home/user/ros2_ws/install/wall_follower/lib/python3.8/site-packages:${PYTHONPATH} _=/usr/bin/env /usr/bin/python3 setup.py egg_info --egg-base ../../build/wall_follower build --build-base /home/user/ros2_ws/build/wall_follower/build install --prefix /home/user/ros2_ws/install/wall_follower --record /home/user/ros2_ws/build/wall_follower/install.log --single-version-externally-managed
[1.611s] running egg_info
[1.612s] writing ../../build/wall_follower/wall_follower.egg-info/PKG-INFO
[1.612s] writing dependency_links to ../../build/wall_follower/wall_follower.egg-info/dependency_links.txt
[1.612s] writing entry points to ../../build/wall_follower/wall_follower.egg-info/entry_points.txt
[1.613s] writing requirements to ../../build/wall_follower/wall_follower.egg-info/requires.txt
[1.613s] writing top-level names to ../../build/wall_follower/wall_follower.egg-info/top_level.txt
[1.659s] reading manifest file '../../build/wall_follower/wall_follower.egg-info/SOURCES.txt'
[1.660s] writing manifest file '../../build/wall_follower/wall_follower.egg-info/SOURCES.txt'
[1.660s] running build
[1.660s] running build_py
[1.661s] copying wall_follower/wall_finder.py -> /home/user/ros2_ws/build/wall_follower/build/lib/wall_follower
[1.661s] running install
[1.661s] running install_lib
[1.664s] copying /home/user/ros2_ws/build/wall_follower/build/lib/wall_follower/wall_finder.py -> /home/user/ros2_ws/install/wall_follower/lib/python3.8/site-packages/wall_follower
[1.665s] byte-compiling /home/user/ros2_ws/install/wall_follower/lib/python3.8/site-packages/wall_follower/wall_finder.py to wall_finder.cpython-38.pyc
[1.666s] running install_data
[1.666s] running install_egg_info
[1.668s] removing '/home/user/ros2_ws/install/wall_follower/lib/python3.8/site-packages/wall_follower-0.0.0-py3.8.egg-info' (and everything under it)
[1.669s] Copying ../../build/wall_follower/wall_follower.egg-info to /home/user/ros2_ws/install/wall_follower/lib/python3.8/site-packages/wall_follower-0.0.0-py3.8.egg-info
[1.670s] running install_scripts
[1.694s] Installing odom_recorder script to /home/user/ros2_ws/install/wall_follower/lib/wall_follower
[1.694s] Installing wall_finder script to /home/user/ros2_ws/install/wall_follower/lib/wall_follower
[1.695s] Installing wall_following script to /home/user/ros2_ws/install/wall_follower/lib/wall_follower
[1.695s] writing list of installed files to '/home/user/ros2_ws/build/wall_follower/install.log'
[1.722s] Invoked command in '/home/user/ros2_ws/src/wall_follower' returned '0': PYTHONPATH=/home/user/ros2_ws/install/wall_follower/lib/python3.8/site-packages:${PYTHONPATH} _=/usr/bin/env /usr/bin/python3 setup.py egg_info --egg-base ../../build/wall_follower build --build-base /home/user/ros2_ws/build/wall_follower/build install --prefix /home/user/ros2_ws/install/wall_follower --record /home/user/ros2_ws/build/wall_follower/install.log --single-version-externally-managed
