[0.498s] Invoking command in '/home/user/build/custom_interfaces': CMAKE_PREFIX_PATH=${CMAKE_PREFIX_PATH}:/home/user/ros2_ws/install/wall_follower:/opt/ros/foxy _=/usr/bin/env /usr/bin/cmake /home/user/ros2_ws/src/custom_interfaces -DCMAKE_INSTALL_PREFIX=/home/user/install/custom_interfaces
[4.829s] -- The C compiler identification is GNU 9.3.0
[4.830s] -- The CXX compiler identification is GNU 9.3.0
[4.830s] -- Check for working C compiler: /usr/bin/cc
[4.830s] -- Check for working C compiler: /usr/bin/cc -- works
[4.830s] -- Detecting C compiler ABI info
[4.830s] -- Detecting C compiler ABI info - done
[4.830s] -- Detecting C compile features
[4.830s] -- Detecting C compile features - done
[4.830s] -- Check for working CXX compiler: /usr/bin/c++
[4.830s] -- Check for working CXX compiler: /usr/bin/c++ -- works
[4.830s] -- Detecting CXX compiler ABI info
[4.830s] -- Detecting CXX compiler ABI info - done
[4.830s] -- Detecting CXX compile features
[4.830s] -- Detecting CXX compile features - done
[4.830s] -- Found ament_cmake: 0.9.9 (/opt/ros/foxy/share/ament_cmake/cmake)
[4.830s] -- Found PythonInterp: /usr/bin/python3 (found suitable version "3.8.10", minimum required is "3") 
[4.831s] -- Using PYTHON_EXECUTABLE: /usr/bin/python3
[5.220s] -- Found rclcpp: 2.4.0 (/opt/ros/foxy/share/rclcpp/cmake)
[5.403s] -- Using all available rosidl_typesupport_c: rosidl_typesupport_fastrtps_c;rosidl_typesupport_introspection_c
[5.426s] -- Found rosidl_adapter: 1.2.1 (/opt/ros/foxy/share/rosidl_adapter/cmake)
[5.794s] -- Found OpenSSL: /usr/lib/x86_64-linux-gnu/libcrypto.so (found version "1.1.1f")  
[5.918s] -- Found FastRTPS: /opt/ros/foxy/include  
[6.155s] -- Using all available rosidl_typesupport_cpp: rosidl_typesupport_fastrtps_cpp;rosidl_typesupport_introspection_cpp
[6.451s] -- Found rmw_implementation_cmake: 1.0.3 (/opt/ros/foxy/share/rmw_implementation_cmake/cmake)
[6.456s] -- Using RMW implementation 'rmw_fastrtps_cpp' as default
[6.459s] -- Looking for pthread.h
[6.605s] -- Looking for pthread.h - found
[6.606s] -- Performing Test CMAKE_HAVE_LIBC_PTHREAD
[6.738s] -- Performing Test CMAKE_HAVE_LIBC_PTHREAD - Failed
[6.739s] -- Looking for pthread_create in pthreads
[6.842s] -- Looking for pthread_create in pthreads - not found
[6.842s] -- Looking for pthread_create in pthread
[6.947s] -- Looking for pthread_create in pthread - found
[6.948s] -- Found Threads: TRUE  
[7.438s] -- Found geometry_msgs: 2.0.4 (/opt/ros/foxy/share/geometry_msgs/cmake)
[7.557s] -- Found action_msgs: 1.0.0 (/opt/ros/foxy/share/action_msgs/cmake)
[7.627s] -- Found rosidl_default_generators: 1.0.1 (/opt/ros/foxy/share/rosidl_default_generators/cmake)
[7.652s] -- Found ament_lint_auto: 0.9.6 (/opt/ros/foxy/share/ament_lint_auto/cmake)
[7.850s] -- Found PythonInterp: /usr/bin/python3 (found version "3.8.10") 
[8.052s] -- Found ament_cmake_ros: 0.9.2 (/opt/ros/foxy/share/ament_cmake_ros/cmake)
[8.474s] -- Using all available rosidl_typesupport_c: rosidl_typesupport_fastrtps_c;rosidl_typesupport_introspection_c
[8.648s] -- Using all available rosidl_typesupport_cpp: rosidl_typesupport_fastrtps_cpp;rosidl_typesupport_introspection_cpp
[8.690s] -- Found PythonInterp: /usr/bin/python3 (found suitable version "3.8.10", minimum required is "3.5") 
[8.695s] -- Found python_cmake_module: 0.8.1 (/opt/ros/foxy/share/python_cmake_module/cmake)
[8.741s] -- Found PythonLibs: /usr/lib/x86_64-linux-gnu/libpython3.8.so (found suitable version "3.8.10", minimum required is "3.5") 
[8.741s] -- Using PYTHON_EXECUTABLE: /usr/bin/python3
[8.741s] -- Using PYTHON_INCLUDE_DIRS: /usr/include/python3.8
[8.741s] -- Using PYTHON_LIBRARIES: /usr/lib/x86_64-linux-gnu/libpython3.8.so
[8.770s] -- Found PythonExtra: .so  
[8.917s] -- Added test 'copyright' to check source files copyright and LICENSE
[8.922s] -- Added test 'lint_cmake' to check CMake code style
[8.926s] -- Added test 'xmllint' to check XML markup files
[8.940s] -- Configuring done
[9.247s] -- Generating done
[9.251s] -- Build files have been written to: /home/user/build/custom_interfaces
