[1.302s] Invoking command in '/home/user/ros2_ws/src/wall_follower': PYTHONPATH=/home/user/ros2_ws/install/wall_follower/lib/python3.8/site-packages:${PYTHONPATH} _=/usr/bin/env /usr/bin/python3 setup.py egg_info --egg-base ../../build/wall_follower build --build-base /home/user/ros2_ws/build/wall_follower/build install --prefix /home/user/ros2_ws/install/wall_follower --record /home/user/ros2_ws/build/wall_follower/install.log --single-version-externally-managed
[2.185s] running egg_info
[2.185s] writing ../../build/wall_follower/wall_follower.egg-info/PKG-INFO
[2.186s] writing dependency_links to ../../build/wall_follower/wall_follower.egg-info/dependency_links.txt
[2.187s] writing entry points to ../../build/wall_follower/wall_follower.egg-info/entry_points.txt
[2.187s] writing requirements to ../../build/wall_follower/wall_follower.egg-info/requires.txt
[2.187s] writing top-level names to ../../build/wall_follower/wall_follower.egg-info/top_level.txt
[2.292s] reading manifest file '../../build/wall_follower/wall_follower.egg-info/SOURCES.txt'
[2.293s] writing manifest file '../../build/wall_follower/wall_follower.egg-info/SOURCES.txt'
[2.293s] running build
[2.293s] running build_py
[2.294s] running install
[2.295s] running install_lib
[2.296s] running install_data
[2.297s] copying launch/main.launch.py -> /home/user/ros2_ws/install/wall_follower/share/wall_follower
[2.297s] running install_egg_info
[2.298s] removing '/home/user/ros2_ws/install/wall_follower/lib/python3.8/site-packages/wall_follower-0.0.0-py3.8.egg-info' (and everything under it)
[2.299s] Copying ../../build/wall_follower/wall_follower.egg-info to /home/user/ros2_ws/install/wall_follower/lib/python3.8/site-packages/wall_follower-0.0.0-py3.8.egg-info
[2.371s] running install_scripts
[2.386s] Installing odom_recorder script to /home/user/ros2_ws/install/wall_follower/lib/wall_follower
[2.387s] Installing wall_finder script to /home/user/ros2_ws/install/wall_follower/lib/wall_follower
[2.387s] Installing wall_following script to /home/user/ros2_ws/install/wall_follower/lib/wall_follower
[2.387s] writing list of installed files to '/home/user/ros2_ws/build/wall_follower/install.log'
[2.414s] Invoked command in '/home/user/ros2_ws/src/wall_follower' returned '0': PYTHONPATH=/home/user/ros2_ws/install/wall_follower/lib/python3.8/site-packages:${PYTHONPATH} _=/usr/bin/env /usr/bin/python3 setup.py egg_info --egg-base ../../build/wall_follower build --build-base /home/user/ros2_ws/build/wall_follower/build install --prefix /home/user/ros2_ws/install/wall_follower --record /home/user/ros2_ws/build/wall_follower/install.log --single-version-externally-managed
