[0.050s] Invoking command in '/home/user/simulation_ws/build/turtlebot3_gazebo': CMAKE_PREFIX_PATH=${CMAKE_PREFIX_PATH}:/opt/ros/foxy _=/usr/bin/env /usr/bin/cmake /home/user/simulation_ws/src/turtlebot3_ros2/turtlebot3_gazebo -DCMAKE_INSTALL_PREFIX=/home/user/simulation_ws/install/turtlebot3_gazebo
[0.738s] -- The C compiler identification is GNU 9.3.0
[1.289s] -- The CXX compiler identification is GNU 9.3.0
[1.306s] -- Check for working C compiler: /usr/bin/cc
[1.682s] -- Check for working C compiler: /usr/bin/cc -- works
[1.683s] -- Detecting C compiler ABI info
[1.964s] -- Detecting C compiler ABI info - done
[2.016s] -- Detecting C compile features
[2.022s] -- Detecting C compile features - done
[2.034s] -- Check for working CXX compiler: /usr/bin/c++
[2.376s] -- Check for working CXX compiler: /usr/bin/c++ -- works
[2.377s] -- Detecting CXX compiler ABI info
[2.731s] -- Detecting CXX compiler ABI info - done
[2.772s] -- Detecting CXX compile features
[2.773s] -- Detecting CXX compile features - done
[2.790s] -- Found ament_cmake: 0.9.9 (/opt/ros/foxy/share/ament_cmake/cmake)
[2.999s] -- Found PythonInterp: /usr/bin/python3 (found suitable version "3.8.10", minimum required is "3") 
[2.999s] -- Using PYTHON_EXECUTABLE: /usr/bin/python3
[4.518s] -- Found PkgConfig: /usr/bin/pkg-config (found version "0.29.1") 
[4.532s] -- Checking for module 'bullet>=2.82'
[4.694s] --   Found bullet, version 2.88
[5.470s] -- Found ccd: /usr/include (found suitable version "2.0", minimum required is "2.0") 
[5.661s] -- Found fcl: /usr/include (found suitable version "0.5.0", minimum required is "0.3.2") 
[5.835s] -- Found assimp: /usr/include (found version "5.0.0") 
[5.999s] -- Found DART: /usr/include (Required is at least version "6.6") found components: dart 
[6.751s] -- Found Boost: /usr/lib/x86_64-linux-gnu/cmake/Boost-1.71.0/BoostConfig.cmake (found suitable version "1.71.0", minimum required is "1.40.0") found components: thread system filesystem program_options regex iostreams date_time 
[6.834s] -- Found Protobuf: /usr/lib/x86_64-linux-gnu/libprotobuf.so;-lpthread (found version "3.6.1") 
[6.863s] -- Looking for ignition-math6 -- found version 6.8.0
[6.891s] -- Searching for dependencies of ignition-math6
[6.913s] -- Looking for OGRE...
[6.914s] -- OGRE_PREFIX_WATCH changed.
[6.932s] -- Checking for module 'OGRE'
[6.959s] --   Found OGRE, version 1.9.0
[7.066s] -- Found Ogre Ghadamon (1.9.0)
[7.081s] -- Found OGRE: optimized;/usr/lib/x86_64-linux-gnu/libOgreMain.so;debug;/usr/lib/x86_64-linux-gnu/libOgreMain.so
[7.100s] -- Looking for OGRE_Paging...
[7.112s] -- Found OGRE_Paging: optimized;/usr/lib/x86_64-linux-gnu/libOgrePaging.so;debug;/usr/lib/x86_64-linux-gnu/libOgrePaging.so
[7.112s] -- Looking for OGRE_Terrain...
[7.123s] -- Found OGRE_Terrain: optimized;/usr/lib/x86_64-linux-gnu/libOgreTerrain.so;debug;/usr/lib/x86_64-linux-gnu/libOgreTerrain.so
[7.123s] -- Looking for OGRE_Property...
[7.131s] -- Found OGRE_Property: optimized;/usr/lib/x86_64-linux-gnu/libOgreProperty.so;debug;/usr/lib/x86_64-linux-gnu/libOgreProperty.so
[7.132s] -- Looking for OGRE_RTShaderSystem...
[7.140s] -- Found OGRE_RTShaderSystem: optimized;/usr/lib/x86_64-linux-gnu/libOgreRTShaderSystem.so;debug;/usr/lib/x86_64-linux-gnu/libOgreRTShaderSystem.so
[7.140s] -- Looking for OGRE_Volume...
[7.151s] -- Found OGRE_Volume: optimized;/usr/lib/x86_64-linux-gnu/libOgreVolume.so;debug;/usr/lib/x86_64-linux-gnu/libOgreVolume.so
[7.151s] -- Looking for OGRE_Overlay...
[7.164s] -- Found OGRE_Overlay: optimized;/usr/lib/x86_64-linux-gnu/libOgreOverlay.so;debug;/usr/lib/x86_64-linux-gnu/libOgreOverlay.so
[7.405s] -- Looking for ignition-math6 -- found version 6.8.0
[7.423s] -- Looking for ignition-transport8 -- found version 8.2.0
[7.424s] -- Searching for dependencies of ignition-transport8
[7.463s] -- Found Protobuf: /usr/lib/x86_64-linux-gnu/libprotobuf.so;-lpthread (found suitable version "3.6.1", minimum required is "3") 
[7.503s] -- Config-file not installed for ZeroMQ -- checking for pkg-config
[7.510s] -- Checking for module 'libzmq >= 4'
[7.541s] --   Found libzmq , version 4.3.2
[7.644s] -- Found ZeroMQ: TRUE (Required is at least version "4") 
[7.656s] -- Checking for module 'uuid'
[7.695s] --   Found uuid, version 2.34.0
[7.779s] -- Found UUID: TRUE  
[7.791s] -- Looking for ignition-msgs5 -- found version 5.7.0
[7.792s] -- Searching for dependencies of ignition-msgs5
[7.832s] -- Looking for ignition-math6 -- found version 6.8.0
[7.838s] -- Checking for module 'tinyxml2'
[7.865s] --   Found tinyxml2, version 6.2.0
[7.948s] -- Looking for ignition-msgs5 -- found version 5.7.0
[7.956s] -- Looking for ignition-common3 -- found version 3.13.1
[7.957s] -- Searching for dependencies of ignition-common3
[7.959s] -- Looking for dlfcn.h - found
[7.960s] -- Looking for libdl - found
[7.962s] -- Found DL: TRUE  
[7.972s] -- Searching for <ignition-common3> component [graphics]
[7.992s] -- Looking for ignition-common3-graphics -- found version 3.13.1
[7.993s] -- Searching for dependencies of ignition-common3-graphics
[7.993s] -- Looking for ignition-math6 -- found version 6.8.0
[8.011s] -- Looking for ignition-fuel_tools4 -- found version 4.3.0
[8.012s] -- Searching for dependencies of ignition-fuel_tools4
[8.155s] -- Found CURL: /usr/lib/x86_64-linux-gnu/libcurl.so (found version "7.68.0")  
[8.180s] -- Checking for module 'jsoncpp'
[8.219s] --   Found jsoncpp, version 1.7.4
[8.321s] -- Found JSONCPP: TRUE  
[8.339s] -- Checking for module 'libzip'
[8.364s] --   Found libzip, version 1.5.1
[8.452s] -- Found ZIP: TRUE  
[8.452s] -- Looking for ignition-common3 -- found version 3.13.1
[8.453s] -- Looking for ignition-msgs5 -- found version 5.7.0
[8.462s] -- Found gazebo_ros_pkgs: 3.5.3 (/opt/ros/foxy/share/gazebo_ros_pkgs/cmake)
[8.469s] -- Found geometry_msgs: 2.0.4 (/opt/ros/foxy/share/geometry_msgs/cmake)
[8.540s] -- Using all available rosidl_typesupport_c: rosidl_typesupport_fastrtps_c;rosidl_typesupport_introspection_c
[8.556s] -- Found rosidl_adapter: 1.2.1 (/opt/ros/foxy/share/rosidl_adapter/cmake)
[8.742s] -- Found OpenSSL: /usr/lib/x86_64-linux-gnu/libcrypto.so (found version "1.1.1f")  
[8.811s] -- Found FastRTPS: /opt/ros/foxy/include  
[8.993s] -- Using all available rosidl_typesupport_cpp: rosidl_typesupport_fastrtps_cpp;rosidl_typesupport_introspection_cpp
[9.150s] -- Found nav_msgs: 2.0.4 (/opt/ros/foxy/share/nav_msgs/cmake)
[9.281s] -- Found rclcpp: 2.4.0 (/opt/ros/foxy/share/rclcpp/cmake)
[9.486s] -- Found rmw_implementation_cmake: 1.0.3 (/opt/ros/foxy/share/rmw_implementation_cmake/cmake)
[9.487s] -- Using RMW implementation 'rmw_fastrtps_cpp' as default
[9.490s] -- Found Threads: TRUE  
[9.855s] -- Found sensor_msgs: 2.0.4 (/opt/ros/foxy/share/sensor_msgs/cmake)
[9.982s] -- Found tf2: 0.13.11 (/opt/ros/foxy/share/tf2/cmake)
[10.105s] -- Configuring done
[10.187s] -- Generating done
[10.192s] -- Build files have been written to: /home/user/simulation_ws/build/turtlebot3_gazebo
[10.210s] Invoked command in '/home/user/simulation_ws/build/turtlebot3_gazebo' returned '0': CMAKE_PREFIX_PATH=${CMAKE_PREFIX_PATH}:/opt/ros/foxy _=/usr/bin/env /usr/bin/cmake /home/user/simulation_ws/src/turtlebot3_ros2/turtlebot3_gazebo -DCMAKE_INSTALL_PREFIX=/home/user/simulation_ws/install/turtlebot3_gazebo
[10.215s] Invoking command in '/home/user/simulation_ws/build/turtlebot3_gazebo': CMAKE_PREFIX_PATH=${CMAKE_PREFIX_PATH}:/opt/ros/foxy _=/usr/bin/env /usr/bin/cmake --build /home/user/simulation_ws/build/turtlebot3_gazebo -- -j8 -l8
[10.284s] [35m[1mScanning dependencies of target obstacles[0m
[11.262s] [ 12%] [32mBuilding CXX object CMakeFiles/obstacles.dir/models/turtlebot3_dqn_world/obstacle_plugin/obstacles.cc.o[0m
[33.230s] [ 25%] [32m[1mLinking CXX shared library libobstacles.so[0m
[33.775s] [ 25%] Built target obstacles
[33.806s] [35m[1mScanning dependencies of target turtlebot3_drive[0m
[33.806s] [35m[1mScanning dependencies of target obstacle2[0m
[33.811s] [35m[1mScanning dependencies of target obstacle1[0m
[34.086s] [ 37%] [32mBuilding CXX object CMakeFiles/obstacle2.dir/models/turtlebot3_dqn_world/obstacle_plugin/obstacle2.cc.o[0m
[34.093s] [ 50%] [32mBuilding CXX object CMakeFiles/obstacle1.dir/models/turtlebot3_dqn_world/obstacle_plugin/obstacle1.cc.o[0m
[34.628s] [ 62%] [32mBuilding CXX object CMakeFiles/turtlebot3_drive.dir/src/turtlebot3_drive.cpp.o[0m
[60.199s] [ 75%] [32m[1mLinking CXX executable turtlebot3_drive[0m
[61.464s] [ 75%] Built target turtlebot3_drive
[66.366s] [ 87%] [32m[1mLinking CXX shared library libobstacle2.so[0m
[66.492s] [100%] [32m[1mLinking CXX shared library libobstacle1.so[0m
[67.022s] [100%] Built target obstacle2
[67.184s] [100%] Built target obstacle1
[67.203s] Invoked command in '/home/user/simulation_ws/build/turtlebot3_gazebo' returned '0': CMAKE_PREFIX_PATH=${CMAKE_PREFIX_PATH}:/opt/ros/foxy _=/usr/bin/env /usr/bin/cmake --build /home/user/simulation_ws/build/turtlebot3_gazebo -- -j8 -l8
[67.303s] Invoking command in '/home/user/simulation_ws/build/turtlebot3_gazebo': CMAKE_PREFIX_PATH=${CMAKE_PREFIX_PATH}:/opt/ros/foxy _=/usr/bin/env /usr/bin/cmake --install /home/user/simulation_ws/build/turtlebot3_gazebo
[67.318s] -- Install configuration: ""
[67.318s] -- Installing: /home/user/simulation_ws/install/turtlebot3_gazebo/lib/turtlebot3_gazebo/turtlebot3_drive
[67.325s] -- Set runtime path of "/home/user/simulation_ws/install/turtlebot3_gazebo/lib/turtlebot3_gazebo/turtlebot3_drive" to ""
[67.326s] -- Installing: /home/user/simulation_ws/install/turtlebot3_gazebo/share/turtlebot3_gazebo//launch
[67.326s] -- Installing: /home/user/simulation_ws/install/turtlebot3_gazebo/share/turtlebot3_gazebo//launch/turtlebot3_dqn_stage2.launch.py
[67.326s] -- Installing: /home/user/simulation_ws/install/turtlebot3_gazebo/share/turtlebot3_gazebo//launch/turtlebot3_house.launch.py
[67.326s] -- Installing: /home/user/simulation_ws/install/turtlebot3_gazebo/share/turtlebot3_gazebo//launch/empty_world.launch.py
[67.326s] -- Installing: /home/user/simulation_ws/install/turtlebot3_gazebo/share/turtlebot3_gazebo//launch/start_turtlebot3_world.launch.py
[67.327s] -- Installing: /home/user/simulation_ws/install/turtlebot3_gazebo/share/turtlebot3_gazebo//launch/turtlebot3_dqn_stage1.launch.py
[67.327s] -- Installing: /home/user/simulation_ws/install/turtlebot3_gazebo/share/turtlebot3_gazebo//launch/spawn_turtlebot3.launch.py
[67.327s] -- Installing: /home/user/simulation_ws/install/turtlebot3_gazebo/share/turtlebot3_gazebo//launch/robot_state_publisher.launch.py
[67.328s] -- Installing: /home/user/simulation_ws/install/turtlebot3_gazebo/share/turtlebot3_gazebo//launch/turtlebot3_dqn_stage4.launch.py
[67.328s] -- Installing: /home/user/simulation_ws/install/turtlebot3_gazebo/share/turtlebot3_gazebo//launch/main_turtlebot3_lab.launch.xml
[67.328s] -- Installing: /home/user/simulation_ws/install/turtlebot3_gazebo/share/turtlebot3_gazebo//launch/start_turtlebot3_world_standalone.launch.py
[67.328s] -- Installing: /home/user/simulation_ws/install/turtlebot3_gazebo/share/turtlebot3_gazebo//launch/turtlebot3_world.launch.py
[67.329s] -- Installing: /home/user/simulation_ws/install/turtlebot3_gazebo/share/turtlebot3_gazebo//launch/turtlebot3_dqn_stage3.launch.py
[67.329s] -- Installing: /home/user/simulation_ws/install/turtlebot3_gazebo/share/turtlebot3_gazebo//models
[67.329s] -- Installing: /home/user/simulation_ws/install/turtlebot3_gazebo/share/turtlebot3_gazebo//models/play_cube_white
[67.329s] -- Installing: /home/user/simulation_ws/install/turtlebot3_gazebo/share/turtlebot3_gazebo//models/play_cube_white/model.sdf
[67.330s] -- Installing: /home/user/simulation_ws/install/turtlebot3_gazebo/share/turtlebot3_gazebo//models/play_cube_white/model.config
[67.330s] -- Installing: /home/user/simulation_ws/install/turtlebot3_gazebo/share/turtlebot3_gazebo//models/ar_tag_4
[67.330s] -- Installing: /home/user/simulation_ws/install/turtlebot3_gazebo/share/turtlebot3_gazebo//models/ar_tag_4/model.sdf
[67.330s] -- Installing: /home/user/simulation_ws/install/turtlebot3_gazebo/share/turtlebot3_gazebo//models/ar_tag_4/model.config
[67.331s] -- Installing: /home/user/simulation_ws/install/turtlebot3_gazebo/share/turtlebot3_gazebo//models/road_charging_3
[67.331s] -- Installing: /home/user/simulation_ws/install/turtlebot3_gazebo/share/turtlebot3_gazebo//models/road_charging_3/model.sdf
[67.331s] -- Installing: /home/user/simulation_ws/install/turtlebot3_gazebo/share/turtlebot3_gazebo//models/road_charging_3/model.config
[67.331s] -- Installing: /home/user/simulation_ws/install/turtlebot3_gazebo/share/turtlebot3_gazebo//models/grasping_plate
[67.331s] -- Installing: /home/user/simulation_ws/install/turtlebot3_gazebo/share/turtlebot3_gazebo//models/grasping_plate/model.sdf
[67.331s] -- Installing: /home/user/simulation_ws/install/turtlebot3_gazebo/share/turtlebot3_gazebo//models/grasping_plate/model.config
[67.332s] -- Installing: /home/user/simulation_ws/install/turtlebot3_gazebo/share/turtlebot3_gazebo//models/pedestrian
[67.332s] -- Installing: /home/user/simulation_ws/install/turtlebot3_gazebo/share/turtlebot3_gazebo//models/pedestrian/model.sdf
[67.332s] -- Installing: /home/user/simulation_ws/install/turtlebot3_gazebo/share/turtlebot3_gazebo//models/pedestrian/meshes
[67.332s] -- Installing: /home/user/simulation_ws/install/turtlebot3_gazebo/share/turtlebot3_gazebo//models/pedestrian/meshes/Lego-Person-v001.mtl
[67.332s] -- Installing: /home/user/simulation_ws/install/turtlebot3_gazebo/share/turtlebot3_gazebo//models/pedestrian/meshes/LowPolyAnimations4Game.obj
[67.332s] -- Installing: /home/user/simulation_ws/install/turtlebot3_gazebo/share/turtlebot3_gazebo//models/pedestrian/meshes/pedestrian1.dae
[67.333s] -- Installing: /home/user/simulation_ws/install/turtlebot3_gazebo/share/turtlebot3_gazebo//models/pedestrian/meshes/LowPolyAnimations4Game.mtl
[67.333s] -- Installing: /home/user/simulation_ws/install/turtlebot3_gazebo/share/turtlebot3_gazebo//models/pedestrian/meshes/pedestrian2.dae
[67.334s] -- Installing: /home/user/simulation_ws/install/turtlebot3_gazebo/share/turtlebot3_gazebo//models/pedestrian/meshes/Lego-Person-v001.obj
[67.358s] -- Installing: /home/user/simulation_ws/install/turtlebot3_gazebo/share/turtlebot3_gazebo//models/pedestrian/blender
[67.358s] -- Installing: /home/user/simulation_ws/install/turtlebot3_gazebo/share/turtlebot3_gazebo//models/pedestrian/blender/pedestrian_theconstructcolours.blend1
[67.360s] -- Installing: /home/user/simulation_ws/install/turtlebot3_gazebo/share/turtlebot3_gazebo//models/pedestrian/blender/walking-character
[67.361s] -- Installing: /home/user/simulation_ws/install/turtlebot3_gazebo/share/turtlebot3_gazebo//models/pedestrian/blender/walking-character/93731 - LICENSE.html
[67.361s] -- Installing: /home/user/simulation_ws/install/turtlebot3_gazebo/share/turtlebot3_gazebo//models/pedestrian/blender/walking-character/LowPolyAnimations4Game.blend
[67.363s] -- Installing: /home/user/simulation_ws/install/turtlebot3_gazebo/share/turtlebot3_gazebo//models/pedestrian/blender/lego-person-w-face-texture-rig
[67.364s] -- Installing: /home/user/simulation_ws/install/turtlebot3_gazebo/share/turtlebot3_gazebo//models/pedestrian/blender/lego-person-w-face-texture-rig/86309 - LICENSE.html
[67.364s] -- Installing: /home/user/simulation_ws/install/turtlebot3_gazebo/share/turtlebot3_gazebo//models/pedestrian/blender/lego-person-w-face-texture-rig/Lego-Person-v001.blend
[67.369s] -- Installing: /home/user/simulation_ws/install/turtlebot3_gazebo/share/turtlebot3_gazebo//models/pedestrian/blender/pedestrian_theconstructcolours.blend
[67.372s] -- Installing: /home/user/simulation_ws/install/turtlebot3_gazebo/share/turtlebot3_gazebo//models/pedestrian/blender/guy-character-rig
[67.372s] -- Installing: /home/user/simulation_ws/install/turtlebot3_gazebo/share/turtlebot3_gazebo//models/pedestrian/blender/guy-character-rig/BLENDSWAP_LICENSE.txt
[67.372s] -- Installing: /home/user/simulation_ws/install/turtlebot3_gazebo/share/turtlebot3_gazebo//models/pedestrian/blender/guy-character-rig/Guy.blend
[67.382s] -- Installing: /home/user/simulation_ws/install/turtlebot3_gazebo/share/turtlebot3_gazebo//models/pedestrian/model.config
[67.382s] -- Installing: /home/user/simulation_ws/install/turtlebot3_gazebo/share/turtlebot3_gazebo//models/ring_road_v2
[67.382s] -- Installing: /home/user/simulation_ws/install/turtlebot3_gazebo/share/turtlebot3_gazebo//models/ring_road_v2/model.sdf
[67.382s] -- Installing: /home/user/simulation_ws/install/turtlebot3_gazebo/share/turtlebot3_gazebo//models/ring_road_v2/meshes
[67.383s] -- Installing: /home/user/simulation_ws/install/turtlebot3_gazebo/share/turtlebot3_gazebo//models/ring_road_v2/meshes/walls.blend1
[67.384s] -- Installing: /home/user/simulation_ws/install/turtlebot3_gazebo/share/turtlebot3_gazebo//models/ring_road_v2/meshes/gradient.png
[67.385s] -- Installing: /home/user/simulation_ws/install/turtlebot3_gazebo/share/turtlebot3_gazebo//models/ring_road_v2/meshes/Robotnik_Automation_logo.jpg
[67.385s] -- Installing: /home/user/simulation_ws/install/turtlebot3_gazebo/share/turtlebot3_gazebo//models/ring_road_v2/meshes/Circuit_lab_The_Construct_2020.png
[67.385s] -- Installing: /home/user/simulation_ws/install/turtlebot3_gazebo/share/turtlebot3_gazebo//models/ring_road_v2/meshes/gradient_ilustration.jpg
[67.387s] -- Installing: /home/user/simulation_ws/install/turtlebot3_gazebo/share/turtlebot3_gazebo//models/ring_road_v2/meshes/ring_v2.dae
[67.387s] -- Installing: /home/user/simulation_ws/install/turtlebot3_gazebo/share/turtlebot3_gazebo//models/ring_road_v2/meshes/ring_v2.blend1
[67.389s] -- Installing: /home/user/simulation_ws/install/turtlebot3_gazebo/share/turtlebot3_gazebo//models/ring_road_v2/meshes/farming-farms-agriculture-rural-countryside-landscape-green-country-tractor.jpg
[67.389s] -- Installing: /home/user/simulation_ws/install/turtlebot3_gazebo/share/turtlebot3_gazebo//models/ring_road_v2/meshes/walls.blend
[67.392s] -- Installing: /home/user/simulation_ws/install/turtlebot3_gazebo/share/turtlebot3_gazebo//models/ring_road_v2/meshes/nvidia-logo.jpg
[67.392s] -- Installing: /home/user/simulation_ws/install/turtlebot3_gazebo/share/turtlebot3_gazebo//models/ring_road_v2/meshes/Circuit_lab_The_Construct_2020.pdf
[67.395s] -- Installing: /home/user/simulation_ws/install/turtlebot3_gazebo/share/turtlebot3_gazebo//models/ring_road_v2/meshes/ring_v2.blend
[67.397s] -- Installing: /home/user/simulation_ws/install/turtlebot3_gazebo/share/turtlebot3_gazebo//models/ring_road_v2/model.config
[67.397s] -- Installing: /home/user/simulation_ws/install/turtlebot3_gazebo/share/turtlebot3_gazebo//models/triangular_prism
[67.398s] -- Installing: /home/user/simulation_ws/install/turtlebot3_gazebo/share/turtlebot3_gazebo//models/triangular_prism/model.sdf
[67.398s] -- Installing: /home/user/simulation_ws/install/turtlebot3_gazebo/share/turtlebot3_gazebo//models/triangular_prism/meshes
[67.398s] -- Installing: /home/user/simulation_ws/install/turtlebot3_gazebo/share/turtlebot3_gazebo//models/triangular_prism/meshes/triangular_prism.dae
[67.398s] -- Installing: /home/user/simulation_ws/install/turtlebot3_gazebo/share/turtlebot3_gazebo//models/triangular_prism/model.config
[67.399s] -- Installing: /home/user/simulation_ws/install/turtlebot3_gazebo/share/turtlebot3_gazebo//models/play_cube_blue
[67.399s] -- Installing: /home/user/simulation_ws/install/turtlebot3_gazebo/share/turtlebot3_gazebo//models/play_cube_blue/model.sdf
[67.399s] -- Installing: /home/user/simulation_ws/install/turtlebot3_gazebo/share/turtlebot3_gazebo//models/play_cube_blue/model.config
[67.400s] -- Installing: /home/user/simulation_ws/install/turtlebot3_gazebo/share/turtlebot3_gazebo//models/turtlebot3_dqn_world
[67.400s] -- Installing: /home/user/simulation_ws/install/turtlebot3_gazebo/share/turtlebot3_gazebo//models/turtlebot3_dqn_world/goal_box
[67.400s] -- Installing: /home/user/simulation_ws/install/turtlebot3_gazebo/share/turtlebot3_gazebo//models/turtlebot3_dqn_world/goal_box/model.sdf
[67.400s] -- Installing: /home/user/simulation_ws/install/turtlebot3_gazebo/share/turtlebot3_gazebo//models/turtlebot3_dqn_world/goal_box/model.config
[67.401s] -- Installing: /home/user/simulation_ws/install/turtlebot3_gazebo/share/turtlebot3_gazebo//models/turtlebot3_dqn_world/model.sdf
[67.401s] -- Installing: /home/user/simulation_ws/install/turtlebot3_gazebo/share/turtlebot3_gazebo//models/turtlebot3_dqn_world/obstacle2
[67.401s] -- Installing: /home/user/simulation_ws/install/turtlebot3_gazebo/share/turtlebot3_gazebo//models/turtlebot3_dqn_world/obstacle2/model.sdf
[67.401s] -- Installing: /home/user/simulation_ws/install/turtlebot3_gazebo/share/turtlebot3_gazebo//models/turtlebot3_dqn_world/obstacle2/model.config
[67.401s] -- Installing: /home/user/simulation_ws/install/turtlebot3_gazebo/share/turtlebot3_gazebo//models/turtlebot3_dqn_world/inner_walls
[67.402s] -- Installing: /home/user/simulation_ws/install/turtlebot3_gazebo/share/turtlebot3_gazebo//models/turtlebot3_dqn_world/inner_walls/model.sdf
[67.402s] -- Installing: /home/user/simulation_ws/install/turtlebot3_gazebo/share/turtlebot3_gazebo//models/turtlebot3_dqn_world/inner_walls/model.config
[67.402s] -- Installing: /home/user/simulation_ws/install/turtlebot3_gazebo/share/turtlebot3_gazebo//models/turtlebot3_dqn_world/obstacle_plugin
[67.403s] -- Installing: /home/user/simulation_ws/install/turtlebot3_gazebo/share/turtlebot3_gazebo//models/turtlebot3_dqn_world/obstacle_plugin/obstacle2.cc
[67.403s] -- Installing: /home/user/simulation_ws/install/turtlebot3_gazebo/share/turtlebot3_gazebo//models/turtlebot3_dqn_world/obstacle_plugin/obstacles.cc
[67.403s] -- Installing: /home/user/simulation_ws/install/turtlebot3_gazebo/share/turtlebot3_gazebo//models/turtlebot3_dqn_world/obstacle_plugin/obstacle1.cc
[67.403s] -- Installing: /home/user/simulation_ws/install/turtlebot3_gazebo/share/turtlebot3_gazebo//models/turtlebot3_dqn_world/obstacle_plugin/CMakeLists.txt
[67.404s] -- Installing: /home/user/simulation_ws/install/turtlebot3_gazebo/share/turtlebot3_gazebo//models/turtlebot3_dqn_world/obstacle1
[67.404s] -- Installing: /home/user/simulation_ws/install/turtlebot3_gazebo/share/turtlebot3_gazebo//models/turtlebot3_dqn_world/obstacle1/model.sdf
[67.404s] -- Installing: /home/user/simulation_ws/install/turtlebot3_gazebo/share/turtlebot3_gazebo//models/turtlebot3_dqn_world/obstacle1/model.config
[67.404s] -- Installing: /home/user/simulation_ws/install/turtlebot3_gazebo/share/turtlebot3_gazebo//models/turtlebot3_dqn_world/model.config
[67.404s] -- Installing: /home/user/simulation_ws/install/turtlebot3_gazebo/share/turtlebot3_gazebo//models/turtlebot3_dqn_world/obstacles
[67.405s] -- Installing: /home/user/simulation_ws/install/turtlebot3_gazebo/share/turtlebot3_gazebo//models/turtlebot3_dqn_world/obstacles/model.sdf
[67.405s] -- Installing: /home/user/simulation_ws/install/turtlebot3_gazebo/share/turtlebot3_gazebo//models/turtlebot3_dqn_world/obstacles/model.config
[67.405s] -- Installing: /home/user/simulation_ws/install/turtlebot3_gazebo/share/turtlebot3_gazebo//models/play_cube_orange
[67.405s] -- Installing: /home/user/simulation_ws/install/turtlebot3_gazebo/share/turtlebot3_gazebo//models/play_cube_orange/model.sdf
[67.405s] -- Installing: /home/user/simulation_ws/install/turtlebot3_gazebo/share/turtlebot3_gazebo//models/play_cube_orange/model.config
[67.405s] -- Installing: /home/user/simulation_ws/install/turtlebot3_gazebo/share/turtlebot3_gazebo//models/robotarm_floor_v1
[67.406s] -- Installing: /home/user/simulation_ws/install/turtlebot3_gazebo/share/turtlebot3_gazebo//models/robotarm_floor_v1/model.sdf
[67.406s] -- Installing: /home/user/simulation_ws/install/turtlebot3_gazebo/share/turtlebot3_gazebo//models/robotarm_floor_v1/meshes
[67.406s] -- Installing: /home/user/simulation_ws/install/turtlebot3_gazebo/share/turtlebot3_gazebo//models/robotarm_floor_v1/meshes/robotarm_floor_v1.blend
[67.407s] -- Installing: /home/user/simulation_ws/install/turtlebot3_gazebo/share/turtlebot3_gazebo//models/robotarm_floor_v1/meshes/robotarm_floor_v1.dae
[67.407s] -- Installing: /home/user/simulation_ws/install/turtlebot3_gazebo/share/turtlebot3_gazebo//models/robotarm_floor_v1/meshes/robotarm_floor_v1.blend1
[67.408s] -- Installing: /home/user/simulation_ws/install/turtlebot3_gazebo/share/turtlebot3_gazebo//models/robotarm_floor_v1/meshes/robotarm_floor_v1_texture.png
[67.409s] -- Installing: /home/user/simulation_ws/install/turtlebot3_gazebo/share/turtlebot3_gazebo//models/robotarm_floor_v1/meshes/floor_cube.stl
[67.409s] -- Installing: /home/user/simulation_ws/install/turtlebot3_gazebo/share/turtlebot3_gazebo//models/robotarm_floor_v1/model.config
[67.410s] -- Installing: /home/user/simulation_ws/install/turtlebot3_gazebo/share/turtlebot3_gazebo//models/cardboard_obstacle
[67.410s] -- Installing: /home/user/simulation_ws/install/turtlebot3_gazebo/share/turtlebot3_gazebo//models/cardboard_obstacle/model.sdf
[67.410s] -- Installing: /home/user/simulation_ws/install/turtlebot3_gazebo/share/turtlebot3_gazebo//models/cardboard_obstacle/model.config
[67.410s] -- Installing: /home/user/simulation_ws/install/turtlebot3_gazebo/share/turtlebot3_gazebo//models/turtlebot3_house
[67.411s] -- Installing: /home/user/simulation_ws/install/turtlebot3_gazebo/share/turtlebot3_gazebo//models/turtlebot3_house/model.sdf
[67.411s] -- Installing: /home/user/simulation_ws/install/turtlebot3_gazebo/share/turtlebot3_gazebo//models/turtlebot3_house/model.config
[67.411s] -- Installing: /home/user/simulation_ws/install/turtlebot3_gazebo/share/turtlebot3_gazebo//models/road_inter_new
[67.411s] -- Installing: /home/user/simulation_ws/install/turtlebot3_gazebo/share/turtlebot3_gazebo//models/road_inter_new/thumbnails
[67.412s] -- Installing: /home/user/simulation_ws/install/turtlebot3_gazebo/share/turtlebot3_gazebo//models/road_inter_new/thumbnails/0.png
[67.412s] -- Installing: /home/user/simulation_ws/install/turtlebot3_gazebo/share/turtlebot3_gazebo//models/road_inter_new/materials
[67.412s] -- Installing: /home/user/simulation_ws/install/turtlebot3_gazebo/share/turtlebot3_gazebo//models/road_inter_new/materials/scripts
[67.412s] -- Installing: /home/user/simulation_ws/install/turtlebot3_gazebo/share/turtlebot3_gazebo//models/road_inter_new/materials/scripts/inter.material
[67.412s] -- Installing: /home/user/simulation_ws/install/turtlebot3_gazebo/share/turtlebot3_gazebo//models/road_inter_new/materials/textures
[67.413s] -- Installing: /home/user/simulation_ws/install/turtlebot3_gazebo/share/turtlebot3_gazebo//models/road_inter_new/materials/textures/road_i.png
[67.413s] -- Installing: /home/user/simulation_ws/install/turtlebot3_gazebo/share/turtlebot3_gazebo//models/road_inter_new/model.sdf
[67.413s] -- Installing: /home/user/simulation_ws/install/turtlebot3_gazebo/share/turtlebot3_gazebo//models/road_inter_new/model.config
[67.413s] -- Installing: /home/user/simulation_ws/install/turtlebot3_gazebo/share/turtlebot3_gazebo//models/road_diag_new
[67.414s] -- Installing: /home/user/simulation_ws/install/turtlebot3_gazebo/share/turtlebot3_gazebo//models/road_diag_new/thumbnails
[67.414s] -- Installing: /home/user/simulation_ws/install/turtlebot3_gazebo/share/turtlebot3_gazebo//models/road_diag_new/thumbnails/0.png
[67.418s] -- Installing: /home/user/simulation_ws/install/turtlebot3_gazebo/share/turtlebot3_gazebo//models/road_diag_new/materials
[67.419s] -- Installing: /home/user/simulation_ws/install/turtlebot3_gazebo/share/turtlebot3_gazebo//models/road_diag_new/materials/scripts
[67.424s] -- Installing: /home/user/simulation_ws/install/turtlebot3_gazebo/share/turtlebot3_gazebo//models/road_diag_new/materials/scripts/diag.material
[67.424s] -- Installing: /home/user/simulation_ws/install/turtlebot3_gazebo/share/turtlebot3_gazebo//models/road_diag_new/materials/textures
[67.424s] -- Installing: /home/user/simulation_ws/install/turtlebot3_gazebo/share/turtlebot3_gazebo//models/road_diag_new/materials/textures/road_d.png
[67.424s] -- Installing: /home/user/simulation_ws/install/turtlebot3_gazebo/share/turtlebot3_gazebo//models/road_diag_new/model.sdf
[67.425s] -- Installing: /home/user/simulation_ws/install/turtlebot3_gazebo/share/turtlebot3_gazebo//models/road_diag_new/model.config
[67.425s] -- Installing: /home/user/simulation_ws/install/turtlebot3_gazebo/share/turtlebot3_gazebo//models/play_cube_yellow
[67.425s] -- Installing: /home/user/simulation_ws/install/turtlebot3_gazebo/share/turtlebot3_gazebo//models/play_cube_yellow/model.sdf
[67.425s] -- Installing: /home/user/simulation_ws/install/turtlebot3_gazebo/share/turtlebot3_gazebo//models/play_cube_yellow/model.config
[67.425s] -- Installing: /home/user/simulation_ws/install/turtlebot3_gazebo/share/turtlebot3_gazebo//models/ring_road
[67.425s] -- Installing: /home/user/simulation_ws/install/turtlebot3_gazebo/share/turtlebot3_gazebo//models/ring_road/model.sdf
[67.426s] -- Installing: /home/user/simulation_ws/install/turtlebot3_gazebo/share/turtlebot3_gazebo//models/ring_road/meshes
[67.426s] -- Installing: /home/user/simulation_ws/install/turtlebot3_gazebo/share/turtlebot3_gazebo//models/ring_road/meshes/RingCircuit.png
[67.426s] -- Installing: /home/user/simulation_ws/install/turtlebot3_gazebo/share/turtlebot3_gazebo//models/ring_road/meshes/ring_road.dae
[67.426s] -- Installing: /home/user/simulation_ws/install/turtlebot3_gazebo/share/turtlebot3_gazebo//models/ring_road/blender
[67.426s] -- Installing: /home/user/simulation_ws/install/turtlebot3_gazebo/share/turtlebot3_gazebo//models/ring_road/blender/road.blend
[67.427s] -- Installing: /home/user/simulation_ws/install/turtlebot3_gazebo/share/turtlebot3_gazebo//models/ring_road/blender/road.blend1
[67.429s] -- Installing: /home/user/simulation_ws/install/turtlebot3_gazebo/share/turtlebot3_gazebo//models/ring_road/model.config
[67.430s] -- Installing: /home/user/simulation_ws/install/turtlebot3_gazebo/share/turtlebot3_gazebo//models/turtlebot3_common
[67.430s] -- Installing: /home/user/simulation_ws/install/turtlebot3_gazebo/share/turtlebot3_gazebo//models/turtlebot3_common/meshes
[67.430s] -- Installing: /home/user/simulation_ws/install/turtlebot3_gazebo/share/turtlebot3_gazebo//models/turtlebot3_common/meshes/tire.dae
[67.430s] -- Installing: /home/user/simulation_ws/install/turtlebot3_gazebo/share/turtlebot3_gazebo//models/turtlebot3_common/meshes/waffle_base.dae
[67.431s] -- Installing: /home/user/simulation_ws/install/turtlebot3_gazebo/share/turtlebot3_gazebo//models/turtlebot3_common/meshes/r200.dae
[67.431s] -- Installing: /home/user/simulation_ws/install/turtlebot3_gazebo/share/turtlebot3_gazebo//models/turtlebot3_common/meshes/lds.dae
[67.431s] -- Installing: /home/user/simulation_ws/install/turtlebot3_gazebo/share/turtlebot3_gazebo//models/turtlebot3_common/meshes/waffle_pi_base.dae
[67.432s] -- Installing: /home/user/simulation_ws/install/turtlebot3_gazebo/share/turtlebot3_gazebo//models/turtlebot3_common/meshes/burger_base.dae
[67.432s] -- Installing: /home/user/simulation_ws/install/turtlebot3_gazebo/share/turtlebot3_gazebo//models/turtlebot3_common/model.config
[67.432s] -- Installing: /home/user/simulation_ws/install/turtlebot3_gazebo/share/turtlebot3_gazebo//models/street_sign_turnban
[67.433s] -- Installing: /home/user/simulation_ws/install/turtlebot3_gazebo/share/turtlebot3_gazebo//models/street_sign_turnban/model.sdf
[67.433s] -- Installing: /home/user/simulation_ws/install/turtlebot3_gazebo/share/turtlebot3_gazebo//models/street_sign_turnban/meshes
[67.433s] -- Installing: /home/user/simulation_ws/install/turtlebot3_gazebo/share/turtlebot3_gazebo//models/street_sign_turnban/meshes/roadsing_turnban.dae
[67.433s] -- Installing: /home/user/simulation_ws/install/turtlebot3_gazebo/share/turtlebot3_gazebo//models/street_sign_turnban/meshes/turnban.png
[67.434s] -- Installing: /home/user/simulation_ws/install/turtlebot3_gazebo/share/turtlebot3_gazebo//models/street_sign_turnban/meshes/roadsing_turnban_v2.dae
[67.434s] -- Installing: /home/user/simulation_ws/install/turtlebot3_gazebo/share/turtlebot3_gazebo//models/street_sign_turnban/blender
[67.434s] -- Installing: /home/user/simulation_ws/install/turtlebot3_gazebo/share/turtlebot3_gazebo//models/street_sign_turnban/blender/uk-road-signs-pack-1-updated-version
[67.434s] -- Installing: /home/user/simulation_ws/install/turtlebot3_gazebo/share/turtlebot3_gazebo//models/street_sign_turnban/blender/uk-road-signs-pack-1-updated-version/BLENDSWAP_LICENSE.txt
[67.435s] -- Installing: /home/user/simulation_ws/install/turtlebot3_gazebo/share/turtlebot3_gazebo//models/street_sign_turnban/blender/uk-road-signs-pack-1-updated-version/road signs - pack 1 by Richard Edwards.blend
[67.437s] -- Installing: /home/user/simulation_ws/install/turtlebot3_gazebo/share/turtlebot3_gazebo//models/street_sign_turnban/blender/roadsing_turnban.blend
[67.437s] -- Installing: /home/user/simulation_ws/install/turtlebot3_gazebo/share/turtlebot3_gazebo//models/street_sign_turnban/blender/roadsing_turnban_v2.blend
[67.439s] -- Installing: /home/user/simulation_ws/install/turtlebot3_gazebo/share/turtlebot3_gazebo//models/street_sign_turnban/blender/german-street-signs
[67.439s] -- Installing: /home/user/simulation_ws/install/turtlebot3_gazebo/share/turtlebot3_gazebo//models/street_sign_turnban/blender/german-street-signs/street_signs_all.blend
[67.508s] -- Installing: /home/user/simulation_ws/install/turtlebot3_gazebo/share/turtlebot3_gazebo//models/street_sign_turnban/blender/german-street-signs/93735 - LICENSE.html
[67.510s] -- Installing: /home/user/simulation_ws/install/turtlebot3_gazebo/share/turtlebot3_gazebo//models/street_sign_turnban/blender/roadsing_turnban.blend1
[67.511s] -- Installing: /home/user/simulation_ws/install/turtlebot3_gazebo/share/turtlebot3_gazebo//models/street_sign_turnban/blender/roadsign_custom.blend
[67.511s] -- Installing: /home/user/simulation_ws/install/turtlebot3_gazebo/share/turtlebot3_gazebo//models/street_sign_turnban/model.config
[67.518s] -- Installing: /home/user/simulation_ws/install/turtlebot3_gazebo/share/turtlebot3_gazebo//models/sensors
[67.518s] -- Installing: /home/user/simulation_ws/install/turtlebot3_gazebo/share/turtlebot3_gazebo//models/sensors/r200.jpg
[67.518s] -- Installing: /home/user/simulation_ws/install/turtlebot3_gazebo/share/turtlebot3_gazebo//models/sensors/r200.dae
[67.518s] -- Installing: /home/user/simulation_ws/install/turtlebot3_gazebo/share/turtlebot3_gazebo//models/sensors/astra.jpg
[67.518s] -- Installing: /home/user/simulation_ws/install/turtlebot3_gazebo/share/turtlebot3_gazebo//models/sensors/astra.dae
[67.538s] -- Installing: /home/user/simulation_ws/install/turtlebot3_gazebo/share/turtlebot3_gazebo//models/sensors/lds.stl
[67.539s] -- Installing: /home/user/simulation_ws/install/turtlebot3_gazebo/share/turtlebot3_gazebo//models/working_wall_3
[67.539s] -- Installing: /home/user/simulation_ws/install/turtlebot3_gazebo/share/turtlebot3_gazebo//models/working_wall_3/model.sdf
[67.540s] -- Installing: /home/user/simulation_ws/install/turtlebot3_gazebo/share/turtlebot3_gazebo//models/working_wall_3/model.config
[67.540s] -- Installing: /home/user/simulation_ws/install/turtlebot3_gazebo/share/turtlebot3_gazebo//models/ar_tag_7
[67.540s] -- Installing: /home/user/simulation_ws/install/turtlebot3_gazebo/share/turtlebot3_gazebo//models/ar_tag_7/model.sdf
[67.540s] -- Installing: /home/user/simulation_ws/install/turtlebot3_gazebo/share/turtlebot3_gazebo//models/ar_tag_7/model.config
[67.541s] -- Installing: /home/user/simulation_ws/install/turtlebot3_gazebo/share/turtlebot3_gazebo//models/working_wall_1
[67.541s] -- Installing: /home/user/simulation_ws/install/turtlebot3_gazebo/share/turtlebot3_gazebo//models/working_wall_1/model.sdf
[67.541s] -- Installing: /home/user/simulation_ws/install/turtlebot3_gazebo/share/turtlebot3_gazebo//models/working_wall_1/model.config
[67.541s] -- Installing: /home/user/simulation_ws/install/turtlebot3_gazebo/share/turtlebot3_gazebo//models/overlord_camera
[67.542s] -- Installing: /home/user/simulation_ws/install/turtlebot3_gazebo/share/turtlebot3_gazebo//models/overlord_camera/model.sdf
[67.542s] -- Installing: /home/user/simulation_ws/install/turtlebot3_gazebo/share/turtlebot3_gazebo//models/overlord_camera/model.config
[67.542s] -- Installing: /home/user/simulation_ws/install/turtlebot3_gazebo/share/turtlebot3_gazebo//models/working_wall_2_clone
[67.542s] -- Installing: /home/user/simulation_ws/install/turtlebot3_gazebo/share/turtlebot3_gazebo//models/working_wall_2_clone/model.sdf
[67.542s] -- Installing: /home/user/simulation_ws/install/turtlebot3_gazebo/share/turtlebot3_gazebo//models/working_wall_2_clone/model.config
[67.542s] -- Installing: /home/user/simulation_ws/install/turtlebot3_gazebo/share/turtlebot3_gazebo//models/stop_sign_prism
[67.543s] -- Installing: /home/user/simulation_ws/install/turtlebot3_gazebo/share/turtlebot3_gazebo//models/stop_sign_prism/model.sdf
[67.543s] -- Installing: /home/user/simulation_ws/install/turtlebot3_gazebo/share/turtlebot3_gazebo//models/stop_sign_prism/meshes
[67.543s] -- Installing: /home/user/simulation_ws/install/turtlebot3_gazebo/share/turtlebot3_gazebo//models/stop_sign_prism/meshes/signal_stop.dae
[67.543s] -- Installing: /home/user/simulation_ws/install/turtlebot3_gazebo/share/turtlebot3_gazebo//models/stop_sign_prism/meshes/stop.jpg
[67.543s] -- Installing: /home/user/simulation_ws/install/turtlebot3_gazebo/share/turtlebot3_gazebo//models/stop_sign_prism/meshes/signal_stop_fix.dae
[67.544s] -- Installing: /home/user/simulation_ws/install/turtlebot3_gazebo/share/turtlebot3_gazebo//models/stop_sign_prism/model.config
[67.544s] -- Installing: /home/user/simulation_ws/install/turtlebot3_gazebo/share/turtlebot3_gazebo//models/play_cube_pink
[67.544s] -- Installing: /home/user/simulation_ws/install/turtlebot3_gazebo/share/turtlebot3_gazebo//models/play_cube_pink/model.sdf
[67.544s] -- Installing: /home/user/simulation_ws/install/turtlebot3_gazebo/share/turtlebot3_gazebo//models/play_cube_pink/model.config
[67.545s] -- Installing: /home/user/simulation_ws/install/turtlebot3_gazebo/share/turtlebot3_gazebo//models/turtlebot3_burger
[67.545s] -- Installing: /home/user/simulation_ws/install/turtlebot3_gazebo/share/turtlebot3_gazebo//models/turtlebot3_burger/model.sdf
[67.545s] -- Installing: /home/user/simulation_ws/install/turtlebot3_gazebo/share/turtlebot3_gazebo//models/turtlebot3_burger/model-1_4.sdf
[67.546s] -- Installing: /home/user/simulation_ws/install/turtlebot3_gazebo/share/turtlebot3_gazebo//models/turtlebot3_burger/model.config
[67.546s] -- Installing: /home/user/simulation_ws/install/turtlebot3_gazebo/share/turtlebot3_gazebo//models/turtlebot3_waffle_pi
[67.546s] -- Installing: /home/user/simulation_ws/install/turtlebot3_gazebo/share/turtlebot3_gazebo//models/turtlebot3_waffle_pi/model-1_4_.sdf
[67.546s] -- Installing: /home/user/simulation_ws/install/turtlebot3_gazebo/share/turtlebot3_gazebo//models/turtlebot3_waffle_pi/model.sdf
[67.547s] -- Installing: /home/user/simulation_ws/install/turtlebot3_gazebo/share/turtlebot3_gazebo//models/turtlebot3_waffle_pi/model.config
[67.547s] -- Installing: /home/user/simulation_ws/install/turtlebot3_gazebo/share/turtlebot3_gazebo//models/kinect_camera
[67.547s] -- Installing: /home/user/simulation_ws/install/turtlebot3_gazebo/share/turtlebot3_gazebo//models/kinect_camera/materials
[67.547s] -- Installing: /home/user/simulation_ws/install/turtlebot3_gazebo/share/turtlebot3_gazebo//models/kinect_camera/materials/textures
[67.547s] -- Installing: /home/user/simulation_ws/install/turtlebot3_gazebo/share/turtlebot3_gazebo//models/kinect_camera/materials/textures/kinect.png
[67.547s] -- Installing: /home/user/simulation_ws/install/turtlebot3_gazebo/share/turtlebot3_gazebo//models/kinect_camera/model.sdf
[67.547s] -- Installing: /home/user/simulation_ws/install/turtlebot3_gazebo/share/turtlebot3_gazebo//models/kinect_camera/meshes
[67.547s] -- Installing: /home/user/simulation_ws/install/turtlebot3_gazebo/share/turtlebot3_gazebo//models/kinect_camera/meshes/kinect.dae
[67.549s] -- Installing: /home/user/simulation_ws/install/turtlebot3_gazebo/share/turtlebot3_gazebo//models/kinect_camera/model.config
[67.549s] -- Installing: /home/user/simulation_ws/install/turtlebot3_gazebo/share/turtlebot3_gazebo//models/kinect_camera/kinect.xml
[67.549s] -- Installing: /home/user/simulation_ws/install/turtlebot3_gazebo/share/turtlebot3_gazebo//models/triangular_prism_pedestrian
[67.549s] -- Installing: /home/user/simulation_ws/install/turtlebot3_gazebo/share/turtlebot3_gazebo//models/triangular_prism_pedestrian/model.sdf
[67.550s] -- Installing: /home/user/simulation_ws/install/turtlebot3_gazebo/share/turtlebot3_gazebo//models/triangular_prism_pedestrian/model.config
[67.550s] -- Installing: /home/user/simulation_ws/install/turtlebot3_gazebo/share/turtlebot3_gazebo//models/ar_tag_3
[67.550s] -- Installing: /home/user/simulation_ws/install/turtlebot3_gazebo/share/turtlebot3_gazebo//models/ar_tag_3/model.sdf
[67.550s] -- Installing: /home/user/simulation_ws/install/turtlebot3_gazebo/share/turtlebot3_gazebo//models/ar_tag_3/model.config
[67.551s] -- Installing: /home/user/simulation_ws/install/turtlebot3_gazebo/share/turtlebot3_gazebo//models/trafficlight
[67.551s] -- Installing: /home/user/simulation_ws/install/turtlebot3_gazebo/share/turtlebot3_gazebo//models/trafficlight/model.sdf
[67.551s] -- Installing: /home/user/simulation_ws/install/turtlebot3_gazebo/share/turtlebot3_gazebo//models/trafficlight/meshes
[67.551s] -- Installing: /home/user/simulation_ws/install/turtlebot3_gazebo/share/turtlebot3_gazebo//models/trafficlight/meshes/trafficlights.obj
[67.552s] -- Installing: /home/user/simulation_ws/install/turtlebot3_gazebo/share/turtlebot3_gazebo//models/trafficlight/meshes/trafficlight2.dae
[67.552s] -- Installing: /home/user/simulation_ws/install/turtlebot3_gazebo/share/turtlebot3_gazebo//models/trafficlight/meshes/trafficlight.dae
[67.552s] -- Installing: /home/user/simulation_ws/install/turtlebot3_gazebo/share/turtlebot3_gazebo//models/trafficlight/meshes/TrafficLight.obj
[67.552s] -- Installing: /home/user/simulation_ws/install/turtlebot3_gazebo/share/turtlebot3_gazebo//models/trafficlight/meshes/trafficlights.mtl
[67.552s] -- Installing: /home/user/simulation_ws/install/turtlebot3_gazebo/share/turtlebot3_gazebo//models/trafficlight/meshes/TrafficLight.mtl
[67.553s] -- Installing: /home/user/simulation_ws/install/turtlebot3_gazebo/share/turtlebot3_gazebo//models/trafficlight/blender
[67.553s] -- Installing: /home/user/simulation_ws/install/turtlebot3_gazebo/share/turtlebot3_gazebo//models/trafficlight/blender/low-poly-traffic-light
[67.553s] -- Installing: /home/user/simulation_ws/install/turtlebot3_gazebo/share/turtlebot3_gazebo//models/trafficlight/blender/low-poly-traffic-light/Traffic Light.blend
[67.554s] -- Installing: /home/user/simulation_ws/install/turtlebot3_gazebo/share/turtlebot3_gazebo//models/trafficlight/blender/low-poly-traffic-light/Traffic Light.blend1
[67.556s] -- Installing: /home/user/simulation_ws/install/turtlebot3_gazebo/share/turtlebot3_gazebo//models/trafficlight/blender/low-poly-traffic-light/79768 - LICENSE.html
[67.556s] -- Installing: /home/user/simulation_ws/install/turtlebot3_gazebo/share/turtlebot3_gazebo//models/trafficlight/blender/trafficlightcustom.blend
[67.570s] -- Installing: /home/user/simulation_ws/install/turtlebot3_gazebo/share/turtlebot3_gazebo//models/trafficlight/blender/traffic-lights-usa-style
[67.570s] -- Installing: /home/user/simulation_ws/install/turtlebot3_gazebo/share/turtlebot3_gazebo//models/trafficlight/blender/traffic-lights-usa-style/BLENDSWAP_LICENSE.txt
[67.570s] -- Installing: /home/user/simulation_ws/install/turtlebot3_gazebo/share/turtlebot3_gazebo//models/trafficlight/blender/traffic-lights-usa-style/traffic lights.blend
[67.571s] -- Installing: /home/user/simulation_ws/install/turtlebot3_gazebo/share/turtlebot3_gazebo//models/trafficlight/blender/traffic-lights-usa-style/traffic lights.blend1
[67.571s] -- Installing: /home/user/simulation_ws/install/turtlebot3_gazebo/share/turtlebot3_gazebo//models/trafficlight/blender/trafficlightcustom.blend1
[67.571s] -- Installing: /home/user/simulation_ws/install/turtlebot3_gazebo/share/turtlebot3_gazebo//models/trafficlight/model.config
[67.571s] -- Installing: /home/user/simulation_ws/install/turtlebot3_gazebo/share/turtlebot3_gazebo//models/ar_tag_2
[67.571s] -- Installing: /home/user/simulation_ws/install/turtlebot3_gazebo/share/turtlebot3_gazebo//models/ar_tag_2/model.sdf
[67.571s] -- Installing: /home/user/simulation_ws/install/turtlebot3_gazebo/share/turtlebot3_gazebo//models/ar_tag_2/model.config
[67.571s] -- Installing: /home/user/simulation_ws/install/turtlebot3_gazebo/share/turtlebot3_gazebo//models/triangular_prism_stop
[67.572s] -- Installing: /home/user/simulation_ws/install/turtlebot3_gazebo/share/turtlebot3_gazebo//models/triangular_prism_stop/model.sdf
[67.572s] -- Installing: /home/user/simulation_ws/install/turtlebot3_gazebo/share/turtlebot3_gazebo//models/triangular_prism_stop/model.config
[67.572s] -- Installing: /home/user/simulation_ws/install/turtlebot3_gazebo/share/turtlebot3_gazebo//models/road_charging_4
[67.572s] -- Installing: /home/user/simulation_ws/install/turtlebot3_gazebo/share/turtlebot3_gazebo//models/road_charging_4/model.sdf
[67.572s] -- Installing: /home/user/simulation_ws/install/turtlebot3_gazebo/share/turtlebot3_gazebo//models/road_charging_4/model.config
[67.573s] -- Installing: /home/user/simulation_ws/install/turtlebot3_gazebo/share/turtlebot3_gazebo//models/road_charging_2
[67.573s] -- Installing: /home/user/simulation_ws/install/turtlebot3_gazebo/share/turtlebot3_gazebo//models/road_charging_2/model.sdf
[67.573s] -- Installing: /home/user/simulation_ws/install/turtlebot3_gazebo/share/turtlebot3_gazebo//models/road_charging_2/model.config
[67.573s] -- Installing: /home/user/simulation_ws/install/turtlebot3_gazebo/share/turtlebot3_gazebo//models/ar_tag_1
[67.573s] -- Installing: /home/user/simulation_ws/install/turtlebot3_gazebo/share/turtlebot3_gazebo//models/ar_tag_1/model.sdf
[67.573s] -- Installing: /home/user/simulation_ws/install/turtlebot3_gazebo/share/turtlebot3_gazebo//models/ar_tag_1/meshes
[67.574s] -- Installing: /home/user/simulation_ws/install/turtlebot3_gazebo/share/turtlebot3_gazebo//models/ar_tag_1/meshes/ar_tag_4.dae
[67.574s] -- Installing: /home/user/simulation_ws/install/turtlebot3_gazebo/share/turtlebot3_gazebo//models/ar_tag_1/meshes/ar_tag_7.dae
[67.574s] -- Installing: /home/user/simulation_ws/install/turtlebot3_gazebo/share/turtlebot3_gazebo//models/ar_tag_1/meshes/image_5.jpg
[67.574s] -- Installing: /home/user/simulation_ws/install/turtlebot3_gazebo/share/turtlebot3_gazebo//models/ar_tag_1/meshes/ar_tag_5.dae
[67.574s] -- Installing: /home/user/simulation_ws/install/turtlebot3_gazebo/share/turtlebot3_gazebo//models/ar_tag_1/meshes/image_6.jpg
[67.574s] -- Installing: /home/user/simulation_ws/install/turtlebot3_gazebo/share/turtlebot3_gazebo//models/ar_tag_1/meshes/image_7.jpg
[67.574s] -- Installing: /home/user/simulation_ws/install/turtlebot3_gazebo/share/turtlebot3_gazebo//models/ar_tag_1/meshes/ar_tag_2.dae
[67.575s] -- Installing: /home/user/simulation_ws/install/turtlebot3_gazebo/share/turtlebot3_gazebo//models/ar_tag_1/meshes/ar_tag_1.dae
[67.575s] -- Installing: /home/user/simulation_ws/install/turtlebot3_gazebo/share/turtlebot3_gazebo//models/ar_tag_1/meshes/image_4.jpg
[67.575s] -- Installing: /home/user/simulation_ws/install/turtlebot3_gazebo/share/turtlebot3_gazebo//models/ar_tag_1/meshes/image_3.jpg
[67.575s] -- Installing: /home/user/simulation_ws/install/turtlebot3_gazebo/share/turtlebot3_gazebo//models/ar_tag_1/meshes/image_2.jpg
[67.575s] -- Installing: /home/user/simulation_ws/install/turtlebot3_gazebo/share/turtlebot3_gazebo//models/ar_tag_1/meshes/ar_tag_3.dae
[67.575s] -- Installing: /home/user/simulation_ws/install/turtlebot3_gazebo/share/turtlebot3_gazebo//models/ar_tag_1/meshes/image_1.jpg
[67.575s] -- Installing: /home/user/simulation_ws/install/turtlebot3_gazebo/share/turtlebot3_gazebo//models/ar_tag_1/meshes/ar_tag_6.dae
[67.578s] -- Installing: /home/user/simulation_ws/install/turtlebot3_gazebo/share/turtlebot3_gazebo//models/ar_tag_1/blender
[67.578s] -- Installing: /home/user/simulation_ws/install/turtlebot3_gazebo/share/turtlebot3_gazebo//models/ar_tag_1/blender/ar_tag.blend
[67.578s] -- Installing: /home/user/simulation_ws/install/turtlebot3_gazebo/share/turtlebot3_gazebo//models/ar_tag_1/blender/ar_tag_1.blend
[67.578s] -- Installing: /home/user/simulation_ws/install/turtlebot3_gazebo/share/turtlebot3_gazebo//models/ar_tag_1/blender/ar_tag_1.blend1
[67.578s] -- Installing: /home/user/simulation_ws/install/turtlebot3_gazebo/share/turtlebot3_gazebo//models/ar_tag_1/blender/ar_tag.blend1
[67.578s] -- Installing: /home/user/simulation_ws/install/turtlebot3_gazebo/share/turtlebot3_gazebo//models/ar_tag_1/model.config
[67.582s] -- Installing: /home/user/simulation_ws/install/turtlebot3_gazebo/share/turtlebot3_gazebo//models/turtlebot3_world
[67.582s] -- Installing: /home/user/simulation_ws/install/turtlebot3_gazebo/share/turtlebot3_gazebo//models/turtlebot3_world/model.sdf
[67.582s] -- Installing: /home/user/simulation_ws/install/turtlebot3_gazebo/share/turtlebot3_gazebo//models/turtlebot3_world/meshes
[67.582s] -- Installing: /home/user/simulation_ws/install/turtlebot3_gazebo/share/turtlebot3_gazebo//models/turtlebot3_world/meshes/wall.dae
[67.582s] -- Installing: /home/user/simulation_ws/install/turtlebot3_gazebo/share/turtlebot3_gazebo//models/turtlebot3_world/meshes/hexagon.dae
[67.583s] -- Installing: /home/user/simulation_ws/install/turtlebot3_gazebo/share/turtlebot3_gazebo//models/turtlebot3_world/model-1_4.sdf
[67.583s] -- Installing: /home/user/simulation_ws/install/turtlebot3_gazebo/share/turtlebot3_gazebo//models/turtlebot3_world/model.config
[67.583s] -- Installing: /home/user/simulation_ws/install/turtlebot3_gazebo/share/turtlebot3_gazebo//models/play_cube_purple
[67.583s] -- Installing: /home/user/simulation_ws/install/turtlebot3_gazebo/share/turtlebot3_gazebo//models/play_cube_purple/model.sdf
[67.583s] -- Installing: /home/user/simulation_ws/install/turtlebot3_gazebo/share/turtlebot3_gazebo//models/play_cube_purple/model.config
[67.583s] -- Installing: /home/user/simulation_ws/install/turtlebot3_gazebo/share/turtlebot3_gazebo//models/working_wall_2
[67.584s] -- Installing: /home/user/simulation_ws/install/turtlebot3_gazebo/share/turtlebot3_gazebo//models/working_wall_2/model.sdf
[67.584s] -- Installing: /home/user/simulation_ws/install/turtlebot3_gazebo/share/turtlebot3_gazebo//models/working_wall_2/model.config
[67.584s] -- Installing: /home/user/simulation_ws/install/turtlebot3_gazebo/share/turtlebot3_gazebo//models/turtlebot3_waffle
[67.584s] -- Installing: /home/user/simulation_ws/install/turtlebot3_gazebo/share/turtlebot3_gazebo//models/turtlebot3_waffle/model.sdf
[67.584s] -- Installing: /home/user/simulation_ws/install/turtlebot3_gazebo/share/turtlebot3_gazebo//models/turtlebot3_waffle/model-1_4.sdf
[67.584s] -- Installing: /home/user/simulation_ws/install/turtlebot3_gazebo/share/turtlebot3_gazebo//models/turtlebot3_waffle/model.config
[67.585s] -- Installing: /home/user/simulation_ws/install/turtlebot3_gazebo/share/turtlebot3_gazebo//models/road_charging
[67.585s] -- Installing: /home/user/simulation_ws/install/turtlebot3_gazebo/share/turtlebot3_gazebo//models/road_charging/model.sdf
[67.586s] -- Installing: /home/user/simulation_ws/install/turtlebot3_gazebo/share/turtlebot3_gazebo//models/road_charging/model.config
[67.586s] -- Installing: /home/user/simulation_ws/install/turtlebot3_gazebo/share/turtlebot3_gazebo//models/ar_tag_6
[67.586s] -- Installing: /home/user/simulation_ws/install/turtlebot3_gazebo/share/turtlebot3_gazebo//models/ar_tag_6/model.sdf
[67.586s] -- Installing: /home/user/simulation_ws/install/turtlebot3_gazebo/share/turtlebot3_gazebo//models/ar_tag_6/model.config
[67.586s] -- Installing: /home/user/simulation_ws/install/turtlebot3_gazebo/share/turtlebot3_gazebo//models/pedestrian1
[67.586s] -- Installing: /home/user/simulation_ws/install/turtlebot3_gazebo/share/turtlebot3_gazebo//models/pedestrian1/model.sdf
[67.586s] -- Installing: /home/user/simulation_ws/install/turtlebot3_gazebo/share/turtlebot3_gazebo//models/pedestrian1/model.config
[67.587s] -- Installing: /home/user/simulation_ws/install/turtlebot3_gazebo/share/turtlebot3_gazebo//models/ar_tag_5
[67.587s] -- Installing: /home/user/simulation_ws/install/turtlebot3_gazebo/share/turtlebot3_gazebo//models/ar_tag_5/model.sdf
[67.587s] -- Installing: /home/user/simulation_ws/install/turtlebot3_gazebo/share/turtlebot3_gazebo//models/ar_tag_5/model.config
[67.587s] -- Installing: /home/user/simulation_ws/install/turtlebot3_gazebo/share/turtlebot3_gazebo//models/wheels
[67.587s] -- Installing: /home/user/simulation_ws/install/turtlebot3_gazebo/share/turtlebot3_gazebo//models/wheels/right_tire.stl
[67.587s] -- Installing: /home/user/simulation_ws/install/turtlebot3_gazebo/share/turtlebot3_gazebo//models/wheels/left_tire.stl
[67.589s] -- Installing: /home/user/simulation_ws/install/turtlebot3_gazebo/share/turtlebot3_gazebo//models/road_plane_new
[67.589s] -- Installing: /home/user/simulation_ws/install/turtlebot3_gazebo/share/turtlebot3_gazebo//models/road_plane_new/thumbnails
[67.589s] -- Installing: /home/user/simulation_ws/install/turtlebot3_gazebo/share/turtlebot3_gazebo//models/road_plane_new/thumbnails/0.png
[67.589s] -- Installing: /home/user/simulation_ws/install/turtlebot3_gazebo/share/turtlebot3_gazebo//models/road_plane_new/materials
[67.590s] -- Installing: /home/user/simulation_ws/install/turtlebot3_gazebo/share/turtlebot3_gazebo//models/road_plane_new/materials/scripts
[67.590s] -- Installing: /home/user/simulation_ws/install/turtlebot3_gazebo/share/turtlebot3_gazebo//models/road_plane_new/materials/scripts/plane.material
[67.590s] -- Installing: /home/user/simulation_ws/install/turtlebot3_gazebo/share/turtlebot3_gazebo//models/road_plane_new/materials/textures
[67.590s] -- Installing: /home/user/simulation_ws/install/turtlebot3_gazebo/share/turtlebot3_gazebo//models/road_plane_new/materials/textures/road_p.png
[67.591s] -- Installing: /home/user/simulation_ws/install/turtlebot3_gazebo/share/turtlebot3_gazebo//models/road_plane_new/model.sdf
[67.591s] -- Installing: /home/user/simulation_ws/install/turtlebot3_gazebo/share/turtlebot3_gazebo//models/road_plane_new/model.config
[67.592s] -- Installing: /home/user/simulation_ws/install/turtlebot3_gazebo/share/turtlebot3_gazebo//models/play_cube_red
[67.592s] -- Installing: /home/user/simulation_ws/install/turtlebot3_gazebo/share/turtlebot3_gazebo//models/play_cube_red/model.sdf
[67.593s] -- Installing: /home/user/simulation_ws/install/turtlebot3_gazebo/share/turtlebot3_gazebo//models/play_cube_red/model.config
[67.593s] -- Installing: /home/user/simulation_ws/install/turtlebot3_gazebo/share/turtlebot3_gazebo//models/area_charging
[67.593s] -- Installing: /home/user/simulation_ws/install/turtlebot3_gazebo/share/turtlebot3_gazebo//models/area_charging/model.sdf
[67.593s] -- Installing: /home/user/simulation_ws/install/turtlebot3_gazebo/share/turtlebot3_gazebo//models/area_charging/model.config
[67.593s] -- Installing: /home/user/simulation_ws/install/turtlebot3_gazebo/share/turtlebot3_gazebo//models/triangular_prism_direccion_obligada
[67.593s] -- Installing: /home/user/simulation_ws/install/turtlebot3_gazebo/share/turtlebot3_gazebo//models/triangular_prism_direccion_obligada/model.sdf
[67.593s] -- Installing: /home/user/simulation_ws/install/turtlebot3_gazebo/share/turtlebot3_gazebo//models/triangular_prism_direccion_obligada/model.config
[67.593s] -- Installing: /home/user/simulation_ws/install/turtlebot3_gazebo/share/turtlebot3_gazebo//models/play_cube_green
[67.594s] -- Installing: /home/user/simulation_ws/install/turtlebot3_gazebo/share/turtlebot3_gazebo//models/play_cube_green/model.sdf
[67.595s] -- Installing: /home/user/simulation_ws/install/turtlebot3_gazebo/share/turtlebot3_gazebo//models/play_cube_green/model.config
[67.596s] -- Installing: /home/user/simulation_ws/install/turtlebot3_gazebo/share/turtlebot3_gazebo//models/working_wall_robot_arm
[67.596s] -- Installing: /home/user/simulation_ws/install/turtlebot3_gazebo/share/turtlebot3_gazebo//models/working_wall_robot_arm/model.sdf
[67.596s] -- Installing: /home/user/simulation_ws/install/turtlebot3_gazebo/share/turtlebot3_gazebo//models/working_wall_robot_arm/model.config
[67.596s] -- Installing: /home/user/simulation_ws/install/turtlebot3_gazebo/share/turtlebot3_gazebo//models/pedestrian_sign_prism
[67.596s] -- Installing: /home/user/simulation_ws/install/turtlebot3_gazebo/share/turtlebot3_gazebo//models/pedestrian_sign_prism/model.sdf
[67.596s] -- Installing: /home/user/simulation_ws/install/turtlebot3_gazebo/share/turtlebot3_gazebo//models/pedestrian_sign_prism/meshes
[67.596s] -- Installing: /home/user/simulation_ws/install/turtlebot3_gazebo/share/turtlebot3_gazebo//models/pedestrian_sign_prism/meshes/pedestrian.png
[67.597s] -- Installing: /home/user/simulation_ws/install/turtlebot3_gazebo/share/turtlebot3_gazebo//models/pedestrian_sign_prism/meshes/signal_pedestrian.dae
[67.597s] -- Installing: /home/user/simulation_ws/install/turtlebot3_gazebo/share/turtlebot3_gazebo//models/pedestrian_sign_prism/meshes/signal_pedestrian_fix.dae
[67.597s] -- Installing: /home/user/simulation_ws/install/turtlebot3_gazebo/share/turtlebot3_gazebo//models/pedestrian_sign_prism/model.config
[67.597s] -- Installing: /home/user/simulation_ws/install/turtlebot3_gazebo/share/turtlebot3_gazebo//models/play_cube_red_big
[67.597s] -- Installing: /home/user/simulation_ws/install/turtlebot3_gazebo/share/turtlebot3_gazebo//models/play_cube_red_big/model.sdf
[67.597s] -- Installing: /home/user/simulation_ws/install/turtlebot3_gazebo/share/turtlebot3_gazebo//models/play_cube_red_big/model.config
[67.597s] -- Installing: /home/user/simulation_ws/install/turtlebot3_gazebo/share/turtlebot3_gazebo//models/bases
[67.597s] -- Installing: /home/user/simulation_ws/install/turtlebot3_gazebo/share/turtlebot3_gazebo//models/bases/waffle_base.stl
[67.631s] -- Installing: /home/user/simulation_ws/install/turtlebot3_gazebo/share/turtlebot3_gazebo//models/bases/burger_base.stl
[67.640s] -- Installing: /home/user/simulation_ws/install/turtlebot3_gazebo/share/turtlebot3_gazebo//models/bases/waffle_pi_base.stl
[67.664s] -- Installing: /home/user/simulation_ws/install/turtlebot3_gazebo/share/turtlebot3_gazebo//models/road_starting
[67.665s] -- Installing: /home/user/simulation_ws/install/turtlebot3_gazebo/share/turtlebot3_gazebo//models/road_starting/model.sdf
[67.665s] -- Installing: /home/user/simulation_ws/install/turtlebot3_gazebo/share/turtlebot3_gazebo//models/road_starting/model.config
[67.665s] -- Installing: /home/user/simulation_ws/install/turtlebot3_gazebo/share/turtlebot3_gazebo//models/eight_road
[67.665s] -- Installing: /home/user/simulation_ws/install/turtlebot3_gazebo/share/turtlebot3_gazebo//models/eight_road/model.sdf
[67.666s] -- Installing: /home/user/simulation_ws/install/turtlebot3_gazebo/share/turtlebot3_gazebo//models/eight_road/meshes
[67.666s] -- Installing: /home/user/simulation_ws/install/turtlebot3_gazebo/share/turtlebot3_gazebo//models/eight_road/meshes/EightCircuit.png
[67.671s] -- Installing: /home/user/simulation_ws/install/turtlebot3_gazebo/share/turtlebot3_gazebo//models/eight_road/meshes/eightroad.dae
[67.672s] -- Installing: /home/user/simulation_ws/install/turtlebot3_gazebo/share/turtlebot3_gazebo//models/eight_road/blender
[67.672s] -- Installing: /home/user/simulation_ws/install/turtlebot3_gazebo/share/turtlebot3_gazebo//models/eight_road/blender/eightroad.blend
[67.674s] -- Installing: /home/user/simulation_ws/install/turtlebot3_gazebo/share/turtlebot3_gazebo//models/eight_road/model.config
[67.674s] -- Installing: /home/user/simulation_ws/install/turtlebot3_gazebo/share/turtlebot3_gazebo//models/working_wall
[67.674s] -- Installing: /home/user/simulation_ws/install/turtlebot3_gazebo/share/turtlebot3_gazebo//models/working_wall/model.sdf
[67.675s] -- Installing: /home/user/simulation_ws/install/turtlebot3_gazebo/share/turtlebot3_gazebo//models/working_wall/model.config
[67.675s] -- Installing: /home/user/simulation_ws/install/turtlebot3_gazebo/share/turtlebot3_gazebo//models/direccion_obligada_sign_prism
[67.675s] -- Installing: /home/user/simulation_ws/install/turtlebot3_gazebo/share/turtlebot3_gazebo//models/direccion_obligada_sign_prism/model.sdf
[67.676s] -- Installing: /home/user/simulation_ws/install/turtlebot3_gazebo/share/turtlebot3_gazebo//models/direccion_obligada_sign_prism/meshes
[67.676s] -- Installing: /home/user/simulation_ws/install/turtlebot3_gazebo/share/turtlebot3_gazebo//models/direccion_obligada_sign_prism/meshes/signal_dir_obligada.dae
[67.676s] -- Installing: /home/user/simulation_ws/install/turtlebot3_gazebo/share/turtlebot3_gazebo//models/direccion_obligada_sign_prism/meshes/direccion_obligada.jpg
[67.677s] -- Installing: /home/user/simulation_ws/install/turtlebot3_gazebo/share/turtlebot3_gazebo//models/direccion_obligada_sign_prism/meshes/signal_dir_obligada_fix.dae
[67.677s] -- Installing: /home/user/simulation_ws/install/turtlebot3_gazebo/share/turtlebot3_gazebo//models/direccion_obligada_sign_prism/model.config
[67.677s] -- Installing: /home/user/simulation_ws/install/turtlebot3_gazebo/share/turtlebot3_gazebo//models/working_wall_0
[67.677s] -- Installing: /home/user/simulation_ws/install/turtlebot3_gazebo/share/turtlebot3_gazebo//models/working_wall_0/model.sdf
[67.677s] -- Installing: /home/user/simulation_ws/install/turtlebot3_gazebo/share/turtlebot3_gazebo//models/working_wall_0/model.config
[67.678s] -- Installing: /home/user/simulation_ws/install/turtlebot3_gazebo/share/turtlebot3_gazebo//rviz
[67.678s] -- Installing: /home/user/simulation_ws/install/turtlebot3_gazebo/share/turtlebot3_gazebo//rviz/tb3_gazebo.rviz
[67.678s] -- Installing: /home/user/simulation_ws/install/turtlebot3_gazebo/share/turtlebot3_gazebo//urdf
[67.678s] -- Installing: /home/user/simulation_ws/install/turtlebot3_gazebo/share/turtlebot3_gazebo//urdf/turtlebot3_waffle.urdf
[67.679s] -- Installing: /home/user/simulation_ws/install/turtlebot3_gazebo/share/turtlebot3_gazebo//urdf/turtlebot3_waffle_pi.urdf
[67.679s] -- Installing: /home/user/simulation_ws/install/turtlebot3_gazebo/share/turtlebot3_gazebo//urdf/common_properties.urdf
[67.679s] -- Installing: /home/user/simulation_ws/install/turtlebot3_gazebo/share/turtlebot3_gazebo//urdf/turtlebot3_burger.urdf
[67.679s] -- Installing: /home/user/simulation_ws/install/turtlebot3_gazebo/share/turtlebot3_gazebo//worlds
[67.680s] -- Installing: /home/user/simulation_ws/install/turtlebot3_gazebo/share/turtlebot3_gazebo//worlds/realrobotlab_v1.world
[67.680s] -- Installing: /home/user/simulation_ws/install/turtlebot3_gazebo/share/turtlebot3_gazebo//worlds/turtlebot3_dqn_stage2.world
[67.680s] -- Installing: /home/user/simulation_ws/install/turtlebot3_gazebo/share/turtlebot3_gazebo//worlds/turtlebot3_dqn_stage3.world
[67.680s] -- Installing: /home/user/simulation_ws/install/turtlebot3_gazebo/share/turtlebot3_gazebo//worlds/turtlebot3_dqn_stage1.world
[67.681s] -- Installing: /home/user/simulation_ws/install/turtlebot3_gazebo/share/turtlebot3_gazebo//worlds/turtlebot3_house.world
[67.681s] -- Installing: /home/user/simulation_ws/install/turtlebot3_gazebo/share/turtlebot3_gazebo//worlds/turtlebot3_dqn_stage4.world
[67.681s] -- Installing: /home/user/simulation_ws/install/turtlebot3_gazebo/share/turtlebot3_gazebo//worlds/turtlebot3_world.world
[67.681s] -- Installing: /home/user/simulation_ws/install/turtlebot3_gazebo/share/turtlebot3_gazebo//worlds/empty_world.world
[67.682s] -- Installing: /home/user/simulation_ws/install/turtlebot3_gazebo/include/
[67.682s] -- Installing: /home/user/simulation_ws/install/turtlebot3_gazebo/include//turtlebot3_gazebo
[67.682s] -- Installing: /home/user/simulation_ws/install/turtlebot3_gazebo/include//turtlebot3_gazebo/turtlebot3_drive.hpp
[67.682s] -- Installing: /home/user/simulation_ws/install/turtlebot3_gazebo/share/ament_index/resource_index/package_run_dependencies/turtlebot3_gazebo
[67.683s] -- Installing: /home/user/simulation_ws/install/turtlebot3_gazebo/share/ament_index/resource_index/parent_prefix_path/turtlebot3_gazebo
[67.683s] -- Installing: /home/user/simulation_ws/install/turtlebot3_gazebo/share/turtlebot3_gazebo/environment/ament_prefix_path.sh
[67.683s] -- Installing: /home/user/simulation_ws/install/turtlebot3_gazebo/share/turtlebot3_gazebo/environment/ament_prefix_path.dsv
[67.683s] -- Installing: /home/user/simulation_ws/install/turtlebot3_gazebo/share/turtlebot3_gazebo/environment/path.sh
[67.684s] -- Installing: /home/user/simulation_ws/install/turtlebot3_gazebo/share/turtlebot3_gazebo/environment/path.dsv
[67.684s] -- Installing: /home/user/simulation_ws/install/turtlebot3_gazebo/share/turtlebot3_gazebo/local_setup.bash
[67.684s] -- Installing: /home/user/simulation_ws/install/turtlebot3_gazebo/share/turtlebot3_gazebo/local_setup.sh
[67.684s] -- Installing: /home/user/simulation_ws/install/turtlebot3_gazebo/share/turtlebot3_gazebo/local_setup.zsh
[67.688s] -- Installing: /home/user/simulation_ws/install/turtlebot3_gazebo/share/turtlebot3_gazebo/local_setup.dsv
[67.688s] -- Installing: /home/user/simulation_ws/install/turtlebot3_gazebo/share/turtlebot3_gazebo/package.dsv
[67.688s] -- Installing: /home/user/simulation_ws/install/turtlebot3_gazebo/share/ament_index/resource_index/packages/turtlebot3_gazebo
[67.688s] -- Installing: /home/user/simulation_ws/install/turtlebot3_gazebo/share/turtlebot3_gazebo/cmake/ament_cmake_export_include_directories-extras.cmake
[67.689s] -- Installing: /home/user/simulation_ws/install/turtlebot3_gazebo/share/turtlebot3_gazebo/cmake/ament_cmake_export_dependencies-extras.cmake
[67.689s] -- Installing: /home/user/simulation_ws/install/turtlebot3_gazebo/share/turtlebot3_gazebo/cmake/turtlebot3_gazeboConfig.cmake
[67.689s] -- Installing: /home/user/simulation_ws/install/turtlebot3_gazebo/share/turtlebot3_gazebo/cmake/turtlebot3_gazeboConfig-version.cmake
[67.690s] -- Installing: /home/user/simulation_ws/install/turtlebot3_gazebo/share/turtlebot3_gazebo/package.xml
[67.696s] Invoked command in '/home/user/simulation_ws/build/turtlebot3_gazebo' returned '0': CMAKE_PREFIX_PATH=${CMAKE_PREFIX_PATH}:/opt/ros/foxy _=/usr/bin/env /usr/bin/cmake --install /home/user/simulation_ws/build/turtlebot3_gazebo
