running egg_info
writing ../../build/wall_follower/wall_follower.egg-info/PKG-INFO
writing dependency_links to ../../build/wall_follower/wall_follower.egg-info/dependency_links.txt
writing entry points to ../../build/wall_follower/wall_follower.egg-info/entry_points.txt
writing requirements to ../../build/wall_follower/wall_follower.egg-info/requires.txt
writing top-level names to ../../build/wall_follower/wall_follower.egg-info/top_level.txt
reading manifest file '../../build/wall_follower/wall_follower.egg-info/SOURCES.txt'
writing manifest file '../../build/wall_follower/wall_follower.egg-info/SOURCES.txt'
running build
running build_py
copying wall_follower/wall_finder.py -> /home/user/ros2_ws/build/wall_follower/build/lib/wall_follower
running install
running install_lib
copying /home/user/ros2_ws/build/wall_follower/build/lib/wall_follower/wall_finder.py -> /home/user/ros2_ws/install/wall_follower/lib/python3.8/site-packages/wall_follower
byte-compiling /home/user/ros2_ws/install/wall_follower/lib/python3.8/site-packages/wall_follower/wall_finder.py to wall_finder.cpython-38.pyc
running install_data
copying launch/main.launch.py -> /home/user/ros2_ws/install/wall_follower/share/wall_follower
running install_egg_info
removing '/home/user/ros2_ws/install/wall_follower/lib/python3.8/site-packages/wall_follower-0.0.0-py3.8.egg-info' (and everything under it)
Copying ../../build/wall_follower/wall_follower.egg-info to /home/user/ros2_ws/install/wall_follower/lib/python3.8/site-packages/wall_follower-0.0.0-py3.8.egg-info
running install_scripts
Installing odom_recorder script to /home/user/ros2_ws/install/wall_follower/lib/wall_follower
Installing wall_finder script to /home/user/ros2_ws/install/wall_follower/lib/wall_follower
Installing wall_following script to /home/user/ros2_ws/install/wall_follower/lib/wall_follower
writing list of installed files to '/home/user/ros2_ws/build/wall_follower/install.log'
