[1.197s] DEBUG:colcon:Command line arguments: ['/usr/bin/colcon', 'build']
[1.197s] DEBUG:colcon:Parsed command line arguments: Namespace(ament_cmake_args=None, base_paths=['.'], build_base='build', catkin_cmake_args=None, catkin_skip_building_tests=False, cmake_args=None, cmake_clean_cache=False, cmake_clean_first=False, cmake_force_configure=False, cmake_target=None, cmake_target_skip_unavailable=False, continue_on_error=False, event_handlers=None, executor='parallel', ignore_user_meta=False, install_base='install', log_base=None, log_level=None, main=<bound method BuildVerb.main of <colcon_core.verb.build.BuildVerb object at 0x7f9766377820>>, merge_install=False, metas=['./colcon.meta'], packages_above=None, packages_above_and_dependencies=None, packages_above_depth=None, packages_end=None, packages_ignore=None, packages_ignore_regex=None, packages_select=None, packages_select_build_failed=False, packages_select_by_dep=None, packages_select_regex=None, packages_select_test_failures=False, packages_skip=None, packages_skip_build_finished=False, packages_skip_by_dep=None, packages_skip_regex=None, packages_skip_test_passed=False, packages_skip_up_to=None, packages_start=None, packages_up_to=None, packages_up_to_regex=None, parallel_workers=8, paths=None, symlink_install=False, test_result_base=None, verb_extension=<colcon_core.verb.build.BuildVerb object at 0x7f9766377820>, verb_name='build', verb_parser=<colcon_defaults.argument_parser.defaults.DefaultArgumentsDecorator object at 0x7f9766377d90>)
[1.204s] Level 1:colcon.colcon_core.package_discovery:discover_packages(colcon_meta) check parameters
[1.204s] Level 1:colcon.colcon_core.package_discovery:discover_packages(recursive) check parameters
[1.204s] Level 1:colcon.colcon_core.package_discovery:discover_packages(ignore) check parameters
[1.204s] Level 1:colcon.colcon_core.package_discovery:discover_packages(path) check parameters
[1.204s] Level 1:colcon.colcon_core.package_discovery:discover_packages(colcon_meta) discover
[1.204s] Level 1:colcon.colcon_core.package_discovery:discover_packages(recursive) discover
[1.204s] INFO:colcon.colcon_core.package_discovery:Crawling recursively for packages in '/home/user/ros2_ws'
[1.204s] Level 1:colcon.colcon_core.package_identification:_identify(.) by extensions ['ignore', 'ignore_ament_install']
[1.204s] Level 1:colcon.colcon_core.package_identification:_identify(.) by extension 'ignore'
[1.204s] Level 1:colcon.colcon_core.package_identification:_identify(.) by extension 'ignore_ament_install'
[1.204s] Level 1:colcon.colcon_core.package_identification:_identify(.) by extensions ['colcon_pkg']
[1.204s] Level 1:colcon.colcon_core.package_identification:_identify(.) by extension 'colcon_pkg'
[1.204s] Level 1:colcon.colcon_core.package_identification:_identify(.) by extensions ['colcon_meta']
[1.204s] Level 1:colcon.colcon_core.package_identification:_identify(.) by extension 'colcon_meta'
[1.204s] Level 1:colcon.colcon_core.package_identification:_identify(.) by extensions ['ros']
[1.204s] Level 1:colcon.colcon_core.package_identification:_identify(.) by extension 'ros'
[1.217s] Level 1:colcon.colcon_core.package_identification:_identify(.) by extensions ['cmake', 'python']
[1.217s] Level 1:colcon.colcon_core.package_identification:_identify(.) by extension 'cmake'
[1.217s] Level 1:colcon.colcon_core.package_identification:_identify(.) by extension 'python'
[1.217s] Level 1:colcon.colcon_core.package_identification:_identify(.) by extensions ['python_setup_py']
[1.217s] Level 1:colcon.colcon_core.package_identification:_identify(.) by extension 'python_setup_py'
[1.217s] Level 1:colcon.colcon_core.package_identification:_identify(build) by extensions ['ignore', 'ignore_ament_install']
[1.217s] Level 1:colcon.colcon_core.package_identification:_identify(build) by extension 'ignore'
[1.217s] Level 1:colcon.colcon_core.package_identification:_identify(build) ignored
[1.217s] Level 1:colcon.colcon_core.package_identification:_identify(install) by extensions ['ignore', 'ignore_ament_install']
[1.217s] Level 1:colcon.colcon_core.package_identification:_identify(install) by extension 'ignore'
[1.218s] Level 1:colcon.colcon_core.package_identification:_identify(install) ignored
[1.218s] Level 1:colcon.colcon_core.package_identification:_identify(log) by extensions ['ignore', 'ignore_ament_install']
[1.218s] Level 1:colcon.colcon_core.package_identification:_identify(log) by extension 'ignore'
[1.218s] Level 1:colcon.colcon_core.package_identification:_identify(log) ignored
[1.218s] Level 1:colcon.colcon_core.package_identification:_identify(src) by extensions ['ignore', 'ignore_ament_install']
[1.218s] Level 1:colcon.colcon_core.package_identification:_identify(src) by extension 'ignore'
[1.218s] Level 1:colcon.colcon_core.package_identification:_identify(src) by extension 'ignore_ament_install'
[1.218s] Level 1:colcon.colcon_core.package_identification:_identify(src) by extensions ['colcon_pkg']
[1.218s] Level 1:colcon.colcon_core.package_identification:_identify(src) by extension 'colcon_pkg'
[1.218s] Level 1:colcon.colcon_core.package_identification:_identify(src) by extensions ['colcon_meta']
[1.218s] Level 1:colcon.colcon_core.package_identification:_identify(src) by extension 'colcon_meta'
[1.218s] Level 1:colcon.colcon_core.package_identification:_identify(src) by extensions ['ros']
[1.218s] Level 1:colcon.colcon_core.package_identification:_identify(src) by extension 'ros'
[1.218s] Level 1:colcon.colcon_core.package_identification:_identify(src) by extensions ['cmake', 'python']
[1.218s] Level 1:colcon.colcon_core.package_identification:_identify(src) by extension 'cmake'
[1.218s] Level 1:colcon.colcon_core.package_identification:_identify(src) by extension 'python'
[1.219s] Level 1:colcon.colcon_core.package_identification:_identify(src) by extensions ['python_setup_py']
[1.219s] Level 1:colcon.colcon_core.package_identification:_identify(src) by extension 'python_setup_py'
[1.219s] Level 1:colcon.colcon_core.package_identification:_identify(src/custom_interfaces) by extensions ['ignore', 'ignore_ament_install']
[1.219s] Level 1:colcon.colcon_core.package_identification:_identify(src/custom_interfaces) by extension 'ignore'
[1.219s] Level 1:colcon.colcon_core.package_identification:_identify(src/custom_interfaces) by extension 'ignore_ament_install'
[1.219s] Level 1:colcon.colcon_core.package_identification:_identify(src/custom_interfaces) by extensions ['colcon_pkg']
[1.219s] Level 1:colcon.colcon_core.package_identification:_identify(src/custom_interfaces) by extension 'colcon_pkg'
[1.219s] Level 1:colcon.colcon_core.package_identification:_identify(src/custom_interfaces) by extensions ['colcon_meta']
[1.219s] Level 1:colcon.colcon_core.package_identification:_identify(src/custom_interfaces) by extension 'colcon_meta'
[1.219s] Level 1:colcon.colcon_core.package_identification:_identify(src/custom_interfaces) by extensions ['ros']
[1.219s] Level 1:colcon.colcon_core.package_identification:_identify(src/custom_interfaces) by extension 'ros'
[1.222s] DEBUG:colcon.colcon_core.package_identification:Package 'src/custom_interfaces' with type 'ros.ament_cmake' and name 'custom_interfaces'
[1.222s] Level 1:colcon.colcon_core.package_identification:_identify(src/wall_follower) by extensions ['ignore', 'ignore_ament_install']
[1.222s] Level 1:colcon.colcon_core.package_identification:_identify(src/wall_follower) by extension 'ignore'
[1.222s] Level 1:colcon.colcon_core.package_identification:_identify(src/wall_follower) by extension 'ignore_ament_install'
[1.222s] Level 1:colcon.colcon_core.package_identification:_identify(src/wall_follower) by extensions ['colcon_pkg']
[1.222s] Level 1:colcon.colcon_core.package_identification:_identify(src/wall_follower) by extension 'colcon_pkg'
[1.222s] Level 1:colcon.colcon_core.package_identification:_identify(src/wall_follower) by extensions ['colcon_meta']
[1.222s] Level 1:colcon.colcon_core.package_identification:_identify(src/wall_follower) by extension 'colcon_meta'
[1.222s] Level 1:colcon.colcon_core.package_identification:_identify(src/wall_follower) by extensions ['ros']
[1.222s] Level 1:colcon.colcon_core.package_identification:_identify(src/wall_follower) by extension 'ros'
[1.223s] DEBUG:colcon.colcon_core.package_identification:Package 'src/wall_follower' with type 'ros.ament_python' and name 'wall_follower'
[1.223s] Level 1:colcon.colcon_core.package_discovery:discover_packages(recursive) using defaults
[1.223s] Level 1:colcon.colcon_core.package_discovery:discover_packages(ignore) discover
[1.223s] Level 1:colcon.colcon_core.package_discovery:discover_packages(ignore) using defaults
[1.223s] Level 1:colcon.colcon_core.package_discovery:discover_packages(path) discover
[1.223s] Level 1:colcon.colcon_core.package_discovery:discover_packages(path) using defaults
[1.308s] Level 5:colcon.colcon_core.verb:set package 'custom_interfaces' build argument 'cmake_args' from command line to 'None'
[1.309s] Level 5:colcon.colcon_core.verb:set package 'custom_interfaces' build argument 'cmake_target' from command line to 'None'
[1.309s] Level 5:colcon.colcon_core.verb:set package 'custom_interfaces' build argument 'cmake_target_skip_unavailable' from command line to 'False'
[1.309s] Level 5:colcon.colcon_core.verb:set package 'custom_interfaces' build argument 'cmake_clean_cache' from command line to 'False'
[1.309s] Level 5:colcon.colcon_core.verb:set package 'custom_interfaces' build argument 'cmake_clean_first' from command line to 'False'
[1.309s] Level 5:colcon.colcon_core.verb:set package 'custom_interfaces' build argument 'cmake_force_configure' from command line to 'False'
[1.309s] Level 5:colcon.colcon_core.verb:set package 'custom_interfaces' build argument 'ament_cmake_args' from command line to 'None'
[1.309s] Level 5:colcon.colcon_core.verb:set package 'custom_interfaces' build argument 'catkin_cmake_args' from command line to 'None'
[1.309s] Level 5:colcon.colcon_core.verb:set package 'custom_interfaces' build argument 'catkin_skip_building_tests' from command line to 'False'
[1.309s] DEBUG:colcon.colcon_core.verb:Building package 'custom_interfaces' with the following arguments: {'ament_cmake_args': None, 'build_base': '/home/user/ros2_ws/build/custom_interfaces', 'catkin_cmake_args': None, 'catkin_skip_building_tests': False, 'cmake_args': None, 'cmake_clean_cache': False, 'cmake_clean_first': False, 'cmake_force_configure': False, 'cmake_target': None, 'cmake_target_skip_unavailable': False, 'install_base': '/home/user/ros2_ws/install/custom_interfaces', 'merge_install': False, 'path': '/home/user/ros2_ws/src/custom_interfaces', 'symlink_install': False, 'test_result_base': None}
[1.312s] Level 5:colcon.colcon_core.verb:set package 'wall_follower' build argument 'cmake_args' from command line to 'None'
[1.313s] Level 5:colcon.colcon_core.verb:set package 'wall_follower' build argument 'cmake_target' from command line to 'None'
[1.313s] Level 5:colcon.colcon_core.verb:set package 'wall_follower' build argument 'cmake_target_skip_unavailable' from command line to 'False'
[1.313s] Level 5:colcon.colcon_core.verb:set package 'wall_follower' build argument 'cmake_clean_cache' from command line to 'False'
[1.313s] Level 5:colcon.colcon_core.verb:set package 'wall_follower' build argument 'cmake_clean_first' from command line to 'False'
[1.313s] Level 5:colcon.colcon_core.verb:set package 'wall_follower' build argument 'cmake_force_configure' from command line to 'False'
[1.313s] Level 5:colcon.colcon_core.verb:set package 'wall_follower' build argument 'ament_cmake_args' from command line to 'None'
[1.313s] Level 5:colcon.colcon_core.verb:set package 'wall_follower' build argument 'catkin_cmake_args' from command line to 'None'
[1.313s] Level 5:colcon.colcon_core.verb:set package 'wall_follower' build argument 'catkin_skip_building_tests' from command line to 'False'
[1.313s] DEBUG:colcon.colcon_core.verb:Building package 'wall_follower' with the following arguments: {'ament_cmake_args': None, 'build_base': '/home/user/ros2_ws/build/wall_follower', 'catkin_cmake_args': None, 'catkin_skip_building_tests': False, 'cmake_args': None, 'cmake_clean_cache': False, 'cmake_clean_first': False, 'cmake_force_configure': False, 'cmake_target': None, 'cmake_target_skip_unavailable': False, 'install_base': '/home/user/ros2_ws/install/wall_follower', 'merge_install': False, 'path': '/home/user/ros2_ws/src/wall_follower', 'symlink_install': False, 'test_result_base': None}
[1.313s] INFO:colcon.colcon_core.executor:Executing jobs using 'parallel' executor
[1.316s] DEBUG:colcon.colcon_parallel_executor.executor.parallel:run_until_complete
[1.316s] INFO:colcon.colcon_ros.task.ament_cmake.build:Building ROS package in '/home/user/ros2_ws/src/custom_interfaces' with build type 'ament_cmake'
[1.317s] INFO:colcon.colcon_cmake.task.cmake.build:Building CMake package in '/home/user/ros2_ws/src/custom_interfaces'
[1.321s] INFO:colcon.colcon_core.plugin_system:Skipping extension 'colcon_core.shell.bat': Not used on non-Windows systems
[1.321s] INFO:colcon.colcon_core.shell:Skip shell extension 'powershell' for command environment: Not usable outside of PowerShell
[1.321s] DEBUG:colcon.colcon_core.shell:Skip shell extension 'dsv' for command environment
[1.325s] DEBUG:colcon.colcon_core.shell:Ignoring prefix path '/opt/ros/foxy'
[1.400s] INFO:colcon.colcon_ros.task.ament_python.build:Building ROS package in '/home/user/ros2_ws/src/wall_follower' with build type 'ament_python'
[1.401s] Level 1:colcon.colcon_core.shell:create_environment_hook('wall_follower', 'ament_prefix_path')
[1.403s] INFO:colcon.colcon_core.shell:Creating environment hook '/home/user/ros2_ws/install/wall_follower/share/wall_follower/hook/ament_prefix_path.ps1'
[1.404s] INFO:colcon.colcon_core.shell:Creating environment descriptor '/home/user/ros2_ws/install/wall_follower/share/wall_follower/hook/ament_prefix_path.dsv'
[1.405s] INFO:colcon.colcon_core.shell:Creating environment hook '/home/user/ros2_ws/install/wall_follower/share/wall_follower/hook/ament_prefix_path.sh'
[1.407s] INFO:colcon.colcon_core.shell:Skip shell extension 'powershell' for command environment: Not usable outside of PowerShell
[1.407s] DEBUG:colcon.colcon_core.shell:Skip shell extension 'dsv' for command environment
[1.486s] DEBUG:colcon.colcon_core.shell:Ignoring prefix path '/opt/ros/foxy'
[1.589s] DEBUG:colcon.colcon_core.event_handler.log_command:Invoking command in '/home/user/ros2_ws/build/custom_interfaces': CMAKE_PREFIX_PATH=${CMAKE_PREFIX_PATH}:/home/user/ros2_ws/install/wall_follower:/opt/ros/foxy _=/usr/bin/env /usr/bin/cmake --build /home/user/ros2_ws/build/custom_interfaces -- -j8 -l8
[2.711s] INFO:colcon.colcon_core.task.python.build:Building Python package in '/home/user/ros2_ws/src/wall_follower'
[2.712s] INFO:colcon.colcon_core.shell:Skip shell extension 'powershell' for command environment: Not usable outside of PowerShell
[2.712s] DEBUG:colcon.colcon_core.shell:Skip shell extension 'dsv' for command environment
[2.787s] DEBUG:colcon.colcon_core.shell:Ignoring prefix path '/opt/ros/foxy'
[2.799s] DEBUG:colcon.colcon_core.event_handler.log_command:Invoking command in '/home/user/ros2_ws/src/wall_follower': PYTHONPATH=/home/user/ros2_ws/install/wall_follower/lib/python3.8/site-packages:${PYTHONPATH} _=/usr/bin/env /usr/bin/python3 setup.py egg_info --egg-base ../../build/wall_follower build --build-base /home/user/ros2_ws/build/wall_follower/build install --prefix /home/user/ros2_ws/install/wall_follower --record /home/user/ros2_ws/build/wall_follower/install.log --single-version-externally-managed
[2.999s] DEBUG:colcon.colcon_core.event_handler.log_command:Invoked command in '/home/user/ros2_ws/build/custom_interfaces' returned '0': CMAKE_PREFIX_PATH=${CMAKE_PREFIX_PATH}:/home/user/ros2_ws/install/wall_follower:/opt/ros/foxy _=/usr/bin/env /usr/bin/cmake --build /home/user/ros2_ws/build/custom_interfaces -- -j8 -l8
[3.693s] DEBUG:colcon.colcon_core.event_handler.log_command:Invoking command in '/home/user/ros2_ws/build/custom_interfaces': CMAKE_PREFIX_PATH=${CMAKE_PREFIX_PATH}:/home/user/ros2_ws/install/wall_follower:/opt/ros/foxy _=/usr/bin/env /usr/bin/cmake --install /home/user/ros2_ws/build/custom_interfaces
[3.987s] Level 1:colcon.colcon_core.environment:create_environment_scripts_only(custom_interfaces)
[3.993s] Level 1:colcon.colcon_core.environment:checking '/home/user/ros2_ws/install/custom_interfaces' for CMake module files
[3.994s] Level 1:colcon.colcon_core.environment:checking '/home/user/ros2_ws/install/custom_interfaces' for CMake config files
[3.996s] Level 1:colcon.colcon_core.shell:create_environment_hook('custom_interfaces', 'cmake_prefix_path')
[3.997s] INFO:colcon.colcon_core.shell:Creating environment hook '/home/user/ros2_ws/install/custom_interfaces/share/custom_interfaces/hook/cmake_prefix_path.ps1'
[3.998s] INFO:colcon.colcon_core.shell:Creating environment descriptor '/home/user/ros2_ws/install/custom_interfaces/share/custom_interfaces/hook/cmake_prefix_path.dsv'
[4.001s] DEBUG:colcon.colcon_core.event_handler.log_command:Invoked command in '/home/user/ros2_ws/build/custom_interfaces' returned '0': CMAKE_PREFIX_PATH=${CMAKE_PREFIX_PATH}:/home/user/ros2_ws/install/wall_follower:/opt/ros/foxy _=/usr/bin/env /usr/bin/cmake --install /home/user/ros2_ws/build/custom_interfaces
[4.002s] INFO:colcon.colcon_core.shell:Creating environment hook '/home/user/ros2_ws/install/custom_interfaces/share/custom_interfaces/hook/cmake_prefix_path.sh'
[4.003s] Level 1:colcon.colcon_core.environment:checking '/home/user/ros2_ws/install/custom_interfaces/lib'
[4.003s] Level 1:colcon.colcon_core.shell:create_environment_hook('custom_interfaces', 'ld_library_path_lib')
[4.004s] INFO:colcon.colcon_core.shell:Creating environment hook '/home/user/ros2_ws/install/custom_interfaces/share/custom_interfaces/hook/ld_library_path_lib.ps1'
[4.004s] INFO:colcon.colcon_core.shell:Creating environment descriptor '/home/user/ros2_ws/install/custom_interfaces/share/custom_interfaces/hook/ld_library_path_lib.dsv'
[4.005s] INFO:colcon.colcon_core.shell:Creating environment hook '/home/user/ros2_ws/install/custom_interfaces/share/custom_interfaces/hook/ld_library_path_lib.sh'
[4.005s] Level 1:colcon.colcon_core.environment:checking '/home/user/ros2_ws/install/custom_interfaces/bin'
[4.005s] Level 1:colcon.colcon_core.environment:checking '/home/user/ros2_ws/install/custom_interfaces/lib/pkgconfig/custom_interfaces.pc'
[4.006s] Level 1:colcon.colcon_core.environment:checking '/home/user/ros2_ws/install/custom_interfaces/lib/python3.8/site-packages'
[4.006s] Level 1:colcon.colcon_core.shell:create_environment_hook('custom_interfaces', 'pythonpath')
[4.007s] INFO:colcon.colcon_core.shell:Creating environment hook '/home/user/ros2_ws/install/custom_interfaces/share/custom_interfaces/hook/pythonpath.ps1'
[4.007s] INFO:colcon.colcon_core.shell:Creating environment descriptor '/home/user/ros2_ws/install/custom_interfaces/share/custom_interfaces/hook/pythonpath.dsv'
[4.008s] INFO:colcon.colcon_core.shell:Creating environment hook '/home/user/ros2_ws/install/custom_interfaces/share/custom_interfaces/hook/pythonpath.sh'
[4.009s] INFO:colcon.colcon_core.shell:Creating package script '/home/user/ros2_ws/install/custom_interfaces/share/custom_interfaces/package.ps1'
[4.010s] INFO:colcon.colcon_core.shell:Creating package descriptor '/home/user/ros2_ws/install/custom_interfaces/share/custom_interfaces/package.dsv'
[4.011s] INFO:colcon.colcon_core.shell:Creating package script '/home/user/ros2_ws/install/custom_interfaces/share/custom_interfaces/package.sh'
[4.014s] INFO:colcon.colcon_core.shell:Creating package script '/home/user/ros2_ws/install/custom_interfaces/share/custom_interfaces/package.bash'
[4.015s] INFO:colcon.colcon_core.shell:Creating package script '/home/user/ros2_ws/install/custom_interfaces/share/custom_interfaces/package.zsh'
[4.016s] Level 1:colcon.colcon_core.environment:create_file_with_runtime_dependencies(/home/user/ros2_ws/install/custom_interfaces/share/colcon-core/packages/custom_interfaces)
[4.188s] Level 1:colcon.colcon_core.environment:checking '/home/user/ros2_ws/install/wall_follower' for CMake module files
[4.190s] DEBUG:colcon.colcon_core.event_handler.log_command:Invoked command in '/home/user/ros2_ws/src/wall_follower' returned '0': PYTHONPATH=/home/user/ros2_ws/install/wall_follower/lib/python3.8/site-packages:${PYTHONPATH} _=/usr/bin/env /usr/bin/python3 setup.py egg_info --egg-base ../../build/wall_follower build --build-base /home/user/ros2_ws/build/wall_follower/build install --prefix /home/user/ros2_ws/install/wall_follower --record /home/user/ros2_ws/build/wall_follower/install.log --single-version-externally-managed
[4.190s] Level 1:colcon.colcon_core.environment:checking '/home/user/ros2_ws/install/wall_follower' for CMake config files
[4.191s] Level 1:colcon.colcon_core.environment:checking '/home/user/ros2_ws/install/wall_follower/lib'
[4.191s] Level 1:colcon.colcon_core.environment:checking '/home/user/ros2_ws/install/wall_follower/bin'
[4.191s] Level 1:colcon.colcon_core.environment:checking '/home/user/ros2_ws/install/wall_follower/lib/pkgconfig/wall_follower.pc'
[4.192s] Level 1:colcon.colcon_core.environment:checking '/home/user/ros2_ws/install/wall_follower/lib/python3.8/site-packages'
[4.192s] Level 1:colcon.colcon_core.shell:create_environment_hook('wall_follower', 'pythonpath')
[4.193s] INFO:colcon.colcon_core.shell:Creating environment hook '/home/user/ros2_ws/install/wall_follower/share/wall_follower/hook/pythonpath.ps1'
[4.194s] INFO:colcon.colcon_core.shell:Creating environment descriptor '/home/user/ros2_ws/install/wall_follower/share/wall_follower/hook/pythonpath.dsv'
[4.194s] INFO:colcon.colcon_core.shell:Creating environment hook '/home/user/ros2_ws/install/wall_follower/share/wall_follower/hook/pythonpath.sh'
[4.195s] Level 1:colcon.colcon_core.environment:create_environment_scripts_only(wall_follower)
[4.196s] INFO:colcon.colcon_core.shell:Creating package script '/home/user/ros2_ws/install/wall_follower/share/wall_follower/package.ps1'
[4.197s] INFO:colcon.colcon_core.shell:Creating package descriptor '/home/user/ros2_ws/install/wall_follower/share/wall_follower/package.dsv'
[4.197s] INFO:colcon.colcon_core.shell:Creating package script '/home/user/ros2_ws/install/wall_follower/share/wall_follower/package.sh'
[4.198s] INFO:colcon.colcon_core.shell:Creating package script '/home/user/ros2_ws/install/wall_follower/share/wall_follower/package.bash'
[4.199s] INFO:colcon.colcon_core.shell:Creating package script '/home/user/ros2_ws/install/wall_follower/share/wall_follower/package.zsh'
[4.200s] Level 1:colcon.colcon_core.environment:create_file_with_runtime_dependencies(/home/user/ros2_ws/install/wall_follower/share/colcon-core/packages/wall_follower)
[4.537s] Level 1:colcon.colcon_core.environment:create_environment_scripts_only(custom_interfaces)
[4.587s] Level 1:colcon.colcon_core.environment:checking '/home/user/ros2_ws/install/custom_interfaces' for CMake module files
[4.588s] Level 1:colcon.colcon_core.environment:checking '/home/user/ros2_ws/install/custom_interfaces' for CMake config files
[4.589s] Level 1:colcon.colcon_core.shell:create_environment_hook('custom_interfaces', 'cmake_prefix_path')
[4.590s] INFO:colcon.colcon_core.shell:Creating environment hook '/home/user/ros2_ws/install/custom_interfaces/share/custom_interfaces/hook/cmake_prefix_path.ps1'
[4.590s] INFO:colcon.colcon_core.shell:Creating environment descriptor '/home/user/ros2_ws/install/custom_interfaces/share/custom_interfaces/hook/cmake_prefix_path.dsv'
[4.591s] INFO:colcon.colcon_core.shell:Creating environment hook '/home/user/ros2_ws/install/custom_interfaces/share/custom_interfaces/hook/cmake_prefix_path.sh'
[4.592s] Level 1:colcon.colcon_core.environment:checking '/home/user/ros2_ws/install/custom_interfaces/lib'
[4.592s] Level 1:colcon.colcon_core.shell:create_environment_hook('custom_interfaces', 'ld_library_path_lib')
[4.593s] INFO:colcon.colcon_core.shell:Creating environment hook '/home/user/ros2_ws/install/custom_interfaces/share/custom_interfaces/hook/ld_library_path_lib.ps1'
[4.593s] INFO:colcon.colcon_core.shell:Creating environment descriptor '/home/user/ros2_ws/install/custom_interfaces/share/custom_interfaces/hook/ld_library_path_lib.dsv'
[4.594s] INFO:colcon.colcon_core.shell:Creating environment hook '/home/user/ros2_ws/install/custom_interfaces/share/custom_interfaces/hook/ld_library_path_lib.sh'
[4.594s] Level 1:colcon.colcon_core.environment:checking '/home/user/ros2_ws/install/custom_interfaces/bin'
[4.594s] Level 1:colcon.colcon_core.environment:checking '/home/user/ros2_ws/install/custom_interfaces/lib/pkgconfig/custom_interfaces.pc'
[4.595s] Level 1:colcon.colcon_core.environment:checking '/home/user/ros2_ws/install/custom_interfaces/lib/python3.8/site-packages'
[4.595s] Level 1:colcon.colcon_core.shell:create_environment_hook('custom_interfaces', 'pythonpath')
[4.595s] INFO:colcon.colcon_core.shell:Creating environment hook '/home/user/ros2_ws/install/custom_interfaces/share/custom_interfaces/hook/pythonpath.ps1'
[4.596s] INFO:colcon.colcon_core.shell:Creating environment descriptor '/home/user/ros2_ws/install/custom_interfaces/share/custom_interfaces/hook/pythonpath.dsv'
[4.596s] INFO:colcon.colcon_core.shell:Creating environment hook '/home/user/ros2_ws/install/custom_interfaces/share/custom_interfaces/hook/pythonpath.sh'
[4.598s] INFO:colcon.colcon_core.shell:Creating package script '/home/user/ros2_ws/install/custom_interfaces/share/custom_interfaces/package.ps1'
[4.600s] INFO:colcon.colcon_core.shell:Creating package descriptor '/home/user/ros2_ws/install/custom_interfaces/share/custom_interfaces/package.dsv'
[4.601s] INFO:colcon.colcon_core.shell:Creating package script '/home/user/ros2_ws/install/custom_interfaces/share/custom_interfaces/package.sh'
[4.602s] INFO:colcon.colcon_core.shell:Creating package script '/home/user/ros2_ws/install/custom_interfaces/share/custom_interfaces/package.bash'
[4.602s] INFO:colcon.colcon_core.shell:Creating package script '/home/user/ros2_ws/install/custom_interfaces/share/custom_interfaces/package.zsh'
[4.603s] Level 1:colcon.colcon_core.environment:create_file_with_runtime_dependencies(/home/user/ros2_ws/install/custom_interfaces/share/colcon-core/packages/custom_interfaces)
[4.605s] DEBUG:colcon.colcon_parallel_executor.executor.parallel:closing loop
[4.605s] DEBUG:colcon.colcon_parallel_executor.executor.parallel:loop closed
[4.606s] DEBUG:colcon.colcon_parallel_executor.executor.parallel:run_until_complete finished with '0'
[4.606s] DEBUG:colcon.colcon_core.event_reactor:joining thread
[4.615s] INFO:colcon.colcon_core.plugin_system:Skipping extension 'colcon_notification.desktop_notification.notify_send': Could not find 'notify-send'
[4.686s] INFO:colcon.colcon_core.plugin_system:Skipping extension 'colcon_notification.desktop_notification.terminal_notifier': Not used on non-Darwin systems
[4.686s] INFO:colcon.colcon_core.plugin_system:Skipping extension 'colcon_notification.desktop_notification.win32': Not used on non-Windows systems
[4.686s] INFO:colcon.colcon_notification.desktop_notification:Sending desktop notification using 'notify2'
[4.695s] DEBUG:colcon.colcon_notification.desktop_notification.notify2:Failed to initialize notify2: org.freedesktop.DBus.Error.ServiceUnknown: The name org.freedesktop.Notifications was not provided by any .service files
[4.695s] DEBUG:colcon.colcon_core.event_reactor:joined thread
[4.696s] INFO:colcon.colcon_core.shell:Creating prefix script '/home/user/ros2_ws/install/local_setup.ps1'
[4.698s] INFO:colcon.colcon_core.shell:Creating prefix util module '/home/user/ros2_ws/install/_local_setup_util_ps1.py'
[4.699s] INFO:colcon.colcon_core.shell:Creating prefix chain script '/home/user/ros2_ws/install/setup.ps1'
[4.702s] INFO:colcon.colcon_core.shell:Creating prefix script '/home/user/ros2_ws/install/local_setup.sh'
[4.703s] INFO:colcon.colcon_core.shell:Creating prefix util module '/home/user/ros2_ws/install/_local_setup_util_sh.py'
[4.703s] INFO:colcon.colcon_core.shell:Creating prefix chain script '/home/user/ros2_ws/install/setup.sh'
[4.707s] INFO:colcon.colcon_core.shell:Creating prefix script '/home/user/ros2_ws/install/local_setup.bash'
[4.707s] INFO:colcon.colcon_core.shell:Creating prefix chain script '/home/user/ros2_ws/install/setup.bash'
[4.710s] INFO:colcon.colcon_core.shell:Creating prefix script '/home/user/ros2_ws/install/local_setup.zsh'
[4.710s] INFO:colcon.colcon_core.shell:Creating prefix chain script '/home/user/ros2_ws/install/setup.zsh'
