[0.549s] Invoking command in '/home/user/ros2_ws/src/wall_follower': PYTHONPATH=/home/user/ros2_ws/install/wall_follower/lib/python3.8/site-packages:${PYTHONPATH} _=/usr/bin/env /usr/bin/python3 setup.py egg_info --egg-base ../../build/wall_follower build --build-base /home/user/ros2_ws/build/wall_follower/build install --prefix /home/user/ros2_ws/install/wall_follower --record /home/user/ros2_ws/build/wall_follower/install.log --single-version-externally-managed
[0.888s] running egg_info
[0.888s] writing ../../build/wall_follower/wall_follower.egg-info/PKG-INFO
[0.888s] writing dependency_links to ../../build/wall_follower/wall_follower.egg-info/dependency_links.txt
[0.888s] writing entry points to ../../build/wall_follower/wall_follower.egg-info/entry_points.txt
[0.888s] writing requirements to ../../build/wall_follower/wall_follower.egg-info/requires.txt
[0.888s] writing top-level names to ../../build/wall_follower/wall_follower.egg-info/top_level.txt
[0.934s] reading manifest file '../../build/wall_follower/wall_follower.egg-info/SOURCES.txt'
[0.935s] writing manifest file '../../build/wall_follower/wall_follower.egg-info/SOURCES.txt'
[0.935s] running build
[0.936s] running build_py
[0.936s] copying wall_follower/odom_recorder.py -> /home/user/ros2_ws/build/wall_follower/build/lib/wall_follower
[0.936s] copying wall_follower/wall_following.py -> /home/user/ros2_ws/build/wall_follower/build/lib/wall_follower
[0.936s] running install
[0.937s] running install_lib
[0.938s] copying /home/user/ros2_ws/build/wall_follower/build/lib/wall_follower/odom_recorder.py -> /home/user/ros2_ws/install/wall_follower/lib/python3.8/site-packages/wall_follower
[0.939s] copying /home/user/ros2_ws/build/wall_follower/build/lib/wall_follower/wall_following.py -> /home/user/ros2_ws/install/wall_follower/lib/python3.8/site-packages/wall_follower
[0.943s] byte-compiling /home/user/ros2_ws/install/wall_follower/lib/python3.8/site-packages/wall_follower/odom_recorder.py to odom_recorder.cpython-38.pyc
[0.944s] byte-compiling /home/user/ros2_ws/install/wall_follower/lib/python3.8/site-packages/wall_follower/wall_following.py to wall_following.cpython-38.pyc
[0.944s] running install_data
[0.945s] running install_egg_info
[0.946s] removing '/home/user/ros2_ws/install/wall_follower/lib/python3.8/site-packages/wall_follower-0.0.0-py3.8.egg-info' (and everything under it)
[0.947s] Copying ../../build/wall_follower/wall_follower.egg-info to /home/user/ros2_ws/install/wall_follower/lib/python3.8/site-packages/wall_follower-0.0.0-py3.8.egg-info
[0.948s] running install_scripts
[0.968s] Installing odom_recorder script to /home/user/ros2_ws/install/wall_follower/lib/wall_follower
[0.968s] Installing wall_finder script to /home/user/ros2_ws/install/wall_follower/lib/wall_follower
[0.968s] Installing wall_following script to /home/user/ros2_ws/install/wall_follower/lib/wall_follower
[0.968s] writing list of installed files to '/home/user/ros2_ws/build/wall_follower/install.log'
[1.002s] Invoked command in '/home/user/ros2_ws/src/wall_follower' returned '0': PYTHONPATH=/home/user/ros2_ws/install/wall_follower/lib/python3.8/site-packages:${PYTHONPATH} _=/usr/bin/env /usr/bin/python3 setup.py egg_info --egg-base ../../build/wall_follower build --build-base /home/user/ros2_ws/build/wall_follower/build install --prefix /home/user/ros2_ws/install/wall_follower --record /home/user/ros2_ws/build/wall_follower/install.log --single-version-externally-managed
