[1.569s] Invoking command in '/home/user/simulation_ws/src/turtlebot3/turtlebot3_example': AMENT_PREFIX_PATH=/home/user/simulation_ws/install/turtlebot3_msgs:${AMENT_PREFIX_PATH} CMAKE_PREFIX_PATH=/home/user/simulation_ws/install/turtlebot3_msgs:${CMAKE_PREFIX_PATH} LD_LIBRARY_PATH=/home/user/simulation_ws/install/turtlebot3_msgs/lib:${LD_LIBRARY_PATH} PYTHONPATH=/home/user/simulation_ws/install/turtlebot3_example/lib/python3.8/site-packages:/home/user/simulation_ws/install/turtlebot3_msgs/lib/python3.8/site-packages:${PYTHONPATH} _=/usr/bin/env /usr/bin/python3 setup.py egg_info --egg-base ../../../build/turtlebot3_example build --build-base /home/user/simulation_ws/build/turtlebot3_example/build install --prefix /home/user/simulation_ws/install/turtlebot3_example --record /home/user/simulation_ws/build/turtlebot3_example/install.log --single-version-externally-managed
[2.876s] running egg_info
[2.878s] creating ../../../build/turtlebot3_example/turtlebot3_example.egg-info
[2.886s] writing ../../../build/turtlebot3_example/turtlebot3_example.egg-info/PKG-INFO
[2.886s] writing dependency_links to ../../../build/turtlebot3_example/turtlebot3_example.egg-info/dependency_links.txt
[2.886s] writing entry points to ../../../build/turtlebot3_example/turtlebot3_example.egg-info/entry_points.txt
[2.886s] writing requirements to ../../../build/turtlebot3_example/turtlebot3_example.egg-info/requires.txt
[2.886s] writing top-level names to ../../../build/turtlebot3_example/turtlebot3_example.egg-info/top_level.txt
[2.887s] writing manifest file '../../../build/turtlebot3_example/turtlebot3_example.egg-info/SOURCES.txt'
[3.003s] reading manifest file '../../../build/turtlebot3_example/turtlebot3_example.egg-info/SOURCES.txt'
[3.004s] writing manifest file '../../../build/turtlebot3_example/turtlebot3_example.egg-info/SOURCES.txt'
[3.069s] running build
[3.069s] running build_py
[3.070s] creating /home/user/simulation_ws/build/turtlebot3_example/build
[3.070s] creating /home/user/simulation_ws/build/turtlebot3_example/build/lib
[3.070s] creating /home/user/simulation_ws/build/turtlebot3_example/build/lib/turtlebot3_example
[3.070s] copying turtlebot3_example/__init__.py -> /home/user/simulation_ws/build/turtlebot3_example/build/lib/turtlebot3_example
[3.070s] creating /home/user/simulation_ws/build/turtlebot3_example/build/lib/turtlebot3_example/turtlebot3_position_control
[3.071s] copying turtlebot3_example/turtlebot3_position_control/turtlebot3_position_control.py -> /home/user/simulation_ws/build/turtlebot3_example/build/lib/turtlebot3_example/turtlebot3_position_control
[3.071s] copying turtlebot3_example/turtlebot3_position_control/turtlebot3_path.py -> /home/user/simulation_ws/build/turtlebot3_example/build/lib/turtlebot3_example/turtlebot3_position_control
[3.071s] copying turtlebot3_example/turtlebot3_position_control/__init__.py -> /home/user/simulation_ws/build/turtlebot3_example/build/lib/turtlebot3_example/turtlebot3_position_control
[3.071s] copying turtlebot3_example/turtlebot3_position_control/main.py -> /home/user/simulation_ws/build/turtlebot3_example/build/lib/turtlebot3_example/turtlebot3_position_control
[3.071s] creating /home/user/simulation_ws/build/turtlebot3_example/build/lib/turtlebot3_example/turtlebot3_patrol_server
[3.071s] copying turtlebot3_example/turtlebot3_patrol_server/turtlebot3_path.py -> /home/user/simulation_ws/build/turtlebot3_example/build/lib/turtlebot3_example/turtlebot3_patrol_server
[3.072s] copying turtlebot3_example/turtlebot3_patrol_server/__init__.py -> /home/user/simulation_ws/build/turtlebot3_example/build/lib/turtlebot3_example/turtlebot3_patrol_server
[3.072s] copying turtlebot3_example/turtlebot3_patrol_server/main.py -> /home/user/simulation_ws/build/turtlebot3_example/build/lib/turtlebot3_example/turtlebot3_patrol_server
[3.072s] copying turtlebot3_example/turtlebot3_patrol_server/turtlebot3_patrol_server.py -> /home/user/simulation_ws/build/turtlebot3_example/build/lib/turtlebot3_example/turtlebot3_patrol_server
[3.072s] creating /home/user/simulation_ws/build/turtlebot3_example/build/lib/turtlebot3_example/turtlebot3_obstacle_detection
[3.073s] copying turtlebot3_example/turtlebot3_obstacle_detection/turtlebot3_obstacle_detection.py -> /home/user/simulation_ws/build/turtlebot3_example/build/lib/turtlebot3_example/turtlebot3_obstacle_detection
[3.073s] copying turtlebot3_example/turtlebot3_obstacle_detection/__init__.py -> /home/user/simulation_ws/build/turtlebot3_example/build/lib/turtlebot3_example/turtlebot3_obstacle_detection
[3.073s] copying turtlebot3_example/turtlebot3_obstacle_detection/main.py -> /home/user/simulation_ws/build/turtlebot3_example/build/lib/turtlebot3_example/turtlebot3_obstacle_detection
[3.073s] creating /home/user/simulation_ws/build/turtlebot3_example/build/lib/turtlebot3_example/turtlebot3_patrol_client
[3.073s] copying turtlebot3_example/turtlebot3_patrol_client/turtlebot3_patrol_client.py -> /home/user/simulation_ws/build/turtlebot3_example/build/lib/turtlebot3_example/turtlebot3_patrol_client
[3.073s] copying turtlebot3_example/turtlebot3_patrol_client/__init__.py -> /home/user/simulation_ws/build/turtlebot3_example/build/lib/turtlebot3_example/turtlebot3_patrol_client
[3.075s] copying turtlebot3_example/turtlebot3_patrol_client/main.py -> /home/user/simulation_ws/build/turtlebot3_example/build/lib/turtlebot3_example/turtlebot3_patrol_client
[3.075s] running install
[3.075s] running install_lib
[3.075s] creating /home/user/simulation_ws/install/turtlebot3_example/lib/python3.8/site-packages/turtlebot3_example
[3.075s] creating /home/user/simulation_ws/install/turtlebot3_example/lib/python3.8/site-packages/turtlebot3_example/turtlebot3_position_control
[3.076s] copying /home/user/simulation_ws/build/turtlebot3_example/build/lib/turtlebot3_example/turtlebot3_position_control/turtlebot3_position_control.py -> /home/user/simulation_ws/install/turtlebot3_example/lib/python3.8/site-packages/turtlebot3_example/turtlebot3_position_control
[3.076s] copying /home/user/simulation_ws/build/turtlebot3_example/build/lib/turtlebot3_example/turtlebot3_position_control/turtlebot3_path.py -> /home/user/simulation_ws/install/turtlebot3_example/lib/python3.8/site-packages/turtlebot3_example/turtlebot3_position_control
[3.077s] copying /home/user/simulation_ws/build/turtlebot3_example/build/lib/turtlebot3_example/turtlebot3_position_control/__init__.py -> /home/user/simulation_ws/install/turtlebot3_example/lib/python3.8/site-packages/turtlebot3_example/turtlebot3_position_control
[3.077s] copying /home/user/simulation_ws/build/turtlebot3_example/build/lib/turtlebot3_example/turtlebot3_position_control/main.py -> /home/user/simulation_ws/install/turtlebot3_example/lib/python3.8/site-packages/turtlebot3_example/turtlebot3_position_control
[3.077s] creating /home/user/simulation_ws/install/turtlebot3_example/lib/python3.8/site-packages/turtlebot3_example/turtlebot3_patrol_server
[3.078s] copying /home/user/simulation_ws/build/turtlebot3_example/build/lib/turtlebot3_example/turtlebot3_patrol_server/turtlebot3_path.py -> /home/user/simulation_ws/install/turtlebot3_example/lib/python3.8/site-packages/turtlebot3_example/turtlebot3_patrol_server
[3.078s] copying /home/user/simulation_ws/build/turtlebot3_example/build/lib/turtlebot3_example/turtlebot3_patrol_server/__init__.py -> /home/user/simulation_ws/install/turtlebot3_example/lib/python3.8/site-packages/turtlebot3_example/turtlebot3_patrol_server
[3.078s] copying /home/user/simulation_ws/build/turtlebot3_example/build/lib/turtlebot3_example/turtlebot3_patrol_server/main.py -> /home/user/simulation_ws/install/turtlebot3_example/lib/python3.8/site-packages/turtlebot3_example/turtlebot3_patrol_server
[3.079s] copying /home/user/simulation_ws/build/turtlebot3_example/build/lib/turtlebot3_example/turtlebot3_patrol_server/turtlebot3_patrol_server.py -> /home/user/simulation_ws/install/turtlebot3_example/lib/python3.8/site-packages/turtlebot3_example/turtlebot3_patrol_server
[3.079s] creating /home/user/simulation_ws/install/turtlebot3_example/lib/python3.8/site-packages/turtlebot3_example/turtlebot3_obstacle_detection
[3.079s] copying /home/user/simulation_ws/build/turtlebot3_example/build/lib/turtlebot3_example/turtlebot3_obstacle_detection/turtlebot3_obstacle_detection.py -> /home/user/simulation_ws/install/turtlebot3_example/lib/python3.8/site-packages/turtlebot3_example/turtlebot3_obstacle_detection
[3.079s] copying /home/user/simulation_ws/build/turtlebot3_example/build/lib/turtlebot3_example/turtlebot3_obstacle_detection/__init__.py -> /home/user/simulation_ws/install/turtlebot3_example/lib/python3.8/site-packages/turtlebot3_example/turtlebot3_obstacle_detection
[3.079s] copying /home/user/simulation_ws/build/turtlebot3_example/build/lib/turtlebot3_example/turtlebot3_obstacle_detection/main.py -> /home/user/simulation_ws/install/turtlebot3_example/lib/python3.8/site-packages/turtlebot3_example/turtlebot3_obstacle_detection
[3.080s] copying /home/user/simulation_ws/build/turtlebot3_example/build/lib/turtlebot3_example/__init__.py -> /home/user/simulation_ws/install/turtlebot3_example/lib/python3.8/site-packages/turtlebot3_example
[3.080s] creating /home/user/simulation_ws/install/turtlebot3_example/lib/python3.8/site-packages/turtlebot3_example/turtlebot3_patrol_client
[3.080s] copying /home/user/simulation_ws/build/turtlebot3_example/build/lib/turtlebot3_example/turtlebot3_patrol_client/turtlebot3_patrol_client.py -> /home/user/simulation_ws/install/turtlebot3_example/lib/python3.8/site-packages/turtlebot3_example/turtlebot3_patrol_client
[3.080s] copying /home/user/simulation_ws/build/turtlebot3_example/build/lib/turtlebot3_example/turtlebot3_patrol_client/__init__.py -> /home/user/simulation_ws/install/turtlebot3_example/lib/python3.8/site-packages/turtlebot3_example/turtlebot3_patrol_client
[3.081s] copying /home/user/simulation_ws/build/turtlebot3_example/build/lib/turtlebot3_example/turtlebot3_patrol_client/main.py -> /home/user/simulation_ws/install/turtlebot3_example/lib/python3.8/site-packages/turtlebot3_example/turtlebot3_patrol_client
[3.081s] byte-compiling /home/user/simulation_ws/install/turtlebot3_example/lib/python3.8/site-packages/turtlebot3_example/turtlebot3_position_control/turtlebot3_position_control.py to turtlebot3_position_control.cpython-38.pyc
[3.081s] byte-compiling /home/user/simulation_ws/install/turtlebot3_example/lib/python3.8/site-packages/turtlebot3_example/turtlebot3_position_control/turtlebot3_path.py to turtlebot3_path.cpython-38.pyc
[3.081s] byte-compiling /home/user/simulation_ws/install/turtlebot3_example/lib/python3.8/site-packages/turtlebot3_example/turtlebot3_position_control/__init__.py to __init__.cpython-38.pyc
[3.082s] byte-compiling /home/user/simulation_ws/install/turtlebot3_example/lib/python3.8/site-packages/turtlebot3_example/turtlebot3_position_control/main.py to main.cpython-38.pyc
[3.082s] byte-compiling /home/user/simulation_ws/install/turtlebot3_example/lib/python3.8/site-packages/turtlebot3_example/turtlebot3_patrol_server/turtlebot3_path.py to turtlebot3_path.cpython-38.pyc
[3.082s] byte-compiling /home/user/simulation_ws/install/turtlebot3_example/lib/python3.8/site-packages/turtlebot3_example/turtlebot3_patrol_server/__init__.py to __init__.cpython-38.pyc
[3.082s] byte-compiling /home/user/simulation_ws/install/turtlebot3_example/lib/python3.8/site-packages/turtlebot3_example/turtlebot3_patrol_server/main.py to main.cpython-38.pyc
[3.083s] byte-compiling /home/user/simulation_ws/install/turtlebot3_example/lib/python3.8/site-packages/turtlebot3_example/turtlebot3_patrol_server/turtlebot3_patrol_server.py to turtlebot3_patrol_server.cpython-38.pyc
[3.083s] byte-compiling /home/user/simulation_ws/install/turtlebot3_example/lib/python3.8/site-packages/turtlebot3_example/turtlebot3_obstacle_detection/turtlebot3_obstacle_detection.py to turtlebot3_obstacle_detection.cpython-38.pyc
[3.084s] byte-compiling /home/user/simulation_ws/install/turtlebot3_example/lib/python3.8/site-packages/turtlebot3_example/turtlebot3_obstacle_detection/__init__.py to __init__.cpython-38.pyc
[3.084s] byte-compiling /home/user/simulation_ws/install/turtlebot3_example/lib/python3.8/site-packages/turtlebot3_example/turtlebot3_obstacle_detection/main.py to main.cpython-38.pyc
[3.084s] byte-compiling /home/user/simulation_ws/install/turtlebot3_example/lib/python3.8/site-packages/turtlebot3_example/__init__.py to __init__.cpython-38.pyc
[3.084s] byte-compiling /home/user/simulation_ws/install/turtlebot3_example/lib/python3.8/site-packages/turtlebot3_example/turtlebot3_patrol_client/turtlebot3_patrol_client.py to turtlebot3_patrol_client.cpython-38.pyc
[3.084s] byte-compiling /home/user/simulation_ws/install/turtlebot3_example/lib/python3.8/site-packages/turtlebot3_example/turtlebot3_patrol_client/__init__.py to __init__.cpython-38.pyc
[3.085s] byte-compiling /home/user/simulation_ws/install/turtlebot3_example/lib/python3.8/site-packages/turtlebot3_example/turtlebot3_patrol_client/main.py to main.cpython-38.pyc
[3.085s] running install_data
[3.085s] creating /home/user/simulation_ws/install/turtlebot3_example/share/ament_index
[3.085s] creating /home/user/simulation_ws/install/turtlebot3_example/share/ament_index/resource_index
[3.086s] creating /home/user/simulation_ws/install/turtlebot3_example/share/ament_index/resource_index/packages
[3.086s] copying resource/turtlebot3_example -> /home/user/simulation_ws/install/turtlebot3_example/share/ament_index/resource_index/packages
[3.086s] copying package.xml -> /home/user/simulation_ws/install/turtlebot3_example/share/turtlebot3_example
[3.086s] running install_egg_info
[3.088s] Copying ../../../build/turtlebot3_example/turtlebot3_example.egg-info to /home/user/simulation_ws/install/turtlebot3_example/lib/python3.8/site-packages/turtlebot3_example-2.1.4-py3.8.egg-info
[3.090s] running install_scripts
[3.177s] Installing turtlebot3_obstacle_detection script to /home/user/simulation_ws/install/turtlebot3_example/lib/turtlebot3_example
[3.178s] Installing turtlebot3_patrol_client script to /home/user/simulation_ws/install/turtlebot3_example/lib/turtlebot3_example
[3.178s] Installing turtlebot3_patrol_server script to /home/user/simulation_ws/install/turtlebot3_example/lib/turtlebot3_example
[3.179s] Installing turtlebot3_position_control script to /home/user/simulation_ws/install/turtlebot3_example/lib/turtlebot3_example
[3.179s] writing list of installed files to '/home/user/simulation_ws/build/turtlebot3_example/install.log'
[3.264s] Invoked command in '/home/user/simulation_ws/src/turtlebot3/turtlebot3_example' returned '0': AMENT_PREFIX_PATH=/home/user/simulation_ws/install/turtlebot3_msgs:${AMENT_PREFIX_PATH} CMAKE_PREFIX_PATH=/home/user/simulation_ws/install/turtlebot3_msgs:${CMAKE_PREFIX_PATH} LD_LIBRARY_PATH=/home/user/simulation_ws/install/turtlebot3_msgs/lib:${LD_LIBRARY_PATH} PYTHONPATH=/home/user/simulation_ws/install/turtlebot3_example/lib/python3.8/site-packages:/home/user/simulation_ws/install/turtlebot3_msgs/lib/python3.8/site-packages:${PYTHONPATH} _=/usr/bin/env /usr/bin/python3 setup.py egg_info --egg-base ../../../build/turtlebot3_example build --build-base /home/user/simulation_ws/build/turtlebot3_example/build install --prefix /home/user/simulation_ws/install/turtlebot3_example --record /home/user/simulation_ws/build/turtlebot3_example/install.log --single-version-externally-managed
