[0.040s] Invoking command in '/home/user/simulation_ws/build/turtlebot3': AMENT_PREFIX_PATH=/home/user/simulation_ws/install/turtlebot3_bringup:/home/user/simulation_ws/install/turtlebot3_node:/home/user/simulation_ws/install/turtlebot3_example:/home/user/simulation_ws/install/turtlebot3_teleop:/home/user/simulation_ws/install/turtlebot3_navigation2:/home/user/simulation_ws/install/turtlebot3_msgs:/home/user/simulation_ws/install/turtlebot3_description:/home/user/simulation_ws/install/turtlebot3_cartographer:${AMENT_PREFIX_PATH} CMAKE_PREFIX_PATH=/home/user/simulation_ws/install/turtlebot3_bringup:/home/user/simulation_ws/install/turtlebot3_node:/home/user/simulation_ws/install/turtlebot3_navigation2:/home/user/simulation_ws/install/turtlebot3_msgs:/home/user/simulation_ws/install/turtlebot3_description:/home/user/simulation_ws/install/turtlebot3_cartographer:/home/simulations/ros2_sims_ws/install/ros1_bridge:/opt/ros/foxy LD_LIBRARY_PATH=/home/user/simulation_ws/install/turtlebot3_msgs/lib:${LD_LIBRARY_PATH} PYTHONPATH=/home/user/simulation_ws/install/turtlebot3_example/lib/python3.8/site-packages:/home/user/simulation_ws/install/turtlebot3_teleop/lib/python3.8/site-packages:/home/user/simulation_ws/install/turtlebot3_msgs/lib/python3.8/site-packages:${PYTHONPATH} _=/usr/bin/env /usr/bin/cmake /home/user/simulation_ws/src/turtlebot3/turtlebot3 -DCMAKE_INSTALL_PREFIX=/home/user/simulation_ws/install/turtlebot3
[0.111s] -- The C compiler identification is GNU 9.3.0
[0.189s] -- The CXX compiler identification is GNU 9.3.0
[0.195s] -- Check for working C compiler: /usr/bin/cc
[0.297s] -- Check for working C compiler: /usr/bin/cc -- works
[0.299s] -- Detecting C compiler ABI info
[0.405s] -- Detecting C compiler ABI info - done
[0.422s] -- Detecting C compile features
[0.422s] -- Detecting C compile features - done
[0.436s] -- Check for working CXX compiler: /usr/bin/c++
[0.559s] -- Check for working CXX compiler: /usr/bin/c++ -- works
[0.568s] -- Detecting CXX compiler ABI info
[0.684s] -- Detecting CXX compiler ABI info - done
[0.699s] -- Detecting CXX compile features
[0.700s] -- Detecting CXX compile features - done
[0.706s] -- Found ament_cmake: 0.9.9 (/opt/ros/foxy/share/ament_cmake/cmake)
[0.756s] -- Found PythonInterp: /usr/bin/python3 (found suitable version "3.8.10", minimum required is "3") 
[0.756s] -- Using PYTHON_EXECUTABLE: /usr/bin/python3
[1.314s] -- Configuring done
[1.316s] -- Generating done
[1.320s] -- Build files have been written to: /home/user/simulation_ws/build/turtlebot3
[1.323s] Invoked command in '/home/user/simulation_ws/build/turtlebot3' returned '0': AMENT_PREFIX_PATH=/home/user/simulation_ws/install/turtlebot3_bringup:/home/user/simulation_ws/install/turtlebot3_node:/home/user/simulation_ws/install/turtlebot3_example:/home/user/simulation_ws/install/turtlebot3_teleop:/home/user/simulation_ws/install/turtlebot3_navigation2:/home/user/simulation_ws/install/turtlebot3_msgs:/home/user/simulation_ws/install/turtlebot3_description:/home/user/simulation_ws/install/turtlebot3_cartographer:${AMENT_PREFIX_PATH} CMAKE_PREFIX_PATH=/home/user/simulation_ws/install/turtlebot3_bringup:/home/user/simulation_ws/install/turtlebot3_node:/home/user/simulation_ws/install/turtlebot3_navigation2:/home/user/simulation_ws/install/turtlebot3_msgs:/home/user/simulation_ws/install/turtlebot3_description:/home/user/simulation_ws/install/turtlebot3_cartographer:/home/simulations/ros2_sims_ws/install/ros1_bridge:/opt/ros/foxy LD_LIBRARY_PATH=/home/user/simulation_ws/install/turtlebot3_msgs/lib:${LD_LIBRARY_PATH} PYTHONPATH=/home/user/simulation_ws/install/turtlebot3_example/lib/python3.8/site-packages:/home/user/simulation_ws/install/turtlebot3_teleop/lib/python3.8/site-packages:/home/user/simulation_ws/install/turtlebot3_msgs/lib/python3.8/site-packages:${PYTHONPATH} _=/usr/bin/env /usr/bin/cmake /home/user/simulation_ws/src/turtlebot3/turtlebot3 -DCMAKE_INSTALL_PREFIX=/home/user/simulation_ws/install/turtlebot3
[1.328s] Invoking command in '/home/user/simulation_ws/build/turtlebot3': AMENT_PREFIX_PATH=/home/user/simulation_ws/install/turtlebot3_bringup:/home/user/simulation_ws/install/turtlebot3_node:/home/user/simulation_ws/install/turtlebot3_example:/home/user/simulation_ws/install/turtlebot3_teleop:/home/user/simulation_ws/install/turtlebot3_navigation2:/home/user/simulation_ws/install/turtlebot3_msgs:/home/user/simulation_ws/install/turtlebot3_description:/home/user/simulation_ws/install/turtlebot3_cartographer:${AMENT_PREFIX_PATH} CMAKE_PREFIX_PATH=/home/user/simulation_ws/install/turtlebot3_bringup:/home/user/simulation_ws/install/turtlebot3_node:/home/user/simulation_ws/install/turtlebot3_navigation2:/home/user/simulation_ws/install/turtlebot3_msgs:/home/user/simulation_ws/install/turtlebot3_description:/home/user/simulation_ws/install/turtlebot3_cartographer:/home/simulations/ros2_sims_ws/install/ros1_bridge:/opt/ros/foxy LD_LIBRARY_PATH=/home/user/simulation_ws/install/turtlebot3_msgs/lib:${LD_LIBRARY_PATH} PYTHONPATH=/home/user/simulation_ws/install/turtlebot3_example/lib/python3.8/site-packages:/home/user/simulation_ws/install/turtlebot3_teleop/lib/python3.8/site-packages:/home/user/simulation_ws/install/turtlebot3_msgs/lib/python3.8/site-packages:${PYTHONPATH} _=/usr/bin/env /usr/bin/cmake --build /home/user/simulation_ws/build/turtlebot3 -- -j8 -l8
[1.386s] Invoked command in '/home/user/simulation_ws/build/turtlebot3' returned '0': AMENT_PREFIX_PATH=/home/user/simulation_ws/install/turtlebot3_bringup:/home/user/simulation_ws/install/turtlebot3_node:/home/user/simulation_ws/install/turtlebot3_example:/home/user/simulation_ws/install/turtlebot3_teleop:/home/user/simulation_ws/install/turtlebot3_navigation2:/home/user/simulation_ws/install/turtlebot3_msgs:/home/user/simulation_ws/install/turtlebot3_description:/home/user/simulation_ws/install/turtlebot3_cartographer:${AMENT_PREFIX_PATH} CMAKE_PREFIX_PATH=/home/user/simulation_ws/install/turtlebot3_bringup:/home/user/simulation_ws/install/turtlebot3_node:/home/user/simulation_ws/install/turtlebot3_navigation2:/home/user/simulation_ws/install/turtlebot3_msgs:/home/user/simulation_ws/install/turtlebot3_description:/home/user/simulation_ws/install/turtlebot3_cartographer:/home/simulations/ros2_sims_ws/install/ros1_bridge:/opt/ros/foxy LD_LIBRARY_PATH=/home/user/simulation_ws/install/turtlebot3_msgs/lib:${LD_LIBRARY_PATH} PYTHONPATH=/home/user/simulation_ws/install/turtlebot3_example/lib/python3.8/site-packages:/home/user/simulation_ws/install/turtlebot3_teleop/lib/python3.8/site-packages:/home/user/simulation_ws/install/turtlebot3_msgs/lib/python3.8/site-packages:${PYTHONPATH} _=/usr/bin/env /usr/bin/cmake --build /home/user/simulation_ws/build/turtlebot3 -- -j8 -l8
[1.432s] Invoking command in '/home/user/simulation_ws/build/turtlebot3': AMENT_PREFIX_PATH=/home/user/simulation_ws/install/turtlebot3_bringup:/home/user/simulation_ws/install/turtlebot3_node:/home/user/simulation_ws/install/turtlebot3_example:/home/user/simulation_ws/install/turtlebot3_teleop:/home/user/simulation_ws/install/turtlebot3_navigation2:/home/user/simulation_ws/install/turtlebot3_msgs:/home/user/simulation_ws/install/turtlebot3_description:/home/user/simulation_ws/install/turtlebot3_cartographer:${AMENT_PREFIX_PATH} CMAKE_PREFIX_PATH=/home/user/simulation_ws/install/turtlebot3_bringup:/home/user/simulation_ws/install/turtlebot3_node:/home/user/simulation_ws/install/turtlebot3_navigation2:/home/user/simulation_ws/install/turtlebot3_msgs:/home/user/simulation_ws/install/turtlebot3_description:/home/user/simulation_ws/install/turtlebot3_cartographer:/home/simulations/ros2_sims_ws/install/ros1_bridge:/opt/ros/foxy LD_LIBRARY_PATH=/home/user/simulation_ws/install/turtlebot3_msgs/lib:${LD_LIBRARY_PATH} PYTHONPATH=/home/user/simulation_ws/install/turtlebot3_example/lib/python3.8/site-packages:/home/user/simulation_ws/install/turtlebot3_teleop/lib/python3.8/site-packages:/home/user/simulation_ws/install/turtlebot3_msgs/lib/python3.8/site-packages:${PYTHONPATH} _=/usr/bin/env /usr/bin/cmake --install /home/user/simulation_ws/build/turtlebot3
[1.444s] -- Install configuration: ""
[1.453s] -- Installing: /home/user/simulation_ws/install/turtlebot3/share/ament_index/resource_index/package_run_dependencies/turtlebot3
[1.456s] -- Installing: /home/user/simulation_ws/install/turtlebot3/share/ament_index/resource_index/parent_prefix_path/turtlebot3
[1.456s] -- Installing: /home/user/simulation_ws/install/turtlebot3/share/turtlebot3/environment/ament_prefix_path.sh
[1.457s] -- Installing: /home/user/simulation_ws/install/turtlebot3/share/turtlebot3/environment/ament_prefix_path.dsv
[1.458s] -- Installing: /home/user/simulation_ws/install/turtlebot3/share/turtlebot3/environment/path.sh
[1.458s] -- Installing: /home/user/simulation_ws/install/turtlebot3/share/turtlebot3/environment/path.dsv
[1.458s] -- Installing: /home/user/simulation_ws/install/turtlebot3/share/turtlebot3/local_setup.bash
[1.460s] -- Installing: /home/user/simulation_ws/install/turtlebot3/share/turtlebot3/local_setup.sh
[1.461s] -- Installing: /home/user/simulation_ws/install/turtlebot3/share/turtlebot3/local_setup.zsh
[1.461s] -- Installing: /home/user/simulation_ws/install/turtlebot3/share/turtlebot3/local_setup.dsv
[1.461s] -- Installing: /home/user/simulation_ws/install/turtlebot3/share/turtlebot3/package.dsv
[1.462s] -- Installing: /home/user/simulation_ws/install/turtlebot3/share/ament_index/resource_index/packages/turtlebot3
[1.462s] -- Installing: /home/user/simulation_ws/install/turtlebot3/share/turtlebot3/cmake/turtlebot3Config.cmake
[1.463s] -- Installing: /home/user/simulation_ws/install/turtlebot3/share/turtlebot3/cmake/turtlebot3Config-version.cmake
[1.464s] -- Installing: /home/user/simulation_ws/install/turtlebot3/share/turtlebot3/package.xml
[1.464s] Invoked command in '/home/user/simulation_ws/build/turtlebot3' returned '0': AMENT_PREFIX_PATH=/home/user/simulation_ws/install/turtlebot3_bringup:/home/user/simulation_ws/install/turtlebot3_node:/home/user/simulation_ws/install/turtlebot3_example:/home/user/simulation_ws/install/turtlebot3_teleop:/home/user/simulation_ws/install/turtlebot3_navigation2:/home/user/simulation_ws/install/turtlebot3_msgs:/home/user/simulation_ws/install/turtlebot3_description:/home/user/simulation_ws/install/turtlebot3_cartographer:${AMENT_PREFIX_PATH} CMAKE_PREFIX_PATH=/home/user/simulation_ws/install/turtlebot3_bringup:/home/user/simulation_ws/install/turtlebot3_node:/home/user/simulation_ws/install/turtlebot3_navigation2:/home/user/simulation_ws/install/turtlebot3_msgs:/home/user/simulation_ws/install/turtlebot3_description:/home/user/simulation_ws/install/turtlebot3_cartographer:/home/simulations/ros2_sims_ws/install/ros1_bridge:/opt/ros/foxy LD_LIBRARY_PATH=/home/user/simulation_ws/install/turtlebot3_msgs/lib:${LD_LIBRARY_PATH} PYTHONPATH=/home/user/simulation_ws/install/turtlebot3_example/lib/python3.8/site-packages:/home/user/simulation_ws/install/turtlebot3_teleop/lib/python3.8/site-packages:/home/user/simulation_ws/install/turtlebot3_msgs/lib/python3.8/site-packages:${PYTHONPATH} _=/usr/bin/env /usr/bin/cmake --install /home/user/simulation_ws/build/turtlebot3
