[1.085s] Invoking command in '/home/user/ros2_ws/src/wall_follower': PYTHONPATH=/home/user/ros2_ws/install/wall_follower/lib/python3.8/site-packages:${PYTHONPATH} _=/usr/bin/env /usr/bin/python3 setup.py egg_info --egg-base ../../build/wall_follower build --build-base /home/user/ros2_ws/build/wall_follower/build install --prefix /home/user/ros2_ws/install/wall_follower --record /home/user/ros2_ws/build/wall_follower/install.log --single-version-externally-managed
[2.145s] running egg_info
[2.145s] writing ../../build/wall_follower/wall_follower.egg-info/PKG-INFO
[2.145s] writing dependency_links to ../../build/wall_follower/wall_follower.egg-info/dependency_links.txt
[2.145s] writing entry points to ../../build/wall_follower/wall_follower.egg-info/entry_points.txt
[2.145s] writing requirements to ../../build/wall_follower/wall_follower.egg-info/requires.txt
[2.145s] writing top-level names to ../../build/wall_follower/wall_follower.egg-info/top_level.txt
[2.241s] reading manifest file '../../build/wall_follower/wall_follower.egg-info/SOURCES.txt'
[2.242s] writing manifest file '../../build/wall_follower/wall_follower.egg-info/SOURCES.txt'
[2.243s] running build
[2.243s] running build_py
[2.244s] copying wall_follower/wall_following.py -> /home/user/ros2_ws/build/wall_follower/build/lib/wall_follower
[2.245s] copying wall_follower/wall_finder.py -> /home/user/ros2_ws/build/wall_follower/build/lib/wall_follower
[2.245s] running install
[2.246s] running install_lib
[2.256s] copying /home/user/ros2_ws/build/wall_follower/build/lib/wall_follower/wall_following.py -> /home/user/ros2_ws/install/wall_follower/lib/python3.8/site-packages/wall_follower
[2.256s] copying /home/user/ros2_ws/build/wall_follower/build/lib/wall_follower/wall_finder.py -> /home/user/ros2_ws/install/wall_follower/lib/python3.8/site-packages/wall_follower
[2.257s] byte-compiling /home/user/ros2_ws/install/wall_follower/lib/python3.8/site-packages/wall_follower/wall_following.py to wall_following.cpython-38.pyc
[2.258s] byte-compiling /home/user/ros2_ws/install/wall_follower/lib/python3.8/site-packages/wall_follower/wall_finder.py to wall_finder.cpython-38.pyc
[2.259s] running install_data
[2.261s] running install_egg_info
[2.262s] removing '/home/user/ros2_ws/install/wall_follower/lib/python3.8/site-packages/wall_follower-0.0.0-py3.8.egg-info' (and everything under it)
[2.263s] Copying ../../build/wall_follower/wall_follower.egg-info to /home/user/ros2_ws/install/wall_follower/lib/python3.8/site-packages/wall_follower-0.0.0-py3.8.egg-info
[2.275s] running install_scripts
[2.354s] Installing odom_recorder script to /home/user/ros2_ws/install/wall_follower/lib/wall_follower
[2.356s] Installing wall_finder script to /home/user/ros2_ws/install/wall_follower/lib/wall_follower
[2.356s] Installing wall_following script to /home/user/ros2_ws/install/wall_follower/lib/wall_follower
[2.357s] writing list of installed files to '/home/user/ros2_ws/build/wall_follower/install.log'
[2.396s] Invoked command in '/home/user/ros2_ws/src/wall_follower' returned '0': PYTHONPATH=/home/user/ros2_ws/install/wall_follower/lib/python3.8/site-packages:${PYTHONPATH} _=/usr/bin/env /usr/bin/python3 setup.py egg_info --egg-base ../../build/wall_follower build --build-base /home/user/ros2_ws/build/wall_follower/build install --prefix /home/user/ros2_ws/install/wall_follower --record /home/user/ros2_ws/build/wall_follower/install.log --single-version-externally-managed
