[0.507s] Invoking command in '/home/user/ros2_ws/src/wall_follower': PYTHONPATH=/home/user/ros2_ws/install/wall_follower/lib/python3.8/site-packages:${PYTHONPATH} _=/usr/bin/env /usr/bin/python3 setup.py egg_info --egg-base ../../build/wall_follower build --build-base /home/user/ros2_ws/build/wall_follower/build install --prefix /home/user/ros2_ws/install/wall_follower --record /home/user/ros2_ws/build/wall_follower/install.log --single-version-externally-managed
[0.868s] running egg_info
[0.869s] writing ../../build/wall_follower/wall_follower.egg-info/PKG-INFO
[0.869s] writing dependency_links to ../../build/wall_follower/wall_follower.egg-info/dependency_links.txt
[0.869s] writing entry points to ../../build/wall_follower/wall_follower.egg-info/entry_points.txt
[0.869s] writing requirements to ../../build/wall_follower/wall_follower.egg-info/requires.txt
[0.869s] writing top-level names to ../../build/wall_follower/wall_follower.egg-info/top_level.txt
[0.913s] reading manifest file '../../build/wall_follower/wall_follower.egg-info/SOURCES.txt'
[0.914s] writing manifest file '../../build/wall_follower/wall_follower.egg-info/SOURCES.txt'
[0.916s] running build
[0.916s] running build_py
[0.916s] copying wall_follower/odom_recorder.py -> /home/user/ros2_ws/build/wall_follower/build/lib/wall_follower
[0.917s] running install
[0.918s] running install_lib
[0.919s] copying /home/user/ros2_ws/build/wall_follower/build/lib/wall_follower/odom_recorder.py -> /home/user/ros2_ws/install/wall_follower/lib/python3.8/site-packages/wall_follower
[0.919s] byte-compiling /home/user/ros2_ws/install/wall_follower/lib/python3.8/site-packages/wall_follower/odom_recorder.py to odom_recorder.cpython-38.pyc
[0.920s] running install_data
[0.921s] running install_egg_info
[0.923s] removing '/home/user/ros2_ws/install/wall_follower/lib/python3.8/site-packages/wall_follower-0.0.0-py3.8.egg-info' (and everything under it)
[0.923s] Copying ../../build/wall_follower/wall_follower.egg-info to /home/user/ros2_ws/install/wall_follower/lib/python3.8/site-packages/wall_follower-0.0.0-py3.8.egg-info
[0.924s] running install_scripts
[0.944s] Installing odom_recorder script to /home/user/ros2_ws/install/wall_follower/lib/wall_follower
[0.944s] Installing wall_finder script to /home/user/ros2_ws/install/wall_follower/lib/wall_follower
[0.944s] Installing wall_following script to /home/user/ros2_ws/install/wall_follower/lib/wall_follower
[0.945s] writing list of installed files to '/home/user/ros2_ws/build/wall_follower/install.log'
[0.993s] Invoked command in '/home/user/ros2_ws/src/wall_follower' returned '0': PYTHONPATH=/home/user/ros2_ws/install/wall_follower/lib/python3.8/site-packages:${PYTHONPATH} _=/usr/bin/env /usr/bin/python3 setup.py egg_info --egg-base ../../build/wall_follower build --build-base /home/user/ros2_ws/build/wall_follower/build install --prefix /home/user/ros2_ws/install/wall_follower --record /home/user/ros2_ws/build/wall_follower/install.log --single-version-externally-managed
