[0.047s] Invoking command in '/home/user/simulation_ws/build/turtlebot3_node': CMAKE_PREFIX_PATH=/home/user/simulation_ws/install/turtlebot3_msgs:/home/user/simulation_ws/install/turtlebot3:/home/user/simulation_ws/install/turtlebot3_simulations:/home/user/simulation_ws/install/turtlebot3_bringup:/home/user/simulation_ws/install/turtlebot3_node:/home/user/simulation_ws/install/turtlebot3_navigation2:/home/user/simulation_ws/install/turtlebot3_gazebo:/home/user/simulation_ws/install/turtlebot3_description:/home/user/simulation_ws/install/turtlebot3_cartographer:/home/simulations/ros2_sims_ws/install/ros1_bridge:/home/user/simulation_ws/install/turtlebot3_teleop:/home/user/simulation_ws/install/turtlebot3_example:/opt/ros/foxy PYTHONPATH=/home/user/simulation_ws/install/turtlebot3_msgs/lib/python3.8/site-packages:/home/user/simulation_ws/install/turtlebot3_teleop/lib/python3.8/site-packages:/home/user/simulation_ws/install/turtlebot3_example/lib/python3.8/site-packages:/home/simulations/ros2_sims_ws/install/ros1_bridge/lib/python3.8/site-packages:/opt/ros/foxy/lib/python3.8/site-packages:/home/simulations/public_sim_ws/src/all/ros_basics_examples/python_course_class:/home/simulations/public_sim_ws/src/ros_basics_examples/python_course_class:/home/simulations/public_sim_ws/src/all/kinematics_course_utils/kinematics _=/usr/bin/env /usr/bin/cmake --build /home/user/simulation_ws/build/turtlebot3_node -- -j8 -l8
[0.300s] [ 85%] Built target turtlebot3_node_lib
[0.400s] [100%] Built target turtlebot3_ros
[0.611s] Invoked command in '/home/user/simulation_ws/build/turtlebot3_node' returned '0': CMAKE_PREFIX_PATH=/home/user/simulation_ws/install/turtlebot3_msgs:/home/user/simulation_ws/install/turtlebot3:/home/user/simulation_ws/install/turtlebot3_simulations:/home/user/simulation_ws/install/turtlebot3_bringup:/home/user/simulation_ws/install/turtlebot3_node:/home/user/simulation_ws/install/turtlebot3_navigation2:/home/user/simulation_ws/install/turtlebot3_gazebo:/home/user/simulation_ws/install/turtlebot3_description:/home/user/simulation_ws/install/turtlebot3_cartographer:/home/simulations/ros2_sims_ws/install/ros1_bridge:/home/user/simulation_ws/install/turtlebot3_teleop:/home/user/simulation_ws/install/turtlebot3_example:/opt/ros/foxy PYTHONPATH=/home/user/simulation_ws/install/turtlebot3_msgs/lib/python3.8/site-packages:/home/user/simulation_ws/install/turtlebot3_teleop/lib/python3.8/site-packages:/home/user/simulation_ws/install/turtlebot3_example/lib/python3.8/site-packages:/home/simulations/ros2_sims_ws/install/ros1_bridge/lib/python3.8/site-packages:/opt/ros/foxy/lib/python3.8/site-packages:/home/simulations/public_sim_ws/src/all/ros_basics_examples/python_course_class:/home/simulations/public_sim_ws/src/ros_basics_examples/python_course_class:/home/simulations/public_sim_ws/src/all/kinematics_course_utils/kinematics _=/usr/bin/env /usr/bin/cmake --build /home/user/simulation_ws/build/turtlebot3_node -- -j8 -l8
[0.825s] Invoking command in '/home/user/simulation_ws/build/turtlebot3_node': CMAKE_PREFIX_PATH=/home/user/simulation_ws/install/turtlebot3_msgs:/home/user/simulation_ws/install/turtlebot3:/home/user/simulation_ws/install/turtlebot3_simulations:/home/user/simulation_ws/install/turtlebot3_bringup:/home/user/simulation_ws/install/turtlebot3_node:/home/user/simulation_ws/install/turtlebot3_navigation2:/home/user/simulation_ws/install/turtlebot3_gazebo:/home/user/simulation_ws/install/turtlebot3_description:/home/user/simulation_ws/install/turtlebot3_cartographer:/home/simulations/ros2_sims_ws/install/ros1_bridge:/home/user/simulation_ws/install/turtlebot3_teleop:/home/user/simulation_ws/install/turtlebot3_example:/opt/ros/foxy PYTHONPATH=/home/user/simulation_ws/install/turtlebot3_msgs/lib/python3.8/site-packages:/home/user/simulation_ws/install/turtlebot3_teleop/lib/python3.8/site-packages:/home/user/simulation_ws/install/turtlebot3_example/lib/python3.8/site-packages:/home/simulations/ros2_sims_ws/install/ros1_bridge/lib/python3.8/site-packages:/opt/ros/foxy/lib/python3.8/site-packages:/home/simulations/public_sim_ws/src/all/ros_basics_examples/python_course_class:/home/simulations/public_sim_ws/src/ros_basics_examples/python_course_class:/home/simulations/public_sim_ws/src/all/kinematics_course_utils/kinematics _=/usr/bin/env /usr/bin/cmake --install /home/user/simulation_ws/build/turtlebot3_node
[0.841s] -- Install configuration: ""
[0.841s] -- Up-to-date: /home/user/simulation_ws/install/turtlebot3_node/share/turtlebot3_node/param
[0.842s] -- Up-to-date: /home/user/simulation_ws/install/turtlebot3_node/share/turtlebot3_node/param/burger.yaml
[0.842s] -- Up-to-date: /home/user/simulation_ws/install/turtlebot3_node/share/turtlebot3_node/param/waffle.yaml
[0.842s] -- Up-to-date: /home/user/simulation_ws/install/turtlebot3_node/share/turtlebot3_node/param/waffle_pi.yaml
[0.845s] -- Up-to-date: /home/user/simulation_ws/install/turtlebot3_node/lib/turtlebot3_node/turtlebot3_ros
[0.845s] -- Up-to-date: /home/user/simulation_ws/install/turtlebot3_node/share/ament_index/resource_index/package_run_dependencies/turtlebot3_node
[0.846s] -- Up-to-date: /home/user/simulation_ws/install/turtlebot3_node/share/ament_index/resource_index/parent_prefix_path/turtlebot3_node
[0.846s] -- Up-to-date: /home/user/simulation_ws/install/turtlebot3_node/share/turtlebot3_node/environment/ament_prefix_path.sh
[0.846s] -- Up-to-date: /home/user/simulation_ws/install/turtlebot3_node/share/turtlebot3_node/environment/ament_prefix_path.dsv
[0.847s] -- Up-to-date: /home/user/simulation_ws/install/turtlebot3_node/share/turtlebot3_node/environment/path.sh
[0.847s] -- Up-to-date: /home/user/simulation_ws/install/turtlebot3_node/share/turtlebot3_node/environment/path.dsv
[0.847s] -- Up-to-date: /home/user/simulation_ws/install/turtlebot3_node/share/turtlebot3_node/local_setup.bash
[0.847s] -- Up-to-date: /home/user/simulation_ws/install/turtlebot3_node/share/turtlebot3_node/local_setup.sh
[0.847s] -- Up-to-date: /home/user/simulation_ws/install/turtlebot3_node/share/turtlebot3_node/local_setup.zsh
[0.847s] -- Up-to-date: /home/user/simulation_ws/install/turtlebot3_node/share/turtlebot3_node/local_setup.dsv
[0.848s] -- Installing: /home/user/simulation_ws/install/turtlebot3_node/share/turtlebot3_node/package.dsv
[0.848s] -- Up-to-date: /home/user/simulation_ws/install/turtlebot3_node/share/ament_index/resource_index/packages/turtlebot3_node
[0.848s] -- Up-to-date: /home/user/simulation_ws/install/turtlebot3_node/share/turtlebot3_node/cmake/ament_cmake_export_include_directories-extras.cmake
[0.848s] -- Up-to-date: /home/user/simulation_ws/install/turtlebot3_node/share/turtlebot3_node/cmake/turtlebot3_nodeConfig.cmake
[0.848s] -- Up-to-date: /home/user/simulation_ws/install/turtlebot3_node/share/turtlebot3_node/cmake/turtlebot3_nodeConfig-version.cmake
[0.848s] -- Up-to-date: /home/user/simulation_ws/install/turtlebot3_node/share/turtlebot3_node/package.xml
[0.854s] Invoked command in '/home/user/simulation_ws/build/turtlebot3_node' returned '0': CMAKE_PREFIX_PATH=/home/user/simulation_ws/install/turtlebot3_msgs:/home/user/simulation_ws/install/turtlebot3:/home/user/simulation_ws/install/turtlebot3_simulations:/home/user/simulation_ws/install/turtlebot3_bringup:/home/user/simulation_ws/install/turtlebot3_node:/home/user/simulation_ws/install/turtlebot3_navigation2:/home/user/simulation_ws/install/turtlebot3_gazebo:/home/user/simulation_ws/install/turtlebot3_description:/home/user/simulation_ws/install/turtlebot3_cartographer:/home/simulations/ros2_sims_ws/install/ros1_bridge:/home/user/simulation_ws/install/turtlebot3_teleop:/home/user/simulation_ws/install/turtlebot3_example:/opt/ros/foxy PYTHONPATH=/home/user/simulation_ws/install/turtlebot3_msgs/lib/python3.8/site-packages:/home/user/simulation_ws/install/turtlebot3_teleop/lib/python3.8/site-packages:/home/user/simulation_ws/install/turtlebot3_example/lib/python3.8/site-packages:/home/simulations/ros2_sims_ws/install/ros1_bridge/lib/python3.8/site-packages:/opt/ros/foxy/lib/python3.8/site-packages:/home/simulations/public_sim_ws/src/all/ros_basics_examples/python_course_class:/home/simulations/public_sim_ws/src/ros_basics_examples/python_course_class:/home/simulations/public_sim_ws/src/all/kinematics_course_utils/kinematics _=/usr/bin/env /usr/bin/cmake --install /home/user/simulation_ws/build/turtlebot3_node
