running egg_info
creating ../../build/wall_follower/wall_follower.egg-info
writing ../../build/wall_follower/wall_follower.egg-info/PKG-INFO
writing dependency_links to ../../build/wall_follower/wall_follower.egg-info/dependency_links.txt
writing entry points to ../../build/wall_follower/wall_follower.egg-info/entry_points.txt
writing requirements to ../../build/wall_follower/wall_follower.egg-info/requires.txt
writing top-level names to ../../build/wall_follower/wall_follower.egg-info/top_level.txt
writing manifest file '../../build/wall_follower/wall_follower.egg-info/SOURCES.txt'
reading manifest file '../../build/wall_follower/wall_follower.egg-info/SOURCES.txt'
writing manifest file '../../build/wall_follower/wall_follower.egg-info/SOURCES.txt'
running build
running build_py
creating /home/user/ros2_ws/build/wall_follower/build
creating /home/user/ros2_ws/build/wall_follower/build/lib
creating /home/user/ros2_ws/build/wall_follower/build/lib/wall_follower
copying wall_follower/odom_recorder.py -> /home/user/ros2_ws/build/wall_follower/build/lib/wall_follower
copying wall_follower/wall_following.py -> /home/user/ros2_ws/build/wall_follower/build/lib/wall_follower
copying wall_follower/__init__.py -> /home/user/ros2_ws/build/wall_follower/build/lib/wall_follower
copying wall_follower/wall_finder.py -> /home/user/ros2_ws/build/wall_follower/build/lib/wall_follower
running install
running install_lib
creating /home/user/ros2_ws/install/wall_follower/lib/python3.8/site-packages/wall_follower
copying /home/user/ros2_ws/build/wall_follower/build/lib/wall_follower/odom_recorder.py -> /home/user/ros2_ws/install/wall_follower/lib/python3.8/site-packages/wall_follower
copying /home/user/ros2_ws/build/wall_follower/build/lib/wall_follower/wall_following.py -> /home/user/ros2_ws/install/wall_follower/lib/python3.8/site-packages/wall_follower
copying /home/user/ros2_ws/build/wall_follower/build/lib/wall_follower/__init__.py -> /home/user/ros2_ws/install/wall_follower/lib/python3.8/site-packages/wall_follower
copying /home/user/ros2_ws/build/wall_follower/build/lib/wall_follower/wall_finder.py -> /home/user/ros2_ws/install/wall_follower/lib/python3.8/site-packages/wall_follower
byte-compiling /home/user/ros2_ws/install/wall_follower/lib/python3.8/site-packages/wall_follower/odom_recorder.py to odom_recorder.cpython-38.pyc
byte-compiling /home/user/ros2_ws/install/wall_follower/lib/python3.8/site-packages/wall_follower/wall_following.py to wall_following.cpython-38.pyc
byte-compiling /home/user/ros2_ws/install/wall_follower/lib/python3.8/site-packages/wall_follower/__init__.py to __init__.cpython-38.pyc
byte-compiling /home/user/ros2_ws/install/wall_follower/lib/python3.8/site-packages/wall_follower/wall_finder.py to wall_finder.cpython-38.pyc
running install_data
creating /home/user/ros2_ws/install/wall_follower/share/ament_index
creating /home/user/ros2_ws/install/wall_follower/share/ament_index/resource_index
creating /home/user/ros2_ws/install/wall_follower/share/ament_index/resource_index/packages
copying resource/wall_follower -> /home/user/ros2_ws/install/wall_follower/share/ament_index/resource_index/packages
copying package.xml -> /home/user/ros2_ws/install/wall_follower/share/wall_follower
copying launch/start_wall_finder.launch.py -> /home/user/ros2_ws/install/wall_follower/share/wall_follower
copying launch/main.launch.py -> /home/user/ros2_ws/install/wall_follower/share/wall_follower
copying launch/start_wall_following.launch.py -> /home/user/ros2_ws/install/wall_follower/share/wall_follower
running install_egg_info
Copying ../../build/wall_follower/wall_follower.egg-info to /home/user/ros2_ws/install/wall_follower/lib/python3.8/site-packages/wall_follower-0.0.0-py3.8.egg-info
running install_scripts
Installing odom_recorder script to /home/user/ros2_ws/install/wall_follower/lib/wall_follower
Installing wall_finder script to /home/user/ros2_ws/install/wall_follower/lib/wall_follower
Installing wall_following script to /home/user/ros2_ws/install/wall_follower/lib/wall_follower
writing list of installed files to '/home/user/ros2_ws/build/wall_follower/install.log'
