[0.320s] Invoking command in '/home/user/ros2_ws/src/wall_follower': PYTHONPATH=/home/user/ros2_ws/install/wall_follower/lib/python3.8/site-packages:${PYTHONPATH} _=/usr/bin/env /usr/bin/python3 setup.py egg_info --egg-base ../../build/wall_follower build --build-base /home/user/ros2_ws/build/wall_follower/build install --prefix /home/user/ros2_ws/install/wall_follower --record /home/user/ros2_ws/build/wall_follower/install.log --single-version-externally-managed
[0.626s] running egg_info
[0.627s] creating ../../build/wall_follower/wall_follower.egg-info
[0.627s] writing ../../build/wall_follower/wall_follower.egg-info/PKG-INFO
[0.627s] writing dependency_links to ../../build/wall_follower/wall_follower.egg-info/dependency_links.txt
[0.627s] writing entry points to ../../build/wall_follower/wall_follower.egg-info/entry_points.txt
[0.627s] writing requirements to ../../build/wall_follower/wall_follower.egg-info/requires.txt
[0.627s] writing top-level names to ../../build/wall_follower/wall_follower.egg-info/top_level.txt
[0.628s] writing manifest file '../../build/wall_follower/wall_follower.egg-info/SOURCES.txt'
[0.670s] reading manifest file '../../build/wall_follower/wall_follower.egg-info/SOURCES.txt'
[0.671s] writing manifest file '../../build/wall_follower/wall_follower.egg-info/SOURCES.txt'
[0.671s] running build
[0.671s] running build_py
[0.671s] creating /home/user/ros2_ws/build/wall_follower/build
[0.671s] creating /home/user/ros2_ws/build/wall_follower/build/lib
[0.671s] creating /home/user/ros2_ws/build/wall_follower/build/lib/wall_follower
[0.671s] copying wall_follower/odom_recorder.py -> /home/user/ros2_ws/build/wall_follower/build/lib/wall_follower
[0.671s] copying wall_follower/wall_following.py -> /home/user/ros2_ws/build/wall_follower/build/lib/wall_follower
[0.672s] copying wall_follower/__init__.py -> /home/user/ros2_ws/build/wall_follower/build/lib/wall_follower
[0.672s] copying wall_follower/wall_finder.py -> /home/user/ros2_ws/build/wall_follower/build/lib/wall_follower
[0.672s] running install
[0.672s] running install_lib
[0.673s] creating /home/user/ros2_ws/install/wall_follower/lib/python3.8/site-packages/wall_follower
[0.674s] copying /home/user/ros2_ws/build/wall_follower/build/lib/wall_follower/odom_recorder.py -> /home/user/ros2_ws/install/wall_follower/lib/python3.8/site-packages/wall_follower
[0.674s] copying /home/user/ros2_ws/build/wall_follower/build/lib/wall_follower/wall_following.py -> /home/user/ros2_ws/install/wall_follower/lib/python3.8/site-packages/wall_follower
[0.674s] copying /home/user/ros2_ws/build/wall_follower/build/lib/wall_follower/__init__.py -> /home/user/ros2_ws/install/wall_follower/lib/python3.8/site-packages/wall_follower
[0.674s] copying /home/user/ros2_ws/build/wall_follower/build/lib/wall_follower/wall_finder.py -> /home/user/ros2_ws/install/wall_follower/lib/python3.8/site-packages/wall_follower
[0.675s] byte-compiling /home/user/ros2_ws/install/wall_follower/lib/python3.8/site-packages/wall_follower/odom_recorder.py to odom_recorder.cpython-38.pyc
[0.675s] byte-compiling /home/user/ros2_ws/install/wall_follower/lib/python3.8/site-packages/wall_follower/wall_following.py to wall_following.cpython-38.pyc
[0.676s] byte-compiling /home/user/ros2_ws/install/wall_follower/lib/python3.8/site-packages/wall_follower/__init__.py to __init__.cpython-38.pyc
[0.676s] byte-compiling /home/user/ros2_ws/install/wall_follower/lib/python3.8/site-packages/wall_follower/wall_finder.py to wall_finder.cpython-38.pyc
[0.676s] running install_data
[0.677s] creating /home/user/ros2_ws/install/wall_follower/share/ament_index
[0.677s] creating /home/user/ros2_ws/install/wall_follower/share/ament_index/resource_index
[0.677s] creating /home/user/ros2_ws/install/wall_follower/share/ament_index/resource_index/packages
[0.677s] copying resource/wall_follower -> /home/user/ros2_ws/install/wall_follower/share/ament_index/resource_index/packages
[0.677s] copying package.xml -> /home/user/ros2_ws/install/wall_follower/share/wall_follower
[0.677s] copying launch/start_wall_finder.launch.py -> /home/user/ros2_ws/install/wall_follower/share/wall_follower
[0.678s] copying launch/main.launch.py -> /home/user/ros2_ws/install/wall_follower/share/wall_follower
[0.678s] copying launch/start_wall_following.launch.py -> /home/user/ros2_ws/install/wall_follower/share/wall_follower
[0.678s] running install_egg_info
[0.679s] Copying ../../build/wall_follower/wall_follower.egg-info to /home/user/ros2_ws/install/wall_follower/lib/python3.8/site-packages/wall_follower-0.0.0-py3.8.egg-info
[0.680s] running install_scripts
[0.698s] Installing odom_recorder script to /home/user/ros2_ws/install/wall_follower/lib/wall_follower
[0.698s] Installing wall_finder script to /home/user/ros2_ws/install/wall_follower/lib/wall_follower
[0.698s] Installing wall_following script to /home/user/ros2_ws/install/wall_follower/lib/wall_follower
[0.699s] writing list of installed files to '/home/user/ros2_ws/build/wall_follower/install.log'
[0.722s] Invoked command in '/home/user/ros2_ws/src/wall_follower' returned '0': PYTHONPATH=/home/user/ros2_ws/install/wall_follower/lib/python3.8/site-packages:${PYTHONPATH} _=/usr/bin/env /usr/bin/python3 setup.py egg_info --egg-base ../../build/wall_follower build --build-base /home/user/ros2_ws/build/wall_follower/build install --prefix /home/user/ros2_ws/install/wall_follower --record /home/user/ros2_ws/build/wall_follower/install.log --single-version-externally-managed
