[1.389s] Invoking command in '/home/user/ros2_ws/src/wall_follower': PYTHONPATH=/home/user/ros2_ws/install/wall_follower/lib/python3.8/site-packages:${PYTHONPATH} _=/usr/bin/env /usr/bin/python3 setup.py egg_info --egg-base ../../build/wall_follower build --build-base /home/user/ros2_ws/build/wall_follower/build install --prefix /home/user/ros2_ws/install/wall_follower --record /home/user/ros2_ws/build/wall_follower/install.log --single-version-externally-managed
[2.474s] running egg_info
[2.475s] writing ../../build/wall_follower/wall_follower.egg-info/PKG-INFO
[2.475s] writing dependency_links to ../../build/wall_follower/wall_follower.egg-info/dependency_links.txt
[2.477s] writing entry points to ../../build/wall_follower/wall_follower.egg-info/entry_points.txt
[2.479s] writing requirements to ../../build/wall_follower/wall_follower.egg-info/requires.txt
[2.479s] writing top-level names to ../../build/wall_follower/wall_follower.egg-info/top_level.txt
[2.660s] reading manifest file '../../build/wall_follower/wall_follower.egg-info/SOURCES.txt'
[2.661s] writing manifest file '../../build/wall_follower/wall_follower.egg-info/SOURCES.txt'
[2.662s] running build
[2.662s] running build_py
[2.662s] copying wall_follower/wall_following.py -> /home/user/ros2_ws/build/wall_follower/build/lib/wall_follower
[2.662s] running install
[2.663s] running install_lib
[2.665s] copying /home/user/ros2_ws/build/wall_follower/build/lib/wall_follower/wall_following.py -> /home/user/ros2_ws/install/wall_follower/lib/python3.8/site-packages/wall_follower
[2.666s] byte-compiling /home/user/ros2_ws/install/wall_follower/lib/python3.8/site-packages/wall_follower/wall_following.py to wall_following.cpython-38.pyc
[2.668s] running install_data
[2.669s] running install_egg_info
[2.670s] removing '/home/user/ros2_ws/install/wall_follower/lib/python3.8/site-packages/wall_follower-0.0.0-py3.8.egg-info' (and everything under it)
[2.670s] Copying ../../build/wall_follower/wall_follower.egg-info to /home/user/ros2_ws/install/wall_follower/lib/python3.8/site-packages/wall_follower-0.0.0-py3.8.egg-info
[2.671s] running install_scripts
[2.694s] Installing odom_recorder script to /home/user/ros2_ws/install/wall_follower/lib/wall_follower
[2.694s] Installing wall_finder script to /home/user/ros2_ws/install/wall_follower/lib/wall_follower
[2.694s] Installing wall_following script to /home/user/ros2_ws/install/wall_follower/lib/wall_follower
[2.760s] writing list of installed files to '/home/user/ros2_ws/build/wall_follower/install.log'
[2.782s] Invoked command in '/home/user/ros2_ws/src/wall_follower' returned '0': PYTHONPATH=/home/user/ros2_ws/install/wall_follower/lib/python3.8/site-packages:${PYTHONPATH} _=/usr/bin/env /usr/bin/python3 setup.py egg_info --egg-base ../../build/wall_follower build --build-base /home/user/ros2_ws/build/wall_follower/build install --prefix /home/user/ros2_ws/install/wall_follower --record /home/user/ros2_ws/build/wall_follower/install.log --single-version-externally-managed
