[1.158s] Invoking command in '/home/user/ros2_ws/src/wall_follower': PYTHONPATH=/home/user/ros2_ws/install/wall_follower/lib/python3.8/site-packages:${PYTHONPATH} _=/usr/bin/env /usr/bin/python3 setup.py egg_info --egg-base ../../build/wall_follower build --build-base /home/user/ros2_ws/build/wall_follower/build install --prefix /home/user/ros2_ws/install/wall_follower --record /home/user/ros2_ws/build/wall_follower/install.log --single-version-externally-managed
[2.059s] running egg_info
[2.064s] writing ../../build/wall_follower/wall_follower.egg-info/PKG-INFO
[2.064s] writing dependency_links to ../../build/wall_follower/wall_follower.egg-info/dependency_links.txt
[2.064s] writing entry points to ../../build/wall_follower/wall_follower.egg-info/entry_points.txt
[2.065s] writing requirements to ../../build/wall_follower/wall_follower.egg-info/requires.txt
[2.065s] writing top-level names to ../../build/wall_follower/wall_follower.egg-info/top_level.txt
[2.158s] reading manifest file '../../build/wall_follower/wall_follower.egg-info/SOURCES.txt'
[2.160s] writing manifest file '../../build/wall_follower/wall_follower.egg-info/SOURCES.txt'
[2.161s] running build
[2.161s] running build_py
[2.161s] copying wall_follower/wall_following.py -> /home/user/ros2_ws/build/wall_follower/build/lib/wall_follower
[2.162s] running install
[2.164s] running install_lib
[2.165s] copying /home/user/ros2_ws/build/wall_follower/build/lib/wall_follower/wall_following.py -> /home/user/ros2_ws/install/wall_follower/lib/python3.8/site-packages/wall_follower
[2.167s] byte-compiling /home/user/ros2_ws/install/wall_follower/lib/python3.8/site-packages/wall_follower/wall_following.py to wall_following.cpython-38.pyc
[2.168s] running install_data
[2.168s] running install_egg_info
[2.172s] removing '/home/user/ros2_ws/install/wall_follower/lib/python3.8/site-packages/wall_follower-0.0.0-py3.8.egg-info' (and everything under it)
[2.172s] Copying ../../build/wall_follower/wall_follower.egg-info to /home/user/ros2_ws/install/wall_follower/lib/python3.8/site-packages/wall_follower-0.0.0-py3.8.egg-info
[2.174s] running install_scripts
[2.266s] Installing odom_recorder script to /home/user/ros2_ws/install/wall_follower/lib/wall_follower
[2.266s] Installing wall_finder script to /home/user/ros2_ws/install/wall_follower/lib/wall_follower
[2.266s] Installing wall_following script to /home/user/ros2_ws/install/wall_follower/lib/wall_follower
[2.268s] writing list of installed files to '/home/user/ros2_ws/build/wall_follower/install.log'
[2.300s] Invoked command in '/home/user/ros2_ws/src/wall_follower' returned '0': PYTHONPATH=/home/user/ros2_ws/install/wall_follower/lib/python3.8/site-packages:${PYTHONPATH} _=/usr/bin/env /usr/bin/python3 setup.py egg_info --egg-base ../../build/wall_follower build --build-base /home/user/ros2_ws/build/wall_follower/build install --prefix /home/user/ros2_ws/install/wall_follower --record /home/user/ros2_ws/build/wall_follower/install.log --single-version-externally-managed
