[0.462s] Invoking command in '/home/user/ros2_ws/src/wall_follower': PYTHONPATH=/home/user/ros2_ws/install/wall_follower/lib/python3.8/site-packages:${PYTHONPATH} _=/usr/bin/env /usr/bin/python3 setup.py egg_info --egg-base ../../build/wall_follower build --build-base /home/user/ros2_ws/build/wall_follower/build install --prefix /home/user/ros2_ws/install/wall_follower --record /home/user/ros2_ws/build/wall_follower/install.log --single-version-externally-managed
[0.775s] running egg_info
[0.775s] writing ../../build/wall_follower/wall_follower.egg-info/PKG-INFO
[0.775s] writing dependency_links to ../../build/wall_follower/wall_follower.egg-info/dependency_links.txt
[0.775s] writing entry points to ../../build/wall_follower/wall_follower.egg-info/entry_points.txt
[0.775s] writing requirements to ../../build/wall_follower/wall_follower.egg-info/requires.txt
[0.775s] writing top-level names to ../../build/wall_follower/wall_follower.egg-info/top_level.txt
[0.811s] reading manifest file '../../build/wall_follower/wall_follower.egg-info/SOURCES.txt'
[0.812s] writing manifest file '../../build/wall_follower/wall_follower.egg-info/SOURCES.txt'
[0.812s] running build
[0.812s] running build_py
[0.812s] copying wall_follower/odom_recorder.py -> /home/user/ros2_ws/build/wall_follower/build/lib/wall_follower
[0.812s] copying wall_follower/wall_finder.py -> /home/user/ros2_ws/build/wall_follower/build/lib/wall_follower
[0.812s] running install
[0.813s] running install_lib
[0.814s] copying /home/user/ros2_ws/build/wall_follower/build/lib/wall_follower/odom_recorder.py -> /home/user/ros2_ws/install/wall_follower/lib/python3.8/site-packages/wall_follower
[0.814s] copying /home/user/ros2_ws/build/wall_follower/build/lib/wall_follower/wall_finder.py -> /home/user/ros2_ws/install/wall_follower/lib/python3.8/site-packages/wall_follower
[0.815s] byte-compiling /home/user/ros2_ws/install/wall_follower/lib/python3.8/site-packages/wall_follower/odom_recorder.py to odom_recorder.cpython-38.pyc
[0.816s] byte-compiling /home/user/ros2_ws/install/wall_follower/lib/python3.8/site-packages/wall_follower/wall_finder.py to wall_finder.cpython-38.pyc
[0.817s] running install_data
[0.818s] running install_egg_info
[0.819s] removing '/home/user/ros2_ws/install/wall_follower/lib/python3.8/site-packages/wall_follower-0.0.0-py3.8.egg-info' (and everything under it)
[0.819s] Copying ../../build/wall_follower/wall_follower.egg-info to /home/user/ros2_ws/install/wall_follower/lib/python3.8/site-packages/wall_follower-0.0.0-py3.8.egg-info
[0.820s] running install_scripts
[0.838s] Installing odom_recorder script to /home/user/ros2_ws/install/wall_follower/lib/wall_follower
[0.838s] Installing wall_finder script to /home/user/ros2_ws/install/wall_follower/lib/wall_follower
[0.839s] Installing wall_following script to /home/user/ros2_ws/install/wall_follower/lib/wall_follower
[0.839s] writing list of installed files to '/home/user/ros2_ws/build/wall_follower/install.log'
[0.861s] Invoked command in '/home/user/ros2_ws/src/wall_follower' returned '0': PYTHONPATH=/home/user/ros2_ws/install/wall_follower/lib/python3.8/site-packages:${PYTHONPATH} _=/usr/bin/env /usr/bin/python3 setup.py egg_info --egg-base ../../build/wall_follower build --build-base /home/user/ros2_ws/build/wall_follower/build install --prefix /home/user/ros2_ws/install/wall_follower --record /home/user/ros2_ws/build/wall_follower/install.log --single-version-externally-managed
