[0.040s] Invoking command in '/home/user/simulation_ws/build/turtlebot3_simulations': CMAKE_PREFIX_PATH=/home/user/simulation_ws/install/turtlebot3_gazebo:/home/user/simulation_ws/install/turtlebot3:/home/user/simulation_ws/install/turtlebot3_simulations:/home/user/simulation_ws/install/turtlebot3_bringup:/home/user/simulation_ws/install/turtlebot3_node:/home/user/simulation_ws/install/turtlebot3_navigation2:/home/user/simulation_ws/install/turtlebot3_msgs:/home/user/simulation_ws/install/turtlebot3_description:/home/user/simulation_ws/install/turtlebot3_cartographer:/home/simulations/ros2_sims_ws/install/ros1_bridge:/home/user/simulation_ws/install/turtlebot3_teleop:/home/user/simulation_ws/install/turtlebot3_example:/opt/ros/foxy _=/usr/bin/env /usr/bin/cmake --build /home/user/simulation_ws/build/turtlebot3_simulations -- -j8 -l8
[0.130s] Invoked command in '/home/user/simulation_ws/build/turtlebot3_simulations' returned '0': CMAKE_PREFIX_PATH=/home/user/simulation_ws/install/turtlebot3_gazebo:/home/user/simulation_ws/install/turtlebot3:/home/user/simulation_ws/install/turtlebot3_simulations:/home/user/simulation_ws/install/turtlebot3_bringup:/home/user/simulation_ws/install/turtlebot3_node:/home/user/simulation_ws/install/turtlebot3_navigation2:/home/user/simulation_ws/install/turtlebot3_msgs:/home/user/simulation_ws/install/turtlebot3_description:/home/user/simulation_ws/install/turtlebot3_cartographer:/home/simulations/ros2_sims_ws/install/ros1_bridge:/home/user/simulation_ws/install/turtlebot3_teleop:/home/user/simulation_ws/install/turtlebot3_example:/opt/ros/foxy _=/usr/bin/env /usr/bin/cmake --build /home/user/simulation_ws/build/turtlebot3_simulations -- -j8 -l8
[0.218s] Invoking command in '/home/user/simulation_ws/build/turtlebot3_simulations': CMAKE_PREFIX_PATH=/home/user/simulation_ws/install/turtlebot3_gazebo:/home/user/simulation_ws/install/turtlebot3:/home/user/simulation_ws/install/turtlebot3_simulations:/home/user/simulation_ws/install/turtlebot3_bringup:/home/user/simulation_ws/install/turtlebot3_node:/home/user/simulation_ws/install/turtlebot3_navigation2:/home/user/simulation_ws/install/turtlebot3_msgs:/home/user/simulation_ws/install/turtlebot3_description:/home/user/simulation_ws/install/turtlebot3_cartographer:/home/simulations/ros2_sims_ws/install/ros1_bridge:/home/user/simulation_ws/install/turtlebot3_teleop:/home/user/simulation_ws/install/turtlebot3_example:/opt/ros/foxy _=/usr/bin/env /usr/bin/cmake --install /home/user/simulation_ws/build/turtlebot3_simulations
[0.233s] -- Install configuration: ""
[0.233s] -- Up-to-date: /home/user/simulation_ws/install/turtlebot3_simulations/share/ament_index/resource_index/package_run_dependencies/turtlebot3_simulations
[0.233s] -- Up-to-date: /home/user/simulation_ws/install/turtlebot3_simulations/share/ament_index/resource_index/parent_prefix_path/turtlebot3_simulations
[0.233s] -- Up-to-date: /home/user/simulation_ws/install/turtlebot3_simulations/share/turtlebot3_simulations/environment/ament_prefix_path.sh
[0.234s] -- Up-to-date: /home/user/simulation_ws/install/turtlebot3_simulations/share/turtlebot3_simulations/environment/ament_prefix_path.dsv
[0.234s] -- Up-to-date: /home/user/simulation_ws/install/turtlebot3_simulations/share/turtlebot3_simulations/environment/path.sh
[0.234s] -- Up-to-date: /home/user/simulation_ws/install/turtlebot3_simulations/share/turtlebot3_simulations/environment/path.dsv
[0.234s] -- Up-to-date: /home/user/simulation_ws/install/turtlebot3_simulations/share/turtlebot3_simulations/local_setup.bash
[0.234s] -- Up-to-date: /home/user/simulation_ws/install/turtlebot3_simulations/share/turtlebot3_simulations/local_setup.sh
[0.234s] -- Up-to-date: /home/user/simulation_ws/install/turtlebot3_simulations/share/turtlebot3_simulations/local_setup.zsh
[0.235s] -- Up-to-date: /home/user/simulation_ws/install/turtlebot3_simulations/share/turtlebot3_simulations/local_setup.dsv
[0.235s] -- Installing: /home/user/simulation_ws/install/turtlebot3_simulations/share/turtlebot3_simulations/package.dsv
[0.235s] -- Up-to-date: /home/user/simulation_ws/install/turtlebot3_simulations/share/ament_index/resource_index/packages/turtlebot3_simulations
[0.235s] -- Up-to-date: /home/user/simulation_ws/install/turtlebot3_simulations/share/turtlebot3_simulations/cmake/turtlebot3_simulationsConfig.cmake
[0.235s] -- Up-to-date: /home/user/simulation_ws/install/turtlebot3_simulations/share/turtlebot3_simulations/cmake/turtlebot3_simulationsConfig-version.cmake
[0.235s] -- Up-to-date: /home/user/simulation_ws/install/turtlebot3_simulations/share/turtlebot3_simulations/package.xml
[0.250s] Invoked command in '/home/user/simulation_ws/build/turtlebot3_simulations' returned '0': CMAKE_PREFIX_PATH=/home/user/simulation_ws/install/turtlebot3_gazebo:/home/user/simulation_ws/install/turtlebot3:/home/user/simulation_ws/install/turtlebot3_simulations:/home/user/simulation_ws/install/turtlebot3_bringup:/home/user/simulation_ws/install/turtlebot3_node:/home/user/simulation_ws/install/turtlebot3_navigation2:/home/user/simulation_ws/install/turtlebot3_msgs:/home/user/simulation_ws/install/turtlebot3_description:/home/user/simulation_ws/install/turtlebot3_cartographer:/home/simulations/ros2_sims_ws/install/ros1_bridge:/home/user/simulation_ws/install/turtlebot3_teleop:/home/user/simulation_ws/install/turtlebot3_example:/opt/ros/foxy _=/usr/bin/env /usr/bin/cmake --install /home/user/simulation_ws/build/turtlebot3_simulations
