[1.574s] Invoking command in '/home/user/ros2_ws/src/wall_follower': PYTHONPATH=/home/user/ros2_ws/install/wall_follower/lib/python3.8/site-packages:${PYTHONPATH} _=/usr/bin/env /usr/bin/python3 setup.py egg_info --egg-base ../../build/wall_follower build --build-base /home/user/ros2_ws/build/wall_follower/build install --prefix /home/user/ros2_ws/install/wall_follower --record /home/user/ros2_ws/build/wall_follower/install.log --single-version-externally-managed
[2.691s] running egg_info
[2.692s] writing ../../build/wall_follower/wall_follower.egg-info/PKG-INFO
[2.692s] writing dependency_links to ../../build/wall_follower/wall_follower.egg-info/dependency_links.txt
[2.692s] writing entry points to ../../build/wall_follower/wall_follower.egg-info/entry_points.txt
[2.692s] writing requirements to ../../build/wall_follower/wall_follower.egg-info/requires.txt
[2.692s] writing top-level names to ../../build/wall_follower/wall_follower.egg-info/top_level.txt
[2.867s] reading manifest file '../../build/wall_follower/wall_follower.egg-info/SOURCES.txt'
[2.868s] writing manifest file '../../build/wall_follower/wall_follower.egg-info/SOURCES.txt'
[2.868s] running build
[2.869s] running build_py
[2.869s] copying wall_follower/wall_following.py -> /home/user/ros2_ws/build/wall_follower/build/lib/wall_follower
[2.869s] copying wall_follower/wall_finder.py -> /home/user/ros2_ws/build/wall_follower/build/lib/wall_follower
[2.869s] running install
[2.870s] running install_lib
[2.872s] copying /home/user/ros2_ws/build/wall_follower/build/lib/wall_follower/wall_following.py -> /home/user/ros2_ws/install/wall_follower/lib/python3.8/site-packages/wall_follower
[2.872s] copying /home/user/ros2_ws/build/wall_follower/build/lib/wall_follower/wall_finder.py -> /home/user/ros2_ws/install/wall_follower/lib/python3.8/site-packages/wall_follower
[2.956s] byte-compiling /home/user/ros2_ws/install/wall_follower/lib/python3.8/site-packages/wall_follower/wall_following.py to wall_following.cpython-38.pyc
[2.956s] byte-compiling /home/user/ros2_ws/install/wall_follower/lib/python3.8/site-packages/wall_follower/wall_finder.py to wall_finder.cpython-38.pyc
[2.957s] running install_data
[2.958s] running install_egg_info
[2.960s] removing '/home/user/ros2_ws/install/wall_follower/lib/python3.8/site-packages/wall_follower-0.0.0-py3.8.egg-info' (and everything under it)
[2.960s] Copying ../../build/wall_follower/wall_follower.egg-info to /home/user/ros2_ws/install/wall_follower/lib/python3.8/site-packages/wall_follower-0.0.0-py3.8.egg-info
[2.961s] running install_scripts
[2.982s] Installing odom_recorder script to /home/user/ros2_ws/install/wall_follower/lib/wall_follower
[2.982s] Installing wall_finder script to /home/user/ros2_ws/install/wall_follower/lib/wall_follower
[2.982s] Installing wall_following script to /home/user/ros2_ws/install/wall_follower/lib/wall_follower
[2.983s] writing list of installed files to '/home/user/ros2_ws/build/wall_follower/install.log'
[3.058s] Invoked command in '/home/user/ros2_ws/src/wall_follower' returned '0': PYTHONPATH=/home/user/ros2_ws/install/wall_follower/lib/python3.8/site-packages:${PYTHONPATH} _=/usr/bin/env /usr/bin/python3 setup.py egg_info --egg-base ../../build/wall_follower build --build-base /home/user/ros2_ws/build/wall_follower/build install --prefix /home/user/ros2_ws/install/wall_follower --record /home/user/ros2_ws/build/wall_follower/install.log --single-version-externally-managed
